spk_ver/v00/v0000	SES146	0.414066	-46.899	-47.313
spk_ver/v00/v0001	SES002	-17.2456	-65.4594	-48.2138
spk_ver/v00/v0002	SES002	-11.6944	-60.0103	-48.3159
spk_ver/v00/v0003	SES002	-19.1281	-68.1742	-49.0461
spk_ver/v00/v0004	SES002	-2.13589	-49.7618	-47.626
spk_ver/v00/v0005	SES002	-2.92885	-50.3332	-47.4044
spk_ver/v00/v0006	SES002	-8.4186	-55.5806	-47.162
spk_ver/v00/v0007	SES002	-10.3984	-59.8019	-49.4036
spk_ver/v00/v0008	SES146	-0.0375786	-47.8506	-47.813
spk_ver/v00/v0009	SES002	-2.09538	-48.4913	-46.396
spk_ver/v00/v0010	SES002	-2.56433	-50.1638	-47.5995
spk_ver/v00/v0011	SES002	-1.58248	-50.3509	-48.7684
spk_ver/v00/v0012	SES002	-9.58938	-55.7245	-46.1351
spk_ver/v00/v0013	SES002	-5.10015	-51.5898	-46.4897
spk_ver/v00/v0014	SES002	-0.678715	-48.2138	-47.5351
spk_ver/v00/v0015	SES002	-1.48272	-48.272	-46.7893
spk_ver/v00/v0016	SES275	0.46426	-48.4177	-48.8819
spk_ver/v00/v0017	SES002	-0.576305	-46.5655	-45.9892
spk_ver/v00/v0018	SES002	-15.1	-64.1834	-49.0835
spk_ver/v00/v0019	SES002	-2.21052	-49.2101	-46.9996
spk_ver/v00/v0020	SES002	-12.5629	-61.9654	-49.4025
spk_ver/v00/v0021	SES002	-11.7818	-59.8098	-48.028
spk_ver/v00/v0022	SES002	-2.10652	-49.2734	-47.1668
spk_ver/v00/v0023	SES002	-10.4841	-56.858	-46.3739
spk_ver/v00/v0024	SES002	-12.95	-61.6456	-48.6956
spk_ver/v00/v0025	SES002	-8.17794	-56.6869	-48.5089
spk_ver/v00/v0026	SES002	-4.51699	-51.3979	-46.8809
spk_ver/v00/v0027	SES129	1.30393	-45.3309	-46.6348
spk_ver/v00/v0028	SES007	-2.29886	-49.0552	-46.7564
spk_ver/v00/v0029	SES083	-0.234516	-46.8804	-46.6459
spk_ver/v00/v0030	SES019	1.72241	-45.9236	-47.646
spk_ver/v00/v0031	SES007	-2.24131	-50.4433	-48.202
spk_ver/v00/v0032	SES270	0.747429	-46.0999	-46.8474
spk_ver/v00/v0033	SES007	-2.46942	-49.6784	-47.209
spk_ver/v00/v0034	SES007	-3.03759	-54.154	-51.1164
spk_ver/v00/v0035	SES007	-1.34717	-48.1922	-46.8451
spk_ver/v00/v0036	SES007	-1.26908	-47.5981	-46.329
spk_ver/v00/v0037	SES007	-3.40199	-49.5811	-46.1792
spk_ver/v00/v0038	SES259	1.48381	-44.4967	-45.9805
spk_ver/v00/v0039	SES007	-2.68789	-50.0922	-47.4043
spk_ver/v00/v0040	SES007	-2.95564	-48.8836	-45.9279
spk_ver/v00/v0041	SES007	-1.95298	-48.7458	-46.7929
spk_ver/v00/v0042	SES007	-0.783085	-48.3579	-47.5748
spk_ver/v00/v0043	SES007	-0.650681	-48.1713	-47.5206
spk_ver/v00/v0044	SES007	-2.60662	-47.9438	-45.3372
spk_ver/v00/v0045	SES007	-1.26915	-48.1861	-46.917
spk_ver/v00/v0046	SES007	-1.21804	-48.0856	-46.8675
spk_ver/v00/v0047	SES172	0.430035	-46.371	-46.801
spk_ver/v00/v0048	SES105	1.17882	-46.7175	-47.8964
spk_ver/v00/v0049	SES007	-0.847198	-47.5575	-46.7103
spk_ver/v00/v0050	SES292	-0.32346	-47.673	-47.3495
spk_ver/v00/v0051	SES007	-2.29759	-50.1439	-47.8463
spk_ver/v00/v0052	SES068	0.450439	-45.9562	-46.4066
spk_ver/v00/v0053	SES008	-1.25943	-47.485	-46.2256
spk_ver/v00/v0054	SES008	-5.13471	-54.8928	-49.7581
spk_ver/v00/v0055	SES008	-1.96186	-49.0738	-47.1119
spk_ver/v00/v0056	SES008	-6.28975	-53.5086	-47.2189
spk_ver/v00/v0057	SES008	-5.55823	-52.939	-47.3807
spk_ver/v00/v0058	SES083	0.0450592	-46.8401	-46.8851
spk_ver/v00/v0059	SES158	1.09422	-45.9785	-47.0727
spk_ver/v00/v0060	SES008	-2.11696	-49.4915	-47.3746
spk_ver/v00/v0061	SES101	0.052681	-47.0715	-47.1242
spk_ver/v00/v0062	SES008	-3.54008	-51.2755	-47.7354
spk_ver/v00/v0063	SES008	-2.06808	-49.7892	-47.7211
spk_ver/v00/v0064	SES117	0.411339	-47.8661	-48.2774
spk_ver/v00/v0065	SES149	1.62354	-44.994	-46.6175
spk_ver/v00/v0066	SES008	-1.31625	-48.4307	-47.1145
spk_ver/v00/v0067	SES008	-3.30536	-52.2558	-48.9505
spk_ver/v00/v0068	SES162	0.928329	-47.0688	-47.9971
spk_ver/v00/v0069	SES008	-4.73678	-50.9932	-46.2564
spk_ver/v00/v0070	SES008	-0.952656	-47.4239	-46.4712
spk_ver/v00/v0071	SES008	-2.75496	-50.4506	-47.6957
spk_ver/v00/v0072	SES008	-0.926807	-46.935	-46.0082
spk_ver/v00/v0073	SES008	-2.8967	-48.938	-46.0413
spk_ver/v00/v0074	SES008	-3.7981	-50.3141	-46.516
spk_ver/v00/v0075	SES008	-6.8147	-54.4176	-47.6029
spk_ver/v00/v0076	SES167	1.20823	-46.0437	-47.2519
spk_ver/v00/v0077	SES008	-1.4208	-47.8155	-46.3947
spk_ver/v00/v0078	SES177	0.299698	-46.7806	-47.0803
spk_ver/v00/v0079	SES008	-1.60281	-49.4741	-47.8713
spk_ver/v00/v0080	SES008	-2.70062	-51.0289	-48.3283
spk_ver/v00/v0081	SES008	-6.00857	-54.9466	-48.9381
spk_ver/v00/v0082	SES008	-2.74056	-49.6073	-46.8667
spk_ver/v00/v0083	SES008	-6.11298	-54.0497	-47.9367
spk_ver/v00/v0084	SES144	0.39106	-47.4779	-47.869
spk_ver/v00/v0085	SES008	-1.75218	-49.1134	-47.3612
spk_ver/v00/v0086	SES008	-1.62914	-47.571	-45.9419
spk_ver/v00/v0087	SES008	-3.29951	-51.7204	-48.4209
spk_ver/v00/v0088	SES008	-3.48838	-50.8461	-47.3577
spk_ver/v00/v0089	SES008	-1.25024	-49.7944	-48.5442
spk_ver/v00/v0090	SES142	2.13144	-46.3117	-48.4431
spk_ver/v00/v0091	SES008	-6.12398	-52.3927	-46.2687
spk_ver/v00/v0092	SES158	0.3195	-47.2667	-47.5862
spk_ver/v00/v0093	SES014	-3.96213	-50.5175	-46.5554
spk_ver/v00/v0094	SES014	-2.7063	-51.8165	-49.1102
spk_ver/v00/v0095	SES014	-1.09981	-47.0114	-45.9116
spk_ver/v00/v0096	SES014	-2.43915	-49.0881	-46.649
spk_ver/v00/v0097	SES014	-1.29058	-49.1239	-47.8334
spk_ver/v00/v0098	SES014	-1.12938	-47.2038	-46.0744
spk_ver/v00/v0099	SES014	-12.3006	-60.7959	-48.4953
spk_ver/v01/v0100	SES127	0.115711	-47.0683	-47.184
spk_ver/v01/v0101	SES014	-8.54707	-57.7566	-49.2096
spk_ver/v01/v0102	SES014	-15.0531	-64.0698	-49.0168
spk_ver/v01/v0103	SES014	-2.99005	-52.3275	-49.3374
spk_ver/v01/v0104	SES014	-10.25	-58.9427	-48.6927
spk_ver/v01/v0105	SES014	-3.06936	-51.9426	-48.8732
spk_ver/v01/v0106	SES014	-1.78614	-49.3542	-47.5681
spk_ver/v01/v0107	SES014	-13.5795	-60.6771	-47.0975
spk_ver/v01/v0108	SES014	-15.5555	-64.1317	-48.5762
spk_ver/v01/v0109	SES014	-9.58044	-58.4223	-48.8419
spk_ver/v01/v0110	SES014	-2.2857	-50.9277	-48.642
spk_ver/v01/v0111	SES014	-1.18225	-47.4598	-46.2775
spk_ver/v01/v0112	SES014	-10.6071	-57.5569	-46.9498
spk_ver/v01/v0113	SES104	0.50457	-47.2794	-47.784
spk_ver/v01/v0114	SES082	0.581913	-45.9143	-46.4962
spk_ver/v01/v0115	SES087	1.5444	-45.5292	-47.0736
spk_ver/v01/v0116	SES014	-1.4025	-48.3036	-46.9011
spk_ver/v01/v0117	SES177	0.309452	-47.4576	-47.767
spk_ver/v01/v0118	SES014	-10.3656	-59.4036	-49.038
spk_ver/v01/v0119	SES014	-0.977974	-47.4061	-46.4281
spk_ver/v01/v0120	SES014	-14.8241	-63.7749	-48.9508
spk_ver/v01/v0121	SES146	0.074398	-47.3339	-47.4083
spk_ver/v01/v0122	SES014	1.15509	-44.0737	-45.2288
spk_ver/v01/v0123	SES014	-1.30352	-48.0998	-46.7963
spk_ver/v01/v0124	SES014	-9.72036	-57.3942	-47.6738
spk_ver/v01/v0125	SES014	-5.50087	-53.3941	-47.8933
spk_ver/v01/v0126	SES016	-1.98275	-50.023	-48.0403
spk_ver/v01/v0127	SES016	-2.34601	-51.4915	-49.1454
spk_ver/v01/v0128	SES106	0.911201	-45.757	-46.6682
spk_ver/v01/v0129	SES016	-4.56242	-50.6392	-46.0768
spk_ver/v01/v0130	SES016	-2.52918	-50.58	-48.0508
spk_ver/v01/v0131	SES016	-4.14496	-51.1005	-46.9555
spk_ver/v01/v0132	SES016	-1.549	-48.7517	-47.2027
spk_ver/v01/v0133	SES016	-1.83641	-50.4223	-48.5859
spk_ver/v01/v0134	SES016	-2.76424	-49.002	-46.2378
spk_ver/v01/v0135	SES016	-2.8276	-51.3703	-48.5427
spk_ver/v01/v0136	SES016	-2.57821	-51.1487	-48.5705
spk_ver/v01/v0137	SES007	0.29063	-47.6133	-47.904
spk_ver/v01/v0138	SES016	-0.961105	-48.2583	-47.2972
spk_ver/v01/v0139	SES016	-1.3465	-47.9649	-46.6184
spk_ver/v01/v0140	SES016	1.26778	-46.3962	-47.6639
spk_ver/v01/v0141	SES016	-7.31198	-56.9638	-49.6519
spk_ver/v01/v0142	SES016	-3.35336	-50.2544	-46.9011
spk_ver/v01/v0143	SES016	-4.89051	-53.5856	-48.6951
spk_ver/v01/v0144	SES016	-3.37722	-49.9569	-46.5797
spk_ver/v01/v0145	SES016	-2.48643	-51.0749	-48.5885
spk_ver/v01/v0146	SES016	-1.15522	-47.7181	-46.5629
spk_ver/v01/v0147	SES016	-1.56191	-48.7139	-47.152
spk_ver/v01/v0148	SES127	0.589882	-46.9136	-47.5035
spk_ver/v01/v0149	SES016	-3.71706	-50.5423	-46.8253
spk_ver/v01/v0150	SES016	-1.82339	-49.0072	-47.1838
spk_ver/v01/v0151	SES147	1.34873	-47.9323	-49.2811
spk_ver/v01/v0152	SES016	-1.40958	-49.0967	-47.6871
spk_ver/v01/v0153	SES104	0.72488	-45.0145	-45.7394
spk_ver/v01/v0154	SES016	-2.48628	-50.9237	-48.4374
spk_ver/v01/v0155	SES016	-1.93242	-50.6381	-48.7057
spk_ver/v01/v0156	SES019	-1.2615	-49.2944	-48.0329
spk_ver/v01/v0157	SES019	-2.48195	-48.3471	-45.8652
spk_ver/v01/v0158	SES019	-1.14155	-47.6849	-46.5434
spk_ver/v01/v0159	SES007	-0.430393	-47.4736	-47.0432
spk_ver/v01/v0160	SES019	-2.50713	-48.4279	-45.9208
spk_ver/v01/v0161	SES019	-2.32957	-50.2905	-47.9609
spk_ver/v01/v0162	SES019	-8.3993	-54.8618	-46.4625
spk_ver/v01/v0163	SES189	0.546497	-48.3406	-48.8871
spk_ver/v01/v0164	SES019	-2.27242	-48.6015	-46.329
spk_ver/v01/v0165	SES019	-1.2717	-48.8193	-47.5476
spk_ver/v01/v0166	SES019	-7.4564	-54.0831	-46.6267
spk_ver/v01/v0167	SES019	-9.82343	-58.1189	-48.2955
spk_ver/v01/v0168	SES019	-1.11833	-49.3308	-48.2125
spk_ver/v01/v0169	SES019	-3.29451	-50.8846	-47.5901
spk_ver/v01/v0170	SES270	0.880569	-46.1668	-47.0474
spk_ver/v01/v0171	SES019	-2.4046	-49.3292	-46.9246
spk_ver/v01/v0172	SES019	-10.9218	-59.1925	-48.2707
spk_ver/v01/v0173	SES206	0.853355	-46.13	-46.9834
spk_ver/v01/v0174	SES019	-2.05759	-49.1911	-47.1335
spk_ver/v01/v0175	SES014	0.746964	-45.1771	-45.924
spk_ver/v01/v0176	SES019	-5.87798	-52.7528	-46.8748
spk_ver/v01/v0177	SES120	0.453812	-47.6652	-48.119
spk_ver/v01/v0178	SES019	-1.04944	-49.5209	-48.4715
spk_ver/v01/v0179	SES019	-10.8992	-56.9547	-46.0555
spk_ver/v01/v0180	SES175	0.744919	-47.4615	-48.2064
spk_ver/v01/v0181	SES019	-8.94393	-57.6622	-48.7183
spk_ver/v01/v0182	SES019	-3.59719	-49.7022	-46.105
spk_ver/v01/v0183	SES029	-2.29753	-49.466	-47.1685
spk_ver/v01/v0184	SES029	-4.28442	-50.8628	-46.5783
spk_ver/v01/v0185	SES029	-2.65748	-49.7037	-47.0462
spk_ver/v01/v0186	SES068	0.537682	-46.1102	-46.6479
spk_ver/v01/v0187	SES029	-3.81762	-50.5594	-46.7418
spk_ver/v01/v0188	SES029	-2.64971	-48.342	-45.6923
spk_ver/v01/v0189	SES149	1.38685	-44.8261	-46.213
spk_ver/v01/v0190	SES029	-3.61715	-49.7815	-46.1644
spk_ver/v01/v0191	SES029	-3.99837	-50.8298	-46.8314
spk_ver/v01/v0192	SES183	0.477921	-45.7985	-46.2764
spk_ver/v01/v0193	SES029	-1.20724	-49.1083	-47.9011
spk_ver/v01/v0194	SES016	1.14306	-46.1328	-47.2759
spk_ver/v01/v0195	SES029	-2.61372	-49.4548	-46.8411
spk_ver/v01/v0196	SES029	-0.941475	-48.6372	-47.6957
spk_ver/v01/v0197	SES029	-3.88394	-49.9803	-46.0964
spk_ver/v01/v0198	SES146	-0.182152	-47.8915	-47.7094
spk_ver/v01/v0199	SES029	-3.4448	-51.7205	-48.2757
spk_ver/v02/v0200	SES029	-2.30832	-51.0015	-48.6932
spk_ver/v02/v0201	SES068	0.620205	-46.0349	-46.6551
spk_ver/v02/v0202	SES148	1.13937	-46.2884	-47.4278
spk_ver/v02/v0203	SES029	-2.73277	-49.618	-46.8852
spk_ver/v02/v0204	SES029	-0.47205	-48.0649	-47.5928
spk_ver/v02/v0205	SES060	0.183388	-46.1505	-46.3339
spk_ver/v02/v0206	SES127	1.23405	-45.7816	-47.0156
spk_ver/v02/v0207	SES029	-3.82886	-51.131	-47.3022
spk_ver/v02/v0208	SES048	1.43896	-46.4968	-47.9357
spk_ver/v02/v0209	SES029	-1.32898	-48.7126	-47.3836
spk_ver/v02/v0210	SES029	-3.87159	-51.22	-47.3484
spk_ver/v02/v0211	SES029	-2.91122	-49.4525	-46.5413
spk_ver/v02/v0212	SES042	-16.4867	-65.6311	-49.1444
spk_ver/v02/v0213	SES085	1.20685	-46.7816	-47.9884
spk_ver/v02/v0214	SES206	1.14774	-45.2605	-46.4082
spk_ver/v02/v0215	SES144	0.207809	-47.3102	-47.518
spk_ver/v02/v0216	SES042	-2.54597	-49.515	-46.969
spk_ver/v02/v0217	SES042	-2.52302	-52.8581	-50.3351
spk_ver/v02/v0218	SES042	-1.32159	-46.9267	-45.6051
spk_ver/v02/v0219	SES206	0.571281	-45.8007	-46.372
spk_ver/v02/v0220	SES019	3.27805	-44.7892	-48.0673
spk_ver/v02/v0221	SES007	-0.0973091	-47.4282	-47.3309
spk_ver/v02/v0222	SES042	-13.3751	-62.5525	-49.1774
spk_ver/v02/v0223	SES147	1.05572	-47.8579	-48.9136
spk_ver/v02/v0224	SES105	0.558151	-47.4593	-48.0174
spk_ver/v02/v0225	SES042	-2.01735	-48.9973	-46.98
spk_ver/v02/v0226	SES275	0.916595	-46.9447	-47.8613
spk_ver/v02/v0227	SES042	-3.56584	-51.1026	-47.5368
spk_ver/v02/v0228	SES042	-7.36487	-54.9323	-47.5674
spk_ver/v02/v0229	SES042	-15.2762	-62.1238	-46.8475
spk_ver/v02/v0230	SES085	0.485622	-45.53	-46.0156
spk_ver/v02/v0231	SES014	1.53856	-44.3072	-45.8457
spk_ver/v02/v0232	SES042	-1.6512	-47.7482	-46.097
spk_ver/v02/v0233	SES048	-4.0013	-50.2144	-46.2131
spk_ver/v02/v0234	SES048	-7.35417	-56.5656	-49.2114
spk_ver/v02/v0235	SES029	0.203098	-47.1476	-47.3507
spk_ver/v02/v0236	SES048	-4.18788	-50.6887	-46.5008
spk_ver/v02/v0237	SES048	-4.40509	-51.3114	-46.9063
spk_ver/v02/v0238	SES048	-3.83091	-51.4842	-47.6533
spk_ver/v02/v0239	SES060	0.302158	-46.201	-46.5032
spk_ver/v02/v0240	SES048	-7.04028	-55.4735	-48.4332
spk_ver/v02/v0241	SES048	-6.62092	-54.7024	-48.0815
spk_ver/v02/v0242	SES189	2.16732	-47.6863	-49.8537
spk_ver/v02/v0243	SES162	0.676655	-47.5135	-48.1902
spk_ver/v02/v0244	SES048	-4.00176	-49.7372	-45.7354
spk_ver/v02/v0245	SES048	-3.80928	-50.4272	-46.618
spk_ver/v02/v0246	SES048	-3.60936	-49.8898	-46.2804
spk_ver/v02/v0247	SES048	-4.5927	-52.5593	-47.9666
spk_ver/v02/v0248	SES226	1.65849	-45.5451	-47.2036
spk_ver/v02/v0249	SES048	-3.60944	-51.3708	-47.7614
spk_ver/v02/v0250	SES048	-2.76243	-50.8359	-48.0734
spk_ver/v02/v0251	SES048	-3.06165	-50.6257	-47.564
spk_ver/v02/v0252	SES060	-5.14169	-54.6036	-49.462
spk_ver/v02/v0253	SES060	-4.6272	-51.1575	-46.5303
spk_ver/v02/v0254	SES259	1.96331	-44.493	-46.4563
spk_ver/v02/v0255	SES060	-2.64335	-51.725	-49.0816
spk_ver/v02/v0256	SES202	0.617844	-47.9834	-48.6012
spk_ver/v02/v0257	SES148	0.485554	-46.1752	-46.6607
spk_ver/v02/v0258	SES060	-5.48309	-54.8663	-49.3832
spk_ver/v02/v0259	SES060	-1.16546	-47.9608	-46.7954
spk_ver/v02/v0260	SES060	-2.01123	-49.5385	-47.5273
spk_ver/v02/v0261	SES099	1.79305	-45.0585	-46.8515
spk_ver/v02/v0262	SES060	-2.95686	-50.4767	-47.5198
spk_ver/v02/v0263	SES060	-2.28524	-48.5819	-46.2967
spk_ver/v02/v0264	SES292	-0.313625	-47.5684	-47.2548
spk_ver/v02/v0265	SES060	-1.16848	-48.2939	-47.1254
spk_ver/v02/v0266	SES060	-6.23367	-53.9308	-47.6971
spk_ver/v02/v0267	SES060	-5.20881	-53.0526	-47.8438
spk_ver/v02/v0268	SES060	-4.32422	-52.9904	-48.6662
spk_ver/v02/v0269	SES127	0.429344	-46.6626	-47.0919
spk_ver/v02/v0270	SES060	-2.53883	-50.4858	-47.9469
spk_ver/v02/v0271	SES060	-1.46687	-48.1727	-46.7058
spk_ver/v02/v0272	SES060	-2.85288	-51.517	-48.6641
spk_ver/v02/v0273	SES087	1.08631	-45.8251	-46.9114
spk_ver/v02/v0274	SES146	0.403259	-47.7244	-48.1277
spk_ver/v02/v0275	SES060	-4.33145	-52.5617	-48.2302
spk_ver/v02/v0276	SES002	1.61146	-45.4827	-47.0942
spk_ver/v02/v0277	SES060	-1.11061	-48.0847	-46.9741
spk_ver/v02/v0278	SES060	-5.18067	-52.7578	-47.5771
spk_ver/v02/v0279	SES060	-5.16041	-50.9873	-45.8269
spk_ver/v02/v0280	SES129	1.93689	-44.9359	-46.8728
spk_ver/v02/v0281	SES162	0.998093	-47.0258	-48.0239
spk_ver/v02/v0282	SES060	-3.41032	-50.3267	-46.9164
spk_ver/v02/v0283	SES060	-2.73621	-49.5518	-46.8156
spk_ver/v02/v0284	SES062	-3.28437	-52.1245	-48.8401
spk_ver/v02/v0285	SES062	-4.03618	-50.9077	-46.8715
spk_ver/v02/v0286	SES120	-0.0679092	-47.874	-47.8061
spk_ver/v02/v0287	SES062	-3.86134	-51.9377	-48.0763
spk_ver/v02/v0288	SES062	-3.48768	-50.8506	-47.3629
spk_ver/v02/v0289	SES062	-2.95868	-48.2495	-45.2908
spk_ver/v02/v0290	SES062	-2.18964	-49.085	-46.8953
spk_ver/v02/v0291	SES275	0.161816	-47.3519	-47.5137
spk_ver/v02/v0292	SES062	-3.7697	-51.8831	-48.1134
spk_ver/v02/v0293	SES062	-5.53265	-54.0409	-48.5082
spk_ver/v02/v0294	SES062	-2.67032	-48.661	-45.9907
spk_ver/v02/v0295	SES062	-3.12614	-51.0208	-47.8947
spk_ver/v02/v0296	SES062	-3.32626	-50.6659	-47.3397
spk_ver/v02/v0297	SES062	-4.51045	-52.5564	-48.046
spk_ver/v02/v0298	SES062	-2.54581	-50.2916	-47.7458
spk_ver/v02/v0299	SES062	-2.1381	-49.8589	-47.7208
spk_ver/v03/v0300	SES062	-4.80035	-54.3813	-49.581
spk_ver/v03/v0301	SES062	-3.13508	-49.5045	-46.3694
spk_ver/v03/v0302	SES172	0.792561	-45.288	-46.0805
spk_ver/v03/v0303	SES062	-1.73495	-48.9364	-47.2015
spk_ver/v03/v0304	SES062	-1.83537	-48.8461	-47.0107
spk_ver/v03/v0305	SES062	-2.65707	-49.9127	-47.2556
spk_ver/v03/v0306	SES062	-6.09959	-55.9052	-49.8056
spk_ver/v03/v0307	SES062	-3.96027	-50.0482	-46.0879
spk_ver/v03/v0308	SES062	-5.97528	-54.5982	-48.6229
spk_ver/v03/v0309	SES062	-2.75687	-51.9442	-49.1873
spk_ver/v03/v0310	SES125	1.09728	-44.7536	-45.8509
spk_ver/v03/v0311	SES062	-2.37354	-48.9339	-46.5604
spk_ver/v03/v0312	SES062	-5.71328	-54.6459	-48.9326
spk_ver/v03/v0313	SES062	-2.11688	-50.9319	-48.8151
spk_ver/v03/v0314	SES068	-4.97226	-51.8794	-46.9072
spk_ver/v03/v0315	SES068	-3.93539	-49.6001	-45.6648
spk_ver/v03/v0316	SES068	-4.03521	-53.1466	-49.1114
spk_ver/v03/v0317	SES068	-2.07594	-51.3418	-49.2658
spk_ver/v03/v0318	SES068	-4.63818	-51.0249	-46.3867
spk_ver/v03/v0319	SES068	-5.82586	-53.2262	-47.4003
spk_ver/v03/v0320	SES068	-1.74407	-47.7109	-45.9668
spk_ver/v03/v0321	SES068	-0.438919	-47.9172	-47.4782
spk_ver/v03/v0322	SES068	-0.620373	-48.348	-47.7276
spk_ver/v03/v0323	SES068	-2.99356	-50.4528	-47.4592
spk_ver/v03/v0324	SES144	0.232025	-48.8925	-49.1246
spk_ver/v03/v0325	SES068	-2.38459	-48.9649	-46.5803
spk_ver/v03/v0326	SES068	-0.672306	-46.8384	-46.1661
spk_ver/v03/v0327	SES068	-1.96601	-48.9477	-46.9817
spk_ver/v03/v0328	SES068	-4.48254	-51.9174	-47.4349
spk_ver/v03/v0329	SES068	-1.91043	-49.1821	-47.2717
spk_ver/v03/v0330	SES180	0.0208549	-47.752	-47.7728
spk_ver/v03/v0331	SES068	-0.755531	-48.2639	-47.5083
spk_ver/v03/v0332	SES275	1.06936	-46.4069	-47.4763
spk_ver/v03/v0333	SES062	0.627048	-44.8524	-45.4794
spk_ver/v03/v0334	SES270	1.31848	-46.0339	-47.3524
spk_ver/v03/v0335	SES068	-5.04417	-53.552	-48.5078
spk_ver/v03/v0336	SES068	-1.31131	-47.3982	-46.0868
spk_ver/v03/v0337	SES068	-2.01828	-50.682	-48.6637
spk_ver/v03/v0338	SES068	-1.90458	-50.584	-48.6794
spk_ver/v03/v0339	SES068	-1.28527	-48.615	-47.3297
spk_ver/v03/v0340	SES068	-2.18025	-51.1718	-48.9915
spk_ver/v03/v0341	SES016	0.38522	-46.5283	-46.9135
spk_ver/v03/v0342	SES068	-3.49673	-52.1312	-48.6345
spk_ver/v03/v0343	SES068	-1.23437	-48.7747	-47.5403
spk_ver/v03/v0344	SES125	1.02571	-45.5296	-46.5553
spk_ver/v03/v0345	SES187	0.375225	-46.7123	-47.0876
spk_ver/v03/v0346	SES068	-2.68241	-49.5848	-46.9024
spk_ver/v03/v0347	SES143	1.01808	-46.8295	-47.8476
spk_ver/v03/v0348	SES292	0.802952	-46.3735	-47.1765
spk_ver/v03/v0349	SES082	-5.33822	-52.6598	-47.3216
spk_ver/v03/v0350	SES101	0.337265	-45.5341	-45.8713
spk_ver/v03/v0351	SES082	-0.339092	-47.4385	-47.0994
spk_ver/v03/v0352	SES082	-1.27208	-48.6236	-47.3515
spk_ver/v03/v0353	SES082	-6.52063	-54.1023	-47.5817
spk_ver/v03/v0354	SES082	-13.4148	-62.7337	-49.3189
spk_ver/v03/v0355	SES083	-0.00588226	-45.7213	-45.7154
spk_ver/v03/v0356	SES082	-2.11073	-49.8596	-47.7489
spk_ver/v03/v0357	SES082	-10.7609	-58.8703	-48.1093
spk_ver/v03/v0358	SES082	-1.20435	-48.1237	-46.9194
spk_ver/v03/v0359	SES117	0.533474	-49.1763	-49.7097
spk_ver/v03/v0360	SES082	-7.21719	-54.0741	-46.8569
spk_ver/v03/v0361	SES082	-1.53344	-48.6475	-47.114
spk_ver/v03/v0362	SES007	0.332802	-46.5598	-46.8926
spk_ver/v03/v0363	SES082	-2.26031	-49.1942	-46.9339
spk_ver/v03/v0364	SES019	1.85776	-45.7225	-47.5802
spk_ver/v03/v0365	SES082	-1.18329	-48.5577	-47.3744
spk_ver/v03/v0366	SES226	1.34954	-45.7979	-47.1474
spk_ver/v03/v0367	SES167	1.24201	-45.6459	-46.8879
spk_ver/v03/v0368	SES082	-2.29963	-48.1317	-45.8321
spk_ver/v03/v0369	SES042	2.88931	-43.0294	-45.9187
spk_ver/v03/v0370	SES042	2.35302	-44.0835	-46.4365
spk_ver/v03/v0371	SES082	-7.34806	-54.8805	-47.5324
spk_ver/v03/v0372	SES082	-2.10328	-48.1637	-46.0604
spk_ver/v03/v0373	SES082	-5.30516	-52.9022	-47.597
spk_ver/v03/v0374	SES083	-1.53432	-47.3802	-45.8459
spk_ver/v03/v0375	SES292	0.389305	-47.0081	-47.3974
spk_ver/v03/v0376	SES083	-3.18645	-49.7881	-46.6017
spk_ver/v03/v0377	SES083	-3.48386	-50.8271	-47.3432
spk_ver/v03/v0378	SES083	-1.40863	-49.2953	-47.8866
spk_ver/v03/v0379	SES083	-1.20895	-48.7902	-47.5813
spk_ver/v03/v0380	SES083	-1.54512	-50.0743	-48.5292
spk_ver/v03/v0381	SES083	-1.35546	-48.1942	-46.8387
spk_ver/v03/v0382	SES148	0.422462	-46.9266	-47.3491
spk_ver/v03/v0383	SES083	-1.32951	-47.6588	-46.3293
spk_ver/v03/v0384	SES226	1.6363	-45.1453	-46.7816
spk_ver/v03/v0385	SES226	1.50822	-44.8283	-46.3365
spk_ver/v03/v0386	SES087	1.53221	-45.8825	-47.4147
spk_ver/v03/v0387	SES029	0.565769	-46.9692	-47.5349
spk_ver/v03/v0388	SES147	1.19639	-47.2771	-48.4735
spk_ver/v03/v0389	SES083	-3.66644	-51.5918	-47.9253
spk_ver/v03/v0390	SES189	1.23057	-47.1855	-48.4161
spk_ver/v03/v0391	SES083	-2.03214	-49.2748	-47.2427
spk_ver/v03/v0392	SES083	-0.396633	-45.9807	-45.5841
spk_ver/v03/v0393	SES083	-2.06408	-48.6258	-46.5618
spk_ver/v03/v0394	SES083	-3.23377	-50.5943	-47.3606
spk_ver/v03/v0395	SES083	-1.46045	-48.4835	-47.0231
spk_ver/v03/v0396	SES014	1.85009	-43.8196	-45.6697
spk_ver/v03/v0397	SES085	-0.694595	-46.7189	-46.0244
spk_ver/v03/v0398	SES085	-1.61943	-47.6058	-45.9863
spk_ver/v03/v0399	SES085	-4.06097	-50.7132	-46.6522
spk_ver/v04/v0400	SES106	1.72698	-45.004	-46.731
spk_ver/v04/v0401	SES085	-3.54006	-50.4997	-46.9597
spk_ver/v04/v0402	SES085	-6.11957	-54.376	-48.2564
spk_ver/v04/v0403	SES085	-0.647491	-46.9197	-46.2722
spk_ver/v04/v0404	SES180	0.9375	-46.0969	-47.0344
spk_ver/v04/v0405	SES129	1.16476	-44.6311	-45.7958
spk_ver/v04/v0406	SES085	-4.64569	-51.4467	-46.801
spk_ver/v04/v0407	SES146	-0.112133	-48.2911	-48.179
spk_ver/v04/v0408	SES085	-1.14036	-47.5118	-46.3715
spk_ver/v04/v0409	SES085	-3.07672	-50.0813	-47.0046
spk_ver/v04/v0410	SES085	-5.73182	-52.4957	-46.7639
spk_ver/v04/v0411	SES292	0.834358	-47.1853	-48.0196
spk_ver/v04/v0412	SES085	-1.56353	-47.8006	-46.2371
spk_ver/v04/v0413	SES125	1.35209	-44.6924	-46.0445
spk_ver/v04/v0414	SES085	-4.29842	-55.8777	-51.5793
spk_ver/v04/v0415	SES085	-1.63841	-48.7135	-47.0751
spk_ver/v04/v0416	SES085	-3.04154	-49.665	-46.6235
spk_ver/v04/v0417	SES062	0.116856	-45.772	-45.8888
spk_ver/v04/v0418	SES060	1.26931	-45.7646	-47.0339
spk_ver/v04/v0419	SES085	-1.05125	-48.1094	-47.0581
spk_ver/v04/v0420	SES085	-4.48499	-50.8603	-46.3753
spk_ver/v04/v0421	SES085	-5.95864	-53.2586	-47.2999
spk_ver/v04/v0422	SES085	-1.4719	-49.9629	-48.491
spk_ver/v04/v0423	SES085	-4.62109	-52.379	-47.7579
spk_ver/v04/v0424	SES085	-3.34857	-51.4629	-48.1143
spk_ver/v04/v0425	SES183	0.530823	-47.5037	-48.0345
spk_ver/v04/v0426	SES085	-4.02822	-50.6056	-46.5774
spk_ver/v04/v0427	SES087	-2.49387	-49.2502	-46.7564
spk_ver/v04/v0428	SES162	0.798336	-47.0363	-47.8347
spk_ver/v04/v0429	SES087	-1.36695	-47.7072	-46.3403
spk_ver/v04/v0430	SES087	-5.45237	-53.9079	-48.4556
spk_ver/v04/v0431	SES087	-14.4631	-63.2543	-48.7913
spk_ver/v04/v0432	SES087	-1.94239	-49.3552	-47.4128
spk_ver/v04/v0433	SES087	-9.08361	-55.3907	-46.3071
spk_ver/v04/v0434	SES142	2.41159	-45.6412	-48.0528
spk_ver/v04/v0435	SES087	-13.0996	-61.7863	-48.6867
spk_ver/v04/v0436	SES099	0.939346	-45.6285	-46.5679
spk_ver/v04/v0437	SES087	-3.83321	-50.1155	-46.2823
spk_ver/v04/v0438	SES087	-7.75651	-55.2573	-47.5008
spk_ver/v04/v0439	SES087	-1.33413	-47.1607	-45.8265
spk_ver/v04/v0440	SES087	-8.08204	-55.4192	-47.3372
spk_ver/v04/v0441	SES087	-13.582	-61.8056	-48.2236
spk_ver/v04/v0442	SES187	0.875809	-47.3204	-48.1962
spk_ver/v04/v0443	SES172	1.43908	-46.1288	-47.5679
spk_ver/v04/v0444	SES087	-2.0402	-48.6846	-46.6444
spk_ver/v04/v0445	SES087	-1.3898	-47.6148	-46.225
spk_ver/v04/v0446	SES087	-0.634804	-46.7776	-46.1428
spk_ver/v04/v0447	SES087	-1.13251	-47.3852	-46.2527
spk_ver/v04/v0448	SES106	1.46728	-45.8195	-47.2867
spk_ver/v04/v0449	SES146	0.523903	-47.6431	-48.167
spk_ver/v04/v0450	SES087	-10.375	-58.5269	-48.1518
spk_ver/v04/v0451	SES087	-1.18929	-47.7613	-46.572
spk_ver/v04/v0452	SES007	0.522709	-46.9064	-47.4291
spk_ver/v04/v0453	SES087	-1.82751	-48.8893	-47.0618
spk_ver/v04/v0454	SES087	-9.68941	-57.6198	-47.9304
spk_ver/v04/v0455	SES180	0.361744	-47.199	-47.5608
spk_ver/v04/v0456	SES099	-6.49892	-54.8122	-48.3133
spk_ver/v04/v0457	SES042	1.2294	-45.3251	-46.5545
spk_ver/v04/v0458	SES099	-0.60915	-47.6401	-47.0309
spk_ver/v04/v0459	SES099	-11.8057	-59.9181	-48.1124
spk_ver/v04/v0460	SES099	-8.06447	-57.8545	-49.79
spk_ver/v04/v0461	SES099	-1.45182	-47.7462	-46.2944
spk_ver/v04/v0462	SES082	1.66989	-45.0377	-46.7076
spk_ver/v04/v0463	SES099	-0.296875	-47.219	-46.9221
spk_ver/v04/v0464	SES099	0.350254	-46.1358	-46.486
spk_ver/v04/v0465	SES099	-10.3101	-57.6173	-47.3072
spk_ver/v04/v0466	SES099	-0.618435	-47.3112	-46.6928
spk_ver/v04/v0467	SES099	-0.487667	-47.521	-47.0333
spk_ver/v04/v0468	SES129	1.10941	-45.7145	-46.8239
spk_ver/v04/v0469	SES101	0.225254	-46.7555	-46.9807
spk_ver/v04/v0470	SES099	-7.83983	-56.5346	-48.6947
spk_ver/v04/v0471	SES172	0.607494	-46.6537	-47.2612
spk_ver/v04/v0472	SES099	-0.187225	-47.1329	-46.9457
spk_ver/v04/v0473	SES270	2.02694	-45.3646	-47.3916
spk_ver/v04/v0474	SES099	-3.76535	-50.4167	-46.6514
spk_ver/v04/v0475	SES099	-1.57159	-47.5926	-46.021
spk_ver/v04/v0476	SES099	-2.37119	-51.8527	-49.4815
spk_ver/v04/v0477	SES002	0.858429	-45.0243	-45.8827
spk_ver/v04/v0478	SES099	0.168293	-46.8031	-46.9714
spk_ver/v04/v0479	SES007	-0.762527	-48.6771	-47.9146
spk_ver/v04/v0480	SES101	-4.20452	-49.8038	-45.5993
spk_ver/v04/v0481	SES101	-3.31026	-52.4079	-49.0976
spk_ver/v04/v0482	SES175	0.0596581	-47.9201	-47.9798
spk_ver/v04/v0483	SES101	-1.85497	-48.8834	-47.0284
spk_ver/v04/v0484	SES101	-4.15989	-49.7686	-45.6087
spk_ver/v04/v0485	SES101	-2.00876	-50.4216	-48.4128
spk_ver/v04/v0486	SES101	-1.39893	-50.4146	-49.0156
spk_ver/v04/v0487	SES101	-2.12562	-50.3066	-48.181
spk_ver/v04/v0488	SES101	-4.10072	-51.1372	-47.0365
spk_ver/v04/v0489	SES147	0.738689	-48.2988	-49.0375
spk_ver/v04/v0490	SES085	0.433418	-47.6626	-48.096
spk_ver/v04/v0491	SES101	-1.97423	-51.0803	-49.1061
spk_ver/v04/v0492	SES101	-4.29841	-53.0915	-48.7931
spk_ver/v04/v0493	SES101	-3.62976	-49.4943	-45.8646
spk_ver/v04/v0494	SES101	-2.19853	-51.5964	-49.3978
spk_ver/v04/v0495	SES101	-1.71618	-47.712	-45.9958
spk_ver/v04/v0496	SES101	-2.38628	-49.8404	-47.4542
spk_ver/v04/v0497	SES014	1.07377	-43.9972	-45.071
spk_ver/v04/v0498	SES101	-3.54462	-50.3162	-46.7716
spk_ver/v04/v0499	SES101	-1.43089	-48.1524	-46.7215
spk_ver/v05/v0500	SES085	0.0642281	-46.3031	-46.3673
spk_ver/v05/v0501	SES101	-5.08425	-51.7699	-46.6857
spk_ver/v05/v0502	SES275	0.75222	-46.9121	-47.6643
spk_ver/v05/v0503	SES117	0.690968	-48.1047	-48.7957
spk_ver/v05/v0504	SES101	-4.05053	-50.454	-46.4035
spk_ver/v05/v0505	SES101	-1.79417	-48.9855	-47.1913
spk_ver/v05/v0506	SES101	-2.04684	-49.8802	-47.8334
spk_ver/v05/v0507	SES048	0.667175	-45.6535	-46.3206
spk_ver/v05/v0508	SES117	0.190628	-48.7848	-48.9754
spk_ver/v05/v0509	SES202	2.29047	-45.3917	-47.6822
spk_ver/v05/v0510	SES104	-2.00881	-50.7614	-48.7526
spk_ver/v05/v0511	SES008	0.0673447	-48.2344	-48.3018
spk_ver/v05/v0512	SES104	-1.2393	-48.7757	-47.5364
spk_ver/v05/v0513	SES104	-1.28145	-47.3521	-46.0706
spk_ver/v05/v0514	SES104	-7.18336	-53.2391	-46.0558
spk_ver/v05/v0515	SES104	-14.1559	-62.3727	-48.2168
spk_ver/v05/v0516	SES104	-0.79945	-49.7258	-48.9263
spk_ver/v05/v0517	SES060	0.305519	-45.0074	-45.3129
spk_ver/v05/v0518	SES104	-13.3752	-62.5879	-49.2127
spk_ver/v05/v0519	SES104	-14.7508	-63.3591	-48.6083
spk_ver/v05/v0520	SES104	-0.560516	-46.3264	-45.7659
spk_ver/v05/v0521	SES008	0.92226	-45.3137	-46.2359
spk_ver/v05/v0522	SES068	0.793003	-46.4922	-47.2852
spk_ver/v05/v0523	SES087	1.38916	-45.1455	-46.5347
spk_ver/v05/v0524	SES104	-1.32887	-48.741	-47.4121
spk_ver/v05/v0525	SES104	-1.12413	-47.9397	-46.8156
spk_ver/v05/v0526	SES104	-1.37453	-48.0655	-46.6909
spk_ver/v05/v0527	SES083	0.165707	-46.6418	-46.8076
spk_ver/v05/v0528	SES148	0.813522	-46.5714	-47.385
spk_ver/v05/v0529	SES104	-2.40999	-50.0134	-47.6034
spk_ver/v05/v0530	SES104	-7.71139	-55.1614	-47.45
spk_ver/v05/v0531	SES125	1.04932	-45.6289	-46.6783
spk_ver/v05/v0532	SES104	-12.29	-60.0163	-47.7262
spk_ver/v05/v0533	SES149	2.62158	-43.9928	-46.6143
spk_ver/v05/v0534	SES104	-11.0683	-58.282	-47.2136
spk_ver/v05/v0535	SES187	0.584251	-47.9862	-48.5704
spk_ver/v05/v0536	SES104	-2.09304	-48.9007	-46.8077
spk_ver/v05/v0537	SES104	-1.65784	-48.6406	-46.9827
spk_ver/v05/v0538	SES167	1.14089	-46.4928	-47.6337
spk_ver/v05/v0539	SES104	-0.995693	-49.9377	-48.942
spk_ver/v05/v0540	SES104	-10.4765	-56.0071	-45.5306
spk_ver/v05/v0541	SES183	1.02227	-48.6017	-49.624
spk_ver/v05/v0542	SES104	-0.849712	-48.2399	-47.3901
spk_ver/v05/v0543	SES104	-10.2667	-57.233	-46.9663
spk_ver/v05/v0544	SES105	-3.01473	-50.5192	-47.5045
spk_ver/v05/v0545	SES105	-1.7125	-49.7879	-48.0754
spk_ver/v05/v0546	SES105	-2.4204	-49.4836	-47.0632
spk_ver/v05/v0547	SES105	-2.52018	-51.4076	-48.8874
spk_ver/v05/v0548	SES019	2.52517	-45.4886	-48.0138
spk_ver/v05/v0549	SES105	-1.81549	-50.014	-48.1985
spk_ver/v05/v0550	SES105	-2.74828	-51.1936	-48.4453
spk_ver/v05/v0551	SES202	2.17787	-47.4547	-49.6326
spk_ver/v05/v0552	SES105	-2.72125	-51.076	-48.3548
spk_ver/v05/v0553	SES105	-0.748997	-47.761	-47.012
spk_ver/v05/v0554	SES105	-1.78868	-48.317	-46.5283
spk_ver/v05/v0555	SES105	-2.23654	-49.5303	-47.2937
spk_ver/v05/v0556	SES082	0.485752	-45.9729	-46.4586
spk_ver/v05/v0557	SES105	-3.0569	-49.5993	-46.5424
spk_ver/v05/v0558	SES014	0.949493	-44.9259	-45.8754
spk_ver/v05/v0559	SES105	-1.83178	-49.0757	-47.2439
spk_ver/v05/v0560	SES177	0.0421829	-47.431	-47.4732
spk_ver/v05/v0561	SES189	3.13348	-50.6912	-53.8246
spk_ver/v05/v0562	SES105	-1.97309	-50.3882	-48.4151
spk_ver/v05/v0563	SES099	1.20566	-46.8282	-48.0338
spk_ver/v05/v0564	SES105	-2.26656	-48.9716	-46.7051
spk_ver/v05/v0565	SES105	-3.32481	-50.1485	-46.8237
spk_ver/v05/v0566	SES105	-2.97526	-50.4277	-47.4525
spk_ver/v05/v0567	SES142	1.71733	-47.2106	-48.9279
spk_ver/v05/v0568	SES048	0.839851	-45.8115	-46.6513
spk_ver/v05/v0569	SES105	-3.01099	-49.7396	-46.7286
spk_ver/v05/v0570	SES105	-1.45185	-48.3976	-46.9458
spk_ver/v05/v0571	SES105	-3.1419	-51.2147	-48.0728
spk_ver/v05/v0572	SES105	-2.81728	-51.5134	-48.6962
spk_ver/v05/v0573	SES105	-3.45242	-50.6712	-47.2187
spk_ver/v05/v0574	SES105	-1.48037	-49.4267	-47.9463
spk_ver/v05/v0575	SES105	-1.99584	-50.218	-48.2222
spk_ver/v05/v0576	SES106	-11.4061	-60.099	-48.6929
spk_ver/v05/v0577	SES106	-3.93708	-52.4295	-48.4925
spk_ver/v05/v0578	SES106	-7.94995	-55.1616	-47.2116
spk_ver/v05/v0579	SES106	-9.38635	-56.2623	-46.8759
spk_ver/v05/v0580	SES106	-1.19835	-47.3026	-46.1042
spk_ver/v05/v0581	SES106	-12.786	-60.7948	-48.0088
spk_ver/v05/v0582	SES106	-1.76546	-50.0504	-48.2849
spk_ver/v05/v0583	SES106	-1.1427	-47.1321	-45.9894
spk_ver/v05/v0584	SES106	-10.5946	-58.8027	-48.208
spk_ver/v05/v0585	SES106	-0.265251	-48.9721	-48.7068
spk_ver/v05/v0586	SES106	-9.28826	-56.6524	-47.3641
spk_ver/v05/v0587	SES106	-2.88276	-50.7578	-47.8751
spk_ver/v05/v0588	SES106	-8.34907	-54.9741	-46.625
spk_ver/v05/v0589	SES106	-10.0295	-56.1998	-46.1702
spk_ver/v05/v0590	SES082	0.547722	-46.5442	-47.0919
spk_ver/v05/v0591	SES180	0.578747	-47.0622	-47.6409
spk_ver/v05/v0592	SES106	-1.51399	-48.8582	-47.3443
spk_ver/v05/v0593	SES106	-13.5469	-62.0734	-48.5265
spk_ver/v05/v0594	SES292	0.610737	-46.4428	-47.0535
spk_ver/v05/v0595	SES106	-0.763855	-48.1342	-47.3704
spk_ver/v05/v0596	SES106	-11.3042	-59.0446	-47.7404
spk_ver/v05/v0597	SES106	-9.28751	-57.069	-47.7815
spk_ver/v05/v0598	SES042	1.80328	-45.1002	-46.9035
spk_ver/v05/v0599	SES106	-9.26344	-57.7129	-48.4495
spk_ver/v06/v0600	SES106	-0.64518	-47.9524	-47.3072
spk_ver/v06/v0601	SES106	-1.59214	-49.3245	-47.7323
spk_ver/v06/v0602	SES106	-4.72466	-51.7896	-47.0649
spk_ver/v06/v0603	SES106	-9.74575	-57.8757	-48.13
spk_ver/v06/v0604	SES106	-8.21641	-55.5459	-47.3295
spk_ver/v06/v0605	SES106	-8.36206	-58.3645	-50.0025
spk_ver/v06/v0606	SES048	1.30449	-45.1605	-46.465
spk_ver/v06/v0607	SES167	2.28889	-45.0654	-47.3543
spk_ver/v06/v0608	SES106	-7.37463	-55.4677	-48.0931
spk_ver/v06/v0609	SES143	0.366642	-47.1107	-47.4774
spk_ver/v06/v0610	SES106	-12.8226	-62.3737	-49.5512
spk_ver/v06/v0611	SES106	-5.50986	-53.6945	-48.1847
spk_ver/v06/v0612	SES106	-12.9883	-61.8498	-48.8615
spk_ver/v06/v0613	SES117	-1.06292	-48.5797	-47.5167
spk_ver/v06/v0614	SES117	-4.76717	-51.4178	-46.6507
spk_ver/v06/v0615	SES117	-1.32354	-49.3107	-47.9872
spk_ver/v06/v0616	SES106	1.38143	-44.0887	-45.4701
spk_ver/v06/v0617	SES142	2.63041	-46.5899	-49.2203
spk_ver/v06/v0618	SES048	1.35987	-45.2055	-46.5654
spk_ver/v06/v0619	SES175	0.870838	-47.1667	-48.0376
spk_ver/v06/v0620	SES180	0.637318	-46.5788	-47.2161
spk_ver/v06/v0621	SES117	-0.317738	-49.5613	-49.2436
spk_ver/v06/v0622	SES029	0.196007	-47.6664	-47.8624
spk_ver/v06/v0623	SES117	-0.923092	-47.7994	-46.8763
spk_ver/v06/v0624	SES117	-3.78115	-51.2689	-47.4878
spk_ver/v06/v0625	SES117	-1.3914	-51.3191	-49.9277
spk_ver/v06/v0626	SES106	1.30746	-45.3953	-46.7028
spk_ver/v06/v0627	SES226	1.44506	-44.833	-46.278
spk_ver/v06/v0628	SES117	-0.976513	-48.698	-47.7215
spk_ver/v06/v0629	SES117	-2.72957	-46.8011	-44.0715
spk_ver/v06/v0630	SES117	-3.87194	-50.4708	-46.5989
spk_ver/v06/v0631	SES117	-3.99121	-53.1836	-49.1923
spk_ver/v06/v0632	SES117	-1.29552	-47.7506	-46.455
spk_ver/v06/v0633	SES099	2.10696	-45.2204	-47.3273
spk_ver/v06/v0634	SES105	1.26683	-46.6366	-47.9034
spk_ver/v06/v0635	SES167	0.7281	-47.1053	-47.8334
spk_ver/v06/v0636	SES117	-0.555126	-47.5302	-46.9751
spk_ver/v06/v0637	SES202	1.81375	-46.7858	-48.5996
spk_ver/v06/v0638	SES117	-2.10374	-48.8091	-46.7053
spk_ver/v06/v0639	SES167	2.02207	-45.7635	-47.7855
spk_ver/v06/v0640	SES117	-1.97626	-49.2427	-47.2664
spk_ver/v06/v0641	SES117	-2.53386	-48.8091	-46.2753
spk_ver/v06/v0642	SES101	0.842545	-45.5956	-46.4381
spk_ver/v06/v0643	SES068	0.418312	-46.5005	-46.9188
spk_ver/v06/v0644	SES120	-3.59809	-51.4022	-47.8041
spk_ver/v06/v0645	SES120	-1.18517	-50.1355	-48.9503
spk_ver/v06/v0646	SES172	0.589546	-47.0201	-47.6096
spk_ver/v06/v0647	SES120	-2.6316	-49.1269	-46.4953
spk_ver/v06/v0648	SES120	-0.563313	-46.8848	-46.3214
spk_ver/v06/v0649	SES120	-3.28447	-51.9204	-48.636
spk_ver/v06/v0650	SES087	1.42727	-46.0154	-47.4427
spk_ver/v06/v0651	SES120	-2.0563	-49.3972	-47.3409
spk_ver/v06/v0652	SES104	0.0312538	-48.1897	-48.221
spk_ver/v06/v0653	SES129	1.36841	-44.9118	-46.2802
spk_ver/v06/v0654	SES120	-2.23426	-50.0852	-47.8509
spk_ver/v06/v0655	SES120	-1.9249	-49.7183	-47.7934
spk_ver/v06/v0656	SES120	-1.6671	-48.8471	-47.18
spk_ver/v06/v0657	SES147	0.535332	-48.178	-48.7133
spk_ver/v06/v0658	SES120	-2.9523	-50.7217	-47.7694
spk_ver/v06/v0659	SES120	-2.38934	-48.7229	-46.3336
spk_ver/v06/v0660	SES120	-1.03473	-47.7472	-46.7125
spk_ver/v06/v0661	SES120	-3.1108	-51.7295	-48.6187
spk_ver/v06/v0662	SES120	-1.80946	-48.4594	-46.65
spk_ver/v06/v0663	SES120	-2.54272	-52.0577	-49.515
spk_ver/v06/v0664	SES147	0.737179	-47.1701	-47.9073
spk_ver/v06/v0665	SES162	0.835461	-47.3381	-48.1736
spk_ver/v06/v0666	SES120	-1.90751	-48.8312	-46.9237
spk_ver/v06/v0667	SES120	-2.60251	-49.8756	-47.2731
spk_ver/v06/v0668	SES120	0.958675	-46.1668	-47.1255
spk_ver/v06/v0669	SES142	2.63626	-45.9591	-48.5954
spk_ver/v06/v0670	SES106	1.39128	-44.9327	-46.324
spk_ver/v06/v0671	SES183	1.57033	-46.7154	-48.2857
spk_ver/v06/v0672	SES120	-3.09154	-50.5908	-47.4993
spk_ver/v06/v0673	SES029	-0.751972	-48.5012	-47.7493
spk_ver/v06/v0674	SES120	-1.60872	-49.2711	-47.6624
spk_ver/v06/v0675	SES008	1.23134	-45.603	-46.8343
spk_ver/v06/v0676	SES125	-11.5416	-61.3931	-49.8515
spk_ver/v06/v0677	SES143	0.702854	-47.519	-48.2219
spk_ver/v06/v0678	SES125	-9.95842	-59.2999	-49.3415
spk_ver/v06/v0679	SES162	-0.229755	-47.6597	-47.4299
spk_ver/v06/v0680	SES125	-4.49312	-51.0827	-46.5896
spk_ver/v06/v0681	SES125	-2.30529	-48.7962	-46.4909
spk_ver/v06/v0682	SES125	-6.43771	-52.0664	-45.6287
spk_ver/v06/v0683	SES226	1.11677	-45.8903	-47.0071
spk_ver/v06/v0684	SES125	-9.76353	-58.2095	-48.446
spk_ver/v06/v0685	SES125	-10.219	-57.4306	-47.2116
spk_ver/v06/v0686	SES120	0.673832	-46.1302	-46.804
spk_ver/v06/v0687	SES125	-2.68674	-51.9172	-49.2305
spk_ver/v06/v0688	SES158	1.162	-45.6276	-46.7896
spk_ver/v06/v0689	SES125	-5.05307	-53.59	-48.537
spk_ver/v06/v0690	SES105	1.20369	-46.5473	-47.751
spk_ver/v06/v0691	SES125	-1.11475	-48.5152	-47.4004
spk_ver/v06/v0692	SES125	-2.16385	-48.8024	-46.6386
spk_ver/v06/v0693	SES180	0.882687	-46.4625	-47.3452
spk_ver/v06/v0694	SES125	-18.2519	-66.6084	-48.3565
spk_ver/v06/v0695	SES125	-1.76916	-48.3649	-46.5958
spk_ver/v06/v0696	SES125	-13.4966	-60.3469	-46.8504
spk_ver/v06/v0697	SES125	-14.3756	-63.581	-49.2055
spk_ver/v06/v0698	SES083	-0.125797	-46.456	-46.3302
spk_ver/v06/v0699	SES125	-10.9793	-58.7403	-47.761
spk_ver/v07/v0700	SES014	1.24393	-44.5772	-45.8212
spk_ver/v07/v0701	SES125	-6.43802	-52.7068	-46.2688
spk_ver/v07/v0702	SES127	-1.04186	-48.116	-47.0742
spk_ver/v07/v0703	SES127	-0.810318	-49.6646	-48.8542
spk_ver/v07/v0704	SES206	1.36603	-45.0562	-46.4223
spk_ver/v07/v0705	SES127	-1.82153	-49.9774	-48.1559
spk_ver/v07/v0706	SES127	-2.87873	-50.5556	-47.6769
spk_ver/v07/v0707	SES127	-4.55655	-50.9965	-46.44
spk_ver/v07/v0708	SES275	0.384869	-46.8664	-47.2512
spk_ver/v07/v0709	SES127	-1.71085	-49.7948	-48.084
spk_ver/v07/v0710	SES105	0.503735	-47.5957	-48.0994
spk_ver/v07/v0711	SES127	-2.5463	-50.0971	-47.5508
spk_ver/v07/v0712	SES127	-1.41957	-48.6243	-47.2048
spk_ver/v07/v0713	SES127	-3.16787	-50.4274	-47.2595
spk_ver/v07/v0714	SES019	3.46785	-44.6894	-48.1573
spk_ver/v07/v0715	SES127	-2.37519	-51.3185	-48.9433
spk_ver/v07/v0716	SES148	0.151104	-46.8064	-46.9575
spk_ver/v07/v0717	SES162	0.830986	-46.3052	-47.1362
spk_ver/v07/v0718	SES189	0.970554	-48.8362	-49.8068
spk_ver/v07/v0719	SES149	0.335018	-45.6719	-46.007
spk_ver/v07/v0720	SES175	0.686756	-47.4037	-48.0905
spk_ver/v07/v0721	SES127	-4.06623	-51.1439	-47.0777
spk_ver/v07/v0722	SES127	-1.16941	-48.8939	-47.7245
spk_ver/v07/v0723	SES127	-2.04499	-49.4357	-47.3907
spk_ver/v07/v0724	SES127	-2.6431	-50.4856	-47.8425
spk_ver/v07/v0725	SES127	-2.03496	-50.0726	-48.0376
spk_ver/v07/v0726	SES259	1.40369	-44.8521	-46.2558
spk_ver/v07/v0727	SES127	-2.22546	-50.4394	-48.2139
spk_ver/v07/v0728	SES127	-0.641476	-46.4219	-45.7804
spk_ver/v07/v0729	SES127	-5.38214	-52.7665	-47.3843
spk_ver/v07/v0730	SES127	-1.7141	-50.8004	-49.0863
spk_ver/v07/v0731	SES129	-1.41784	-47.4489	-46.0311
spk_ver/v07/v0732	SES129	-3.34332	-51.2379	-47.8945
spk_ver/v07/v0733	SES129	-4.9087	-54.6495	-49.7408
spk_ver/v07/v0734	SES129	-9.3772	-58.5967	-49.2194
spk_ver/v07/v0735	SES183	1.02796	-46.5716	-47.5996
spk_ver/v07/v0736	SES129	-3.09634	-50.9839	-47.8876
spk_ver/v07/v0737	SES129	-2.20454	-50.0889	-47.8844
spk_ver/v07/v0738	SES129	-4.73657	-51.9742	-47.2377
spk_ver/v07/v0739	SES129	-4.77258	-52.7762	-48.0036
spk_ver/v07/v0740	SES167	-0.339268	-47.3709	-47.0316
spk_ver/v07/v0741	SES129	-3.43893	-52.3159	-48.877
spk_ver/v07/v0742	SES129	-3.4083	-48.7799	-45.3716
spk_ver/v07/v0743	SES129	-1.58667	-48.8536	-47.2669
spk_ver/v07/v0744	SES129	-4.49314	-54.2839	-49.7908
spk_ver/v07/v0745	SES180	0.7761	-46.6704	-47.4465
spk_ver/v07/v0746	SES129	-1.67671	-47.8837	-46.207
spk_ver/v07/v0747	SES292	-0.409966	-47.09	-46.68
spk_ver/v07/v0748	SES202	1.2251	-46.8176	-48.0427
spk_ver/v07/v0749	SES270	1.0208	-45.7923	-46.8131
spk_ver/v07/v0750	SES129	-3.05612	-49.4717	-46.4156
spk_ver/v07/v0751	SES129	-3.88297	-49.6358	-45.7529
spk_ver/v07/v0752	SES060	-0.0964966	-47.0666	-46.9701
spk_ver/v07/v0753	SES129	-3.08561	-51.4669	-48.3813
spk_ver/v07/v0754	SES129	-8.74978	-59.5441	-50.7943
spk_ver/v07/v0755	SES129	-3.59743	-51.857	-48.2596
spk_ver/v07/v0756	SES175	0.550674	-48.1241	-48.6748
spk_ver/v07/v0757	SES129	-3.88884	-52.0539	-48.165
spk_ver/v07/v0758	SES129	-4.33153	-51.7073	-47.3758
spk_ver/v07/v0759	SES129	-3.76421	-49.549	-45.7848
spk_ver/v07/v0760	SES129	-3.37154	-50.7978	-47.4263
spk_ver/v07/v0761	SES129	-3.17881	-48.4567	-45.2779
spk_ver/v07/v0762	SES172	0.59935	-47.2191	-47.8185
spk_ver/v07/v0763	SES129	-3.24832	-51.8049	-48.5566
spk_ver/v07/v0764	SES129	-5.02213	-52.1016	-47.0794
spk_ver/v07/v0765	SES175	0.762074	-48.1661	-48.9281
spk_ver/v07/v0766	SES129	-4.17542	-50.1025	-45.9271
spk_ver/v07/v0767	SES129	-2.97921	-50.7596	-47.7804
spk_ver/v07/v0768	SES042	1.94376	-44.3112	-46.2549
spk_ver/v07/v0769	SES099	1.01915	-46.6825	-47.7017
spk_ver/v07/v0770	SES142	-4.82603	-53.0296	-48.2036
spk_ver/v07/v0771	SES142	-4.18419	-50.7985	-46.6143
spk_ver/v07/v0772	SES101	0.280979	-46.4879	-46.7689
spk_ver/v07/v0773	SES142	-8.42447	-56.4994	-48.0749
spk_ver/v07/v0774	SES142	-4.32811	-53.321	-48.9929
spk_ver/v07/v0775	SES142	-2.42217	-50.0403	-47.6181
spk_ver/v07/v0776	SES142	-3.21545	-49.7245	-46.509
spk_ver/v07/v0777	SES142	-2.67624	-50.7152	-48.0389
spk_ver/v07/v0778	SES142	-1.07563	-49.9086	-48.833
spk_ver/v07/v0779	SES142	-8.96349	-55.5876	-46.6241
spk_ver/v07/v0780	SES142	-4.14768	-52.9118	-48.7642
spk_ver/v07/v0781	SES142	-6.64327	-53.9642	-47.3209
spk_ver/v07/v0782	SES101	0.745441	-46.8812	-47.6267
spk_ver/v07/v0783	SES142	-4.5198	-51.6532	-47.1334
spk_ver/v07/v0784	SES187	1.25416	-46.3625	-47.6167
spk_ver/v07/v0785	SES143	0.237171	-48.7018	-48.9389
spk_ver/v07/v0786	SES142	-3.31545	-51.4209	-48.1054
spk_ver/v07/v0787	SES144	0.0125923	-47.3599	-47.3725
spk_ver/v07/v0788	SES275	0.115376	-47.1534	-47.2688
spk_ver/v07/v0789	SES142	-3.22763	-50.4416	-47.214
spk_ver/v07/v0790	SES099	1.19953	-45.238	-46.4375
spk_ver/v07/v0791	SES142	-7.28528	-55.0604	-47.7751
spk_ver/v07/v0792	SES142	-4.72593	-49.55	-44.8241
spk_ver/v07/v0793	SES142	-6.74525	-54.1427	-47.3974
spk_ver/v07/v0794	SES014	0.767578	-44.7566	-45.5242
spk_ver/v07/v0795	SES142	-6.64623	-52.9977	-46.3514
spk_ver/v07/v0796	SES142	-3.22861	-50.126	-46.8974
spk_ver/v07/v0797	SES143	-0.877983	-47.6756	-46.7976
spk_ver/v07/v0798	SES206	0.536102	-45.0647	-45.6008
spk_ver/v07/v0799	SES143	-5.46405	-53.3727	-47.9087
spk_ver/v08/v0800	SES143	-1.54624	-49.8535	-48.3072
spk_ver/v08/v0801	SES143	-1.01758	-47.1921	-46.1745
spk_ver/v08/v0802	SES143	-2.80015	-49.9817	-47.1815
spk_ver/v08/v0803	SES143	-3.77495	-50.923	-47.1481
spk_ver/v08/v0804	SES143	-3.92936	-51.8629	-47.9336
spk_ver/v08/v0805	SES143	-3.74804	-51.6323	-47.8842
spk_ver/v08/v0806	SES143	-3.1112	-51.7142	-48.603
spk_ver/v08/v0807	SES177	-0.120308	-47.1526	-47.0323
spk_ver/v08/v0808	SES149	1.35482	-45.3416	-46.6964
spk_ver/v08/v0809	SES143	-6.30444	-52.3761	-46.0717
spk_ver/v08/v0810	SES158	1.19648	-46.5565	-47.753
spk_ver/v08/v0811	SES143	-2.98987	-54.0589	-51.069
spk_ver/v08/v0812	SES062	0.878605	-45.2508	-46.1294
spk_ver/v08/v0813	SES259	1.14485	-44.9294	-46.0743
spk_ver/v08/v0814	SES143	-6.10962	-51.5393	-45.4296
spk_ver/v08/v0815	SES143	-4.53979	-51.7299	-47.1902
spk_ver/v08/v0816	SES143	-1.56375	-48.8538	-47.29
spk_ver/v08/v0817	SES144	0.0608482	-47.7873	-47.8481
spk_ver/v08/v0818	SES143	-1.87432	-49.6683	-47.7939
spk_ver/v08/v0819	SES143	-2.78958	-50.0968	-47.3073
spk_ver/v08/v0820	SES143	-0.958252	-46.5604	-45.6021
spk_ver/v08/v0821	SES143	-2.09413	-50.3287	-48.2345
spk_ver/v08/v0822	SES143	-3.76357	-50.3959	-46.6323
spk_ver/v08/v0823	SES104	1.37725	-45.3069	-46.6842
spk_ver/v08/v0824	SES143	-3.70267	-51.0186	-47.316
spk_ver/v08/v0825	SES143	-3.28776	-50.1776	-46.8898
spk_ver/v08/v0826	SES144	-4.81736	-51.3337	-46.5163
spk_ver/v08/v0827	SES144	-1.85552	-49.1874	-47.3319
spk_ver/v08/v0828	SES144	-0.642441	-46.9434	-46.301
spk_ver/v08/v0829	SES172	0.428341	-47.1778	-47.6061
spk_ver/v08/v0830	SES144	-0.545998	-48.4072	-47.8612
spk_ver/v08/v0831	SES183	0.713516	-47.6722	-48.3857
spk_ver/v08/v0832	SES144	-3.31917	-51.28	-47.9608
spk_ver/v08/v0833	SES144	-4.35935	-50.5288	-46.1695
spk_ver/v08/v0834	SES144	-0.935669	-48.3791	-47.4434
spk_ver/v08/v0835	SES144	-2.11185	-50.4734	-48.3615
spk_ver/v08/v0836	SES144	-1.65724	-49.4572	-47.7999
spk_ver/v08/v0837	SES144	-2.37976	-48.2145	-45.8347
spk_ver/v08/v0838	SES144	-1.91386	-50.4972	-48.5833
spk_ver/v08/v0839	SES085	0.27364	-46.7673	-47.0409
spk_ver/v08/v0840	SES144	-0.783173	-48.3738	-47.5907
spk_ver/v08/v0841	SES144	-4.50822	-53.5038	-48.9956
spk_ver/v08/v0842	SES144	-4.17324	-50.773	-46.5997
spk_ver/v08/v0843	SES144	-0.637581	-47.7418	-47.1042
spk_ver/v08/v0844	SES144	-2.18659	-49.2615	-47.0749
spk_ver/v08/v0845	SES144	-3.84055	-50.1848	-46.3442
spk_ver/v08/v0846	SES104	0.848957	-45.98	-46.8289
spk_ver/v08/v0847	SES144	-1.37726	-49.5249	-48.1476
spk_ver/v08/v0848	SES144	-1.87674	-52.4286	-50.5519
spk_ver/v08/v0849	SES144	-5.30101	-51.8513	-46.5503
spk_ver/v08/v0850	SES144	-4.46595	-50.1237	-45.6577
spk_ver/v08/v0851	SES144	-1.69983	-48.3662	-46.6663
spk_ver/v08/v0852	SES144	-0.726128	-47.6159	-46.8898
spk_ver/v08/v0853	SES144	-4.00614	-50.6178	-46.6117
spk_ver/v08/v0854	SES144	-1.56521	-49.3252	-47.76
spk_ver/v08/v0855	SES144	-0.406212	-46.5134	-46.1072
spk_ver/v08/v0856	SES082	-0.0579796	-49.2916	-49.2336
spk_ver/v08/v0857	SES142	2.06355	-45.849	-47.9126
spk_ver/v08/v0858	SES144	-0.591274	-49.8896	-49.2983
spk_ver/v08/v0859	SES144	-1.19418	-49.2808	-48.0866
spk_ver/v08/v0860	SES146	-3.18517	-50.3886	-47.2035
spk_ver/v08/v0861	SES146	-2.94704	-50.3024	-47.3553
spk_ver/v08/v0862	SES146	-3.41673	-50.093	-46.6763
spk_ver/v08/v0863	SES146	-2.88248	-51.4566	-48.5741
spk_ver/v08/v0864	SES146	-3.45078	-49.1323	-45.6815
spk_ver/v08/v0865	SES008	1.92133	-45.27	-47.1913
spk_ver/v08/v0866	SES142	1.56476	-46.967	-48.5317
spk_ver/v08/v0867	SES146	-2.3278	-48.4996	-46.1718
spk_ver/v08/v0868	SES082	1.87443	-43.9977	-45.8721
spk_ver/v08/v0869	SES146	-1.63278	-47.8906	-46.2578
spk_ver/v08/v0870	SES146	-3.37073	-51.3087	-47.9379
spk_ver/v08/v0871	SES146	-3.61283	-50.7979	-47.185
spk_ver/v08/v0872	SES146	-3.79856	-52.116	-48.3174
spk_ver/v08/v0873	SES082	1.12751	-44.3147	-45.4422
spk_ver/v08/v0874	SES146	-2.61021	-51.8022	-49.1919
spk_ver/v08/v0875	SES144	0.118824	-48.2519	-48.3707
spk_ver/v08/v0876	SES146	-2.70102	-46.7357	-44.0347
spk_ver/v08/v0877	SES146	-2.36092	-49.5244	-47.1635
spk_ver/v08/v0878	SES146	-2.32096	-49.7941	-47.4731
spk_ver/v08/v0879	SES146	-3.82528	-51.337	-47.5117
spk_ver/v08/v0880	SES146	-3.88205	-52.4298	-48.5478
spk_ver/v08/v0881	SES143	0.876823	-47.281	-48.1578
spk_ver/v08/v0882	SES146	-0.99078	-48.3715	-47.3807
spk_ver/v08/v0883	SES147	-1.65931	-48.0219	-46.3626
spk_ver/v08/v0884	SES147	-1.1704	-48.6275	-47.4571
spk_ver/v08/v0885	SES016	0.889259	-46.3927	-47.2819
spk_ver/v08/v0886	SES147	-1.46717	-50.0606	-48.5935
spk_ver/v08/v0887	SES147	-1.58828	-49.5409	-47.9526
spk_ver/v08/v0888	SES147	-1.01175	-50.2885	-49.2767
spk_ver/v08/v0889	SES019	1.14756	-46.2915	-47.439
spk_ver/v08/v0890	SES147	-1.90251	-50.65	-48.7475
spk_ver/v08/v0891	SES147	-2.38506	-49.3812	-46.9961
spk_ver/v08/v0892	SES147	-2.35136	-50.5879	-48.2366
spk_ver/v08/v0893	SES270	1.45674	-47.0762	-48.533
spk_ver/v08/v0894	SES029	0.165348	-47.6665	-47.8319
spk_ver/v08/v0895	SES147	-1.74398	-51.6354	-49.8915
spk_ver/v08/v0896	SES117	0.489613	-48.1851	-48.6747
spk_ver/v08/v0897	SES183	1.63252	-47.7577	-49.3902
spk_ver/v08/v0898	SES147	-3.8303	-50.0016	-46.1713
spk_ver/v08/v0899	SES147	-2.96401	-52.6198	-49.6557
spk_ver/v09/v0900	SES087	0.800873	-45.7439	-46.5447
spk_ver/v09/v0901	SES147	-6.01986	-53.5309	-47.511
spk_ver/v09/v0902	SES147	-4.31689	-51.1433	-46.8264
spk_ver/v09/v0903	SES147	-1.42881	-49.3234	-47.8946
spk_ver/v09/v0904	SES147	-2.66082	-49.1618	-46.5009
spk_ver/v09/v0905	SES143	0.80267	-47.569	-48.3717
spk_ver/v09/v0906	SES149	0.686207	-45.5291	-46.2153
spk_ver/v09/v0907	SES148	-1.06237	-47.8954	-46.833
spk_ver/v09/v0908	SES148	-0.627796	-47.9374	-47.3097
spk_ver/v09/v0909	SES106	1.65318	-46.2545	-47.9077
spk_ver/v09/v0910	SES148	-1.12966	-50.0928	-48.9632
spk_ver/v09/v0911	SES148	-3.20584	-50.2439	-47.0381
spk_ver/v09/v0912	SES142	0.98539	-47.3779	-48.3633
spk_ver/v09/v0913	SES148	-4.07935	-51.7706	-47.6913
spk_ver/v09/v0914	SES148	-2.93743	-49.9497	-47.0123
spk_ver/v09/v0915	SES148	-3.03146	-52.3055	-49.274
spk_ver/v09/v0916	SES148	-2.6828	-51.8161	-49.1333
spk_ver/v09/v0917	SES148	0.251205	-47.0993	-47.3505
spk_ver/v09/v0918	SES148	-0.674908	-47.2964	-46.6215
spk_ver/v09/v0919	SES270	1.07236	-46.6725	-47.7449
spk_ver/v09/v0920	SES148	-1.42049	-48.1553	-46.7348
spk_ver/v09/v0921	SES148	-2.72791	-49.4297	-46.7018
spk_ver/v09/v0922	SES129	0.547657	-45.599	-46.1467
spk_ver/v09/v0923	SES117	0.385788	-47.2834	-47.6692
spk_ver/v09/v0924	SES042	2.84141	-43.7752	-46.6166
spk_ver/v09/v0925	SES148	-3.48973	-52.4108	-48.9211
spk_ver/v09/v0926	SES148	-4.32663	-53.1292	-48.8025
spk_ver/v09/v0927	SES144	0.494064	-47.1585	-47.6526
spk_ver/v09/v0928	SES007	-0.204876	-47.9868	-47.7819
spk_ver/v09/v0929	SES148	-1.87947	-47.9583	-46.0788
spk_ver/v09/v0930	SES148	-1.07271	-47.8801	-46.8074
spk_ver/v09/v0931	SES148	-2.44398	-51.5735	-49.1295
spk_ver/v09/v0932	SES202	1.18041	-46.1857	-47.3661
spk_ver/v09/v0933	SES148	-0.571091	-47.068	-46.4969
spk_ver/v09/v0934	SES148	-3.37276	-49.4515	-46.0787
spk_ver/v09/v0935	SES060	0.832878	-45.4484	-46.2813
spk_ver/v09/v0936	SES060	0.911125	-46.3882	-47.2993
spk_ver/v09/v0937	SES148	-1.62969	-48.4482	-46.8185
spk_ver/v09/v0938	SES148	-2.18058	-49.9485	-47.768
spk_ver/v09/v0939	SES148	-1.78191	-48.3108	-46.5289
spk_ver/v09/v0940	SES148	-2.63717	-48.7538	-46.1166
spk_ver/v09/v0941	SES149	-2.802	-50.487	-47.685
spk_ver/v09/v0942	SES149	-7.58622	-53.5799	-45.9937
spk_ver/v09/v0943	SES149	-7.86826	-56.1942	-48.3259
spk_ver/v09/v0944	SES149	-1.74749	-48.9717	-47.2242
spk_ver/v09/v0945	SES105	0.30064	-46.7646	-47.0652
spk_ver/v09/v0946	SES149	-3.30898	-49.4056	-46.0967
spk_ver/v09/v0947	SES149	-6.94616	-56.2756	-49.3294
spk_ver/v09/v0948	SES149	-7.74374	-54.6499	-46.9062
spk_ver/v09/v0949	SES149	-4.81909	-50.503	-45.6839
spk_ver/v09/v0950	SES226	0.828144	-45.361	-46.1892
spk_ver/v09/v0951	SES149	-7.9517	-56.382	-48.4303
spk_ver/v09/v0952	SES149	-2.36811	-50.0672	-47.6991
spk_ver/v09/v0953	SES062	0.494476	-45.9269	-46.4214
spk_ver/v09/v0954	SES149	-8.48294	-56.7932	-48.3103
spk_ver/v09/v0955	SES048	0.246025	-46.0653	-46.3113
spk_ver/v09/v0956	SES158	-0.720287	-47.3708	-46.6505
spk_ver/v09/v0957	SES158	-4.92274	-54.6058	-49.683
spk_ver/v09/v0958	SES158	-0.757496	-46.5132	-45.7557
spk_ver/v09/v0959	SES158	-1.02365	-47.4173	-46.3937
spk_ver/v09/v0960	SES158	-6.34981	-55.2832	-48.9334
spk_ver/v09/v0961	SES147	1.29953	-47.9673	-49.2669
spk_ver/v09/v0962	SES158	-9.22279	-57.8911	-48.6683
spk_ver/v09/v0963	SES292	0.603691	-46.6606	-47.2643
spk_ver/v09/v0964	SES060	0.688053	-45.7579	-46.446
spk_ver/v09/v0965	SES002	1.02044	-45.889	-46.9095
spk_ver/v09/v0966	SES149	1.85674	-44.6431	-46.4999
spk_ver/v09/v0967	SES158	-7.62508	-56.1193	-48.4942
spk_ver/v09/v0968	SES158	-1.09976	-48.0349	-46.9352
spk_ver/v09/v0969	SES275	-0.397926	-48.8742	-48.4762
spk_ver/v09/v0970	SES158	-7.87096	-55.0286	-47.1577
spk_ver/v09/v0971	SES158	-7.54248	-55.1239	-47.5815
spk_ver/v09/v0972	SES002	0.980663	-44.9851	-45.9658
spk_ver/v09/v0973	SES158	-10.7448	-57.7762	-47.0313
spk_ver/v09/v0974	SES202	1.3264	-46.6278	-47.9542
spk_ver/v09/v0975	SES158	-10.1949	-59.4205	-49.2256
spk_ver/v09/v0976	SES158	0.0679245	-46.3937	-46.4616
spk_ver/v09/v0977	SES162	-1.28551	-48.4876	-47.2021
spk_ver/v09/v0978	SES162	-6.09296	-54.0824	-47.9894
spk_ver/v09/v0979	SES162	-6.09342	-53.0846	-46.9912
spk_ver/v09/v0980	SES162	-1.51305	-50.3228	-48.8098
spk_ver/v09/v0981	SES162	-1.89577	-50.5647	-48.6689
spk_ver/v09/v0982	SES259	1.63531	-44.9186	-46.5539
spk_ver/v09/v0983	SES162	-3.08355	-53.1169	-50.0333
spk_ver/v09/v0984	SES162	-1.58665	-47.7956	-46.2089
spk_ver/v09/v0985	SES162	-1.08984	-48.1311	-47.0412
spk_ver/v09/v0986	SES062	0.442837	-45.3627	-45.8056
spk_ver/v09/v0987	SES162	-0.727051	-48.4623	-47.7353
spk_ver/v09/v0988	SES162	-4.21469	-50.8264	-46.6117
spk_ver/v09/v0989	SES162	-3.99282	-52.803	-48.8102
spk_ver/v09/v0990	SES162	-2.98914	-49.4729	-46.4837
spk_ver/v09/v0991	SES087	1.27003	-45.5411	-46.8112
spk_ver/v09/v0992	SES120	-0.265499	-47.9414	-47.6759
spk_ver/v09/v0993	SES162	-4.27492	-50.6442	-46.3693
spk_ver/v09/v0994	SES162	-1.74166	-48.7216	-46.98
spk_ver/v09/v0995	SES162	-4.47804	-49.9976	-45.5196
spk_ver/v09/v0996	SES162	-1.72371	-47.2607	-45.537
spk_ver/v09/v0997	SES162	-5.88483	-52.6028	-46.718
spk_ver/v09/v0998	SES162	-3.12569	-52.3251	-49.1994
spk_ver/v09/v0999	SES162	-1.22665	-46.5951	-45.3685
spk_ver/v10/v1000	SES162	-3.81012	-50.3818	-46.5716
spk_ver/v10/v1001	SES148	0.741871	-47.4294	-48.1713
spk_ver/v10/v1002	SES162	-0.257515	-48.7349	-48.4774
spk_ver/v10/v1003	SES162	-1.35295	-49.1114	-47.7585
spk_ver/v10/v1004	SES162	-2.1096	-51.1628	-49.0532
spk_ver/v10/v1005	SES162	-3.95137	-52.1263	-48.175
spk_ver/v10/v1006	SES162	-3.02184	-50.0235	-47.0017
spk_ver/v10/v1007	SES162	-2.1913	-50.9018	-48.7105
spk_ver/v10/v1008	SES162	-3.40999	-52.6091	-49.1991
spk_ver/v10/v1009	SES162	-4.52235	-51.0233	-46.5009
spk_ver/v10/v1010	SES167	-3.38921	-51.2085	-47.8193
spk_ver/v10/v1011	SES167	-0.104549	-48.1796	-48.0751
spk_ver/v10/v1012	SES167	-1.70551	-50.429	-48.7235
spk_ver/v10/v1013	SES167	-6.82745	-53.88	-47.0525
spk_ver/v10/v1014	SES167	-1.08868	-46.8923	-45.8036
spk_ver/v10/v1015	SES167	-1.4208	-48.5384	-47.1175
spk_ver/v10/v1016	SES167	-1.10527	-48.5468	-47.4415
spk_ver/v10/v1017	SES167	-1.22742	-48.9795	-47.7521
spk_ver/v10/v1018	SES167	-3.47404	-50.8474	-47.3734
spk_ver/v10/v1019	SES167	-2.1393	-49.4554	-47.3161
spk_ver/v10/v1020	SES167	-6.12002	-53.3903	-47.2703
spk_ver/v10/v1021	SES167	-1.71479	-51.495	-49.7802
spk_ver/v10/v1022	SES167	-3.85627	-51.311	-47.4547
spk_ver/v10/v1023	SES167	-3.91471	-52.6485	-48.7338
spk_ver/v10/v1024	SES167	-4.22325	-54.4415	-50.2183
spk_ver/v10/v1025	SES167	-1.50239	-47.7498	-46.2474
spk_ver/v10/v1026	SES167	-2.00082	-49.9339	-47.9331
spk_ver/v10/v1027	SES167	-1.09423	-48.0416	-46.9474
spk_ver/v10/v1028	SES167	-5.84521	-52.6415	-46.7963
spk_ver/v10/v1029	SES167	-3.7294	-51.5224	-47.793
spk_ver/v10/v1030	SES167	-3.417	-49.9034	-46.4864
spk_ver/v10/v1031	SES167	-5.99068	-52.7207	-46.73
spk_ver/v10/v1032	SES167	-5.91524	-51.1351	-45.2198
spk_ver/v10/v1033	SES167	-5.42929	-50.9669	-45.5376
spk_ver/v10/v1034	SES002	1.01632	-44.4178	-45.4341
spk_ver/v10/v1035	SES167	-2.00447	-48.431	-46.4266
spk_ver/v10/v1036	SES083	0.386444	-46.5534	-46.9399
spk_ver/v10/v1037	SES167	-1.8367	-49.8071	-47.9704
spk_ver/v10/v1038	SES167	-2.64794	-52.2882	-49.6403
spk_ver/v10/v1039	SES167	-1.35505	-49.8333	-48.4783
spk_ver/v10/v1040	SES167	-5.74197	-54.0212	-48.2792
spk_ver/v10/v1041	SES167	-0.998894	-49.7067	-48.7078
spk_ver/v10/v1042	SES087	1.24564	-46.4623	-47.7079
spk_ver/v10/v1043	SES029	0.410511	-46.9428	-47.3533
spk_ver/v10/v1044	SES206	0.428997	-45.574	-46.003
spk_ver/v10/v1045	SES172	-1.9872	-50.0854	-48.0982
spk_ver/v10/v1046	SES172	0.548847	-45.8702	-46.4191
spk_ver/v10/v1047	SES172	-1.97573	-48.655	-46.6793
spk_ver/v10/v1048	SES259	2.32351	-43.6581	-45.9816
spk_ver/v10/v1049	SES172	-4.04283	-49.7088	-45.666
spk_ver/v10/v1050	SES120	0.460888	-47.9231	-48.3839
spk_ver/v10/v1051	SES172	-2.15803	-49.1437	-46.9857
spk_ver/v10/v1052	SES172	-2.01344	-50.4119	-48.3985
spk_ver/v10/v1053	SES172	-3.66811	-51.8235	-48.1554
spk_ver/v10/v1054	SES172	-2.35253	-50.2058	-47.8532
spk_ver/v10/v1055	SES189	1.34736	-49.4053	-50.7527
spk_ver/v10/v1056	SES172	-4.05125	-51.0376	-46.9863
spk_ver/v10/v1057	SES172	-1.44073	-48.6265	-47.1857
spk_ver/v10/v1058	SES172	-1.266	-48.747	-47.481
spk_ver/v10/v1059	SES172	-1.57574	-48.3541	-46.7784
spk_ver/v10/v1060	SES029	-0.0427132	-46.7712	-46.7284
spk_ver/v10/v1061	SES175	-8.57941	-55.2199	-46.6405
spk_ver/v10/v1062	SES187	0.0941277	-46.3988	-46.493
spk_ver/v10/v1063	SES019	2.66366	-46.2098	-48.8734
spk_ver/v10/v1064	SES175	-6.52532	-53.5242	-46.9989
spk_ver/v10/v1065	SES175	-7.01318	-53.5245	-46.5114
spk_ver/v10/v1066	SES175	-7.22671	-55.843	-48.6163
spk_ver/v10/v1067	SES175	-2.54911	-50.3859	-47.8368
spk_ver/v10/v1068	SES175	-5.54972	-52.6588	-47.1091
spk_ver/v10/v1069	SES016	2.07635	-45.0346	-47.111
spk_ver/v10/v1070	SES175	-3.88581	-52.5924	-48.7066
spk_ver/v10/v1071	SES175	-2.25859	-47.6415	-45.3829
spk_ver/v10/v1072	SES175	-7.25527	-54.1725	-46.9172
spk_ver/v10/v1073	SES029	-0.277889	-47.5075	-47.2296
spk_ver/v10/v1074	SES175	-4.58417	-51.8003	-47.2162
spk_ver/v10/v1075	SES175	-1.59168	-47.7578	-46.1661
spk_ver/v10/v1076	SES175	-1.10161	-47.0865	-45.9849
spk_ver/v10/v1077	SES175	-5.36065	-51.5168	-46.1561
spk_ver/v10/v1078	SES127	0.988274	-44.9731	-45.9613
spk_ver/v10/v1079	SES175	-4.32196	-49.8818	-45.5598
spk_ver/v10/v1080	SES175	-1.98615	-50.482	-48.4959
spk_ver/v10/v1081	SES175	-5.01839	-52.3097	-47.2913
spk_ver/v10/v1082	SES175	-3.74348	-50.1028	-46.3593
spk_ver/v10/v1083	SES007	0.563519	-47.2917	-47.8553
spk_ver/v10/v1084	SES068	0.326984	-45.9881	-46.3151
spk_ver/v10/v1085	SES008	0.800728	-45.2749	-46.0756
spk_ver/v10/v1086	SES175	-1.20652	-47.2076	-46.0011
spk_ver/v10/v1087	SES175	-4.20508	-51.3477	-47.1427
spk_ver/v10/v1088	SES008	1.26623	-45.5863	-46.8526
spk_ver/v10/v1089	SES177	-2.61463	-48.1825	-45.5679
spk_ver/v10/v1090	SES177	-3.22945	-49.7582	-46.5288
spk_ver/v10/v1091	SES177	-4.25938	-51.9213	-47.6619
spk_ver/v10/v1092	SES177	-0.915436	-48.4842	-47.5688
spk_ver/v10/v1093	SES177	-5.11571	-51.9847	-46.869
spk_ver/v10/v1094	SES002	1.01845	-44.9536	-45.972
spk_ver/v10/v1095	SES104	1.03953	-45.6108	-46.6503
spk_ver/v10/v1096	SES177	-1.38684	-48.4665	-47.0797
spk_ver/v10/v1097	SES177	-1.71139	-50.7096	-48.9982
spk_ver/v10/v1098	SES177	-1.71271	-48.0226	-46.3099
spk_ver/v10/v1099	SES177	-0.190132	-47.5663	-47.3762
spk_ver/v11/v1100	SES177	-3.58339	-50.9004	-47.3171
spk_ver/v11/v1101	SES085	-0.146236	-46.8613	-46.7151
spk_ver/v11/v1102	SES187	0.307819	-47.2811	-47.589
spk_ver/v11/v1103	SES177	-1.54094	-49.286	-47.7451
spk_ver/v11/v1104	SES177	0.71159	-45.595	-46.3065
spk_ver/v11/v1105	SES177	-0.517628	-47.0453	-46.5277
spk_ver/v11/v1106	SES177	-2.3745	-49.158	-46.7835
spk_ver/v11/v1107	SES177	-0.89558	-48.1665	-47.2709
spk_ver/v11/v1108	SES177	-0.724403	-48.0706	-47.3462
spk_ver/v11/v1109	SES125	1.068	-45.121	-46.189
spk_ver/v11/v1110	SES177	-2.94827	-49.875	-46.9267
spk_ver/v11/v1111	SES177	-2.00002	-48.8172	-46.8172
spk_ver/v11/v1112	SES177	-2.94562	-49.6954	-46.7498
spk_ver/v11/v1113	SES177	-4.81355	-50.8256	-46.012
spk_ver/v11/v1114	SES177	-1.16064	-50.078	-48.9173
spk_ver/v11/v1115	SES177	-1.43455	-50.1248	-48.6903
spk_ver/v11/v1116	SES085	0.286514	-45.7754	-46.0619
spk_ver/v11/v1117	SES147	0.468533	-47.4405	-47.909
spk_ver/v11/v1118	SES177	-0.27277	-48.6109	-48.3381
spk_ver/v11/v1119	SES177	-3.08357	-49.7551	-46.6715
spk_ver/v11/v1120	SES180	-5.8156	-52.9087	-47.0931
spk_ver/v11/v1121	SES189	0.965248	-48.5377	-49.503
spk_ver/v11/v1122	SES117	0.407894	-49.8869	-50.2948
spk_ver/v11/v1123	SES129	1.75418	-44.2996	-46.0538
spk_ver/v11/v1124	SES180	-2.45884	-49.6845	-47.2257
spk_ver/v11/v1125	SES180	-1.29169	-47.558	-46.2663
spk_ver/v11/v1126	SES180	-1.23897	-48.4099	-47.1709
spk_ver/v11/v1127	SES180	-1.91312	-49.7274	-47.8143
spk_ver/v11/v1128	SES016	0.609501	-47.7734	-48.3829
spk_ver/v11/v1129	SES158	0.825512	-45.7329	-46.5584
spk_ver/v11/v1130	SES180	-2.43069	-49.7863	-47.3557
spk_ver/v11/v1131	SES180	-4.11394	-49.3234	-45.2094
spk_ver/v11/v1132	SES180	-1.34963	-50.748	-49.3984
spk_ver/v11/v1133	SES180	-4.08055	-50.1307	-46.0501
spk_ver/v11/v1134	SES180	-1.49443	-49.9415	-48.4471
spk_ver/v11/v1135	SES180	-1.01939	-47.2218	-46.2024
spk_ver/v11/v1136	SES180	-6.08358	-54.6742	-48.5906
spk_ver/v11/v1137	SES148	0.638252	-46.1017	-46.7399
spk_ver/v11/v1138	SES104	1.37202	-43.764	-45.1361
spk_ver/v11/v1139	SES180	-5.64202	-53.0263	-47.3842
spk_ver/v11/v1140	SES083	0.881641	-46.3073	-47.189
spk_ver/v11/v1141	SES180	-4.10331	-51.3255	-47.2222
spk_ver/v11/v1142	SES180	-2.46204	-50.1998	-47.7378
spk_ver/v11/v1143	SES180	-2.84181	-51.9122	-49.0704
spk_ver/v11/v1144	SES099	1.16594	-46.1664	-47.3324
spk_ver/v11/v1145	SES180	-2.13896	-49.6187	-47.4798
spk_ver/v11/v1146	SES183	-2.72487	-50.0605	-47.3357
spk_ver/v11/v1147	SES183	-1.02378	-48.0254	-47.0017
spk_ver/v11/v1148	SES183	-4.2565	-52.6605	-48.4039
spk_ver/v11/v1149	SES183	-5.24397	-51.4017	-46.1578
spk_ver/v11/v1150	SES183	-4.19418	-51.1342	-46.94
spk_ver/v11/v1151	SES082	1.01198	-45.7054	-46.7174
spk_ver/v11/v1152	SES183	-2.47364	-51.5303	-49.0567
spk_ver/v11/v1153	SES183	-2.20003	-49.4872	-47.2872
spk_ver/v11/v1154	SES002	1.25612	-44.24	-45.4961
spk_ver/v11/v1155	SES183	-2.29089	-50.8044	-48.5135
spk_ver/v11/v1156	SES183	-3.92691	-52.3578	-48.4309
spk_ver/v11/v1157	SES183	-3.46902	-47.5983	-44.1293
spk_ver/v11/v1158	SES183	-0.9739	-47.798	-46.8241
spk_ver/v11/v1159	SES183	-1.89614	-49.2477	-47.3516
spk_ver/v11/v1160	SES183	-3.834	-50.4884	-46.6544
spk_ver/v11/v1161	SES183	-3.80767	-52.2959	-48.4883
spk_ver/v11/v1162	SES105	1.11828	-46.3075	-47.4258
spk_ver/v11/v1163	SES183	-4.71539	-51.609	-46.8937
spk_ver/v11/v1164	SES259	1.71886	-45.1601	-46.879
spk_ver/v11/v1165	SES183	-2.08181	-50.705	-48.6232
spk_ver/v11/v1166	SES183	-4.71678	-51.2363	-46.5195
spk_ver/v11/v1167	SES183	-2.25225	-50.5779	-48.3256
spk_ver/v11/v1168	SES183	-2.35375	-49.0463	-46.6925
spk_ver/v11/v1169	SES183	-4.76768	-51.3009	-46.5332
spk_ver/v11/v1170	SES183	-4.06701	-50.7947	-46.7277
spk_ver/v11/v1171	SES183	-5.78023	-53.6106	-47.8304
spk_ver/v11/v1172	SES187	-3.59006	-51.052	-47.4619
spk_ver/v11/v1173	SES019	2.67822	-46.2793	-48.9575
spk_ver/v11/v1174	SES187	-4.7492	-53.5859	-48.8367
spk_ver/v11/v1175	SES187	-1.07882	-50.0644	-48.9856
spk_ver/v11/v1176	SES083	-0.188309	-46.0077	-45.8194
spk_ver/v11/v1177	SES187	-5.00784	-53.3229	-48.3151
spk_ver/v11/v1178	SES187	-4.51264	-51.1856	-46.673
spk_ver/v11/v1179	SES187	-2.11945	-49.7736	-47.6541
spk_ver/v11/v1180	SES187	-0.398876	-48.693	-48.2942
spk_ver/v11/v1181	SES187	-5.5294	-52.0627	-46.5333
spk_ver/v11/v1182	SES187	-0.555031	-46.9164	-46.3614
spk_ver/v11/v1183	SES187	-4.27012	-51.2957	-47.0256
spk_ver/v11/v1184	SES187	0.0709915	-47.6885	-47.7595
spk_ver/v11/v1185	SES127	0.671078	-45.9718	-46.6429
spk_ver/v11/v1186	SES187	-0.762028	-47.6015	-46.8395
spk_ver/v11/v1187	SES187	-1.83598	-47.7594	-45.9235
spk_ver/v11/v1188	SES187	-1.58167	-50.6889	-49.1072
spk_ver/v11/v1189	SES042	1.65513	-44.6557	-46.3109
spk_ver/v11/v1190	SES187	-0.885349	-47.905	-47.0197
spk_ver/v11/v1191	SES187	-4.34041	-53.2647	-48.9243
spk_ver/v11/v1192	SES187	-3.62465	-51.1986	-47.5739
spk_ver/v11/v1193	SES183	0.515816	-47.6666	-48.1825
spk_ver/v11/v1194	SES187	-1.61035	-50.2639	-48.6535
spk_ver/v11/v1195	SES187	-5.42102	-52.8281	-47.4071
spk_ver/v11/v1196	SES146	0.964073	-47.7353	-48.6994
spk_ver/v11/v1197	SES189	-3.90404	-50.3485	-46.4444
spk_ver/v11/v1198	SES175	1.08789	-47.5437	-48.6316
spk_ver/v11/v1199	SES189	-3.53186	-52.1012	-48.5693
spk_ver/v12/v1200	SES189	-2.42197	-48.2593	-45.8374
spk_ver/v12/v1201	SES177	0.370506	-46.3383	-46.7088
spk_ver/v12/v1202	SES189	-1.44403	-49.9739	-48.5298
spk_ver/v12/v1203	SES143	0.445854	-47.5268	-47.9727
spk_ver/v12/v1204	SES189	-2.19785	-49.4522	-47.2544
spk_ver/v12/v1205	SES189	-2.13558	-48.7121	-46.5766
spk_ver/v12/v1206	SES189	-4.24678	-52.5858	-48.339
spk_ver/v12/v1207	SES189	-3.3046	-50.1257	-46.8211
spk_ver/v12/v1208	SES189	-3.26031	-48.7813	-45.521
spk_ver/v12/v1209	SES189	-4.32755	-52.641	-48.3134
spk_ver/v12/v1210	SES189	-0.111191	-48.663	-48.5518
spk_ver/v12/v1211	SES062	0.951981	-45.3915	-46.3434
spk_ver/v12/v1212	SES189	-2.36995	-48.9279	-46.558
spk_ver/v12/v1213	SES048	0.836288	-45.6942	-46.5304
spk_ver/v12/v1214	SES042	2.56804	-43.2497	-45.8177
spk_ver/v12/v1215	SES008	2.15366	-44.7135	-46.8671
spk_ver/v12/v1216	SES202	-4.31019	-49.6277	-45.3175
spk_ver/v12/v1217	SES202	-3.44168	-52.467	-49.0253
spk_ver/v12/v1218	SES085	1.06618	-44.6145	-45.6807
spk_ver/v12/v1219	SES202	-2.91114	-49.5976	-46.6864
spk_ver/v12/v1220	SES202	-4.01834	-50.7369	-46.7185
spk_ver/v12/v1221	SES202	-1.44196	-50.2906	-48.8486
spk_ver/v12/v1222	SES202	-7.28023	-54.8115	-47.5312
spk_ver/v12/v1223	SES158	0.660717	-45.9122	-46.5729
spk_ver/v12/v1224	SES202	-2.26603	-51.0511	-48.785
spk_ver/v12/v1225	SES202	-6.88649	-53.2855	-46.399
spk_ver/v12/v1226	SES202	-5.68241	-52.8798	-47.1974
spk_ver/v12/v1227	SES202	-4.48971	-52.3737	-47.884
spk_ver/v12/v1228	SES177	0.285053	-47.1079	-47.3929
spk_ver/v12/v1229	SES202	-5.11141	-51.9222	-46.8108
spk_ver/v12/v1230	SES202	-1.32003	-49.1581	-47.8381
spk_ver/v12/v1231	SES202	-4.9182	-53.305	-48.3869
spk_ver/v12/v1232	SES202	-2.07002	-52.2182	-50.1481
spk_ver/v12/v1233	SES206	0.758812	-44.8769	-45.6357
spk_ver/v12/v1234	SES202	-6.71333	-53.9103	-47.197
spk_ver/v12/v1235	SES202	-4.15054	-50.3444	-46.1939
spk_ver/v12/v1236	SES125	1.70082	-45.5237	-47.2245
spk_ver/v12/v1237	SES127	0.531342	-46.2828	-46.8142
spk_ver/v12/v1238	SES202	2.2279	-45.3141	-47.542
spk_ver/v12/v1239	SES167	1.27664	-45.6047	-46.8813
spk_ver/v12/v1240	SES206	-10.8894	-59.0811	-48.1917
spk_ver/v12/v1241	SES206	-11.946	-60.5477	-48.6017
spk_ver/v12/v1242	SES206	-1.12367	-47.5482	-46.4245
spk_ver/v12/v1243	SES206	-2.92343	-50.1826	-47.2592
spk_ver/v12/v1244	SES259	1.4845	-45.7228	-47.2073
spk_ver/v12/v1245	SES206	-5.15455	-51.6328	-46.4783
spk_ver/v12/v1246	SES206	-6.28899	-52.9515	-46.6625
spk_ver/v12/v1247	SES206	-1.22564	-47.7402	-46.5145
spk_ver/v12/v1248	SES206	-14.1571	-63.3006	-49.1435
spk_ver/v12/v1249	SES270	1.46611	-46.6209	-48.087
spk_ver/v12/v1250	SES206	-9.17473	-57.2017	-48.027
spk_ver/v12/v1251	SES206	-4.72651	-51.0389	-46.3124
spk_ver/v12/v1252	SES206	-4.68646	-51.7811	-47.0946
spk_ver/v12/v1253	SES206	-0.758198	-47.212	-46.4538
spk_ver/v12/v1254	SES206	-1.27747	-47.64	-46.3626
spk_ver/v12/v1255	SES125	1.43706	-44.9943	-46.4314
spk_ver/v12/v1256	SES206	-14.9803	-62.2788	-47.2984
spk_ver/v12/v1257	SES206	-8.14614	-54.3644	-46.2182
spk_ver/v12/v1258	SES206	-2.23669	-49.2613	-47.0246
spk_ver/v12/v1259	SES206	-12.5592	-60.8394	-48.2802
spk_ver/v12/v1260	SES206	-16.0879	-64.917	-48.829
spk_ver/v12/v1261	SES206	-10.064	-57.1647	-47.1007
spk_ver/v12/v1262	SES206	-13.453	-61.1783	-47.7253
spk_ver/v12/v1263	SES206	-7.03252	-54.0132	-46.9807
spk_ver/v12/v1264	SES149	1.48808	-45.6561	-47.1442
spk_ver/v12/v1265	SES206	-1.48279	-49.4009	-47.9181
spk_ver/v12/v1266	SES206	-15.1369	-63.6053	-48.4684
spk_ver/v12/v1267	SES206	-1.07727	-50.5679	-49.4907
spk_ver/v12/v1268	SES206	-5.61008	-53.309	-47.6989
spk_ver/v12/v1269	SES206	-15.378	-65.6262	-50.2483
spk_ver/v12/v1270	SES206	-17.4833	-67.8942	-50.4108
spk_ver/v12/v1271	SES226	-14.2237	-63.582	-49.3583
spk_ver/v12/v1272	SES226	-0.924103	-46.166	-45.2419
spk_ver/v12/v1273	SES226	-10.4602	-57.0214	-46.5612
spk_ver/v12/v1274	SES226	-9.12165	-57.0786	-47.9569
spk_ver/v12/v1275	SES226	-0.161552	-47.4261	-47.2645
spk_ver/v12/v1276	SES226	-8.70676	-56.4548	-47.7481
spk_ver/v12/v1277	SES226	-1.00835	-47.3374	-46.329
spk_ver/v12/v1278	SES226	-0.109989	-47.3289	-47.2189
spk_ver/v12/v1279	SES226	-9.23661	-55.3436	-46.107
spk_ver/v12/v1280	SES226	-2.61592	-48.8853	-46.2693
spk_ver/v12/v1281	SES226	-1.44837	-48.9968	-47.5484
spk_ver/v12/v1282	SES226	-2.2325	-49.7028	-47.4703
spk_ver/v12/v1283	SES143	0.828995	-47.0802	-47.9092
spk_ver/v12/v1284	SES226	-5.91191	-52.4493	-46.5374
spk_ver/v12/v1285	SES226	-1.461	-47.4157	-45.9547
spk_ver/v12/v1286	SES226	-1.57464	-49.6623	-48.0876
spk_ver/v12/v1287	SES226	-4.59129	-51.5817	-46.9904
spk_ver/v12/v1288	SES226	-8.92819	-55.7028	-46.7746
spk_ver/v12/v1289	SES104	1.01987	-46.3763	-47.3962
spk_ver/v12/v1290	SES008	2.26338	-46.1027	-48.3661
spk_ver/v12/v1291	SES226	-1.03898	-47.6851	-46.6461
spk_ver/v12/v1292	SES259	-3.03445	-50.3608	-47.3264
spk_ver/v12/v1293	SES062	0.628712	-45.9204	-46.5491
spk_ver/v12/v1294	SES099	0.99918	-47.0073	-48.0065
spk_ver/v12/v1295	SES158	0.534554	-46.6836	-47.2181
spk_ver/v12/v1296	SES259	-6.64015	-52.827	-46.1869
spk_ver/v12/v1297	SES259	-3.38982	-50.26	-46.8702
spk_ver/v12/v1298	SES259	-2.33463	-48.8043	-46.4696
spk_ver/v12/v1299	SES259	-5.62878	-53.3132	-47.6844
spk_ver/v13/v1300	SES120	0.830647	-47.177	-48.0076
spk_ver/v13/v1301	SES259	-6.6824	-54.135	-47.4526
spk_ver/v13/v1302	SES259	-6.64987	-54.4215	-47.7716
spk_ver/v13/v1303	SES129	1.06631	-45.91	-46.9763
spk_ver/v13/v1304	SES259	-4.68407	-53.8608	-49.1767
spk_ver/v13/v1305	SES259	-4.36733	-53.8322	-49.4648
spk_ver/v13/v1306	SES106	1.3288	-46.0778	-47.4066
spk_ver/v13/v1307	SES259	-4.00619	-52.9859	-48.9797
spk_ver/v13/v1308	SES259	-1.35613	-48.1374	-46.7813
spk_ver/v13/v1309	SES259	-6.63907	-53.5368	-46.8978
spk_ver/v13/v1310	SES259	-4.601	-51.1063	-46.5053
spk_ver/v13/v1311	SES259	-5.30006	-52.2488	-46.9487
spk_ver/v13/v1312	SES259	-2.21639	-47.9394	-45.723
spk_ver/v13/v1313	SES144	0.28751	-47.0329	-47.3204
spk_ver/v13/v1314	SES259	-6.60546	-54.5158	-47.9103
spk_ver/v13/v1315	SES162	1.20042	-46.1071	-47.3075
spk_ver/v13/v1316	SES206	0.58839	-45.2604	-45.8488
spk_ver/v13/v1317	SES175	0.856323	-47.7329	-48.5892
spk_ver/v13/v1318	SES259	-6.98436	-55.631	-48.6466
spk_ver/v13/v1319	SES259	-7.95017	-56.3005	-48.3503
spk_ver/v13/v1320	SES270	-0.483051	-47.1344	-46.6514
spk_ver/v13/v1321	SES101	-0.119732	-46.8253	-46.7056
spk_ver/v13/v1322	SES177	0.407467	-46.3147	-46.7221
spk_ver/v13/v1323	SES127	0.739727	-44.9747	-45.7144
spk_ver/v13/v1324	SES270	-9.23446	-57.5991	-48.3647
spk_ver/v13/v1325	SES062	0.302616	-45.8893	-46.1919
spk_ver/v13/v1326	SES270	0.182129	-47.4621	-47.6442
spk_ver/v13/v1327	SES120	0.0170822	-48.1822	-48.1993
spk_ver/v13/v1328	SES270	-3.86499	-51.9168	-48.0518
spk_ver/v13/v1329	SES270	-5.95644	-51.3029	-45.3464
spk_ver/v13/v1330	SES270	0.104797	-47.5721	-47.6769
spk_ver/v13/v1331	SES270	-6.00713	-51.9914	-45.9843
spk_ver/v13/v1332	SES270	-0.837025	-46.6543	-45.8173
spk_ver/v13/v1333	SES270	-1.02261	-49.4911	-48.4685
spk_ver/v13/v1334	SES270	-1.84006	-48.3535	-46.5135
spk_ver/v13/v1335	SES270	0.303936	-46.7939	-47.0979
spk_ver/v13/v1336	SES270	-0.795086	-47.4544	-46.6593
spk_ver/v13/v1337	SES016	1.50134	-45.793	-47.2943
spk_ver/v13/v1338	SES270	-4.87119	-51.471	-46.5998
spk_ver/v13/v1339	SES002	0.440262	-45.3136	-45.7539
spk_ver/v13/v1340	SES105	1.24094	-47.4261	-48.667
spk_ver/v13/v1341	SES275	-2.01576	-50.9397	-48.9239
spk_ver/v13/v1342	SES187	0.885448	-47.6378	-48.5233
spk_ver/v13/v1343	SES275	-2.89886	-50.603	-47.7041
spk_ver/v13/v1344	SES275	-3.33355	-51.5108	-48.1773
spk_ver/v13/v1345	SES275	-2.30728	-49.543	-47.2358
spk_ver/v13/v1346	SES275	-4.54174	-51.1279	-46.5862
spk_ver/v13/v1347	SES275	-3.49078	-52.7225	-49.2317
spk_ver/v13/v1348	SES180	0.247108	-47.2664	-47.5135
spk_ver/v13/v1349	SES275	-3.18095	-53.4861	-50.3051
spk_ver/v13/v1350	SES275	-1.17541	-46.9849	-45.8095
spk_ver/v13/v1351	SES275	-4.31828	-55.9011	-51.5828
spk_ver/v13/v1352	SES275	-1.41016	-48.2432	-46.8331
spk_ver/v13/v1353	SES275	-2.3353	-51.1792	-48.844
spk_ver/v13/v1354	SES189	1.54152	-48.7868	-50.3284
spk_ver/v13/v1355	SES068	0.134159	-45.9753	-46.1094
spk_ver/v13/v1356	SES275	-3.79123	-52.3961	-48.6049
spk_ver/v13/v1357	SES048	0.303486	-46.422	-46.7255
spk_ver/v13/v1358	SES226	1.36177	-44.4762	-45.838
spk_ver/v13/v1359	SES016	0.334091	-46.4212	-46.7553
spk_ver/v13/v1360	SES275	-2.96154	-51.2499	-48.2883
spk_ver/v13/v1361	SES068	0.515511	-45.5838	-46.0993
spk_ver/v13/v1362	SES275	-4.04696	-50.6541	-46.6071
spk_ver/v13/v1363	SES275	-3.74952	-51.3306	-47.581
spk_ver/v13/v1364	SES275	-3.22458	-53.1234	-49.8988
spk_ver/v13/v1365	SES275	-2.71151	-49.6559	-46.9444
spk_ver/v13/v1366	SES187	0.154873	-46.8185	-46.9734
spk_ver/v13/v1367	SES275	-5.42102	-53.1208	-47.6998
spk_ver/v13/v1368	SES125	1.07253	-45.5897	-46.6623
spk_ver/v13/v1369	SES275	-2.09027	-50.4715	-48.3813
spk_ver/v13/v1370	SES292	-3.44978	-50.0046	-46.5548
spk_ver/v13/v1371	SES292	-3.0959	-49.555	-46.4591
spk_ver/v13/v1372	SES292	-3.44886	-51.5574	-48.1085
spk_ver/v13/v1373	SES292	-2.34925	-49.7591	-47.4098
spk_ver/v13/v1374	SES101	0.792297	-47.159	-47.9512
spk_ver/v13/v1375	SES292	-3.28284	-51.6829	-48.4001
spk_ver/v13/v1376	SES292	-1.89389	-48.5936	-46.6997
spk_ver/v13/v1377	SES292	-4.39724	-53.3098	-48.9126
spk_ver/v13/v1378	SES292	-1.04392	-48.03	-46.9861
spk_ver/v13/v1379	SES292	-1.54321	-49.174	-47.6308
spk_ver/v13/v1380	SES292	-2.50174	-49.6	-47.0983
spk_ver/v13/v1381	SES292	-2.54647	-47.564	-45.0175
spk_ver/v13/v1382	SES292	-3.10328	-52.5666	-49.4633
spk_ver/v13/v1383	SES292	-2.28974	-49.0209	-46.7312
spk_ver/v13/v1384	SES292	-2.34379	-49.8296	-47.4858
spk_ver/v13/v1385	SES292	-1.85534	-48.9396	-47.0843
spk_ver/v13/v1386	SES292	-2.5303	-51.0407	-48.5104
spk_ver/v13/v1387	SES158	1.33092	-47.5821	-48.9131
spk_ver/v13/v1388	SES292	-0.829094	-46.8824	-46.0534
spk_ver/v13/v1389	SES292	-0.999466	-46.5396	-45.5402
spk_ver/v13/v1390	SES292	-3.56831	-49.4284	-45.8601
spk_ver/v13/v1391	SES292	-2.47218	-49.7206	-47.2484
spk_ver/v13/v1392	SES292	-2.9878	-51.9944	-49.0066
spk_ver/v13/v1393	SES292	-2.72475	-49.1544	-46.4297
spk_ver/v13/v1394	SES292	-3.09254	-50.8581	-47.7655
spk_ver/v13/v1395	SES292	-3.46767	-49.589	-46.1214
spk_ver/v13/v1396	SES117	0.956024	-47.9556	-48.9116
spk_ver/v13/v1397	SES292	-2.78048	-49.1024	-46.3219
spk_ver/v13/v1398	SES292	-2.84846	-51.6991	-48.8507
spk_ver/v13/v1399	SES292	-0.496704	-47.2365	-46.7398
