BLOCK00/SES002/SA002S12	SES002	-0.408615	-6.43805	-6.02943
BLOCK00/SES002/SA002S13	SES002	-0.559064	-7.52509	-6.96603
BLOCK00/SES002/SA002S23	SES002	-1.241	-7.38456	-6.14356
BLOCK00/SES002/SA002S26	SES002	-2.15722	-9.80224	-7.64502
BLOCK00/SES002/SA002S28	SES002	-1.81255	-9.22409	-7.41154
BLOCK00/SES007/SA007S14	SES007	-1.175	-6.46594	-5.29094
BLOCK00/SES007/SA007S15	SES007	-1.38425	-7.37222	-5.98797
BLOCK00/SES007/SA007S24	SES007	-0.808038	-6.40311	-5.59507
BLOCK00/SES007/SA007S27	SES007	-1.64379	-8.54501	-6.90122
BLOCK00/SES007/SA007S29	SES007	-1.49826	-6.52408	-5.02582
BLOCK00/SES008/SA008S11	SES008	0.279566	-4.45912	-4.73868
BLOCK00/SES008/SA008S12	SES008	-0.817898	-5.29998	-4.48208
BLOCK00/SES008/SA008S19	SES008	-0.144805	-5.18621	-5.0414
BLOCK00/SES008/SA008S22	SES008	-0.653661	-6.20122	-5.54756
BLOCK00/SES008/SA008S29	SES008	-0.210848	-4.52372	-4.31287
BLOCK01/SES014/SA014S10	SES014	-0.872598	-6.66379	-5.79119
BLOCK01/SES014/SA014S12	SES014	-0.414309	-6.45928	-6.04497
BLOCK01/SES014/SA014S24	SES014	-0.328262	-6.4199	-6.09164
BLOCK01/SES014/SA014S26	SES014	-0.560641	-6.96296	-6.40232
BLOCK01/SES014/SA014S28	SES014	0.471841	-4.88398	-5.35582
BLOCK01/SES016/SA016S12	SES016	-0.253707	-8.83289	-8.57918
BLOCK01/SES016/SA016S13	SES016	-1.16147	-7.41511	-6.25364
BLOCK01/SES016/SA016S22	SES016	-0.858926	-7.53564	-6.67671
BLOCK01/SES016/SA016S25	SES016	-0.635951	-5.42612	-4.79016
BLOCK01/SES016/SA016S27	SES016	-1.54364	-8.07072	-6.52708
BLOCK01/SES019/SA019S13	SES019	0.983568	-6.05093	-7.0345
BLOCK01/SES019/SA019S14	SES019	0.416232	-6.99748	-7.41371
BLOCK01/SES019/SA019S22	SES019	0.593119	-5.69276	-6.28588
BLOCK01/SES019/SA019S25	SES019	-0.0380788	-7.01318	-6.9751
BLOCK01/SES019/SA019S29	SES019	1.61477	-7.70352	-9.31829
BLOCK02/SES029/SA029S11	SES029	-0.591488	-5.53435	-4.94287
BLOCK02/SES029/SA029S12	SES029	-2.06462	-7.20065	-5.13602
BLOCK02/SES029/SA029S20	SES029	-1.21661	-5.4388	-4.22219
BLOCK02/SES029/SA029S25	SES029	-1.50108	-7.02153	-5.52045
BLOCK02/SES029/SA029S28	SES029	-2.32339	-7.50336	-5.17997
BLOCK04/SES042/SA042S12	SES042	-0.123622	-6.48872	-6.3651
BLOCK04/SES042/SA042S15	SES042	-0.239779	-6.42707	-6.18729
BLOCK04/SES042/SA042S22	SES042	0.854003	-8.47894	-9.33294
BLOCK04/SES042/SA042S25	SES042	-0.0605783	-8.70312	-8.64254
BLOCK04/SES042/SA042S27	SES042	0.694221	-8.42772	-9.12194
BLOCK04/SES048/SA048S11	SES048	-0.795409	-5.32646	-4.53105
BLOCK04/SES048/SA048S12	SES048	-1.65503	-7.61106	-5.95603
BLOCK04/SES048/SA048S20	SES048	-1.31351	-6.38391	-5.0704
BLOCK04/SES048/SA048S23	SES048	-0.575274	-5.45775	-4.88247
BLOCK04/SES048/SA048S27	SES048	-1.75635	-7.40317	-5.64682
BLOCK06/SES060/SA060S11	SES060	-0.685666	-6.49292	-5.80725
BLOCK06/SES060/SA060S12	SES060	-1.2593	-9.52213	-8.26282
BLOCK06/SES060/SA060S22	SES060	-2.9188	-9.87294	-6.95413
BLOCK06/SES060/SA060S24	SES060	-0.942514	-5.23387	-4.29136
BLOCK06/SES060/SA060S28	SES060	-0.748356	-4.24995	-3.5016
BLOCK06/SES062/SA062S10	SES062	-1.79823	-6.69437	-4.89614
BLOCK06/SES062/SA062S11	SES062	-1.01097	-8.72498	-7.714
BLOCK06/SES062/SA062S21	SES062	-1.21506	-4.42895	-3.21389
BLOCK06/SES062/SA062S26	SES062	-1.97122	-7.04469	-5.07347
BLOCK06/SES062/SA062S29	SES062	-0.856015	-5.15675	-4.30074
BLOCK06/SES068/SA068S14	SES068	-1.69039	-7.11841	-5.42802
BLOCK06/SES068/SA068S15	SES068	-1.22485	-6.9116	-5.68675
BLOCK06/SES068/SA068S23	SES068	-1.86027	-7.49198	-5.63171
BLOCK06/SES068/SA068S27	SES068	-0.705114	-6.11123	-5.40611
BLOCK06/SES068/SA068S29	SES068	-1.88295	-7.36163	-5.47868
BLOCK08/SES082/SA082S12	SES082	-1.39272	-7.22654	-5.83382
BLOCK08/SES082/SA082S14	SES082	-0.819193	-7.2392	-6.42
BLOCK08/SES082/SA082S21	SES082	-1.33854	-6.89113	-5.55258
BLOCK08/SES082/SA082S24	SES082	-0.775982	-7.94607	-7.17008
BLOCK08/SES082/SA082S28	SES082	-1.08862	-7.53021	-6.44159
BLOCK08/SES083/SA083S14	SES083	-1.94101	-6.45272	-4.51171
BLOCK08/SES083/SA083S15	SES083	-0.93643	-6.73525	-5.79882
BLOCK08/SES083/SA083S24	SES083	-1.49158	-7.18052	-5.68894
BLOCK08/SES083/SA083S26	SES083	-1.29471	-8.21069	-6.91598
BLOCK08/SES083/SA083S29	SES083	-1.58092	-7.69112	-6.11021
BLOCK08/SES085/SA085S10	SES085	-1.13337	-5.58997	-4.4566
BLOCK08/SES085/SA085S13	SES085	-2.38234	-8.97966	-6.59732
BLOCK08/SES085/SA085S22	SES085	-1.284	-5.93644	-4.65244
BLOCK08/SES085/SA085S26	SES085	-1.72519	-8.07096	-6.34578
BLOCK08/SES085/SA085S28	SES085	-0.970817	-6.00882	-5.038
BLOCK08/SES087/SA087S15	SES087	-0.502063	-7.33801	-6.83595
BLOCK08/SES087/SA087S16	SES087	-0.122908	-6.45518	-6.33227
BLOCK08/SES087/SA087S24	SES087	-0.740881	-9.24135	-8.50047
BLOCK08/SES087/SA087S26	SES087	-1.17358	-7.09463	-5.92105
BLOCK08/SES087/SA087S29	SES087	-0.198946	-5.48734	-5.28839
BLOCK09/SES099/SA099S15	SES099	-0.594341	-7.67933	-7.08499
BLOCK09/SES099/SA099S16	SES099	-0.654245	-5.62016	-4.96592
BLOCK09/SES099/SA099S24	SES099	-0.34784	-6.25655	-5.90871
BLOCK09/SES099/SA099S26	SES099	-0.774827	-7.33343	-6.55861
BLOCK09/SES099/SA099S29	SES099	-0.418034	-7.23054	-6.81251
BLOCK10/SES101/SA101S11	SES101	-1.66589	-7.00477	-5.33888
BLOCK10/SES101/SA101S13	SES101	-0.857488	-3.6127	-2.75521
BLOCK10/SES101/SA101S22	SES101	-0.889558	-7.47667	-6.58712
BLOCK10/SES101/SA101S24	SES101	-1.05387	-6.50051	-5.44665
BLOCK10/SES101/SA101S28	SES101	-0.807921	-6.19514	-5.38722
BLOCK10/SES104/SA104S11	SES104	-0.763373	-5.98569	-5.22232
BLOCK10/SES104/SA104S12	SES104	-0.801578	-7.15708	-6.3555
BLOCK10/SES104/SA104S21	SES104	-0.884933	-7.26	-6.37507
BLOCK10/SES104/SA104S24	SES104	-1.85183	-9.4569	-7.60506
BLOCK10/SES104/SA104S28	SES104	-1.07999	-9.39908	-8.31909
BLOCK10/SES105/SA105S12	SES105	-0.433673	-7.56214	-7.12846
BLOCK10/SES105/SA105S13	SES105	-1.69358	-7.48463	-5.79104
BLOCK10/SES105/SA105S22	SES105	-0.980731	-7.36906	-6.38833
BLOCK10/SES105/SA105S26	SES105	-1.21212	-7.97401	-6.76189
BLOCK10/SES105/SA105S29	SES105	-0.689941	-5.57643	-4.88649
BLOCK10/SES106/SA106S09	SES106	-0.780688	-8.57889	-7.7982
BLOCK10/SES106/SA106S11	SES106	-0.438478	-6.31495	-5.87647
BLOCK10/SES106/SA106S22	SES106	-0.142191	-8.55775	-8.41556
BLOCK10/SES106/SA106S27	SES106	-0.685173	-6.20603	-5.52086
BLOCK10/SES106/SA106S29	SES106	-0.915362	-6.78819	-5.87283
BLOCK11/SES117/SA117S12	SES117	-1.11498	-7.98796	-6.87298
BLOCK11/SES117/SA117S13	SES117	-1.64876	-7.46435	-5.81558
BLOCK11/SES117/SA117S23	SES117	-0.854427	-9.44542	-8.59099
BLOCK11/SES117/SA117S25	SES117	-0.744343	-7.02852	-6.28418
BLOCK11/SES117/SA117S28	SES117	-1.14896	-8.88854	-7.73957
BLOCK12/SES120/SA120S08	SES120	-1.27069	-9.9311	-8.66041
BLOCK12/SES120/SA120S11	SES120	-1.66116	-12.6592	-10.998
BLOCK12/SES120/SA120S22	SES120	-1.71847	-7.45145	-5.73298
BLOCK12/SES120/SA120S24	SES120	-1.7594	-10.5865	-8.82706
BLOCK12/SES120/SA120S28	SES120	-1.98649	-9.38662	-7.40013
BLOCK12/SES125/SA125S13	SES125	-0.395946	-8.78007	-8.38412
BLOCK12/SES125/SA125S14	SES125	-0.448003	-9.71768	-9.26967
BLOCK12/SES125/SA125S25	SES125	-0.186845	-7.96672	-7.77988
BLOCK12/SES125/SA125S27	SES125	-0.73504	-7.48158	-6.74654
BLOCK12/SES125/SA125S29	SES125	-0.975275	-7.22255	-6.24727
BLOCK12/SES127/SA127S11	SES127	-0.99677	-6.16042	-5.16365
BLOCK12/SES127/SA127S12	SES127	-0.696123	-4.33326	-3.63714
BLOCK12/SES127/SA127S23	SES127	-1.0716	-5.33437	-4.26276
BLOCK12/SES127/SA127S25	SES127	-1.08026	-5.10648	-4.02622
BLOCK12/SES127/SA127S27	SES127	-0.405849	-5.29559	-4.88974
BLOCK12/SES129/SA129S11	SES129	-0.0473113	-4.81621	-4.76889
BLOCK12/SES129/SA129S12	SES129	-0.698315	-4.91071	-4.2124
BLOCK12/SES129/SA129S22	SES129	-0.58974	-5.5124	-4.92266
BLOCK12/SES129/SA129S27	SES129	0.0464668	-5.20196	-5.24842
BLOCK12/SES129/SA129S29	SES129	-1.36658	-9.01655	-7.64997
BLOCK14/SES142/SA142S11	SES142	-0.243019	-5.75843	-5.51541
BLOCK14/SES142/SA142S12	SES142	-0.776789	-7.91327	-7.13648
BLOCK14/SES142/SA142S24	SES142	-0.89615	-7.00595	-6.1098
BLOCK14/SES142/SA142S27	SES142	-0.686826	-6.94379	-6.25696
BLOCK14/SES142/SA142S29	SES142	-0.518233	-6.39079	-5.87255
BLOCK14/SES143/SA143S12	SES143	-0.964396	-6.27287	-5.30848
BLOCK14/SES143/SA143S13	SES143	-0.921931	-6.59716	-5.67523
BLOCK14/SES143/SA143S23	SES143	-1.17696	-7.11889	-5.94193
BLOCK14/SES143/SA143S25	SES143	-1.42338	-8.0632	-6.63982
BLOCK14/SES143/SA143S28	SES143	-1.05031	-7.6346	-6.58429
BLOCK14/SES144/SA144S09	SES144	-1.09269	-6.90815	-5.81546
BLOCK14/SES144/SA144S11	SES144	-1.56355	-6.87492	-5.31137
BLOCK14/SES144/SA144S21	SES144	-1.80441	-7.28621	-5.48181
BLOCK14/SES144/SA144S25	SES144	-0.227173	-6.42831	-6.20114
BLOCK14/SES144/SA144S29	SES144	-2.45915	-8.70126	-6.24211
BLOCK14/SES146/SA146S14	SES146	-1.08394	-7.19865	-6.11471
BLOCK14/SES146/SA146S15	SES146	-1.69013	-8.41824	-6.72811
BLOCK14/SES146/SA146S24	SES146	-1.02538	-7.89844	-6.87306
BLOCK14/SES146/SA146S26	SES146	-1.04984	-7.1792	-6.12936
BLOCK14/SES146/SA146S29	SES146	-1.24633	-8.52058	-7.27425
BLOCK14/SES147/SA147S11	SES147	-1.15959	-7.49029	-6.3307
BLOCK14/SES147/SA147S13	SES147	-0.672384	-5.01372	-4.34134
BLOCK14/SES147/SA147S23	SES147	-1.1403	-6.42816	-5.28786
BLOCK14/SES147/SA147S26	SES147	-0.898726	-5.83956	-4.94084
BLOCK14/SES147/SA147S28	SES147	-0.398314	-4.538	-4.13969
BLOCK14/SES148/SA148S10	SES148	-1.13123	-5.57543	-4.4442
BLOCK14/SES148/SA148S12	SES148	-1.22017	-6.99743	-5.77726
BLOCK14/SES148/SA148S22	SES148	-1.01499	-5.09478	-4.07979
BLOCK14/SES148/SA148S26	SES148	-1.40604	-4.65226	-3.24622
BLOCK14/SES148/SA148S29	SES148	-1.88108	-8.06565	-6.18457
BLOCK14/SES149/SA149S13	SES149	-1.90569	-6.71914	-4.81345
BLOCK14/SES149/SA149S14	SES149	-1.26938	-5.39881	-4.12943
BLOCK14/SES149/SA149S24	SES149	-0.789965	-5.79517	-5.0052
BLOCK14/SES149/SA149S26	SES149	-0.90994	-5.9091	-4.99916
BLOCK14/SES149/SA149S28	SES149	-0.254416	-2.96608	-2.71166
BLOCK15/SES158/SA158S13	SES158	-0.446545	-8.0862	-7.63965
BLOCK15/SES158/SA158S14	SES158	0.479571	-8.95278	-9.43235
BLOCK15/SES158/SA158S23	SES158	-0.519447	-7.02156	-6.50211
BLOCK15/SES158/SA158S26	SES158	-0.104676	-8.00365	-7.89897
BLOCK15/SES158/SA158S28	SES158	-0.789252	-8.19162	-7.40236
BLOCK16/SES162/SA162S10	SES162	-0.257826	-7.60516	-7.34733
BLOCK16/SES162/SA162S11	SES162	-1.09833	-5.905	-4.80667
BLOCK16/SES162/SA162S21	SES162	-0.582277	-6.49674	-5.91446
BLOCK16/SES162/SA162S24	SES162	-0.626911	-6.14263	-5.51572
BLOCK16/SES162/SA162S27	SES162	-0.00484562	-8.07355	-8.06871
BLOCK16/SES167/SA167S14	SES167	-0.295721	-4.62201	-4.32629
BLOCK16/SES167/SA167S15	SES167	0.136584	-4.36299	-4.49958
BLOCK16/SES167/SA167S21	SES167	-0.317215	-4.14078	-3.82356
BLOCK16/SES167/SA167S25	SES167	0.820077	-4.53707	-5.35714
BLOCK16/SES167/SA167S29	SES167	0.855513	-3.11867	-3.97418
BLOCK17/SES172/SA172S12	SES172	-1.04717	-7.59807	-6.55089
BLOCK17/SES172/SA172S13	SES172	-0.813376	-7.71525	-6.90188
BLOCK17/SES172/SA172S23	SES172	-0.611373	-5.3351	-4.72373
BLOCK17/SES172/SA172S27	SES172	-1.20884	-8.32111	-7.11227
BLOCK17/SES172/SA172S29	SES172	-0.265481	-6.00363	-5.73814
BLOCK17/SES175/SA175S11	SES175	-1.74291	-7.99976	-6.25686
BLOCK17/SES175/SA175S13	SES175	-0.917486	-4.12626	-3.20877
BLOCK17/SES175/SA175S23	SES175	-0.90992	-5.38976	-4.47984
BLOCK17/SES175/SA175S25	SES175	-1.41891	-7.24225	-5.82335
BLOCK17/SES175/SA175S28	SES175	-1.37679	-6.42933	-5.05254
BLOCK17/SES177/SA177S15	SES177	-1.29727	-7.60857	-6.3113
BLOCK17/SES177/SA177S17	SES177	-1.51685	-7.34385	-5.82699
BLOCK17/SES177/SA177S23	SES177	-1.92744	-8.1259	-6.19846
BLOCK17/SES177/SA177S26	SES177	-1.16313	-4.46108	-3.29796
BLOCK17/SES177/SA177S28	SES177	-1.2264	-7.90052	-6.67413
BLOCK18/SES180/SA180S13	SES180	-1.45807	-8.78443	-7.32636
BLOCK18/SES180/SA180S15	SES180	-1.45142	-6.33838	-4.88696
BLOCK18/SES180/SA180S24	SES180	-1.5128	-5.70127	-4.18846
BLOCK18/SES180/SA180S26	SES180	-1.33058	-6.99153	-5.66095
BLOCK18/SES180/SA180S29	SES180	-2.19486	-8.98089	-6.78603
BLOCK18/SES183/SA183S13	SES183	-0.645868	-6.84477	-6.1989
BLOCK18/SES183/SA183S14	SES183	-1.80566	-7.01744	-5.21178
BLOCK18/SES183/SA183S24	SES183	-0.631706	-7.89137	-7.25966
BLOCK18/SES183/SA183S27	SES183	-0.356921	-7.10666	-6.74974
BLOCK18/SES183/SA183S29	SES183	-0.517102	-6.12008	-5.60298
BLOCK18/SES187/SA187S13	SES187	-1.73154	-8.46182	-6.73028
BLOCK18/SES187/SA187S14	SES187	-1.83593	-8.48351	-6.64758
BLOCK18/SES187/SA187S24	SES187	-0.849149	-7.8583	-7.00915
BLOCK18/SES187/SA187S27	SES187	-1.97779	-8.27729	-6.2995
BLOCK18/SES187/SA187S29	SES187	-1.22073	-9.18612	-7.9654
BLOCK18/SES189/SA189S10	SES189	-0.321276	-7.65346	-7.33218
BLOCK18/SES189/SA189S13	SES189	-1.08931	-10.0496	-8.96033
BLOCK18/SES189/SA189S24	SES189	-0.638438	-7.131	-6.49257
BLOCK18/SES189/SA189S26	SES189	-0.509485	-7.21851	-6.70902
BLOCK18/SES189/SA189S29	SES189	-0.609017	-6.91394	-6.30492
BLOCK20/SES202/SA202S12	SES202	-1.37936	-8.9258	-7.54644
BLOCK20/SES202/SA202S14	SES202	-0.550105	-7.74379	-7.19369
BLOCK20/SES202/SA202S24	SES202	-1.50169	-8.58156	-7.07987
BLOCK20/SES202/SA202S27	SES202	-0.838615	-6.31966	-5.48105
BLOCK20/SES202/SA202S29	SES202	-1.15569	-7.07189	-5.9162
BLOCK20/SES206/SA206S15	SES206	-1.74121	-6.14231	-4.4011
BLOCK20/SES206/SA206S17	SES206	-0.904664	-7.6445	-6.73984
BLOCK20/SES206/SA206S24	SES206	-0.728035	-5.88614	-5.15811
BLOCK20/SES206/SA206S27	SES206	-0.605627	-8.31528	-7.70965
BLOCK20/SES206/SA206S29	SES206	-0.544675	-7.6333	-7.08862
BLOCK22/SES226/SA226S12	SES226	-0.502537	-7.10231	-6.59978
BLOCK22/SES226/SA226S13	SES226	-1.75972	-6.84521	-5.08549
BLOCK22/SES226/SA226S20	SES226	-0.992124	-6.58402	-5.5919
BLOCK22/SES226/SA226S23	SES226	-0.728953	-5.96331	-5.23436
BLOCK22/SES226/SA226S28	SES226	-0.479189	-6.04219	-5.563
BLOCK25/SES259/SA259S13	SES259	0.463205	-7.15991	-7.62312
BLOCK25/SES259/SA259S14	SES259	0.0526938	-6.3283	-6.38099
BLOCK25/SES259/SA259S22	SES259	0.105505	-6.52921	-6.63471
BLOCK25/SES259/SA259S24	SES259	-0.094275	-7.22323	-7.12896
BLOCK25/SES259/SA259S28	SES259	-0.246248	-6.85517	-6.60893
BLOCK27/SES270/SA270S14	SES270	0.160942	-7.04233	-7.20327
BLOCK27/SES270/SA270S16	SES270	-1.27738	-6.69708	-5.4197
BLOCK27/SES270/SA270S22	SES270	0.111919	-6.15402	-6.26594
BLOCK27/SES270/SA270S26	SES270	0.171185	-7.04242	-7.2136
BLOCK27/SES270/SA270S28	SES270	0.100935	-5.38069	-5.48163
BLOCK27/SES275/SA275S17	SES275	-0.816193	-6.58315	-5.76695
BLOCK27/SES275/SA275S18	SES275	-2.14362	-7.67163	-5.52801
BLOCK27/SES275/SA275S24	SES275	-0.707702	-6.99434	-6.28664
BLOCK27/SES275/SA275S26	SES275	-1.08955	-6.68795	-5.5984
BLOCK27/SES275/SA275S28	SES275	-1.36741	-6.685	-5.3176
BLOCK29/SES292/SA292S10	SES292	-1.98975	-7.06338	-5.07364
BLOCK29/SES292/SA292S12	SES292	-1.38065	-8.09969	-6.71904
BLOCK29/SES292/SA292S22	SES292	-1.92065	-7.55187	-5.63122
BLOCK29/SES292/SA292S24	SES292	-1.42261	-6.00094	-4.57833
BLOCK29/SES292/SA292S27	SES292	-1.95324	-7.01995	-5.06671
BLOCK00/SES001/SA001S14	SES062	-4.16965	-11.3272	-7.15751
BLOCK00/SES001/SA001S14	SES082	-2.4102	-9.56772	-7.15751
BLOCK00/SES001/SA001S14	SES106	-2.37768	-9.53519	-7.15751
BLOCK00/SES001/SA001S14	SES206	-2.41283	-9.57034	-7.15751
BLOCK00/SES001/SA001S15	SES062	-3.69683	-10.0046	-6.30777
BLOCK00/SES001/SA001S15	SES104	-2.28359	-8.59136	-6.30777
BLOCK00/SES001/SA001S15	SES106	-1.65898	-7.96675	-6.30777
BLOCK00/SES001/SA001S15	SES206	-2.57645	-8.88421	-6.30777
BLOCK00/SES001/SA001S24	SES062	-3.54106	-10.8876	-7.34657
BLOCK00/SES001/SA001S24	SES082	-1.99605	-9.34262	-7.34657
BLOCK00/SES001/SA001S24	SES087	-4.07367	-11.4202	-7.34657
BLOCK00/SES001/SA001S24	SES206	-2.18467	-9.53124	-7.34657
BLOCK00/SES001/SA001S27	SES062	-2.63396	-6.80321	-4.16925
BLOCK00/SES001/SA001S27	SES082	-2.38864	-6.55789	-4.16925
BLOCK00/SES001/SA001S27	SES087	-1.87639	-6.04564	-4.16925
BLOCK00/SES001/SA001S27	SES206	-2.18888	-6.35813	-4.16925
BLOCK00/SES001/SA001S29	SES062	-3.57003	-10.3662	-6.7962
BLOCK00/SES001/SA001S29	SES082	-2.0337	-8.8299	-6.7962
BLOCK00/SES001/SA001S29	SES158	-2.09091	-8.88711	-6.7962
BLOCK00/SES001/SA001S29	SES206	-2.85814	-9.65434	-6.7962
BLOCK00/SES003/SA003S11	SES002	-1.09623	-6.79381	-5.69757
BLOCK00/SES003/SA003S11	SES019	-2.53317	-8.23074	-5.69757
BLOCK00/SES003/SA003S11	SES082	-1.7512	-7.44877	-5.69757
BLOCK00/SES003/SA003S11	SES125	-2.55737	-8.25494	-5.69757
BLOCK00/SES003/SA003S15	SES016	-2.74346	-7.80099	-5.05753
BLOCK00/SES003/SA003S15	SES019	-4.12061	-9.17814	-5.05753
BLOCK00/SES003/SA003S15	SES062	-1.76698	-6.82451	-5.05753
BLOCK00/SES003/SA003S15	SES206	-2.33901	-7.39654	-5.05753
BLOCK00/SES003/SA003S22	SES002	-1.7011	-6.97589	-5.27479
BLOCK00/SES003/SA003S22	SES062	-2.22713	-7.50192	-5.27479
BLOCK00/SES003/SA003S22	SES082	-2.35417	-7.62896	-5.27479
BLOCK00/SES003/SA003S22	SES087	-2.63016	-7.90495	-5.27479
BLOCK00/SES003/SA003S25	SES062	-2.89513	-10.4401	-7.54501
BLOCK00/SES003/SA003S25	SES082	-1.79336	-9.33836	-7.54501
BLOCK00/SES003/SA003S25	SES087	-2.09046	-9.63546	-7.54501
BLOCK00/SES003/SA003S25	SES206	-2.64169	-10.1867	-7.54501
BLOCK00/SES003/SA003S29	SES002	-2.08589	-7.8724	-5.78651
BLOCK00/SES003/SA003S29	SES062	-3.02404	-8.81055	-5.78651
BLOCK00/SES003/SA003S29	SES082	-2.26653	-8.05304	-5.78651
BLOCK00/SES003/SA003S29	SES087	-2.3121	-8.0986	-5.78651
BLOCK00/SES004/SA004S12	SES083	-2.3592	-6.9606	-4.6014
BLOCK00/SES004/SA004S12	SES148	-2.62044	-7.22184	-4.6014
BLOCK00/SES004/SA004S12	SES172	-1.46839	-6.06979	-4.6014
BLOCK00/SES004/SA004S12	SES292	-2.89593	-7.49733	-4.6014
BLOCK00/SES004/SA004S17	SES083	-1.86933	-6.76885	-4.89952
BLOCK00/SES004/SA004S17	SES162	-1.88955	-6.78907	-4.89952
BLOCK00/SES004/SA004S17	SES172	-1.57955	-6.47908	-4.89952
BLOCK00/SES004/SA004S17	SES292	-2.24261	-7.14213	-4.89952
BLOCK00/SES004/SA004S24	SES083	-2.28913	-7.09106	-4.80193
BLOCK00/SES004/SA004S24	SES148	-4.18115	-8.98308	-4.80193
BLOCK00/SES004/SA004S24	SES172	-1.86979	-6.67172	-4.80193
BLOCK00/SES004/SA004S24	SES292	-2.62193	-7.42386	-4.80193
BLOCK00/SES004/SA004S26	SES083	-2.29231	-8.31776	-6.02545
BLOCK00/SES004/SA004S26	SES127	-3.08361	-9.10906	-6.02545
BLOCK00/SES004/SA004S26	SES148	-4.2161	-10.2416	-6.02545
BLOCK00/SES004/SA004S26	SES292	-3.66904	-9.69448	-6.02545
BLOCK00/SES004/SA004S28	SES083	-2.39058	-5.38513	-2.99455
BLOCK00/SES004/SA004S28	SES127	-1.47846	-4.47301	-2.99455
BLOCK00/SES004/SA004S28	SES187	-1.98744	-4.98199	-2.99455
BLOCK00/SES004/SA004S28	SES292	-2.83546	-5.83001	-2.99455
BLOCK00/SES006/SA006S10	SES014	-5.07058	-13.3934	-8.32286
BLOCK00/SES006/SA006S10	SES158	-5.80757	-14.1304	-8.32286
BLOCK00/SES006/SA006S10	SES226	-6.32276	-14.6456	-8.32286
BLOCK00/SES006/SA006S10	SES270	-3.62503	-11.9479	-8.32286
BLOCK00/SES006/SA006S11	SES158	-4.2726	-12.6851	-8.41246
BLOCK00/SES006/SA006S11	SES226	-4.22232	-12.6348	-8.41246
BLOCK00/SES006/SA006S11	SES270	-2.13166	-10.5441	-8.41246
BLOCK00/SES006/SA006S11	SES275	-2.92003	-11.3325	-8.41246
BLOCK00/SES006/SA006S23	SES062	-5.48371	-12.9769	-7.49323
BLOCK00/SES006/SA006S23	SES105	-4.41982	-11.913	-7.49323
BLOCK00/SES006/SA006S23	SES158	-5.51212	-13.0053	-7.49323
BLOCK00/SES006/SA006S23	SES275	-3.43141	-10.9246	-7.49323
BLOCK00/SES006/SA006S26	SES104	-6.82033	-14.9539	-8.13358
BLOCK00/SES006/SA006S26	SES158	-5.43419	-13.5678	-8.13358
BLOCK00/SES006/SA006S26	SES270	-2.7828	-10.9164	-8.13358
BLOCK00/SES006/SA006S26	SES275	-3.46571	-11.5993	-8.13358
BLOCK00/SES006/SA006S28	SES007	-3.48225	-11.3148	-7.83259
BLOCK00/SES006/SA006S28	SES105	-3.83152	-11.6641	-7.83259
BLOCK00/SES006/SA006S28	SES158	-3.86964	-11.7022	-7.83259
BLOCK00/SES006/SA006S28	SES275	-3.55661	-11.3892	-7.83259
BLOCK00/SES009/SA009S12	SES083	-3.86129	-10.4011	-6.53979
BLOCK00/SES009/SA009S12	SES148	-5.57997	-12.1198	-6.53979
BLOCK00/SES009/SA009S12	SES177	-2.33152	-8.87131	-6.53979
BLOCK00/SES009/SA009S12	SES292	-2.7476	-9.28738	-6.53979
BLOCK00/SES009/SA009S15	SES007	-2.15063	-7.77247	-5.62184
BLOCK00/SES009/SA009S15	SES099	-5.15852	-10.7804	-5.62184
BLOCK00/SES009/SA009S15	SES148	-6.1272	-11.749	-5.62184
BLOCK00/SES009/SA009S15	SES172	-2.54999	-8.17183	-5.62184
BLOCK00/SES009/SA009S24	SES146	-3.11614	-9.77083	-6.65469
BLOCK00/SES009/SA009S24	SES148	-5.22167	-11.8764	-6.65469
BLOCK00/SES009/SA009S24	SES177	-2.97319	-9.62787	-6.65469
BLOCK00/SES009/SA009S24	SES292	-2.78303	-9.43772	-6.65469
BLOCK00/SES009/SA009S26	SES083	-3.92645	-9.60711	-5.68066
BLOCK00/SES009/SA009S26	SES101	-3.61447	-9.29513	-5.68066
BLOCK00/SES009/SA009S26	SES120	-2.67669	-8.35735	-5.68066
BLOCK00/SES009/SA009S26	SES177	-2.54612	-8.22678	-5.68066
BLOCK00/SES009/SA009S29	SES083	-3.65848	-9.17426	-5.51578
BLOCK00/SES009/SA009S29	SES101	-3.28853	-8.80431	-5.51578
BLOCK00/SES009/SA009S29	SES177	-2.46002	-7.9758	-5.51578
BLOCK00/SES009/SA009S29	SES292	-2.94225	-8.45803	-5.51578
BLOCK01/SES011/SA011S10	SES019	-2.97791	-11.3031	-8.32524
BLOCK01/SES011/SA011S10	SES042	-1.89497	-10.2202	-8.32524
BLOCK01/SES011/SA011S10	SES082	-2.5993	-10.9245	-8.32524
BLOCK01/SES011/SA011S10	SES206	-2.37088	-10.6961	-8.32524
BLOCK01/SES011/SA011S11	SES019	-3.48738	-11.1143	-7.6269
BLOCK01/SES011/SA011S11	SES042	-2.22597	-9.85287	-7.6269
BLOCK01/SES011/SA011S11	SES082	-2.30615	-9.93304	-7.6269
BLOCK01/SES011/SA011S11	SES206	-2.75028	-10.3772	-7.6269
BLOCK01/SES011/SA011S22	SES019	-2.58306	-11.0278	-8.4447
BLOCK01/SES011/SA011S22	SES042	-0.727108	-9.17181	-8.4447
BLOCK01/SES011/SA011S22	SES082	-2.07871	-10.5234	-8.4447
BLOCK01/SES011/SA011S22	SES206	-2.27053	-10.7152	-8.4447
BLOCK01/SES011/SA011S24	SES019	-3.74951	-11.3155	-7.56596
BLOCK01/SES011/SA011S24	SES042	-1.22746	-8.79342	-7.56596
BLOCK01/SES011/SA011S24	SES104	-1.98477	-9.55073	-7.56596
BLOCK01/SES011/SA011S24	SES206	-1.8375	-9.40347	-7.56596
BLOCK01/SES011/SA011S27	SES082	-2.16927	-9.07298	-6.90371
BLOCK01/SES011/SA011S27	SES087	-4.18041	-11.0841	-6.90371
BLOCK01/SES011/SA011S27	SES125	-2.8717	-9.77541	-6.90371
BLOCK01/SES011/SA011S27	SES206	-2.7258	-9.62951	-6.90371
BLOCK01/SES012/SA012S11	SES007	-2.23402	-7.54243	-5.30841
BLOCK01/SES012/SA012S11	SES082	-1.90723	-7.21564	-5.30841
BLOCK01/SES012/SA012S11	SES083	-2.85909	-8.1675	-5.30841
BLOCK01/SES012/SA012S11	SES206	-2.11025	-7.41866	-5.30841
BLOCK01/SES012/SA012S14	SES082	-1.65487	-8.6244	-6.96953
BLOCK01/SES012/SA012S14	SES087	-3.46245	-10.432	-6.96953
BLOCK01/SES012/SA012S14	SES206	-1.69026	-8.65979	-6.96953
BLOCK01/SES012/SA012S14	SES292	-2.79117	-9.7607	-6.96953
BLOCK01/SES012/SA012S24	SES082	-2.08262	-10.1811	-8.09846
BLOCK01/SES012/SA012S24	SES087	-3.27674	-11.3752	-8.09846
BLOCK01/SES012/SA012S24	SES120	-3.90323	-12.0017	-8.09846
BLOCK01/SES012/SA012S24	SES206	-2.53781	-10.6363	-8.09846
BLOCK01/SES012/SA012S26	SES019	-7.31582	-15.58	-8.26421
BLOCK01/SES012/SA012S26	SES082	-3.27951	-11.5437	-8.26421
BLOCK01/SES012/SA012S26	SES206	-1.75584	-10.02	-8.26421
BLOCK01/SES012/SA012S26	SES292	-2.88011	-11.1443	-8.26421
BLOCK01/SES012/SA012S29	SES062	-2.41815	-6.82363	-4.40548
BLOCK01/SES012/SA012S29	SES082	-1.44022	-5.8457	-4.40548
BLOCK01/SES012/SA012S29	SES083	-2.59456	-7.00005	-4.40548
BLOCK01/SES012/SA012S29	SES206	-1.2067	-5.61218	-4.40548
BLOCK01/SES013/SA013S16	SES062	-4.02393	-12.4153	-8.39133
BLOCK01/SES013/SA013S16	SES106	-3.31773	-11.7091	-8.39133
BLOCK01/SES013/SA013S16	SES206	-2.93474	-11.3261	-8.39133
BLOCK01/SES013/SA013S16	SES226	-2.88377	-11.2751	-8.39133
BLOCK01/SES013/SA013S17	SES062	-3.37739	-9.58287	-6.20548
BLOCK01/SES013/SA013S17	SES106	-3.06237	-9.26785	-6.20548
BLOCK01/SES013/SA013S17	SES206	-1.91951	-8.12499	-6.20548
BLOCK01/SES013/SA013S17	SES226	-1.62608	-7.83156	-6.20548
BLOCK01/SES013/SA013S23	SES104	-2.17043	-9.34237	-7.17194
BLOCK01/SES013/SA013S23	SES106	-2.18698	-9.35891	-7.17194
BLOCK01/SES013/SA013S23	SES206	-3.34313	-10.5151	-7.17194
BLOCK01/SES013/SA013S23	SES270	-3.3787	-10.5506	-7.17194
BLOCK01/SES013/SA013S25	SES042	-5.24244	-12.3818	-7.13932
BLOCK01/SES013/SA013S25	SES104	-1.55928	-8.6986	-7.13932
BLOCK01/SES013/SA013S25	SES106	-2.27767	-9.41699	-7.13932
BLOCK01/SES013/SA013S25	SES206	-2.67502	-9.81434	-7.13932
BLOCK01/SES013/SA013S29	SES062	-4.59864	-12.3059	-7.70725
BLOCK01/SES013/SA013S29	SES104	-2.00539	-9.71264	-7.70725
BLOCK01/SES013/SA013S29	SES106	-2.33459	-10.0418	-7.70725
BLOCK01/SES013/SA013S29	SES206	-3.27744	-10.9847	-7.70725
BLOCK02/SES021/SA021S13	SES016	-3.08935	-9.50008	-6.41073
BLOCK02/SES021/SA021S13	SES029	-2.35469	-8.76542	-6.41073
BLOCK02/SES021/SA021S13	SES087	-3.91127	-10.322	-6.41073
BLOCK02/SES021/SA021S13	SES206	-2.88253	-9.29325	-6.41073
BLOCK02/SES021/SA021S15	SES087	-2.3476	-8.59618	-6.24858
BLOCK02/SES021/SA021S15	SES125	-2.07389	-8.32247	-6.24858
BLOCK02/SES021/SA021S15	SES206	-2.45448	-8.70306	-6.24858
BLOCK02/SES021/SA021S15	SES226	-2.40412	-8.6527	-6.24858
BLOCK02/SES021/SA021S23	SES062	-4.05975	-11.3299	-7.27012
BLOCK02/SES021/SA021S23	SES087	-1.7025	-8.97262	-7.27012
BLOCK02/SES021/SA021S23	SES206	-2.5787	-9.84882	-7.27012
BLOCK02/SES021/SA021S23	SES226	-1.6814	-8.95152	-7.27012
BLOCK02/SES021/SA021S27	SES002	-2.89236	-7.59749	-4.70514
BLOCK02/SES021/SA021S27	SES016	-4.92153	-9.62666	-4.70514
BLOCK02/SES021/SA021S27	SES019	-3.58514	-8.29027	-4.70514
BLOCK02/SES021/SA021S27	SES062	-3.13483	-7.83997	-4.70514
BLOCK02/SES021/SA021S29	SES087	-2.76256	-8.98313	-6.22058
BLOCK02/SES021/SA021S29	SES125	-3.31999	-9.54056	-6.22058
BLOCK02/SES021/SA021S29	SES206	-2.13388	-8.35445	-6.22058
BLOCK02/SES021/SA021S29	SES226	-2.50039	-8.72097	-6.22058
BLOCK04/SES043/SA043S09	SES083	-1.76512	-8.87846	-7.11335
BLOCK04/SES043/SA043S09	SES101	-1.93537	-9.04872	-7.11335
BLOCK04/SES043/SA043S09	SES144	-1.71905	-8.8324	-7.11335
BLOCK04/SES043/SA043S09	SES172	-2.20604	-9.31938	-7.11335
BLOCK04/SES043/SA043S11	SES083	-1.68994	-6.64905	-4.95911
BLOCK04/SES043/SA043S11	SES101	-1.63742	-6.59653	-4.95911
BLOCK04/SES043/SA043S11	SES144	-1.29535	-6.25446	-4.95911
BLOCK04/SES043/SA043S11	SES172	-2.61324	-7.57236	-4.95911
BLOCK04/SES043/SA043S23	SES083	-1.71702	-7.12137	-5.40434
BLOCK04/SES043/SA043S23	SES144	-1.39703	-6.80137	-5.40434
BLOCK04/SES043/SA043S23	SES177	-2.3115	-7.71584	-5.40434
BLOCK04/SES043/SA043S23	SES275	-2.41779	-7.82213	-5.40434
BLOCK04/SES043/SA043S26	SES083	-2.57463	-10.8855	-8.3109
BLOCK04/SES043/SA043S26	SES101	-2.50744	-10.8183	-8.3109
BLOCK04/SES043/SA043S26	SES144	-1.61169	-9.92258	-8.3109
BLOCK04/SES043/SA043S26	SES177	-3.16935	-11.4802	-8.3109
BLOCK04/SES043/SA043S28	SES016	-2.44776	-8.80282	-6.35507
BLOCK04/SES043/SA043S28	SES083	-1.82187	-8.17694	-6.35507
BLOCK04/SES043/SA043S28	SES101	-1.61018	-7.96524	-6.35507
BLOCK04/SES043/SA043S28	SES144	-2.09383	-8.4489	-6.35507
BLOCK04/SES044/SA044S10	SES127	-5.14869	-13.9314	-8.78267
BLOCK04/SES044/SA044S10	SES144	-1.82336	-10.606	-8.78267
BLOCK04/SES044/SA044S10	SES147	-3.99806	-12.7807	-8.78267
BLOCK04/SES044/SA044S10	SES148	-4.04957	-12.8322	-8.78267
BLOCK04/SES044/SA044S11	SES101	-2.2329	-9.14592	-6.91302
BLOCK04/SES044/SA044S11	SES144	-2.12746	-9.04048	-6.91302
BLOCK04/SES044/SA044S11	SES147	-3.54377	-10.4568	-6.91302
BLOCK04/SES044/SA044S11	SES177	-3.04746	-9.96048	-6.91302
BLOCK04/SES044/SA044S24	SES007	-2.91169	-9.95629	-7.0446
BLOCK04/SES044/SA044S24	SES101	-2.07402	-9.11862	-7.0446
BLOCK04/SES044/SA044S24	SES147	-2.99601	-10.0406	-7.0446
BLOCK04/SES044/SA044S24	SES177	-2.6275	-9.6721	-7.0446
BLOCK04/SES044/SA044S26	SES007	-2.55611	-7.74493	-5.18882
BLOCK04/SES044/SA044S26	SES016	-1.86953	-7.05835	-5.18882
BLOCK04/SES044/SA044S26	SES101	-2.06526	-7.25408	-5.18882
BLOCK04/SES044/SA044S26	SES147	-1.46995	-6.65877	-5.18882
BLOCK04/SES044/SA044S29	SES007	-3.67606	-9.59743	-5.92137
BLOCK04/SES044/SA044S29	SES101	-2.67801	-8.59938	-5.92137
BLOCK04/SES044/SA044S29	SES147	-2.38496	-8.30634	-5.92137
BLOCK04/SES044/SA044S29	SES177	-3.41599	-9.33736	-5.92137
BLOCK04/SES046/SA046S13	SES101	-1.80295	-8.81642	-7.01346
BLOCK04/SES046/SA046S13	SES144	-2.00595	-9.01941	-7.01346
BLOCK04/SES046/SA046S13	SES147	-2.40378	-9.41724	-7.01346
BLOCK04/SES046/SA046S13	SES177	-3.0274	-10.0409	-7.01346
BLOCK04/SES046/SA046S15	SES048	-2.11216	-5.91379	-3.80163
BLOCK04/SES046/SA046S15	SES083	-2.87869	-6.68032	-3.80163
BLOCK04/SES046/SA046S15	SES120	-3.69559	-7.49723	-3.80163
BLOCK04/SES046/SA046S15	SES148	-2.65389	-6.45552	-3.80163
BLOCK04/SES046/SA046S22	SES101	-1.93741	-8.03342	-6.096
BLOCK04/SES046/SA046S22	SES144	-1.3586	-7.45461	-6.096
BLOCK04/SES046/SA046S22	SES147	-2.43204	-8.52805	-6.096
BLOCK04/SES046/SA046S22	SES172	-2.22589	-8.32189	-6.096
BLOCK04/SES046/SA046S25	SES083	-1.56727	-6.1686	-4.60133
BLOCK04/SES046/SA046S25	SES127	-2.13129	-6.73262	-4.60133
BLOCK04/SES046/SA046S25	SES144	-1.69158	-6.29291	-4.60133
BLOCK04/SES046/SA046S25	SES148	-2.117	-6.71832	-4.60133
BLOCK04/SES046/SA046S28	SES007	-2.3629	-7.96572	-5.60282
BLOCK04/SES046/SA046S28	SES105	-2.86986	-8.47267	-5.60282
BLOCK04/SES046/SA046S28	SES147	-2.43351	-8.03632	-5.60282
BLOCK04/SES046/SA046S28	SES148	-2.74419	-8.34701	-5.60282
BLOCK04/SES049/SA049S16	SES104	-1.9605	-9.66296	-7.70246
BLOCK04/SES049/SA049S16	SES106	-3.11227	-10.8147	-7.70246
BLOCK04/SES049/SA049S16	SES120	-3.33827	-11.0407	-7.70246
BLOCK04/SES049/SA049S16	SES206	-2.34079	-10.0433	-7.70246
BLOCK04/SES049/SA049S18	SES099	-1.59544	-9.18693	-7.59149
BLOCK04/SES049/SA049S18	SES104	-2.53798	-10.1295	-7.59149
BLOCK04/SES049/SA049S18	SES125	-3.0331	-10.6246	-7.59149
BLOCK04/SES049/SA049S18	SES206	-2.73131	-10.3228	-7.59149
BLOCK04/SES049/SA049S25	SES087	-2.67483	-10.7908	-8.11598
BLOCK04/SES049/SA049S25	SES104	-1.36514	-9.48112	-8.11598
BLOCK04/SES049/SA049S25	SES125	-2.16908	-10.2851	-8.11598
BLOCK04/SES049/SA049S25	SES206	-1.88304	-9.99902	-8.11598
BLOCK04/SES049/SA049S27	SES099	-2.22331	-6.87527	-4.65196
BLOCK04/SES049/SA049S27	SES104	-1.00859	-5.66055	-4.65196
BLOCK04/SES049/SA049S27	SES125	-2.31124	-6.9632	-4.65196
BLOCK04/SES049/SA049S27	SES206	-1.97735	-6.62931	-4.65196
BLOCK04/SES049/SA049S29	SES099	-1.49293	-6.81875	-5.32583
BLOCK04/SES049/SA049S29	SES104	-1.12104	-6.44687	-5.32583
BLOCK04/SES049/SA049S29	SES125	-1.90045	-7.22627	-5.32583
BLOCK04/SES049/SA049S29	SES206	-2.22242	-7.54825	-5.32583
BLOCK06/SES063/SA063S09	SES068	-3.56888	-11.6171	-8.04818
BLOCK06/SES063/SA063S09	SES083	-1.71912	-9.76729	-8.04818
BLOCK06/SES063/SA063S09	SES177	-1.90965	-9.95783	-8.04818
BLOCK06/SES063/SA063S09	SES187	-2.47385	-10.522	-8.04818
BLOCK06/SES063/SA063S10	SES068	-3.1434	-10.7504	-7.60698
BLOCK06/SES063/SA063S10	SES083	-2.54915	-10.1561	-7.60698
BLOCK06/SES063/SA063S10	SES172	-2.52259	-10.1296	-7.60698
BLOCK06/SES063/SA063S10	SES187	-2.34179	-9.94877	-7.60698
BLOCK06/SES063/SA063S20	SES068	-4.10925	-12.0455	-7.93626
BLOCK06/SES063/SA063S20	SES083	-2.29299	-10.2293	-7.93626
BLOCK06/SES063/SA063S20	SES172	-2.32674	-10.263	-7.93626
BLOCK06/SES063/SA063S20	SES187	-2.34577	-10.282	-7.93626
BLOCK06/SES063/SA063S24	SES029	-2.98646	-10.8985	-7.91205
BLOCK06/SES063/SA063S24	SES083	-1.87466	-9.7867	-7.91205
BLOCK06/SES063/SA063S24	SES177	-2.46072	-10.3728	-7.91205
BLOCK06/SES063/SA063S24	SES189	-2.28564	-10.1977	-7.91205
BLOCK06/SES063/SA063S27	SES083	-2.70952	-10.1612	-7.4517
BLOCK06/SES063/SA063S27	SES172	-2.82577	-10.2775	-7.4517
BLOCK06/SES063/SA063S27	SES187	-2.63462	-10.0863	-7.4517
BLOCK06/SES063/SA063S27	SES292	-3.18896	-10.6407	-7.4517
BLOCK06/SES067/SA067S12	SES083	-2.7991	-8.24678	-5.44768
BLOCK06/SES067/SA067S12	SES172	-3.66956	-9.11724	-5.44768
BLOCK06/SES067/SA067S12	SES202	-2.45032	-7.898	-5.44768
BLOCK06/SES067/SA067S12	SES292	-2.80138	-8.24905	-5.44768
BLOCK06/SES067/SA067S14	SES085	-2.34794	-5.73901	-3.39107
BLOCK06/SES067/SA067S14	SES177	-2.18986	-5.58092	-3.39107
BLOCK06/SES067/SA067S14	SES183	-0.690893	-4.08196	-3.39107
BLOCK06/SES067/SA067S14	SES202	-2.65225	-6.04332	-3.39107
BLOCK06/SES067/SA067S21	SES144	-2.5753	-8.87	-6.29471
BLOCK06/SES067/SA067S21	SES177	-3.0506	-9.34531	-6.29471
BLOCK06/SES067/SA067S21	SES183	-2.11486	-8.40957	-6.29471
BLOCK06/SES067/SA067S21	SES189	-2.42361	-8.71832	-6.29471
BLOCK06/SES067/SA067S25	SES085	-4.34744	-10.5094	-6.162
BLOCK06/SES067/SA067S25	SES177	-2.37524	-8.53724	-6.162
BLOCK06/SES067/SA067S25	SES183	-2.18413	-8.34613	-6.162
BLOCK06/SES067/SA067S25	SES202	-2.53293	-8.69493	-6.162
BLOCK06/SES067/SA067S29	SES085	-6.2726	-13.9128	-7.64015
BLOCK06/SES067/SA067S29	SES177	-4.22513	-11.8653	-7.64015
BLOCK06/SES067/SA067S29	SES183	-2.03161	-9.67176	-7.64015
BLOCK06/SES067/SA067S29	SES202	-3.76534	-11.4055	-7.64015
BLOCK06/SES069/SA069S12	SES029	-3.60683	-8.82461	-5.21778
BLOCK06/SES069/SA069S12	SES082	-2.08557	-7.30335	-5.21778
BLOCK06/SES069/SA069S12	SES087	-2.29044	-7.50821	-5.21778
BLOCK06/SES069/SA069S12	SES206	-1.75879	-6.97657	-5.21778
BLOCK06/SES069/SA069S13	SES029	-2.98205	-7.66346	-4.68142
BLOCK06/SES069/SA069S13	SES087	-1.30086	-5.98228	-4.68142
BLOCK06/SES069/SA069S13	SES206	-2.33133	-7.01275	-4.68142
BLOCK06/SES069/SA069S13	SES226	-0.992051	-5.67347	-4.68142
BLOCK06/SES069/SA069S23	SES029	-1.52764	-5.03247	-3.50484
BLOCK06/SES069/SA069S23	SES087	-0.676842	-4.18168	-3.50484
BLOCK06/SES069/SA069S23	SES206	-1.90249	-5.40733	-3.50484
BLOCK06/SES069/SA069S23	SES226	-0.825781	-4.33062	-3.50484
BLOCK06/SES069/SA069S25	SES087	-1.97891	-7.22653	-5.24762
BLOCK06/SES069/SA069S25	SES206	-3.12549	-8.37311	-5.24762
BLOCK06/SES069/SA069S25	SES226	-1.66707	-6.91469	-5.24762
BLOCK06/SES069/SA069S25	SES270	-2.32422	-7.57184	-5.24762
BLOCK06/SES069/SA069S27	SES087	-2.25699	-8.2672	-6.01021
BLOCK06/SES069/SA069S27	SES206	-1.97433	-7.98454	-6.01021
BLOCK06/SES069/SA069S27	SES226	-1.53295	-7.54316	-6.01021
BLOCK06/SES069/SA069S27	SES270	-2.97426	-8.98447	-6.01021
BLOCK08/SES081/SA081S11	SES060	-3.46784	-9.52377	-6.05593
BLOCK08/SES081/SA081S11	SES062	-2.28727	-8.3432	-6.05593
BLOCK08/SES081/SA081S11	SES117	-3.54283	-9.59876	-6.05593
BLOCK08/SES081/SA081S11	SES162	-4.50141	-10.5573	-6.05593
BLOCK08/SES081/SA081S13	SES016	-2.88826	-7.85681	-4.96856
BLOCK08/SES081/SA081S13	SES060	-2.11292	-7.08147	-4.96856
BLOCK08/SES081/SA081S13	SES068	-2.44006	-7.40862	-4.96856
BLOCK08/SES081/SA081S13	SES129	-4.19625	-9.16481	-4.96856
BLOCK08/SES081/SA081S24	SES060	-1.84766	-7.44454	-5.59688
BLOCK08/SES081/SA081S24	SES068	-2.43969	-8.03656	-5.59688
BLOCK08/SES081/SA081S24	SES117	-2.86932	-8.4662	-5.59688
BLOCK08/SES081/SA081S24	SES275	-2.84827	-8.44515	-5.59688
BLOCK08/SES081/SA081S27	SES007	-2.94924	-10.7731	-7.82389
BLOCK08/SES081/SA081S27	SES060	-2.91289	-10.7368	-7.82389
BLOCK08/SES081/SA081S27	SES117	-3.04169	-10.8656	-7.82389
BLOCK08/SES081/SA081S27	SES275	-4.14663	-11.9705	-7.82389
BLOCK08/SES081/SA081S29	SES007	-2.61425	-10.6087	-7.99443
BLOCK08/SES081/SA081S29	SES060	-2.58903	-10.5835	-7.99443
BLOCK08/SES081/SA081S29	SES117	-2.80831	-10.8027	-7.99443
BLOCK08/SES081/SA081S29	SES275	-4.63203	-12.6265	-7.99443
BLOCK08/SES086/SA086S11	SES029	-4.67419	-13.2632	-8.58902
BLOCK08/SES086/SA086S11	SES082	-2.62716	-11.2162	-8.58902
BLOCK08/SES086/SA086S11	SES087	-1.78379	-10.3728	-8.58902
BLOCK08/SES086/SA086S11	SES206	-2.68443	-11.2735	-8.58902
BLOCK08/SES086/SA086S12	SES029	-3.40119	-11.0618	-7.66064
BLOCK08/SES086/SA086S12	SES082	-2.89239	-10.553	-7.66064
BLOCK08/SES086/SA086S12	SES087	-1.08332	-8.74396	-7.66064
BLOCK08/SES086/SA086S12	SES206	-2.05762	-9.71826	-7.66064
BLOCK08/SES086/SA086S20	SES029	-2.89753	-9.78393	-6.8864
BLOCK08/SES086/SA086S20	SES082	-2.65621	-9.54261	-6.8864
BLOCK08/SES086/SA086S20	SES087	-1.27605	-8.16245	-6.8864
BLOCK08/SES086/SA086S20	SES206	-1.38903	-8.27543	-6.8864
BLOCK08/SES086/SA086S24	SES087	-1.35363	-9.3404	-7.98677
BLOCK08/SES086/SA086S24	SES104	-1.72344	-9.71021	-7.98677
BLOCK08/SES086/SA086S24	SES120	-1.50175	-9.48852	-7.98677
BLOCK08/SES086/SA086S24	SES206	-1.18004	-9.16681	-7.98677
BLOCK08/SES086/SA086S28	SES029	-3.33312	-9.48941	-6.1563
BLOCK08/SES086/SA086S28	SES082	-2.05689	-8.21318	-6.1563
BLOCK08/SES086/SA086S28	SES087	-1.3479	-7.5042	-6.1563
BLOCK08/SES086/SA086S28	SES206	-1.59663	-7.75292	-6.1563
BLOCK08/SES089/SA089S13	SES087	-1.67577	-9.62255	-7.94678
BLOCK08/SES089/SA089S13	SES206	-2.36461	-10.3114	-7.94678
BLOCK08/SES089/SA089S13	SES226	-1.7481	-9.69488	-7.94678
BLOCK08/SES089/SA089S13	SES270	-2.08806	-10.0348	-7.94678
BLOCK08/SES089/SA089S14	SES062	-2.60842	-9.69879	-7.09036
BLOCK08/SES089/SA089S14	SES087	-1.16333	-8.2537	-7.09036
BLOCK08/SES089/SA089S14	SES206	-1.67143	-8.7618	-7.09036
BLOCK08/SES089/SA089S14	SES226	-2.35111	-9.44148	-7.09036
BLOCK08/SES089/SA089S23	SES087	-2.79599	-12.1603	-9.36432
BLOCK08/SES089/SA089S23	SES206	-3.05536	-12.4197	-9.36432
BLOCK08/SES089/SA089S23	SES226	-3.37966	-12.744	-9.36432
BLOCK08/SES089/SA089S23	SES270	-3.75959	-13.1239	-9.36432
BLOCK08/SES089/SA089S25	SES062	-2.44733	-9.74527	-7.29794
BLOCK08/SES089/SA089S25	SES087	-0.64699	-7.94493	-7.29794
BLOCK08/SES089/SA089S25	SES206	-2.00904	-9.30698	-7.29794
BLOCK08/SES089/SA089S25	SES226	-0.996181	-8.29412	-7.29794
BLOCK08/SES089/SA089S28	SES062	-2.25139	-8.81939	-6.568
BLOCK08/SES089/SA089S28	SES087	-0.940249	-7.50825	-6.568
BLOCK08/SES089/SA089S28	SES206	-1.96241	-8.53041	-6.568
BLOCK08/SES089/SA089S28	SES226	-1.22138	-7.78938	-6.568
BLOCK09/SES097/SA097S11	SES099	-1.31043	-8.50839	-7.19797
BLOCK09/SES097/SA097S11	SES125	-1.74602	-8.94399	-7.19797
BLOCK09/SES097/SA097S11	SES206	-1.81604	-9.01401	-7.19797
BLOCK09/SES097/SA097S11	SES226	-0.464547	-7.66251	-7.19797
BLOCK09/SES097/SA097S14	SES062	-3.2685	-9.22029	-5.95178
BLOCK09/SES097/SA097S14	SES099	-2.46223	-8.41401	-5.95178
BLOCK09/SES097/SA097S14	SES104	-2.19032	-8.1421	-5.95178
BLOCK09/SES097/SA097S14	SES206	-3.31448	-9.26627	-5.95178
BLOCK09/SES097/SA097S22	SES099	-1.2907	-8.31884	-7.02814
BLOCK09/SES097/SA097S22	SES206	-2.67916	-9.7073	-7.02814
BLOCK09/SES097/SA097S22	SES226	-2.08976	-9.1179	-7.02814
BLOCK09/SES097/SA097S22	SES270	-2.31846	-9.34661	-7.02814
BLOCK09/SES097/SA097S26	SES099	-0.47419	-8.00212	-7.52793
BLOCK09/SES097/SA097S26	SES120	-2.00299	-9.53091	-7.52793
BLOCK09/SES097/SA097S26	SES206	-2.7412	-10.2691	-7.52793
BLOCK09/SES097/SA097S26	SES226	-1.17544	-8.70337	-7.52793
BLOCK09/SES097/SA097S28	SES099	-0.605746	-6.86602	-6.26027
BLOCK09/SES097/SA097S28	SES120	-2.32336	-8.58363	-6.26027
BLOCK09/SES097/SA097S28	SES206	-2.15172	-8.41199	-6.26027
BLOCK09/SES097/SA097S28	SES226	-2.09724	-8.35752	-6.26027
BLOCK09/SES098/SA098S11	SES127	-3.19546	-9.10124	-5.90577
BLOCK09/SES098/SA098S11	SES144	-2.6979	-8.60367	-5.90577
BLOCK09/SES098/SA098S11	SES147	-2.32852	-8.23429	-5.90577
BLOCK09/SES098/SA098S11	SES148	-4.18522	-10.091	-5.90577
BLOCK09/SES098/SA098S12	SES127	-4.57121	-11.9526	-7.38135
BLOCK09/SES098/SA098S12	SES144	-4.03656	-11.4179	-7.38135
BLOCK09/SES098/SA098S12	SES147	-3.30077	-10.6821	-7.38135
BLOCK09/SES098/SA098S12	SES189	-3.88546	-11.2668	-7.38135
BLOCK09/SES098/SA098S20	SES127	-5.20633	-13.1468	-7.94048
BLOCK09/SES098/SA098S20	SES147	-4.97222	-12.9127	-7.94048
BLOCK09/SES098/SA098S20	SES148	-6.88365	-14.8241	-7.94048
BLOCK09/SES098/SA098S20	SES292	-2.51032	-10.4508	-7.94048
BLOCK09/SES098/SA098S23	SES127	-3.2892	-10.1475	-6.8583
BLOCK09/SES098/SA098S23	SES147	-3.12349	-9.98179	-6.8583
BLOCK09/SES098/SA098S23	SES187	-2.5519	-9.4102	-6.8583
BLOCK09/SES098/SA098S23	SES292	-2.99098	-9.84928	-6.8583
BLOCK09/SES098/SA098S27	SES127	-5.00871	-12.2756	-7.26687
BLOCK09/SES098/SA098S27	SES147	-3.65577	-10.9226	-7.26687
BLOCK09/SES098/SA098S27	SES148	-4.85797	-12.1248	-7.26687
BLOCK09/SES098/SA098S27	SES292	-2.42411	-9.69098	-7.26687
BLOCK10/SES102/SA102S13	SES101	-2.23736	-10.5691	-8.33175
BLOCK10/SES102/SA102S13	SES105	-2.8996	-11.2313	-8.33175
BLOCK10/SES102/SA102S13	SES120	-3.69488	-12.0266	-8.33175
BLOCK10/SES102/SA102S13	SES158	-1.71891	-10.0507	-8.33175
BLOCK10/SES102/SA102S14	SES007	-1.63093	-6.04076	-4.40983
BLOCK10/SES102/SA102S14	SES101	-3.28028	-7.69011	-4.40983
BLOCK10/SES102/SA102S14	SES105	-3.17322	-7.58305	-4.40983
BLOCK10/SES102/SA102S14	SES147	-4.2115	-8.62133	-4.40983
BLOCK10/SES102/SA102S22	SES007	-2.55924	-7.84593	-5.28669
BLOCK10/SES102/SA102S22	SES101	-2.49466	-7.78135	-5.28669
BLOCK10/SES102/SA102S22	SES105	-2.43293	-7.71962	-5.28669
BLOCK10/SES102/SA102S22	SES158	-2.66087	-7.94756	-5.28669
BLOCK10/SES102/SA102S25	SES007	-2.10837	-7.3866	-5.27823
BLOCK10/SES102/SA102S25	SES101	-2.06866	-7.34689	-5.27823
BLOCK10/SES102/SA102S25	SES105	-2.6945	-7.97273	-5.27823
BLOCK10/SES102/SA102S25	SES147	-3.87935	-9.15758	-5.27823
BLOCK10/SES102/SA102S27	SES007	-1.66766	-6.78785	-5.12019
BLOCK10/SES102/SA102S27	SES101	-1.76601	-6.88621	-5.12019
BLOCK10/SES102/SA102S27	SES105	-2.705	-7.8252	-5.12019
BLOCK10/SES102/SA102S27	SES147	-3.32873	-8.44892	-5.12019
BLOCK10/SES103/SA103S14	SES105	-2.94899	-11.5669	-8.61788
BLOCK10/SES103/SA103S14	SES106	-3.5885	-12.2064	-8.61788
BLOCK10/SES103/SA103S14	SES120	-3.98786	-12.6057	-8.61788
BLOCK10/SES103/SA103S14	SES206	-2.83929	-11.4572	-8.61788
BLOCK10/SES103/SA103S15	SES099	-3.38453	-13.4702	-10.0856
BLOCK10/SES103/SA103S15	SES101	-3.06904	-13.1547	-10.0856
BLOCK10/SES103/SA103S15	SES104	-3.13491	-13.2205	-10.0856
BLOCK10/SES103/SA103S15	SES125	-4.85374	-14.9394	-10.0856
BLOCK10/SES103/SA103S24	SES104	-2.83706	-9.46624	-6.62918
BLOCK10/SES103/SA103S24	SES125	-5.3628	-11.992	-6.62918
BLOCK10/SES103/SA103S24	SES148	-4.01402	-10.6432	-6.62918
BLOCK10/SES103/SA103S24	SES158	-3.37836	-10.0075	-6.62918
BLOCK10/SES103/SA103S26	SES104	-2.56272	-10.5989	-8.03621
BLOCK10/SES103/SA103S26	SES106	-2.96447	-11.0007	-8.03621
BLOCK10/SES103/SA103S26	SES125	-3.75894	-11.7951	-8.03621
BLOCK10/SES103/SA103S26	SES148	-5.67455	-13.7108	-8.03621
BLOCK10/SES103/SA103S28	SES104	-3.38368	-12.3717	-8.98802
BLOCK10/SES103/SA103S28	SES106	-5.44392	-14.4319	-8.98802
BLOCK10/SES103/SA103S28	SES125	-5.29301	-14.281	-8.98802
BLOCK10/SES103/SA103S28	SES206	-3.61895	-12.607	-8.98802
BLOCK12/SES121/SA121S12	SES042	-3.06782	-10.2772	-7.20938
BLOCK12/SES121/SA121S12	SES087	-2.08656	-9.29595	-7.20938
BLOCK12/SES121/SA121S12	SES105	-1.93928	-9.14867	-7.20938
BLOCK12/SES121/SA121S12	SES206	-1.44434	-8.65372	-7.20938
BLOCK12/SES121/SA121S14	SES007	-3.10539	-13.1336	-10.0282
BLOCK12/SES121/SA121S14	SES105	-3.54936	-13.5776	-10.0282
BLOCK12/SES121/SA121S14	SES106	-3.21239	-13.2406	-10.0282
BLOCK12/SES121/SA121S14	SES206	-2.29942	-12.3276	-10.0282
BLOCK12/SES121/SA121S23	SES105	-3.04572	-12.1831	-9.13734
BLOCK12/SES121/SA121S23	SES106	-3.08696	-12.2243	-9.13734
BLOCK12/SES121/SA121S23	SES120	-2.47851	-11.6158	-9.13734
BLOCK12/SES121/SA121S23	SES206	-1.10843	-10.2458	-9.13734
BLOCK12/SES121/SA121S25	SES007	-2.16788	-12.1139	-9.94598
BLOCK12/SES121/SA121S25	SES105	-3.40495	-13.3509	-9.94598
BLOCK12/SES121/SA121S25	SES106	-1.62954	-11.5755	-9.94598
BLOCK12/SES121/SA121S25	SES206	-2.05596	-12.0019	-9.94598
BLOCK12/SES121/SA121S27	SES087	-1.68641	-11.4806	-9.7942
BLOCK12/SES121/SA121S27	SES105	-3.8906	-13.6848	-9.7942
BLOCK12/SES121/SA121S27	SES120	-1.71128	-11.5055	-9.7942
BLOCK12/SES121/SA121S27	SES206	-1.07142	-10.8656	-9.7942
BLOCK12/SES124/SA124S16	SES042	-1.38794	-7.31611	-5.92818
BLOCK12/SES124/SA124S16	SES082	-2.00249	-7.93066	-5.92818
BLOCK12/SES124/SA124S16	SES183	-1.87771	-7.80588	-5.92818
BLOCK12/SES124/SA124S16	SES206	-2.25251	-8.18069	-5.92818
BLOCK12/SES124/SA124S17	SES105	-2.83591	-10.7395	-7.90361
BLOCK12/SES124/SA124S17	SES149	-2.34626	-10.2499	-7.90361
BLOCK12/SES124/SA124S17	SES158	-2.87676	-10.7804	-7.90361
BLOCK12/SES124/SA124S17	SES275	-2.16516	-10.0688	-7.90361
BLOCK12/SES124/SA124S23	SES105	-3.85257	-9.09016	-5.23759
BLOCK12/SES124/SA124S23	SES125	-0.374026	-5.61162	-5.23759
BLOCK12/SES124/SA124S23	SES129	-3.88412	-9.12172	-5.23759
BLOCK12/SES124/SA124S23	SES158	-2.45799	-7.69558	-5.23759
BLOCK12/SES124/SA124S26	SES105	-3.89544	-10.8521	-6.95665
BLOCK12/SES124/SA124S26	SES125	-2.28021	-9.23686	-6.95665
BLOCK12/SES124/SA124S26	SES129	-2.82327	-9.77992	-6.95665
BLOCK12/SES124/SA124S26	SES158	-1.68716	-8.64381	-6.95665
BLOCK12/SES124/SA124S28	SES104	-0.827854	-6.51013	-5.68227
BLOCK12/SES124/SA124S28	SES106	-1.33507	-7.01734	-5.68227
BLOCK12/SES124/SA124S28	SES125	-0.585774	-6.26805	-5.68227
BLOCK12/SES124/SA124S28	SES275	-3.24232	-8.92459	-5.68227
BLOCK12/SES126/SA126S13	SES007	-2.64785	-9.8488	-7.20095
BLOCK12/SES126/SA126S13	SES162	-3.56819	-10.7691	-7.20095
BLOCK12/SES126/SA126S13	SES177	-2.5047	-9.70566	-7.20095
BLOCK12/SES126/SA126S13	SES180	-3.02333	-10.2243	-7.20095
BLOCK12/SES126/SA126S14	SES144	-2.72863	-8.54661	-5.81798
BLOCK12/SES126/SA126S14	SES148	-3.38874	-9.20673	-5.81798
BLOCK12/SES126/SA126S14	SES177	-2.38983	-8.20781	-5.81798
BLOCK12/SES126/SA126S14	SES180	-2.3282	-8.14618	-5.81798
BLOCK12/SES126/SA126S20	SES007	-2.90777	-6.87132	-3.96355
BLOCK12/SES126/SA126S20	SES162	-2.68314	-6.64669	-3.96355
BLOCK12/SES126/SA126S20	SES172	-3.03718	-7.00074	-3.96355
BLOCK12/SES126/SA126S20	SES180	-2.09194	-6.0555	-3.96355
BLOCK12/SES126/SA126S24	SES120	-2.0091	-7.37375	-5.36465
BLOCK12/SES126/SA126S24	SES162	-3.21369	-8.57834	-5.36465
BLOCK12/SES126/SA126S24	SES177	-2.05844	-7.42309	-5.36465
BLOCK12/SES126/SA126S24	SES180	-2.45105	-7.81571	-5.36465
BLOCK12/SES126/SA126S26	SES120	-1.52341	-7.00346	-5.48005
BLOCK12/SES126/SA126S26	SES177	-2.35686	-7.83691	-5.48005
BLOCK12/SES126/SA126S26	SES180	-2.02384	-7.50389	-5.48005
BLOCK12/SES126/SA126S26	SES202	-2.47277	-7.95282	-5.48005
BLOCK12/SES128/SA128S10	SES087	-2.37139	-8.69854	-6.32715
BLOCK12/SES128/SA128S10	SES206	-1.97072	-8.29787	-6.32715
BLOCK12/SES128/SA128S10	SES226	-1.88359	-8.21075	-6.32715
BLOCK12/SES128/SA128S10	SES270	-2.39503	-8.72218	-6.32715
BLOCK12/SES128/SA128S12	SES120	-1.82878	-8.6469	-6.81812
BLOCK12/SES128/SA128S12	SES158	-3.15401	-9.97213	-6.81812
BLOCK12/SES128/SA128S12	SES206	-2.01869	-8.83681	-6.81812
BLOCK12/SES128/SA128S12	SES226	-3.42422	-10.2423	-6.81812
BLOCK12/SES128/SA128S21	SES106	-4.43358	-10.4837	-6.05015
BLOCK12/SES128/SA128S21	SES120	-2.60845	-8.6586	-6.05015
BLOCK12/SES128/SA128S21	SES206	-2.27448	-8.32464	-6.05015
BLOCK12/SES128/SA128S21	SES226	-1.70712	-7.75727	-6.05015
BLOCK12/SES128/SA128S24	SES087	-2.54249	-9.70557	-7.16308
BLOCK12/SES128/SA128S24	SES120	-1.99108	-9.15417	-7.16308
BLOCK12/SES128/SA128S24	SES206	-2.03256	-9.19564	-7.16308
BLOCK12/SES128/SA128S24	SES226	-2.35685	-9.51993	-7.16308
BLOCK12/SES128/SA128S27	SES099	-2.61712	-8.59569	-5.97858
BLOCK12/SES128/SA128S27	SES120	-2.22314	-8.20172	-5.97858
BLOCK12/SES128/SA128S27	SES206	-2.42466	-8.40324	-5.97858
BLOCK12/SES128/SA128S27	SES226	-2.88099	-8.85956	-5.97858
BLOCK13/SES130/SA130S13	SES143	-1.99698	-8.87407	-6.87708
BLOCK13/SES130/SA130S13	SES144	-0.734152	-7.61124	-6.87708
BLOCK13/SES130/SA130S13	SES146	-3.21325	-10.0903	-6.87708
BLOCK13/SES130/SA130S13	SES275	-2.8808	-9.75789	-6.87708
BLOCK13/SES130/SA130S15	SES143	-2.0239	-7.00935	-4.98545
BLOCK13/SES130/SA130S15	SES144	-1.46121	-6.44666	-4.98545
BLOCK13/SES130/SA130S15	SES146	-2.4871	-7.47255	-4.98545
BLOCK13/SES130/SA130S15	SES275	-2.49124	-7.47669	-4.98545
BLOCK13/SES130/SA130S23	SES127	-2.2864	-7.85721	-5.57081
BLOCK13/SES130/SA130S23	SES144	-1.60864	-7.17945	-5.57081
BLOCK13/SES130/SA130S23	SES146	-1.87902	-7.44983	-5.57081
BLOCK13/SES130/SA130S23	SES162	-1.73909	-7.3099	-5.57081
BLOCK13/SES130/SA130S25	SES127	-2.28579	-5.87607	-3.59028
BLOCK13/SES130/SA130S25	SES144	-1.58457	-5.17486	-3.59028
BLOCK13/SES130/SA130S25	SES146	-1.6541	-5.24438	-3.59028
BLOCK13/SES130/SA130S25	SES275	-2.75843	-6.34872	-3.59028
BLOCK13/SES130/SA130S28	SES127	-2.24651	-8.14848	-5.90197
BLOCK13/SES130/SA130S28	SES144	-2.56687	-8.46884	-5.90197
BLOCK13/SES130/SA130S28	SES146	-1.74912	-7.65109	-5.90197
BLOCK13/SES130/SA130S28	SES275	-2.36015	-8.26213	-5.90197
BLOCK13/SES131/SA131S13	SES002	-2.85806	-10.6239	-7.76586
BLOCK13/SES131/SA131S13	SES007	-2.72684	-10.4927	-7.76586
BLOCK13/SES131/SA131S13	SES099	-1.94769	-9.71354	-7.76586
BLOCK13/SES131/SA131S13	SES105	-1.85555	-9.6214	-7.76586
BLOCK13/SES131/SA131S14	SES104	-1.73142	-5.64427	-3.91285
BLOCK13/SES131/SA131S14	SES106	-3.56806	-7.48091	-3.91285
BLOCK13/SES131/SA131S14	SES125	-2.22583	-6.13868	-3.91285
BLOCK13/SES131/SA131S14	SES148	-0.763733	-4.67658	-3.91285
BLOCK13/SES131/SA131S20	SES104	-3.65544	-11.27	-7.61453
BLOCK13/SES131/SA131S20	SES106	-3.79155	-11.4061	-7.61453
BLOCK13/SES131/SA131S20	SES125	-3.64095	-11.2555	-7.61453
BLOCK13/SES131/SA131S20	SES148	-3.01101	-10.6255	-7.61453
BLOCK13/SES131/SA131S22	SES099	-3.38745	-9.3456	-5.95816
BLOCK13/SES131/SA131S22	SES104	-1.97613	-7.93429	-5.95816
BLOCK13/SES131/SA131S22	SES125	-1.9759	-7.93406	-5.95816
BLOCK13/SES131/SA131S22	SES206	-2.79058	-8.74874	-5.95816
BLOCK13/SES131/SA131S29	SES087	-2.61674	-9.79667	-7.17993
BLOCK13/SES131/SA131S29	SES104	-4.18738	-11.3673	-7.17993
BLOCK13/SES131/SA131S29	SES125	-5.00433	-12.1843	-7.17993
BLOCK13/SES131/SA131S29	SES206	-3.90853	-11.0885	-7.17993
BLOCK13/SES132/SA132S11	SES083	-3.68956	-10.7199	-7.03035
BLOCK13/SES132/SA132S11	SES120	-2.09646	-9.12681	-7.03035
BLOCK13/SES132/SA132S11	SES127	-4.54961	-11.58	-7.03035
BLOCK13/SES132/SA132S11	SES275	-3.68888	-10.7192	-7.03035
BLOCK13/SES132/SA132S12	SES083	-3.9554	-9.42962	-5.47422
BLOCK13/SES132/SA132S12	SES143	-4.111	-9.58523	-5.47422
BLOCK13/SES132/SA132S12	SES144	-3.10563	-8.57985	-5.47422
BLOCK13/SES132/SA132S12	SES148	-3.36077	-8.83499	-5.47422
BLOCK13/SES132/SA132S22	SES062	-2.76278	-9.02943	-6.26664
BLOCK13/SES132/SA132S22	SES083	-3.47669	-9.74333	-6.26664
BLOCK13/SES132/SA132S22	SES127	-3.74809	-10.0147	-6.26664
BLOCK13/SES132/SA132S22	SES275	-3.51173	-9.77837	-6.26664
BLOCK13/SES132/SA132S24	SES007	-2.54439	-7.72928	-5.18489
BLOCK13/SES132/SA132S24	SES083	-4.21687	-9.40176	-5.18489
BLOCK13/SES132/SA132S24	SES127	-4.56507	-9.74996	-5.18489
BLOCK13/SES132/SA132S24	SES275	-3.11547	-8.30036	-5.18489
BLOCK13/SES132/SA132S27	SES083	-4.71118	-12.3398	-7.62867
BLOCK13/SES132/SA132S27	SES120	-1.31604	-8.94471	-7.62867
BLOCK13/SES132/SA132S27	SES127	-6.00334	-13.632	-7.62867
BLOCK13/SES132/SA132S27	SES275	-3.83732	-11.466	-7.62867
BLOCK14/SES141/SA141S09	SES143	-2.71243	-7.68723	-4.97479
BLOCK14/SES141/SA141S09	SES144	-1.90168	-6.87648	-4.97479
BLOCK14/SES141/SA141S09	SES162	-2.4332	-7.40799	-4.97479
BLOCK14/SES141/SA141S09	SES180	-2.19593	-7.17073	-4.97479
BLOCK14/SES141/SA141S15	SES127	-2.10279	-8.1257	-6.02291
BLOCK14/SES141/SA141S15	SES144	-2.26509	-8.28799	-6.02291
BLOCK14/SES141/SA141S15	SES162	-3.15061	-9.17352	-6.02291
BLOCK14/SES141/SA141S15	SES180	-2.043	-8.06591	-6.02291
BLOCK14/SES141/SA141S24	SES127	-2.94758	-9.28307	-6.33549
BLOCK14/SES141/SA141S24	SES144	-3.61043	-9.94592	-6.33549
BLOCK14/SES141/SA141S24	SES162	-3.02265	-9.35814	-6.33549
BLOCK14/SES141/SA141S24	SES183	-3.07321	-9.4087	-6.33549
BLOCK14/SES141/SA141S26	SES142	-1.49114	-8.58307	-7.09193
BLOCK14/SES141/SA141S26	SES144	-2.8372	-9.92914	-7.09193
BLOCK14/SES141/SA141S26	SES172	-1.80614	-8.89807	-7.09193
BLOCK14/SES141/SA141S26	SES180	-2.53255	-9.62448	-7.09193
BLOCK14/SES141/SA141S29	SES127	-2.42385	-7.83564	-5.41179
BLOCK14/SES141/SA141S29	SES142	-2.10639	-7.51818	-5.41179
BLOCK14/SES141/SA141S29	SES144	-2.69081	-8.1026	-5.41179
BLOCK14/SES141/SA141S29	SES180	-2.41914	-7.83093	-5.41179
BLOCK15/SES157/SA157S08	SES083	-2.08046	-7.45597	-5.37551
BLOCK15/SES157/SA157S08	SES127	-1.71285	-7.08836	-5.37551
BLOCK15/SES157/SA157S08	SES148	-1.9074	-7.28292	-5.37551
BLOCK15/SES157/SA157S08	SES292	-2.38304	-7.75855	-5.37551
BLOCK15/SES157/SA157S11	SES083	-2.74341	-8.40946	-5.66606
BLOCK15/SES157/SA157S11	SES127	-2.52693	-8.19298	-5.66606
BLOCK15/SES157/SA157S11	SES148	-2.90479	-8.57085	-5.66606
BLOCK15/SES157/SA157S11	SES292	-2.3633	-8.02936	-5.66606
BLOCK15/SES157/SA157S21	SES127	-0.936953	-5.50155	-4.5646
BLOCK15/SES157/SA157S21	SES148	-0.850286	-5.41488	-4.5646
BLOCK15/SES157/SA157S21	SES158	-4.97049	-9.53509	-4.5646
BLOCK15/SES157/SA157S21	SES292	-2.06204	-6.62664	-4.5646
BLOCK15/SES157/SA157S24	SES127	-2.06797	-8.76657	-6.6986
BLOCK15/SES157/SA157S24	SES148	-2.11165	-8.81025	-6.6986
BLOCK15/SES157/SA157S24	SES183	-2.62489	-9.32349	-6.6986
BLOCK15/SES157/SA157S24	SES292	-2.79007	-9.48867	-6.6986
BLOCK15/SES157/SA157S26	SES007	-1.76461	-7.27841	-5.5138
BLOCK15/SES157/SA157S26	SES127	-0.880601	-6.39441	-5.5138
BLOCK15/SES157/SA157S26	SES147	-1.95271	-7.46652	-5.5138
BLOCK15/SES157/SA157S26	SES148	-2.20463	-7.71844	-5.5138
BLOCK16/SES161/SA161S10	SES007	-2.1837	-8.6931	-6.5094
BLOCK16/SES161/SA161S10	SES105	-1.90308	-8.41248	-6.5094
BLOCK16/SES161/SA161S10	SES158	-2.251	-8.7604	-6.5094
BLOCK16/SES161/SA161S10	SES275	-2.28817	-8.79757	-6.5094
BLOCK16/SES161/SA161S12	SES007	-4.48557	-12.4421	-7.95654
BLOCK16/SES161/SA161S12	SES105	-3.52973	-11.4863	-7.95654
BLOCK16/SES161/SA161S12	SES158	-3.81501	-11.7716	-7.95654
BLOCK16/SES161/SA161S12	SES275	-4.11409	-12.0706	-7.95654
BLOCK16/SES161/SA161S20	SES007	-2.59605	-11.1914	-8.59531
BLOCK16/SES161/SA161S20	SES105	-3.30535	-11.9007	-8.59531
BLOCK16/SES161/SA161S20	SES158	-1.40646	-10.0018	-8.59531
BLOCK16/SES161/SA161S20	SES275	-4.31686	-12.9122	-8.59531
BLOCK16/SES161/SA161S23	SES007	-5.66751	-13.2719	-7.60439
BLOCK16/SES161/SA161S23	SES105	-3.15055	-10.7549	-7.60439
BLOCK16/SES161/SA161S23	SES148	-4.31611	-11.9205	-7.60439
BLOCK16/SES161/SA161S23	SES158	-5.32881	-12.9332	-7.60439
BLOCK16/SES161/SA161S28	SES007	-2.53318	-10.9248	-8.39165
BLOCK16/SES161/SA161S28	SES105	-4.50443	-12.8961	-8.39165
BLOCK16/SES161/SA161S28	SES158	-2.01916	-10.4108	-8.39165
BLOCK16/SES161/SA161S28	SES206	-2.45578	-10.8474	-8.39165
BLOCK16/SES164/SA164S11	SES104	-1.89243	-8.46499	-6.57256
BLOCK16/SES164/SA164S11	SES125	-1.93743	-8.50999	-6.57256
BLOCK16/SES164/SA164S11	SES158	-3.61058	-10.1831	-6.57256
BLOCK16/SES164/SA164S11	SES206	-2.32235	-8.89491	-6.57256
BLOCK16/SES164/SA164S13	SES099	-2.44574	-9.63285	-7.18711
BLOCK16/SES164/SA164S13	SES104	-1.79261	-8.97972	-7.18711
BLOCK16/SES164/SA164S13	SES125	-2.71723	-9.90434	-7.18711
BLOCK16/SES164/SA164S13	SES206	-3.0803	-10.2674	-7.18711
BLOCK16/SES164/SA164S24	SES002	-0.878016	-7.44371	-6.56569
BLOCK16/SES164/SA164S24	SES099	-2.40813	-8.97382	-6.56569
BLOCK16/SES164/SA164S24	SES125	-2.16963	-8.73532	-6.56569
BLOCK16/SES164/SA164S24	SES226	-0.749554	-7.31524	-6.56569
BLOCK16/SES164/SA164S27	SES087	-2.16624	-9.6061	-7.43986
BLOCK16/SES164/SA164S27	SES125	-3.13241	-10.5723	-7.43986
BLOCK16/SES164/SA164S27	SES206	-3.66228	-11.1021	-7.43986
BLOCK16/SES164/SA164S27	SES226	-2.23615	-9.67601	-7.43986
BLOCK16/SES164/SA164S29	SES002	-1.59531	-7.68993	-6.09462
BLOCK16/SES164/SA164S29	SES019	-3.64286	-9.73749	-6.09462
BLOCK16/SES164/SA164S29	SES125	-2.28261	-8.37723	-6.09462
BLOCK16/SES164/SA164S29	SES226	-2.08827	-8.18289	-6.09462
BLOCK16/SES169/SA169S13	SES117	-2.79602	-9.41532	-6.6193
BLOCK16/SES169/SA169S13	SES144	-2.62851	-9.24782	-6.6193
BLOCK16/SES169/SA169S13	SES146	-2.13568	-8.75499	-6.6193
BLOCK16/SES169/SA169S13	SES162	-2.45843	-9.07773	-6.6193
BLOCK16/SES169/SA169S14	SES144	-2.39546	-6.81809	-4.42263
BLOCK16/SES169/SA169S14	SES148	-1.90285	-6.32548	-4.42263
BLOCK16/SES169/SA169S14	SES177	-1.90169	-6.32432	-4.42263
BLOCK16/SES169/SA169S14	SES180	-2.09298	-6.51561	-4.42263
BLOCK16/SES169/SA169S24	SES117	-1.89186	-8.47669	-6.58484
BLOCK16/SES169/SA169S24	SES144	-2.17923	-8.76407	-6.58484
BLOCK16/SES169/SA169S24	SES146	-2.18105	-8.76589	-6.58484
BLOCK16/SES169/SA169S24	SES162	-1.96825	-8.55308	-6.58484
BLOCK16/SES169/SA169S27	SES127	-2.45061	-8.48984	-6.03923
BLOCK16/SES169/SA169S27	SES129	-2.37147	-8.4107	-6.03923
BLOCK16/SES169/SA169S27	SES144	-2.43379	-8.47302	-6.03923
BLOCK16/SES169/SA169S27	SES146	-2.25889	-8.29812	-6.03923
BLOCK16/SES169/SA169S29	SES144	-2.01684	-6.55982	-4.54299
BLOCK16/SES169/SA169S29	SES162	-2.15403	-6.69702	-4.54299
BLOCK16/SES169/SA169S29	SES177	-2.19302	-6.73601	-4.54299
BLOCK16/SES169/SA169S29	SES180	-1.75705	-6.30004	-4.54299
BLOCK17/SES171/SA171S12	SES083	-2.16957	-8.88627	-6.71669
BLOCK17/SES171/SA171S12	SES148	-2.51478	-9.23147	-6.71669
BLOCK17/SES171/SA171S12	SES172	-2.2534	-8.97009	-6.71669
BLOCK17/SES171/SA171S12	SES292	-2.22869	-8.94538	-6.71669
BLOCK17/SES171/SA171S15	SES148	-3.39731	-10.0072	-6.60987
BLOCK17/SES171/SA171S15	SES177	-2.28987	-8.89973	-6.60987
BLOCK17/SES171/SA171S15	SES180	-4.07953	-10.6894	-6.60987
BLOCK17/SES171/SA171S15	SES292	-2.46998	-9.07985	-6.60987
BLOCK17/SES171/SA171S22	SES007	-1.97175	-5.63967	-3.66792
BLOCK17/SES171/SA171S22	SES148	-1.35591	-5.02384	-3.66792
BLOCK17/SES171/SA171S22	SES177	-1.57404	-5.24197	-3.66792
BLOCK17/SES171/SA171S22	SES180	-2.82058	-6.4885	-3.66792
BLOCK17/SES171/SA171S25	SES101	-2.89565	-9.45814	-6.56249
BLOCK17/SES171/SA171S25	SES120	-4.57112	-11.1336	-6.56249
BLOCK17/SES171/SA171S25	SES177	-2.81578	-9.37827	-6.56249
BLOCK17/SES171/SA171S25	SES180	-3.15373	-9.71622	-6.56249
BLOCK17/SES171/SA171S27	SES177	-2.43509	-9.39968	-6.9646
BLOCK17/SES171/SA171S27	SES180	-3.46001	-10.4246	-6.9646
BLOCK17/SES171/SA171S27	SES189	-2.21727	-9.18186	-6.9646
BLOCK17/SES171/SA171S27	SES292	-2.34277	-9.30736	-6.9646
BLOCK17/SES173/SA173S13	SES162	-4.02464	-10.2596	-6.235
BLOCK17/SES173/SA173S13	SES177	-3.002	-9.237	-6.235
BLOCK17/SES173/SA173S13	SES180	-2.33847	-8.57347	-6.235
BLOCK17/SES173/SA173S13	SES292	-1.61045	-7.84545	-6.235
BLOCK17/SES173/SA173S14	SES007	-3.09965	-9.07515	-5.9755
BLOCK17/SES173/SA173S14	SES162	-4.00502	-9.98051	-5.9755
BLOCK17/SES173/SA173S14	SES177	-2.56862	-8.54412	-5.9755
BLOCK17/SES173/SA173S14	SES180	-2.8974	-8.8729	-5.9755
BLOCK17/SES173/SA173S24	SES144	-3.47171	-10.1882	-6.71648
BLOCK17/SES173/SA173S24	SES162	-3.76445	-10.4809	-6.71648
BLOCK17/SES173/SA173S24	SES177	-1.9785	-8.69498	-6.71648
BLOCK17/SES173/SA173S24	SES180	-3.50691	-10.2234	-6.71648
BLOCK17/SES173/SA173S27	SES162	-5.09771	-12.0255	-6.92776
BLOCK17/SES173/SA173S27	SES177	-3.03265	-9.96041	-6.92776
BLOCK17/SES173/SA173S27	SES180	-3.62756	-10.5553	-6.92776
BLOCK17/SES173/SA173S27	SES292	-1.97592	-8.90368	-6.92776
BLOCK17/SES173/SA173S29	SES162	-3.45452	-8.46844	-5.01392
BLOCK17/SES173/SA173S29	SES175	-1.71256	-6.72648	-5.01392
BLOCK17/SES173/SA173S29	SES177	-1.80749	-6.82141	-5.01392
BLOCK17/SES173/SA173S29	SES292	-1.36933	-6.38325	-5.01392
BLOCK18/SES182/SA182S10	SES144	-2.71501	-8.38898	-5.67397
BLOCK18/SES182/SA182S10	SES177	-2.39028	-8.06425	-5.67397
BLOCK18/SES182/SA182S10	SES180	-3.63848	-9.31245	-5.67397
BLOCK18/SES182/SA182S10	SES275	-3.15255	-8.82653	-5.67397
BLOCK18/SES182/SA182S12	SES144	-2.35168	-7.73138	-5.3797
BLOCK18/SES182/SA182S12	SES177	-2.08586	-7.46556	-5.3797
BLOCK18/SES182/SA182S12	SES180	-4.08123	-9.46093	-5.3797
BLOCK18/SES182/SA182S12	SES275	-2.13223	-7.51193	-5.3797
BLOCK18/SES182/SA182S21	SES117	-2.76576	-10.2235	-7.45771
BLOCK18/SES182/SA182S21	SES144	-2.97487	-10.4326	-7.45771
BLOCK18/SES182/SA182S21	SES162	-2.75389	-10.2116	-7.45771
BLOCK18/SES182/SA182S21	SES180	-3.82425	-11.282	-7.45771
BLOCK18/SES182/SA182S23	SES117	-3.5083	-11.7716	-8.26331
BLOCK18/SES182/SA182S23	SES144	-4.58306	-12.8464	-8.26331
BLOCK18/SES182/SA182S23	SES180	-5.51921	-13.7825	-8.26331
BLOCK18/SES182/SA182S23	SES275	-5.0134	-13.2767	-8.26331
BLOCK18/SES182/SA182S25	SES007	-1.44296	-8.29223	-6.84927
BLOCK18/SES182/SA182S25	SES162	-2.13585	-8.98512	-6.84927
BLOCK18/SES182/SA182S25	SES177	-1.63173	-8.481	-6.84927
BLOCK18/SES182/SA182S25	SES180	-3.69706	-10.5463	-6.84927
BLOCK18/SES184/SA184S12	SES177	-1.54421	-6.73268	-5.18847
BLOCK18/SES184/SA184S12	SES180	-1.63404	-6.82251	-5.18847
BLOCK18/SES184/SA184S12	SES189	-3.32206	-8.51053	-5.18847
BLOCK18/SES184/SA184S12	SES292	-2.06454	-7.25301	-5.18847
BLOCK18/SES184/SA184S13	SES101	-2.04576	-7.79304	-5.74728
BLOCK18/SES184/SA184S13	SES177	-2.49149	-8.23877	-5.74728
BLOCK18/SES184/SA184S13	SES180	-2.34548	-8.09276	-5.74728
BLOCK18/SES184/SA184S13	SES292	-2.69528	-8.44256	-5.74728
BLOCK18/SES184/SA184S22	SES177	-2.29156	-7.61134	-5.31978
BLOCK18/SES184/SA184S22	SES180	-1.82799	-7.14777	-5.31978
BLOCK18/SES184/SA184S22	SES189	-3.23392	-8.5537	-5.31978
BLOCK18/SES184/SA184S22	SES292	-2.79918	-8.11896	-5.31978
BLOCK18/SES184/SA184S25	SES101	-2.20484	-7.47318	-5.26834
BLOCK18/SES184/SA184S25	SES177	-2.9913	-8.25964	-5.26834
BLOCK18/SES184/SA184S25	SES180	-2.35471	-7.62305	-5.26834
BLOCK18/SES184/SA184S25	SES292	-2.25064	-7.51898	-5.26834
BLOCK18/SES184/SA184S27	SES083	-2.49131	-8.21124	-5.71993
BLOCK18/SES184/SA184S27	SES177	-2.53083	-8.25076	-5.71993
BLOCK18/SES184/SA184S27	SES202	-2.34137	-8.0613	-5.71993
BLOCK18/SES184/SA184S27	SES292	-2.56627	-8.2862	-5.71993
BLOCK20/SES204/SA204S12	SES062	-2.6662	-7.64963	-4.98343
BLOCK20/SES204/SA204S12	SES083	-3.76929	-8.75272	-4.98343
BLOCK20/SES204/SA204S12	SES206	-2.98243	-7.96586	-4.98343
BLOCK20/SES204/SA204S12	SES226	-3.28606	-8.26949	-4.98343
BLOCK20/SES204/SA204S14	SES068	-2.3279	-6.17134	-3.84344
BLOCK20/SES204/SA204S14	SES087	-1.66888	-5.51231	-3.84344
BLOCK20/SES204/SA204S14	SES206	-2.2067	-6.05014	-3.84344
BLOCK20/SES204/SA204S14	SES226	-3.07435	-6.91779	-3.84344
BLOCK20/SES204/SA204S22	SES068	-3.00262	-8.35294	-5.35032
BLOCK20/SES204/SA204S22	SES082	-2.85358	-8.2039	-5.35032
BLOCK20/SES204/SA204S22	SES083	-4.83604	-10.1864	-5.35032
BLOCK20/SES204/SA204S22	SES206	-2.4602	-7.81052	-5.35032
BLOCK20/SES204/SA204S25	SES062	-2.47179	-7.72557	-5.25378
BLOCK20/SES204/SA204S25	SES083	-4.05365	-9.30743	-5.25378
BLOCK20/SES204/SA204S25	SES206	-2.27875	-7.53253	-5.25378
BLOCK20/SES204/SA204S25	SES226	-2.90569	-8.15947	-5.25378
BLOCK20/SES204/SA204S27	SES068	-2.78202	-9.1804	-6.39838
BLOCK20/SES204/SA204S27	SES082	-2.87723	-9.27561	-6.39838
BLOCK20/SES204/SA204S27	SES087	-1.48281	-7.88119	-6.39838
BLOCK20/SES204/SA204S27	SES206	-2.61804	-9.01642	-6.39838
BLOCK20/SES207/SA207S10	SES127	-3.82605	-8.77534	-4.94929
BLOCK20/SES207/SA207S10	SES183	-2.59204	-7.54133	-4.94929
BLOCK20/SES207/SA207S10	SES189	-2.35397	-7.30326	-4.94929
BLOCK20/SES207/SA207S10	SES292	-2.93194	-7.88124	-4.94929
BLOCK20/SES207/SA207S11	SES127	-2.14491	-8.23399	-6.08908
BLOCK20/SES207/SA207S11	SES183	-2.56401	-8.65309	-6.08908
BLOCK20/SES207/SA207S11	SES187	-1.93867	-8.02775	-6.08908
BLOCK20/SES207/SA207S11	SES292	-1.64174	-7.73082	-6.08908
BLOCK20/SES207/SA207S25	SES068	-2.58194	-8.89443	-6.31249
BLOCK20/SES207/SA207S25	SES083	-2.65279	-8.96527	-6.31249
BLOCK20/SES207/SA207S25	SES127	-2.08013	-8.39262	-6.31249
BLOCK20/SES207/SA207S25	SES187	-2.42249	-8.73497	-6.31249
BLOCK20/SES207/SA207S27	SES127	-2.80493	-9.58159	-6.77666
BLOCK20/SES207/SA207S27	SES183	-3.13695	-9.91361	-6.77666
BLOCK20/SES207/SA207S27	SES187	-2.37567	-9.15234	-6.77666
BLOCK20/SES207/SA207S27	SES292	-2.75673	-9.53339	-6.77666
BLOCK20/SES207/SA207S29	SES083	-2.94606	-8.08376	-5.13769
BLOCK20/SES207/SA207S29	SES085	-2.58935	-7.72704	-5.13769
BLOCK20/SES207/SA207S29	SES172	-1.5091	-6.64679	-5.13769
BLOCK20/SES207/SA207S29	SES189	-4.34505	-9.48274	-5.13769
BLOCK22/SES221/SA221S12	SES068	-1.6064	-6.00357	-4.39717
BLOCK22/SES221/SA221S12	SES143	-3.11325	-7.51042	-4.39717
BLOCK22/SES221/SA221S12	SES175	-2.42134	-6.8185	-4.39717
BLOCK22/SES221/SA221S12	SES202	-2.31707	-6.71424	-4.39717
BLOCK22/SES221/SA221S15	SES085	-2.50272	-7.67018	-5.16746
BLOCK22/SES221/SA221S15	SES143	-3.1117	-8.27916	-5.16746
BLOCK22/SES221/SA221S15	SES175	-2.96931	-8.13678	-5.16746
BLOCK22/SES221/SA221S15	SES187	-3.33753	-8.50499	-5.16746
BLOCK22/SES221/SA221S23	SES068	-2.04714	-7.40759	-5.36045
BLOCK22/SES221/SA221S23	SES143	-3.563	-8.92345	-5.36045
BLOCK22/SES221/SA221S23	SES175	-3.56119	-8.92164	-5.36045
BLOCK22/SES221/SA221S23	SES189	-3.47167	-8.83213	-5.36045
BLOCK22/SES221/SA221S27	SES085	-1.41205	-6.71788	-5.30583
BLOCK22/SES221/SA221S27	SES143	-2.64112	-7.94694	-5.30583
BLOCK22/SES221/SA221S27	SES175	-2.55738	-7.86321	-5.30583
BLOCK22/SES221/SA221S27	SES189	-3.69514	-9.00096	-5.30583
BLOCK22/SES221/SA221S29	SES085	-1.98353	-8.19044	-6.20691
BLOCK22/SES221/SA221S29	SES143	-3.11701	-9.32392	-6.20691
BLOCK22/SES221/SA221S29	SES175	-3.25151	-9.45842	-6.20691
BLOCK22/SES221/SA221S29	SES187	-3.63735	-9.84426	-6.20691
BLOCK22/SES223/SA223S11	SES143	-2.57562	-9.61213	-7.03651
BLOCK22/SES223/SA223S11	SES144	-4.20825	-11.2448	-7.03651
BLOCK22/SES223/SA223S11	SES175	-2.6112	-9.64771	-7.03651
BLOCK22/SES223/SA223S11	SES187	-3.01691	-10.0534	-7.03651
BLOCK22/SES223/SA223S13	SES068	-2.56749	-10.5916	-8.02415
BLOCK22/SES223/SA223S13	SES143	-3.87278	-11.8969	-8.02415
BLOCK22/SES223/SA223S13	SES146	-3.06289	-11.087	-8.02415
BLOCK22/SES223/SA223S13	SES202	-2.52579	-10.5499	-8.02415
BLOCK22/SES223/SA223S22	SES143	-2.53168	-8.40134	-5.86966
BLOCK22/SES223/SA223S22	SES144	-3.8584	-9.72807	-5.86966
BLOCK22/SES223/SA223S22	SES175	-3.02775	-8.89741	-5.86966
BLOCK22/SES223/SA223S22	SES187	-2.66229	-8.53196	-5.86966
BLOCK22/SES223/SA223S25	SES068	-1.89791	-7.56375	-5.66584
BLOCK22/SES223/SA223S25	SES143	-3.24964	-8.91548	-5.66584
BLOCK22/SES223/SA223S25	SES175	-2.25027	-7.91611	-5.66584
BLOCK22/SES223/SA223S25	SES187	-3.30263	-8.96847	-5.66584
BLOCK22/SES223/SA223S27	SES143	-2.92154	-9.97987	-7.05833
BLOCK22/SES223/SA223S27	SES146	-4.38661	-11.4449	-7.05833
BLOCK22/SES223/SA223S27	SES187	-3.51884	-10.5772	-7.05833
BLOCK22/SES223/SA223S27	SES292	-2.03059	-9.08892	-7.05833
BLOCK27/SES273/SA273S12	SES099	-2.13715	-8.56643	-6.42928
BLOCK27/SES273/SA273S12	SES104	-1.93237	-8.36165	-6.42928
BLOCK27/SES273/SA273S12	SES125	-2.38	-8.80928	-6.42928
BLOCK27/SES273/SA273S12	SES206	-1.79737	-8.22665	-6.42928
BLOCK27/SES273/SA273S13	SES099	-2.63842	-7.0653	-4.42688
BLOCK27/SES273/SA273S13	SES104	-1.97034	-6.39722	-4.42688
BLOCK27/SES273/SA273S13	SES206	-2.62534	-7.05222	-4.42688
BLOCK27/SES273/SA273S13	SES292	-2.49758	-6.92446	-4.42688
BLOCK27/SES273/SA273S21	SES099	-2.74753	-8.38012	-5.63259
BLOCK27/SES273/SA273S21	SES148	-3.99686	-9.62945	-5.63259
BLOCK27/SES273/SA273S21	SES149	-3.08009	-8.71268	-5.63259
BLOCK27/SES273/SA273S21	SES177	-3.11274	-8.74533	-5.63259
BLOCK27/SES273/SA273S25	SES104	-1.76997	-8.55589	-6.78592
BLOCK27/SES273/SA273S25	SES125	-2.37397	-9.15989	-6.78592
BLOCK27/SES273/SA273S25	SES158	-1.39439	-8.18031	-6.78592
BLOCK27/SES273/SA273S25	SES206	-2.00341	-8.78933	-6.78592
BLOCK27/SES273/SA273S27	SES099	-2.63241	-6.2234	-3.59098
BLOCK27/SES273/SA273S27	SES104	-2.31453	-5.90552	-3.59098
BLOCK27/SES273/SA273S27	SES149	-2.44426	-6.03524	-3.59098
BLOCK27/SES273/SA273S27	SES275	-2.74129	-6.33227	-3.59098
BLOCK27/SES274/SA274S10	SES105	-3.26056	-7.21291	-3.95235
BLOCK27/SES274/SA274S10	SES125	-3.99431	-7.94666	-3.95235
BLOCK27/SES274/SA274S10	SES129	-1.59719	-5.54953	-3.95235
BLOCK27/SES274/SA274S10	SES158	-4.96864	-8.92099	-3.95235
BLOCK27/SES274/SA274S11	SES105	-2.86455	-8.20836	-5.34381
BLOCK27/SES274/SA274S11	SES149	-2.5876	-7.93142	-5.34381
BLOCK27/SES274/SA274S11	SES158	-3.01701	-8.36082	-5.34381
BLOCK27/SES274/SA274S11	SES275	-2.23373	-7.57754	-5.34381
BLOCK27/SES274/SA274S21	SES105	-2.86696	-8.06658	-5.19962
BLOCK27/SES274/SA274S21	SES129	-2.0224	-7.22202	-5.19962
BLOCK27/SES274/SA274S21	SES149	-3.03509	-8.23471	-5.19962
BLOCK27/SES274/SA274S21	SES158	-3.77196	-8.97158	-5.19962
BLOCK27/SES274/SA274S24	SES105	-2.92173	-8.9161	-5.99437
BLOCK27/SES274/SA274S24	SES129	-1.61579	-7.61016	-5.99437
BLOCK27/SES274/SA274S24	SES149	-2.85619	-8.85056	-5.99437
BLOCK27/SES274/SA274S24	SES158	-4.65798	-10.6523	-5.99437
BLOCK27/SES274/SA274S29	SES105	-2.7678	-8.09039	-5.32259
BLOCK27/SES274/SA274S29	SES106	-3.06371	-8.3863	-5.32259
BLOCK27/SES274/SA274S29	SES120	-2.32088	-7.64347	-5.32259
BLOCK27/SES274/SA274S29	SES275	-2.30244	-7.62503	-5.32259
BLOCK27/SES276/SA276S16	SES148	-3.08478	-8.60679	-5.522
BLOCK27/SES276/SA276S16	SES172	-1.27288	-6.79488	-5.522
BLOCK27/SES276/SA276S16	SES180	-1.73567	-7.25767	-5.522
BLOCK27/SES276/SA276S16	SES292	-2.27285	-7.79486	-5.522
BLOCK27/SES276/SA276S17	SES101	-1.94995	-7.406	-5.45605
BLOCK27/SES276/SA276S17	SES177	-2.89084	-8.34689	-5.45605
BLOCK27/SES276/SA276S17	SES180	-2.55288	-8.00892	-5.45605
BLOCK27/SES276/SA276S17	SES292	-1.97392	-7.42997	-5.45605
BLOCK27/SES276/SA276S24	SES101	-1.89294	-6.64909	-4.75615
BLOCK27/SES276/SA276S24	SES177	-2.15125	-6.9074	-4.75615
BLOCK27/SES276/SA276S24	SES180	-2.85731	-7.61346	-4.75615
BLOCK27/SES276/SA276S24	SES292	-2.44516	-7.20131	-4.75615
BLOCK27/SES276/SA276S26	SES101	-2.2408	-6.06201	-3.82121
BLOCK27/SES276/SA276S26	SES177	-2.5003	-6.32151	-3.82121
BLOCK27/SES276/SA276S26	SES180	-1.80255	-5.62376	-3.82121
BLOCK27/SES276/SA276S26	SES292	-1.25503	-5.07624	-3.82121
BLOCK27/SES276/SA276S28	SES101	-2.0961	-6.05449	-3.95839
BLOCK27/SES276/SA276S28	SES177	-2.12659	-6.08498	-3.95839
BLOCK27/SES276/SA276S28	SES180	-1.53132	-5.48971	-3.95839
BLOCK27/SES276/SA276S28	SES292	-1.87564	-5.83403	-3.95839
BLOCK27/SES277/SA277S12	SES101	-2.2093	-9.53242	-7.32312
BLOCK27/SES277/SA277S12	SES177	-3.08614	-10.4093	-7.32312
BLOCK27/SES277/SA277S12	SES180	-2.73528	-10.0584	-7.32312
BLOCK27/SES277/SA277S12	SES292	-2.66966	-9.99278	-7.32312
BLOCK27/SES277/SA277S14	SES177	-2.69784	-9.83165	-7.13381
BLOCK27/SES277/SA277S14	SES180	-3.24657	-10.3804	-7.13381
BLOCK27/SES277/SA277S14	SES189	-2.03208	-9.16589	-7.13381
BLOCK27/SES277/SA277S14	SES292	-3.00044	-10.1342	-7.13381
BLOCK27/SES277/SA277S21	SES177	-2.45378	-9.22144	-6.76766
BLOCK27/SES277/SA277S21	SES180	-2.05219	-8.81985	-6.76766
BLOCK27/SES277/SA277S21	SES189	-1.69723	-8.46488	-6.76766
BLOCK27/SES277/SA277S21	SES292	-2.17351	-8.94116	-6.76766
BLOCK27/SES277/SA277S24	SES144	-2.33925	-10.1221	-7.7828
BLOCK27/SES277/SA277S24	SES177	-2.93991	-10.7227	-7.7828
BLOCK27/SES277/SA277S24	SES180	-2.8253	-10.6081	-7.7828
BLOCK27/SES277/SA277S24	SES189	-1.75218	-9.53498	-7.7828
BLOCK27/SES277/SA277S29	SES177	-2.30679	-6.20431	-3.89752
BLOCK27/SES277/SA277S29	SES180	-2.40733	-6.30484	-3.89752
BLOCK27/SES277/SA277S29	SES202	-2.71684	-6.61436	-3.89752
BLOCK27/SES277/SA277S29	SES292	-2.9795	-6.87702	-3.89752
BLOCK27/SES279/SA279S09	SES120	-2.55348	-7.29754	-4.74406
BLOCK27/SES279/SA279S09	SES146	-3.28773	-8.03179	-4.74406
BLOCK27/SES279/SA279S09	SES206	-1.5881	-6.33216	-4.74406
BLOCK27/SES279/SA279S09	SES226	-2.72662	-7.47068	-4.74406
BLOCK27/SES279/SA279S10	SES099	-1.93743	-7.75135	-5.81392
BLOCK27/SES279/SA279S10	SES206	-2.15568	-7.9696	-5.81392
BLOCK27/SES279/SA279S10	SES226	-3.32831	-9.14223	-5.81392
BLOCK27/SES279/SA279S10	SES292	-1.61808	-7.432	-5.81392
BLOCK27/SES279/SA279S20	SES099	-4.52913	-11.308	-6.77884
BLOCK27/SES279/SA279S20	SES206	-1.79751	-8.57635	-6.77884
BLOCK27/SES279/SA279S20	SES226	-3.5019	-10.2807	-6.77884
BLOCK27/SES279/SA279S20	SES292	-2.06437	-8.84321	-6.77884
BLOCK27/SES279/SA279S26	SES099	-1.11774	-8.9442	-7.82646
BLOCK27/SES279/SA279S26	SES206	-1.16835	-8.99481	-7.82646
BLOCK27/SES279/SA279S26	SES226	-4.30038	-12.1268	-7.82646
BLOCK27/SES279/SA279S26	SES292	-1.17553	-9.00199	-7.82646
BLOCK27/SES279/SA279S28	SES099	-1.7033	-5.58468	-3.88138
BLOCK27/SES279/SA279S28	SES120	-2.13875	-6.02013	-3.88138
BLOCK27/SES279/SA279S28	SES177	-3.3077	-7.18908	-3.88138
BLOCK27/SES279/SA279S28	SES206	-2.34182	-6.2232	-3.88138
BLOCK29/SES290/SA290S12	SES162	-1.70978	-6.20286	-4.49308
BLOCK29/SES290/SA290S12	SES177	-2.66779	-7.16087	-4.49308
BLOCK29/SES290/SA290S12	SES180	-1.99629	-6.48937	-4.49308
BLOCK29/SES290/SA290S12	SES292	-2.72464	-7.21771	-4.49308
BLOCK29/SES290/SA290S13	SES007	-2.35852	-6.58804	-4.22952
BLOCK29/SES290/SA290S13	SES162	-3.42603	-7.65555	-4.22952
BLOCK29/SES290/SA290S13	SES177	-3.08116	-7.31068	-4.22952
BLOCK29/SES290/SA290S13	SES180	-2.78999	-7.01951	-4.22952
BLOCK29/SES290/SA290S22	SES177	-2.3901	-6.53288	-4.14277
BLOCK29/SES290/SA290S22	SES180	-2.26644	-6.40922	-4.14277
BLOCK29/SES290/SA290S22	SES202	-2.14117	-6.28394	-4.14277
BLOCK29/SES290/SA290S22	SES292	-2.03863	-6.1814	-4.14277
BLOCK29/SES290/SA290S25	SES162	-2.89769	-7.68898	-4.79129
BLOCK29/SES290/SA290S25	SES177	-2.84406	-7.63535	-4.79129
BLOCK29/SES290/SA290S25	SES180	-2.6105	-7.40179	-4.79129
BLOCK29/SES290/SA290S25	SES292	-2.48908	-7.28037	-4.79129
BLOCK29/SES290/SA290S29	SES177	-1.91003	-5.72606	-3.81604
BLOCK29/SES290/SA290S29	SES180	-1.42962	-5.24566	-3.81604
BLOCK29/SES290/SA290S29	SES275	-1.43392	-5.24996	-3.81604
BLOCK29/SES290/SA290S29	SES292	-1.88922	-5.70526	-3.81604
BLOCK29/SES291/SA291S11	SES105	-2.39368	-9.32318	-6.92951
BLOCK29/SES291/SA291S11	SES125	-2.76122	-9.69073	-6.92951
BLOCK29/SES291/SA291S11	SES158	-2.45079	-9.3803	-6.92951
BLOCK29/SES291/SA291S11	SES275	-3.07303	-10.0025	-6.92951
BLOCK29/SES291/SA291S12	SES158	-0.473933	-8.43757	-7.96364
BLOCK29/SES291/SA291S12	SES226	-3.25999	-11.2236	-7.96364
BLOCK29/SES291/SA291S12	SES270	-1.90214	-9.86578	-7.96364
BLOCK29/SES291/SA291S12	SES275	-4.61125	-12.5749	-7.96364
BLOCK29/SES291/SA291S22	SES082	-1.62124	-7.82393	-6.20269
BLOCK29/SES291/SA291S22	SES158	-1.52233	-7.72502	-6.20269
BLOCK29/SES291/SA291S22	SES259	-2.06949	-8.27218	-6.20269
BLOCK29/SES291/SA291S22	SES275	-3.42042	-9.62311	-6.20269
BLOCK29/SES291/SA291S24	SES104	-2.26592	-8.5005	-6.23458
BLOCK29/SES291/SA291S24	SES125	-2.59659	-8.83117	-6.23458
BLOCK29/SES291/SA291S24	SES158	-1.38835	-7.62293	-6.23458
BLOCK29/SES291/SA291S24	SES275	-4.37259	-10.6072	-6.23458
BLOCK29/SES291/SA291S27	SES158	-1.16351	-6.58043	-5.41692
BLOCK29/SES291/SA291S27	SES172	-3.33854	-8.75545	-5.41692
BLOCK29/SES291/SA291S27	SES275	-3.03114	-8.44806	-5.41692
BLOCK29/SES291/SA291S27	SES292	-2.23046	-7.64738	-5.41692
