BLOCK00/SES002/SA002S12	SES002	0.703579	-45.4302	-46.1338
BLOCK00/SES002/SA002S13	SES002	1.36155	-45.4212	-46.7828
BLOCK00/SES002/SA002S23	SES002	1.32933	-44.909	-46.2383
BLOCK00/SES002/SA002S26	SES002	1.23932	-45.0204	-46.2597
BLOCK00/SES002/SA002S28	SES002	0.778419	-45.9096	-46.688
BLOCK00/SES007/SA007S14	SES007	0.755371	-45.4036	-46.1589
BLOCK00/SES007/SA007S15	SES007	0.357857	-46.7388	-47.0967
BLOCK00/SES007/SA007S24	SES007	0.45306	-46.9028	-47.3558
BLOCK00/SES007/SA007S27	SES007	0.532581	-47.0573	-47.5898
BLOCK00/SES007/SA007S29	SES007	0.215321	-45.9745	-46.1898
BLOCK00/SES008/SA008S11	SES008	0.757515	-46.4948	-47.2523
BLOCK00/SES008/SA008S12	SES008	0.608009	-46.8283	-47.4363
BLOCK00/SES008/SA008S19	SES008	1.63577	-45.362	-46.9977
BLOCK00/SES008/SA008S22	SES008	0.901981	-46.8642	-47.7662
BLOCK00/SES008/SA008S29	SES008	1.24654	-45.6081	-46.8546
BLOCK01/SES014/SA014S10	SES014	2.24247	-45.4768	-47.7193
BLOCK01/SES014/SA014S12	SES014	2.55507	-43.4436	-45.9987
BLOCK01/SES014/SA014S24	SES014	1.13551	-45.1965	-46.3321
BLOCK01/SES014/SA014S26	SES014	2.27162	-42.7097	-44.9813
BLOCK01/SES014/SA014S28	SES014	2.03388	-43.7216	-45.7555
BLOCK01/SES016/SA016S12	SES016	0.828049	-48.1722	-49.0002
BLOCK01/SES016/SA016S13	SES016	1.19769	-46.9793	-48.177
BLOCK01/SES016/SA016S22	SES016	0.647869	-47.6461	-48.294
BLOCK01/SES016/SA016S25	SES016	1.51384	-44.3856	-45.8994
BLOCK01/SES016/SA016S27	SES016	1.14059	-44.7586	-45.8992
BLOCK01/SES019/SA019S13	SES019	2.69403	-45.9661	-48.6601
BLOCK01/SES019/SA019S14	SES019	1.74427	-46.0622	-47.8065
BLOCK01/SES019/SA019S22	SES019	2.78508	-45.3969	-48.182
BLOCK01/SES019/SA019S25	SES019	2.25537	-46.0768	-48.3322
BLOCK01/SES019/SA019S29	SES019	3.13835	-45.527	-48.6653
BLOCK02/SES029/SA029S11	SES029	0.536564	-46.6813	-47.2179
BLOCK02/SES029/SA029S12	SES029	0.0556564	-46.619	-46.6746
BLOCK02/SES029/SA029S20	SES029	0.407421	-47.5299	-47.9373
BLOCK02/SES029/SA029S25	SES029	0.22118	-46.4859	-46.707
BLOCK02/SES029/SA029S28	SES029	0.268314	-47.0243	-47.2926
BLOCK04/SES042/SA042S12	SES042	1.77145	-44.2517	-46.0232
BLOCK04/SES042/SA042S15	SES042	2.4217	-44.6028	-47.0245
BLOCK04/SES042/SA042S22	SES042	2.75512	-42.8965	-45.6516
BLOCK04/SES042/SA042S25	SES042	1.90554	-45.0552	-46.9607
BLOCK04/SES042/SA042S27	SES042	2.17447	-43.9012	-46.0757
BLOCK04/SES048/SA048S11	SES048	1.04994	-45.8083	-46.8582
BLOCK04/SES048/SA048S12	SES048	0.567894	-45.874	-46.4419
BLOCK04/SES048/SA048S20	SES048	1.13871	-45.3438	-46.4825
BLOCK04/SES048/SA048S23	SES048	1.44886	-45.8675	-47.3164
BLOCK04/SES048/SA048S27	SES048	1.14954	-44.7115	-45.861
BLOCK06/SES060/SA060S11	SES060	0.933796	-45.8411	-46.7749
BLOCK06/SES060/SA060S12	SES060	-0.291565	-47.6991	-47.4075
BLOCK06/SES060/SA060S22	SES060	-0.323769	-48.3628	-48.0391
BLOCK06/SES060/SA060S24	SES060	0.544853	-46.2293	-46.7741
BLOCK06/SES060/SA060S28	SES060	0.68232	-44.3101	-44.9924
BLOCK06/SES062/SA062S10	SES062	0.527088	-46.1916	-46.7187
BLOCK06/SES062/SA062S11	SES062	1.21832	-45.5273	-46.7457
BLOCK06/SES062/SA062S21	SES062	1.88855	-43.2732	-45.1618
BLOCK06/SES062/SA062S26	SES062	0.208099	-45.2106	-45.4187
BLOCK06/SES062/SA062S29	SES062	0.934586	-44.7763	-45.7109
BLOCK06/SES068/SA068S14	SES068	0.29921	-46.5316	-46.8309
BLOCK06/SES068/SA068S15	SES068	0.86499	-45.2659	-46.1309
BLOCK06/SES068/SA068S23	SES068	0.864357	-46.7469	-47.6112
BLOCK06/SES068/SA068S27	SES068	1.23529	-45.1891	-46.4244
BLOCK06/SES068/SA068S29	SES068	0.738224	-45.6956	-46.4339
BLOCK08/SES082/SA082S12	SES082	0.944481	-46.7938	-47.7383
BLOCK08/SES082/SA082S14	SES082	0.139729	-47.494	-47.6337
BLOCK08/SES082/SA082S21	SES082	0.456043	-46.6801	-47.1361
BLOCK08/SES082/SA082S24	SES082	0.607723	-45.7412	-46.3489
BLOCK08/SES082/SA082S28	SES082	0.658337	-46.6629	-47.3213
BLOCK08/SES083/SA083S14	SES083	-0.424431	-47.1799	-46.7555
BLOCK08/SES083/SA083S15	SES083	-0.180748	-46.6049	-46.4242
BLOCK08/SES083/SA083S24	SES083	0.0855217	-46.8905	-46.976
BLOCK08/SES083/SA083S26	SES083	0.20224	-46.6171	-46.8193
BLOCK08/SES083/SA083S29	SES083	-0.332874	-46.7082	-46.3753
BLOCK08/SES085/SA085S10	SES085	-0.194183	-46.4559	-46.2617
BLOCK08/SES085/SA085S13	SES085	0.352741	-46.8903	-47.2431
BLOCK08/SES085/SA085S22	SES085	-2.23201	-49.155	-46.923
BLOCK08/SES085/SA085S26	SES085	-0.350761	-47.0558	-46.705
BLOCK08/SES085/SA085S28	SES085	0.397179	-46.4602	-46.8574
BLOCK08/SES087/SA087S15	SES087	1.36417	-45.8747	-47.2389
BLOCK08/SES087/SA087S16	SES087	1.4971	-45.6676	-47.1647
BLOCK08/SES087/SA087S24	SES087	1.26848	-45.6499	-46.9184
BLOCK08/SES087/SA087S26	SES087	1.16024	-44.9181	-46.0784
BLOCK08/SES087/SA087S29	SES087	1.61982	-45.9313	-47.5511
BLOCK09/SES099/SA099S15	SES099	1.14744	-46.3995	-47.5469
BLOCK09/SES099/SA099S16	SES099	0.974342	-45.9867	-46.961
BLOCK09/SES099/SA099S24	SES099	1.02612	-45.3244	-46.3505
BLOCK09/SES099/SA099S26	SES099	1.0169	-45.5357	-46.5526
BLOCK09/SES099/SA099S29	SES099	1.296	-45.4226	-46.7186
BLOCK10/SES101/SA101S11	SES101	0.24984	-46.3389	-46.5888
BLOCK10/SES101/SA101S13	SES101	1.2251	-45.1645	-46.3896
BLOCK10/SES101/SA101S22	SES101	0.899708	-46.709	-47.6087
BLOCK10/SES101/SA101S24	SES101	1.37209	-45.9573	-47.3294
BLOCK10/SES101/SA101S28	SES101	-0.181023	-47.5028	-47.3217
BLOCK10/SES104/SA104S11	SES104	1.23685	-44.6782	-45.9151
BLOCK10/SES104/SA104S12	SES104	1.20156	-44.9338	-46.1354
BLOCK10/SES104/SA104S21	SES104	1.22327	-45.6741	-46.8974
BLOCK10/SES104/SA104S24	SES104	0.555695	-46.0024	-46.5581
BLOCK10/SES104/SA104S28	SES104	1.23775	-45.3875	-46.6252
BLOCK10/SES105/SA105S12	SES105	0.485863	-47.433	-47.9189
BLOCK10/SES105/SA105S13	SES105	0.842552	-46.7791	-47.6217
BLOCK10/SES105/SA105S22	SES105	0.259464	-47.8645	-48.124
BLOCK10/SES105/SA105S26	SES105	0.809345	-47.1379	-47.9472
BLOCK10/SES105/SA105S29	SES105	0.3204	-47.114	-47.4344
BLOCK10/SES106/SA106S09	SES106	1.09403	-46.9282	-48.0222
BLOCK10/SES106/SA106S11	SES106	0.968727	-45.3674	-46.3362
BLOCK10/SES106/SA106S22	SES106	2.00488	-45.4538	-47.4587
BLOCK10/SES106/SA106S27	SES106	0.977859	-46.1347	-47.1126
BLOCK10/SES106/SA106S29	SES106	1.00076	-45.718	-46.7187
BLOCK11/SES117/SA117S12	SES117	0.0836525	-47.5394	-47.6231
BLOCK11/SES117/SA117S13	SES117	-0.118538	-47.2877	-47.1692
BLOCK11/SES117/SA117S23	SES117	1.16597	-48.3148	-49.4808
BLOCK11/SES117/SA117S25	SES117	1.05162	-47.5637	-48.6154
BLOCK11/SES117/SA117S28	SES117	1.05701	-48.0218	-49.0788
BLOCK12/SES120/SA120S08	SES120	1.04389	-47.819	-48.8629
BLOCK12/SES120/SA120S11	SES120	0.23035	-49.3571	-49.5875
BLOCK12/SES120/SA120S22	SES120	0.230164	-47.2851	-47.5152
BLOCK12/SES120/SA120S24	SES120	0.362892	-47.2983	-47.6612
BLOCK12/SES120/SA120S28	SES120	0.671402	-48.5372	-49.2086
BLOCK12/SES125/SA125S13	SES125	1.75997	-44.7075	-46.4675
BLOCK12/SES125/SA125S14	SES125	0.960197	-45.9403	-46.9005
BLOCK12/SES125/SA125S25	SES125	1.23008	-45.4014	-46.6315
BLOCK12/SES125/SA125S27	SES125	1.46493	-44.5105	-45.9754
BLOCK12/SES125/SA125S29	SES125	1.28477	-45.4707	-46.7554
BLOCK12/SES127/SA127S11	SES127	0.782635	-46.7327	-47.5153
BLOCK12/SES127/SA127S12	SES127	0.0124474	-46.626	-46.6385
BLOCK12/SES127/SA127S23	SES127	0.390221	-46.7907	-47.1809
BLOCK12/SES127/SA127S25	SES127	-0.556625	-47.6868	-47.1302
BLOCK12/SES127/SA127S27	SES127	0.737469	-46.116	-46.8534
BLOCK12/SES129/SA129S11	SES129	1.18502	-45.417	-46.6021
BLOCK12/SES129/SA129S12	SES129	1.29275	-44.9023	-46.195
BLOCK12/SES129/SA129S22	SES129	1.00357	-45.822	-46.8256
BLOCK12/SES129/SA129S27	SES129	1.4245	-44.9903	-46.4148
BLOCK12/SES129/SA129S29	SES129	1.68759	-44.9073	-46.5949
BLOCK14/SES142/SA142S11	SES142	2.21324	-46.8028	-49.016
BLOCK14/SES142/SA142S12	SES142	1.02033	-47.6908	-48.7112
BLOCK14/SES142/SA142S24	SES142	2.14163	-46.7703	-48.9119
BLOCK14/SES142/SA142S27	SES142	2.38197	-46.1209	-48.5029
BLOCK14/SES142/SA142S29	SES142	2.71372	-45.5619	-48.2756
BLOCK14/SES143/SA143S12	SES143	0.914211	-47.1883	-48.1025
BLOCK14/SES143/SA143S13	SES143	0.703976	-47.3028	-48.0067
BLOCK14/SES143/SA143S23	SES143	0.933331	-47.4071	-48.3405
BLOCK14/SES143/SA143S25	SES143	1.01814	-47.047	-48.0652
BLOCK14/SES143/SA143S28	SES143	1.18307	-46.4191	-47.6022
BLOCK14/SES144/SA144S09	SES144	0.754829	-46.4668	-47.2216
BLOCK14/SES144/SA144S11	SES144	0.895962	-47.1988	-48.0948
BLOCK14/SES144/SA144S21	SES144	0.050209	-47.4699	-47.5201
BLOCK14/SES144/SA144S25	SES144	0.195095	-47.3758	-47.5709
BLOCK14/SES144/SA144S29	SES144	0.0157433	-47.2828	-47.2985
BLOCK14/SES146/SA146S14	SES146	0.338642	-47.5926	-47.9312
BLOCK14/SES146/SA146S15	SES146	0.0285568	-47.4996	-47.5281
BLOCK14/SES146/SA146S24	SES146	0.449875	-47.2953	-47.7451
BLOCK14/SES146/SA146S26	SES146	0.634811	-47.82	-48.4548
BLOCK14/SES146/SA146S29	SES146	0.382633	-48.0294	-48.4121
BLOCK14/SES147/SA147S11	SES147	0.871712	-47.4783	-48.35
BLOCK14/SES147/SA147S13	SES147	2.17487	-45.7172	-47.8921
BLOCK14/SES147/SA147S23	SES147	1.14987	-47.3941	-48.5439
BLOCK14/SES147/SA147S26	SES147	0.994164	-47.2816	-48.2757
BLOCK14/SES147/SA147S28	SES147	1.55178	-46.6056	-48.1574
BLOCK14/SES148/SA148S10	SES148	0.82402	-46.2823	-47.1063
BLOCK14/SES148/SA148S12	SES148	0.488586	-47.3432	-47.8317
BLOCK14/SES148/SA148S22	SES148	0.938992	-45.1877	-46.1267
BLOCK14/SES148/SA148S26	SES148	0.313065	-46.3134	-46.6265
BLOCK14/SES148/SA148S29	SES148	0.363892	-47.0411	-47.405
BLOCK14/SES149/SA149S13	SES149	0.471539	-46.6053	-47.0768
BLOCK14/SES149/SA149S14	SES149	0.336426	-46.1264	-46.4628
BLOCK14/SES149/SA149S24	SES149	1.33477	-45.674	-47.0088
BLOCK14/SES149/SA149S26	SES149	1.58672	-45.1844	-46.7711
BLOCK14/SES149/SA149S28	SES149	2.74313	-44.0617	-46.8048
BLOCK15/SES158/SA158S13	SES158	0.756966	-46.7012	-47.4581
BLOCK15/SES158/SA158S14	SES158	1.27083	-45.9225	-47.1934
BLOCK15/SES158/SA158S23	SES158	0.827282	-46.1483	-46.9755
BLOCK15/SES158/SA158S26	SES158	1.36137	-45.8909	-47.2522
BLOCK15/SES158/SA158S28	SES158	0.711468	-46.7146	-47.426
BLOCK16/SES162/SA162S10	SES162	0.601604	-47.7251	-48.3267
BLOCK16/SES162/SA162S11	SES162	0.725182	-46.6801	-47.4053
BLOCK16/SES162/SA162S21	SES162	1.64051	-46.2986	-47.9391
BLOCK16/SES162/SA162S24	SES162	0.842525	-47.0737	-47.9162
BLOCK16/SES162/SA162S27	SES162	0.927773	-47.0763	-48.0041
BLOCK16/SES167/SA167S14	SES167	0.768612	-45.5889	-46.3575
BLOCK16/SES167/SA167S15	SES167	1.26125	-46.5079	-47.7692
BLOCK16/SES167/SA167S21	SES167	1.04676	-45.5096	-46.5563
BLOCK16/SES167/SA167S25	SES167	1.47469	-46.5655	-48.0402
BLOCK16/SES167/SA167S29	SES167	1.92563	-44.8694	-46.795
BLOCK17/SES172/SA172S12	SES172	0.887199	-46.471	-47.3582
BLOCK17/SES172/SA172S13	SES172	1.21545	-46.7287	-47.9441
BLOCK17/SES172/SA172S23	SES172	0.102081	-46.0177	-46.1198
BLOCK17/SES172/SA172S27	SES172	0.228882	-46.946	-47.1749
BLOCK17/SES172/SA172S29	SES172	0.769913	-46.4466	-47.2165
BLOCK17/SES175/SA175S11	SES175	0.8009	-46.8355	-47.6364
BLOCK17/SES175/SA175S13	SES175	0.839317	-46.6675	-47.5068
BLOCK17/SES175/SA175S23	SES175	1.48791	-46.6071	-48.095
BLOCK17/SES175/SA175S25	SES175	0.791302	-48.4053	-49.1966
BLOCK17/SES175/SA175S28	SES175	0.959286	-46.6774	-47.6367
BLOCK17/SES177/SA177S15	SES177	0.237896	-47.0358	-47.2737
BLOCK17/SES177/SA177S17	SES177	0.449993	-46.75	-47.2
BLOCK17/SES177/SA177S23	SES177	0.187256	-47.4568	-47.6441
BLOCK17/SES177/SA177S26	SES177	0.574333	-45.2128	-45.7871
BLOCK17/SES177/SA177S28	SES177	0.366825	-46.3163	-46.6831
BLOCK18/SES180/SA180S13	SES180	0.693924	-46.5867	-47.2806
BLOCK18/SES180/SA180S15	SES180	0.88401	-46.9831	-47.8671
BLOCK18/SES180/SA180S24	SES180	0.476505	-45.4069	-45.8834
BLOCK18/SES180/SA180S26	SES180	0.664936	-45.9242	-46.5892
BLOCK18/SES180/SA180S29	SES180	1.04934	-47.1084	-48.1577
BLOCK18/SES183/SA183S13	SES183	0.861782	-47.3844	-48.2461
BLOCK18/SES183/SA183S14	SES183	0.42514	-47.5762	-48.0013
BLOCK18/SES183/SA183S24	SES183	0.738823	-47.6633	-48.4022
BLOCK18/SES183/SA183S27	SES183	0.9258	-46.7087	-47.6345
BLOCK18/SES183/SA183S29	SES183	1.16187	-46.3159	-47.4778
BLOCK18/SES187/SA187S13	SES187	0.383652	-48.3101	-48.6938
BLOCK18/SES187/SA187S14	SES187	0.462967	-47.7322	-48.1952
BLOCK18/SES187/SA187S24	SES187	0.595348	-47.4822	-48.0775
BLOCK18/SES187/SA187S27	SES187	0.760586	-46.9043	-47.6649
BLOCK18/SES187/SA187S29	SES187	0.66909	-47.3004	-47.9695
BLOCK18/SES189/SA189S10	SES189	1.30895	-49.0563	-50.3653
BLOCK18/SES189/SA189S13	SES189	1.71557	-49.1104	-50.826
BLOCK18/SES189/SA189S24	SES189	1.60795	-48.5626	-50.1705
BLOCK18/SES189/SA189S26	SES189	0.974972	-48.205	-49.18
BLOCK18/SES189/SA189S29	SES189	1.49109	-47.9254	-49.4165
BLOCK20/SES202/SA202S12	SES202	1.52122	-47.7536	-49.2748
BLOCK20/SES202/SA202S14	SES202	2.85788	-45.8227	-48.6806
BLOCK20/SES202/SA202S24	SES202	1.38842	-47.144	-48.5324
BLOCK20/SES202/SA202S27	SES202	1.59267	-45.4141	-47.0067
BLOCK20/SES202/SA202S29	SES202	2.19441	-45.2488	-47.4433
BLOCK20/SES206/SA206S15	SES206	-0.244514	-46.4192	-46.1747
BLOCK20/SES206/SA206S17	SES206	1.59312	-44.5937	-46.1868
BLOCK20/SES206/SA206S24	SES206	1.40282	-44.8991	-46.3019
BLOCK20/SES206/SA206S27	SES206	1.30057	-45.4311	-46.7317
BLOCK20/SES206/SA206S29	SES206	1.07623	-44.8379	-45.9141
BLOCK22/SES226/SA226S12	SES226	0.852859	-46.9387	-47.7915
BLOCK22/SES226/SA226S13	SES226	-0.366062	-47.1531	-46.7871
BLOCK22/SES226/SA226S20	SES226	0.64798	-46.7414	-47.3894
BLOCK22/SES226/SA226S23	SES226	1.11923	-45.916	-47.0353
BLOCK22/SES226/SA226S28	SES226	1.6244	-45.4692	-47.0936
BLOCK25/SES259/SA259S13	SES259	2.85564	-44.2835	-47.1391
BLOCK25/SES259/SA259S14	SES259	1.82787	-45.3602	-47.1881
BLOCK25/SES259/SA259S22	SES259	1.22472	-45.6602	-46.8849
BLOCK25/SES259/SA259S24	SES259	1.73587	-44.3777	-46.1136
BLOCK25/SES259/SA259S28	SES259	1.24677	-44.8358	-46.0826
BLOCK27/SES270/SA270S14	SES270	1.5475	-46.4205	-47.968
BLOCK27/SES270/SA270S16	SES270	0.419598	-46.7108	-47.1304
BLOCK27/SES270/SA270S22	SES270	1.91027	-45.435	-47.3453
BLOCK27/SES270/SA270S26	SES270	1.12687	-47.2113	-48.3382
BLOCK27/SES270/SA270S28	SES270	0.537514	-46.3543	-46.8918
BLOCK27/SES275/SA275S17	SES275	1.22847	-46.8509	-48.0793
BLOCK27/SES275/SA275S18	SES275	0.539623	-47.0977	-47.6373
BLOCK27/SES275/SA275S24	SES275	0.788296	-47.7787	-48.567
BLOCK27/SES275/SA275S26	SES275	0.970898	-46.287	-47.2579
BLOCK27/SES275/SA275S28	SES275	0.140057	-46.7994	-46.9394
BLOCK29/SES292/SA292S10	SES292	0.347908	-47.1402	-47.4881
BLOCK29/SES292/SA292S12	SES292	0.00637054	-47.9815	-47.9878
BLOCK29/SES292/SA292S22	SES292	0.945992	-45.8719	-46.8179
BLOCK29/SES292/SA292S24	SES292	0.132599	-46.7259	-46.8585
BLOCK29/SES292/SA292S27	SES292	0.182766	-46.2338	-46.4165
BLOCK00/SES001/SA001S14	SES062	-1.43068	-49.0719	-47.6413
BLOCK00/SES001/SA001S14	SES082	-2.00109	-49.6423	-47.6413
BLOCK00/SES001/SA001S14	SES106	-1.88832	-49.5296	-47.6413
BLOCK00/SES001/SA001S14	SES206	-2.45	-50.0913	-47.6413
BLOCK00/SES001/SA001S15	SES062	-1.72736	-48.1975	-46.4701
BLOCK00/SES001/SA001S15	SES104	-1.54547	-48.0156	-46.4701
BLOCK00/SES001/SA001S15	SES106	-1.64053	-48.1107	-46.4701
BLOCK00/SES001/SA001S15	SES206	-1.97674	-48.4469	-46.4701
BLOCK00/SES001/SA001S24	SES062	-2.55809	-50.4334	-47.8753
BLOCK00/SES001/SA001S24	SES082	-1.92628	-49.8016	-47.8753
BLOCK00/SES001/SA001S24	SES087	-1.78603	-49.6614	-47.8753
BLOCK00/SES001/SA001S24	SES206	-1.80415	-49.6795	-47.8753
BLOCK00/SES001/SA001S27	SES062	-1.89121	-48.3043	-46.4131
BLOCK00/SES001/SA001S27	SES082	-2.22178	-48.6349	-46.4131
BLOCK00/SES001/SA001S27	SES087	-2.61265	-49.0258	-46.4131
BLOCK00/SES001/SA001S27	SES206	-2.62852	-49.0417	-46.4131
BLOCK00/SES001/SA001S29	SES062	-2.10527	-49.9614	-47.8562
BLOCK00/SES001/SA001S29	SES082	-1.97392	-49.8301	-47.8562
BLOCK00/SES001/SA001S29	SES158	-1.35352	-49.2097	-47.8562
BLOCK00/SES001/SA001S29	SES206	-3.0205	-50.8767	-47.8562
BLOCK00/SES003/SA003S11	SES002	-0.459873	-47.3873	-46.9274
BLOCK00/SES003/SA003S11	SES019	-1.34686	-48.2743	-46.9274
BLOCK00/SES003/SA003S11	SES082	-0.104836	-47.0322	-46.9274
BLOCK00/SES003/SA003S11	SES125	-0.86869	-47.7961	-46.9274
BLOCK00/SES003/SA003S15	SES016	-3.78201	-50.1611	-46.3791
BLOCK00/SES003/SA003S15	SES019	-1.53385	-47.9129	-46.3791
BLOCK00/SES003/SA003S15	SES062	-2.26883	-48.6479	-46.3791
BLOCK00/SES003/SA003S15	SES206	-0.940998	-47.3201	-46.3791
BLOCK00/SES003/SA003S22	SES002	-0.831703	-47.4104	-46.5787
BLOCK00/SES003/SA003S22	SES062	-1.57828	-48.1569	-46.5787
BLOCK00/SES003/SA003S22	SES082	-0.721558	-47.3002	-46.5787
BLOCK00/SES003/SA003S22	SES087	-1.28498	-47.8636	-46.5787
BLOCK00/SES003/SA003S25	SES062	-3.19322	-49.7013	-46.5081
BLOCK00/SES003/SA003S25	SES082	-0.627262	-47.1354	-46.5081
BLOCK00/SES003/SA003S25	SES087	-1.50004	-48.0082	-46.5081
BLOCK00/SES003/SA003S25	SES206	-1.49851	-48.0066	-46.5081
BLOCK00/SES003/SA003S29	SES002	-0.984753	-48.387	-47.4022
BLOCK00/SES003/SA003S29	SES062	-2.09221	-49.4944	-47.4022
BLOCK00/SES003/SA003S29	SES082	-0.358036	-47.7602	-47.4022
BLOCK00/SES003/SA003S29	SES087	-1.19987	-48.6021	-47.4022
BLOCK00/SES004/SA004S12	SES083	-1.69886	-50.0891	-48.3902
BLOCK00/SES004/SA004S12	SES148	-1.64536	-50.0356	-48.3902
BLOCK00/SES004/SA004S12	SES172	-1.34568	-49.7359	-48.3902
BLOCK00/SES004/SA004S12	SES292	-2.35194	-50.7421	-48.3902
BLOCK00/SES004/SA004S17	SES083	-1.69252	-50.1011	-48.4086
BLOCK00/SES004/SA004S17	SES162	-1.07524	-49.4838	-48.4086
BLOCK00/SES004/SA004S17	SES172	-1.24818	-49.6567	-48.4086
BLOCK00/SES004/SA004S17	SES292	-1.38917	-49.7977	-48.4086
BLOCK00/SES004/SA004S24	SES083	-1.38577	-49.4084	-48.0227
BLOCK00/SES004/SA004S24	SES148	-2.00654	-50.0292	-48.0227
BLOCK00/SES004/SA004S24	SES172	-0.67762	-48.7003	-48.0227
BLOCK00/SES004/SA004S24	SES292	-0.98917	-49.0119	-48.0227
BLOCK00/SES004/SA004S26	SES083	-1.11735	-48.5821	-47.4648
BLOCK00/SES004/SA004S26	SES127	-0.979477	-48.4442	-47.4648
BLOCK00/SES004/SA004S26	SES148	-2.41565	-49.8804	-47.4648
BLOCK00/SES004/SA004S26	SES292	-1.11499	-48.5797	-47.4648
BLOCK00/SES004/SA004S28	SES083	-1.98558	-48.931	-46.9454
BLOCK00/SES004/SA004S28	SES127	-1.15096	-48.0964	-46.9454
BLOCK00/SES004/SA004S28	SES187	-1.93163	-48.877	-46.9454
BLOCK00/SES004/SA004S28	SES292	-2.41277	-49.3582	-46.9454
BLOCK00/SES006/SA006S10	SES014	-2.46738	-51.8983	-49.431
BLOCK00/SES006/SA006S10	SES158	-1.04138	-50.4723	-49.431
BLOCK00/SES006/SA006S10	SES226	-3.07481	-52.5058	-49.431
BLOCK00/SES006/SA006S10	SES270	-0.209919	-49.6409	-49.431
BLOCK00/SES006/SA006S11	SES158	-0.664219	-49.919	-49.2548
BLOCK00/SES006/SA006S11	SES226	-2.29776	-51.5525	-49.2548
BLOCK00/SES006/SA006S11	SES270	-0.190804	-49.4456	-49.2548
BLOCK00/SES006/SA006S11	SES275	-2.6637	-51.9185	-49.2548
BLOCK00/SES006/SA006S23	SES062	-2.46961	-50.366	-47.8964
BLOCK00/SES006/SA006S23	SES105	-2.18874	-50.0851	-47.8964
BLOCK00/SES006/SA006S23	SES158	-0.628548	-48.5249	-47.8964
BLOCK00/SES006/SA006S23	SES275	-2.15567	-50.0521	-47.8964
BLOCK00/SES006/SA006S26	SES104	-2.0194	-49.3579	-47.3385
BLOCK00/SES006/SA006S26	SES158	-0.835091	-48.1736	-47.3385
BLOCK00/SES006/SA006S26	SES270	-0.189457	-47.5279	-47.3385
BLOCK00/SES006/SA006S26	SES275	-3.39346	-50.7319	-47.3385
BLOCK00/SES006/SA006S28	SES007	-2.17942	-51.2258	-49.0464
BLOCK00/SES006/SA006S28	SES105	-2.59874	-51.6451	-49.0464
BLOCK00/SES006/SA006S28	SES158	-1.1981	-50.2445	-49.0464
BLOCK00/SES006/SA006S28	SES275	-2.97342	-52.0198	-49.0464
BLOCK00/SES009/SA009S12	SES083	-1.53595	-48.6464	-47.1105
BLOCK00/SES009/SA009S12	SES148	-1.29994	-48.4104	-47.1105
BLOCK00/SES009/SA009S12	SES177	-1.4869	-48.5974	-47.1105
BLOCK00/SES009/SA009S12	SES292	-0.694305	-47.8048	-47.1105
BLOCK00/SES009/SA009S15	SES007	-0.0279884	-46.2763	-46.2483
BLOCK00/SES009/SA009S15	SES099	-2.89092	-49.1392	-46.2483
BLOCK00/SES009/SA009S15	SES148	-1.69987	-47.9482	-46.2483
BLOCK00/SES009/SA009S15	SES172	-1.79239	-48.0407	-46.2483
BLOCK00/SES009/SA009S24	SES146	-0.848518	-47.5986	-46.75
BLOCK00/SES009/SA009S24	SES148	-1.40542	-48.1555	-46.75
BLOCK00/SES009/SA009S24	SES177	-1.23343	-47.9835	-46.75
BLOCK00/SES009/SA009S24	SES292	-0.635597	-47.3856	-46.75
BLOCK00/SES009/SA009S26	SES083	-1.58662	-48.6437	-47.0571
BLOCK00/SES009/SA009S26	SES101	-1.57189	-48.629	-47.0571
BLOCK00/SES009/SA009S26	SES120	-1.12063	-48.1777	-47.0571
BLOCK00/SES009/SA009S26	SES177	-1.68953	-48.7466	-47.0571
BLOCK00/SES009/SA009S29	SES083	-1.10374	-47.5734	-46.4696
BLOCK00/SES009/SA009S29	SES101	-1.22165	-47.6913	-46.4696
BLOCK00/SES009/SA009S29	SES177	-1.28942	-47.759	-46.4696
BLOCK00/SES009/SA009S29	SES292	-0.908043	-47.3777	-46.4696
BLOCK01/SES011/SA011S10	SES019	-1.24223	-48.4415	-47.1992
BLOCK01/SES011/SA011S10	SES042	0.0383034	-47.1609	-47.1992
BLOCK01/SES011/SA011S10	SES082	-1.66716	-48.8664	-47.1992
BLOCK01/SES011/SA011S10	SES206	-0.868263	-48.0675	-47.1992
BLOCK01/SES011/SA011S11	SES019	-0.855408	-49.0497	-48.1943
BLOCK01/SES011/SA011S11	SES042	-0.426224	-48.6206	-48.1943
BLOCK01/SES011/SA011S11	SES082	-1.53539	-49.7297	-48.1943
BLOCK01/SES011/SA011S11	SES206	-0.409702	-48.604	-48.1943
BLOCK01/SES011/SA011S22	SES019	-0.35955	-48.1926	-47.833
BLOCK01/SES011/SA011S22	SES042	0.0853615	-47.7477	-47.833
BLOCK01/SES011/SA011S22	SES082	-1.23101	-49.064	-47.833
BLOCK01/SES011/SA011S22	SES206	-0.587704	-48.4207	-47.833
BLOCK01/SES011/SA011S24	SES019	-0.649727	-47.5796	-46.9298
BLOCK01/SES011/SA011S24	SES042	-0.165836	-47.0957	-46.9298
BLOCK01/SES011/SA011S24	SES104	-1.1888	-48.1186	-46.9298
BLOCK01/SES011/SA011S24	SES206	-0.194702	-47.1245	-46.9298
BLOCK01/SES011/SA011S27	SES082	0.197998	-46.8406	-47.0386
BLOCK01/SES011/SA011S27	SES087	-1.11706	-48.1556	-47.0386
BLOCK01/SES011/SA011S27	SES125	-0.562355	-47.6009	-47.0386
BLOCK01/SES011/SA011S27	SES206	-0.268429	-47.307	-47.0386
BLOCK01/SES012/SA012S11	SES007	-2.02475	-47.5933	-45.5686
BLOCK01/SES012/SA012S11	SES082	-1.10986	-46.6784	-45.5686
BLOCK01/SES012/SA012S11	SES083	-2.49144	-48.06	-45.5686
BLOCK01/SES012/SA012S11	SES206	-0.77541	-46.344	-45.5686
BLOCK01/SES012/SA012S14	SES082	-1.16635	-47.478	-46.3116
BLOCK01/SES012/SA012S14	SES087	-1.49259	-47.8042	-46.3116
BLOCK01/SES012/SA012S14	SES206	-1.05676	-47.3684	-46.3116
BLOCK01/SES012/SA012S14	SES292	-2.89914	-49.2108	-46.3116
BLOCK01/SES012/SA012S24	SES082	-0.164959	-47.4677	-47.3027
BLOCK01/SES012/SA012S24	SES087	-1.10015	-48.4028	-47.3027
BLOCK01/SES012/SA012S24	SES120	-3.90009	-51.2028	-47.3027
BLOCK01/SES012/SA012S24	SES206	-0.822006	-48.1247	-47.3027
BLOCK01/SES012/SA012S26	SES019	-1.89357	-48.343	-46.4494
BLOCK01/SES012/SA012S26	SES082	-1.49126	-47.9407	-46.4494
BLOCK01/SES012/SA012S26	SES206	-0.054409	-46.5038	-46.4494
BLOCK01/SES012/SA012S26	SES292	-3.04409	-49.4935	-46.4494
BLOCK01/SES012/SA012S29	SES062	-1.96872	-47.9988	-46.03
BLOCK01/SES012/SA012S29	SES082	-0.836857	-46.8669	-46.03
BLOCK01/SES012/SA012S29	SES083	-2.50492	-48.535	-46.03
BLOCK01/SES012/SA012S29	SES206	-0.989742	-47.0198	-46.03
BLOCK01/SES013/SA013S16	SES062	-3.49706	-50.2949	-46.7978
BLOCK01/SES013/SA013S16	SES106	-1.21989	-48.0177	-46.7978
BLOCK01/SES013/SA013S16	SES206	-1.62321	-48.421	-46.7978
BLOCK01/SES013/SA013S16	SES226	-0.433182	-47.231	-46.7978
BLOCK01/SES013/SA013S17	SES062	-2.98113	-48.956	-45.9748
BLOCK01/SES013/SA013S17	SES106	-1.34385	-47.3187	-45.9748
BLOCK01/SES013/SA013S17	SES206	-0.487129	-46.462	-45.9748
BLOCK01/SES013/SA013S17	SES226	0.00204849	-45.9728	-45.9748
BLOCK01/SES013/SA013S23	SES104	-1.66286	-48.6125	-46.9497
BLOCK01/SES013/SA013S23	SES106	-1.1172	-48.0668	-46.9497
BLOCK01/SES013/SA013S23	SES206	-1.69672	-48.6464	-46.9497
BLOCK01/SES013/SA013S23	SES270	-0.820972	-47.7706	-46.9497
BLOCK01/SES013/SA013S25	SES042	-1.6695	-47.7156	-46.0461
BLOCK01/SES013/SA013S25	SES104	-1.48209	-47.5282	-46.0461
BLOCK01/SES013/SA013S25	SES106	-0.815197	-46.8613	-46.0461
BLOCK01/SES013/SA013S25	SES206	-1.61818	-47.6642	-46.0461
BLOCK01/SES013/SA013S29	SES062	-3.50882	-49.9726	-46.4638
BLOCK01/SES013/SA013S29	SES104	-1.93123	-48.395	-46.4638
BLOCK01/SES013/SA013S29	SES106	-0.833652	-47.2975	-46.4638
BLOCK01/SES013/SA013S29	SES206	-1.43111	-47.8949	-46.4638
BLOCK02/SES021/SA021S13	SES016	-3.33928	-49.7171	-46.3778
BLOCK02/SES021/SA021S13	SES029	-2.90566	-49.2835	-46.3778
BLOCK02/SES021/SA021S13	SES087	-1.00576	-47.3836	-46.3778
BLOCK02/SES021/SA021S13	SES206	-0.69429	-47.0721	-46.3778
BLOCK02/SES021/SA021S15	SES087	-0.775604	-45.9711	-45.1955
BLOCK02/SES021/SA021S15	SES125	-0.35059	-45.5461	-45.1955
BLOCK02/SES021/SA021S15	SES206	-0.154869	-45.3504	-45.1955
BLOCK02/SES021/SA021S15	SES226	-1.38934	-46.5848	-45.1955
BLOCK02/SES021/SA021S23	SES062	-3.35268	-50.5322	-47.1795
BLOCK02/SES021/SA021S23	SES087	-1.21657	-48.3961	-47.1795
BLOCK02/SES021/SA021S23	SES206	-1.45488	-48.6344	-47.1795
BLOCK02/SES021/SA021S23	SES226	-1.16648	-48.346	-47.1795
BLOCK02/SES021/SA021S27	SES002	-1.26947	-46.9587	-45.6893
BLOCK02/SES021/SA021S27	SES016	-3.67348	-49.3627	-45.6893
BLOCK02/SES021/SA021S27	SES019	-1.73385	-47.4231	-45.6893
BLOCK02/SES021/SA021S27	SES062	-1.81223	-47.5015	-45.6893
BLOCK02/SES021/SA021S29	SES087	-0.930767	-46.8555	-45.9247
BLOCK02/SES021/SA021S29	SES125	-0.586391	-46.5111	-45.9247
BLOCK02/SES021/SA021S29	SES206	-0.339451	-46.2642	-45.9247
BLOCK02/SES021/SA021S29	SES226	-1.15013	-47.0748	-45.9247
BLOCK04/SES043/SA043S09	SES083	-1.1413	-49.3817	-48.2404
BLOCK04/SES043/SA043S09	SES101	-1.94417	-50.1846	-48.2404
BLOCK04/SES043/SA043S09	SES144	-0.43671	-48.6771	-48.2404
BLOCK04/SES043/SA043S09	SES172	-2.26793	-50.5083	-48.2404
BLOCK04/SES043/SA043S11	SES083	-0.787239	-47.6561	-46.8689
BLOCK04/SES043/SA043S11	SES101	-1.35265	-48.2215	-46.8689
BLOCK04/SES043/SA043S11	SES144	-0.605564	-47.4745	-46.8689
BLOCK04/SES043/SA043S11	SES172	-0.953335	-47.8222	-46.8689
BLOCK04/SES043/SA043S23	SES083	-0.459015	-47.9805	-47.5215
BLOCK04/SES043/SA043S23	SES144	-0.0726738	-47.5941	-47.5215
BLOCK04/SES043/SA043S23	SES177	-2.04186	-49.5633	-47.5215
BLOCK04/SES043/SA043S23	SES275	-0.906586	-48.428	-47.5215
BLOCK04/SES043/SA043S26	SES083	-0.833092	-48.2454	-47.4123
BLOCK04/SES043/SA043S26	SES101	-1.15615	-48.5684	-47.4123
BLOCK04/SES043/SA043S26	SES144	-0.352852	-47.7651	-47.4123
BLOCK04/SES043/SA043S26	SES177	-1.66755	-49.0798	-47.4123
BLOCK04/SES043/SA043S28	SES016	-0.996063	-47.8211	-46.825
BLOCK04/SES043/SA043S28	SES083	-0.677544	-47.5025	-46.825
BLOCK04/SES043/SA043S28	SES101	-0.788906	-47.6139	-46.825
BLOCK04/SES043/SA043S28	SES144	-0.600029	-47.425	-46.825
BLOCK04/SES044/SA044S10	SES127	-1.93825	-52.563	-50.6248
BLOCK04/SES044/SA044S10	SES144	-0.45192	-51.0767	-50.6248
BLOCK04/SES044/SA044S10	SES147	-2.25374	-52.8785	-50.6248
BLOCK04/SES044/SA044S10	SES148	-1.54478	-52.1696	-50.6248
BLOCK04/SES044/SA044S11	SES101	-1.01603	-50.4866	-49.4706
BLOCK04/SES044/SA044S11	SES144	0.11821	-49.3523	-49.4706
BLOCK04/SES044/SA044S11	SES147	-1.45704	-50.9276	-49.4706
BLOCK04/SES044/SA044S11	SES177	-1.16521	-50.6358	-49.4706
BLOCK04/SES044/SA044S24	SES007	-1.78111	-50.4885	-48.7074
BLOCK04/SES044/SA044S24	SES101	-0.644321	-49.3517	-48.7074
BLOCK04/SES044/SA044S24	SES147	-2.14308	-50.8505	-48.7074
BLOCK04/SES044/SA044S24	SES177	-1.58436	-50.2918	-48.7074
BLOCK04/SES044/SA044S26	SES007	-1.48207	-49.4221	-47.94
BLOCK04/SES044/SA044S26	SES016	-0.759953	-48.7	-47.94
BLOCK04/SES044/SA044S26	SES101	-0.942505	-48.8825	-47.94
BLOCK04/SES044/SA044S26	SES147	-0.945641	-48.8857	-47.94
BLOCK04/SES044/SA044S29	SES007	-1.59762	-48.8511	-47.2535
BLOCK04/SES044/SA044S29	SES101	-0.737843	-47.9913	-47.2535
BLOCK04/SES044/SA044S29	SES147	-1.68049	-48.934	-47.2535
BLOCK04/SES044/SA044S29	SES177	-1.74471	-48.9982	-47.2535
BLOCK04/SES046/SA046S13	SES101	-1.7442	-50.2481	-48.5039
BLOCK04/SES046/SA046S13	SES144	-0.932003	-49.4359	-48.5039
BLOCK04/SES046/SA046S13	SES147	-2.12387	-50.6278	-48.5039
BLOCK04/SES046/SA046S13	SES177	-0.897785	-49.4017	-48.5039
BLOCK04/SES046/SA046S15	SES048	-2.7258	-49.4224	-46.6966
BLOCK04/SES046/SA046S15	SES083	-1.17614	-47.8727	-46.6966
BLOCK04/SES046/SA046S15	SES120	-2.75355	-49.4502	-46.6966
BLOCK04/SES046/SA046S15	SES148	-1.48753	-48.1841	-46.6966
BLOCK04/SES046/SA046S22	SES101	-0.854427	-48.691	-47.8365
BLOCK04/SES046/SA046S22	SES144	-0.725891	-48.5624	-47.8365
BLOCK04/SES046/SA046S22	SES147	-1.89904	-49.7356	-47.8365
BLOCK04/SES046/SA046S22	SES172	-1.01355	-48.8501	-47.8365
BLOCK04/SES046/SA046S25	SES083	-0.982994	-48.6921	-47.7091
BLOCK04/SES046/SA046S25	SES127	-1.00533	-48.7145	-47.7091
BLOCK04/SES046/SA046S25	SES144	-1.33791	-49.047	-47.7091
BLOCK04/SES046/SA046S25	SES148	-1.22881	-48.9379	-47.7091
BLOCK04/SES046/SA046S28	SES007	-2.54118	-50.8336	-48.2925
BLOCK04/SES046/SA046S28	SES105	-2.18459	-50.477	-48.2925
BLOCK04/SES046/SA046S28	SES147	-2.3196	-50.612	-48.2925
BLOCK04/SES046/SA046S28	SES148	-1.0271	-49.3196	-48.2925
BLOCK04/SES049/SA049S16	SES104	-1.42463	-49.0367	-47.6121
BLOCK04/SES049/SA049S16	SES106	-1.05166	-48.6638	-47.6121
BLOCK04/SES049/SA049S16	SES120	-3.66066	-51.2728	-47.6121
BLOCK04/SES049/SA049S16	SES206	-1.49003	-49.1021	-47.6121
BLOCK04/SES049/SA049S18	SES099	-0.529369	-49.1208	-48.5914
BLOCK04/SES049/SA049S18	SES104	-2.11228	-50.7037	-48.5914
BLOCK04/SES049/SA049S18	SES125	-2.47312	-51.0645	-48.5914
BLOCK04/SES049/SA049S18	SES206	-1.81739	-50.4088	-48.5914
BLOCK04/SES049/SA049S25	SES087	-0.893402	-48.0624	-47.169
BLOCK04/SES049/SA049S25	SES104	-0.831936	-48.0009	-47.169
BLOCK04/SES049/SA049S25	SES125	-1.65682	-48.8258	-47.169
BLOCK04/SES049/SA049S25	SES206	-1.00281	-48.1718	-47.169
BLOCK04/SES049/SA049S27	SES099	-0.491386	-47.8136	-47.3222
BLOCK04/SES049/SA049S27	SES104	-0.151981	-47.4742	-47.3222
BLOCK04/SES049/SA049S27	SES125	-1.00787	-48.3301	-47.3222
BLOCK04/SES049/SA049S27	SES206	-0.972328	-48.2945	-47.3222
BLOCK04/SES049/SA049S29	SES099	-0.559052	-46.7898	-46.2307
BLOCK04/SES049/SA049S29	SES104	-0.373463	-46.6042	-46.2307
BLOCK04/SES049/SA049S29	SES125	-0.862228	-47.093	-46.2307
BLOCK04/SES049/SA049S29	SES206	-0.548916	-46.7797	-46.2307
BLOCK06/SES063/SA063S09	SES068	-1.70668	-49.0477	-47.341
BLOCK06/SES063/SA063S09	SES083	-0.53986	-47.8809	-47.341
BLOCK06/SES063/SA063S09	SES177	-0.730953	-48.072	-47.341
BLOCK06/SES063/SA063S09	SES187	-0.941181	-48.2822	-47.341
BLOCK06/SES063/SA063S10	SES068	-1.52394	-49.6317	-48.1078
BLOCK06/SES063/SA063S10	SES083	-0.0727348	-48.1805	-48.1078
BLOCK06/SES063/SA063S10	SES172	-0.0781174	-48.1859	-48.1078
BLOCK06/SES063/SA063S10	SES187	-0.873089	-48.9809	-48.1078
BLOCK06/SES063/SA063S20	SES068	-2.26926	-50.2788	-48.0096
BLOCK06/SES063/SA063S20	SES083	-0.674122	-48.6837	-48.0096
BLOCK06/SES063/SA063S20	SES172	-1.28729	-49.2969	-48.0096
BLOCK06/SES063/SA063S20	SES187	-0.146023	-48.1556	-48.0096
BLOCK06/SES063/SA063S24	SES029	-2.0275	-49.0356	-47.0081
BLOCK06/SES063/SA063S24	SES083	-0.0402679	-47.0484	-47.0081
BLOCK06/SES063/SA063S24	SES177	-0.598827	-47.607	-47.0081
BLOCK06/SES063/SA063S24	SES189	-0.843678	-47.8518	-47.0081
BLOCK06/SES063/SA063S27	SES083	-0.223198	-48.6839	-48.4607
BLOCK06/SES063/SA063S27	SES172	-0.334843	-48.7956	-48.4607
BLOCK06/SES063/SA063S27	SES187	-1.24213	-49.7029	-48.4607
BLOCK06/SES063/SA063S27	SES292	-1.64401	-50.1048	-48.4607
BLOCK06/SES067/SA067S12	SES083	-1.2968	-48.7691	-47.4723
BLOCK06/SES067/SA067S12	SES172	-2.5702	-50.0425	-47.4723
BLOCK06/SES067/SA067S12	SES202	0.0313301	-47.441	-47.4723
BLOCK06/SES067/SA067S12	SES292	-1.52874	-49.001	-47.4723
BLOCK06/SES067/SA067S14	SES085	-1.48119	-48.4475	-46.9663
BLOCK06/SES067/SA067S14	SES177	-1.18726	-48.1535	-46.9663
BLOCK06/SES067/SA067S14	SES183	-1.26736	-48.2336	-46.9663
BLOCK06/SES067/SA067S14	SES202	-0.445686	-47.412	-46.9663
BLOCK06/SES067/SA067S21	SES144	-0.912926	-49.593	-48.6801
BLOCK06/SES067/SA067S21	SES177	-0.484005	-49.1641	-48.6801
BLOCK06/SES067/SA067S21	SES183	-2.47513	-51.1552	-48.6801
BLOCK06/SES067/SA067S21	SES189	-0.573032	-49.2531	-48.6801
BLOCK06/SES067/SA067S25	SES085	-0.688957	-48.6175	-47.9285
BLOCK06/SES067/SA067S25	SES177	-0.723785	-48.6523	-47.9285
BLOCK06/SES067/SA067S25	SES183	-1.29338	-49.2219	-47.9285
BLOCK06/SES067/SA067S25	SES202	0.0754471	-47.8531	-47.9285
BLOCK06/SES067/SA067S29	SES085	-1.04538	-48.7653	-47.7199
BLOCK06/SES067/SA067S29	SES177	-0.971512	-48.6914	-47.7199
BLOCK06/SES067/SA067S29	SES183	-1.46048	-49.1804	-47.7199
BLOCK06/SES067/SA067S29	SES202	0.192719	-47.5272	-47.7199
BLOCK06/SES069/SA069S12	SES029	-2.7731	-49.222	-46.4489
BLOCK06/SES069/SA069S12	SES082	-0.977238	-47.4261	-46.4489
BLOCK06/SES069/SA069S12	SES087	-1.52607	-47.975	-46.4489
BLOCK06/SES069/SA069S12	SES206	-1.04852	-47.4974	-46.4489
BLOCK06/SES069/SA069S13	SES029	-2.69914	-49.4782	-46.779
BLOCK06/SES069/SA069S13	SES087	-1.83812	-48.6171	-46.779
BLOCK06/SES069/SA069S13	SES206	-1.40151	-48.1805	-46.779
BLOCK06/SES069/SA069S13	SES226	-1.29184	-48.0709	-46.779
BLOCK06/SES069/SA069S23	SES029	-2.06567	-47.0912	-45.0256
BLOCK06/SES069/SA069S23	SES087	-1.77607	-46.8016	-45.0256
BLOCK06/SES069/SA069S23	SES206	-1.4916	-46.5172	-45.0256
BLOCK06/SES069/SA069S23	SES226	-0.708019	-45.7336	-45.0256
BLOCK06/SES069/SA069S25	SES087	-1.13995	-46.972	-45.8321
BLOCK06/SES069/SA069S25	SES206	-1.80872	-47.6408	-45.8321
BLOCK06/SES069/SA069S25	SES226	-0.751472	-46.5836	-45.8321
BLOCK06/SES069/SA069S25	SES270	-1.07536	-46.9074	-45.8321
BLOCK06/SES069/SA069S27	SES087	-1.77325	-47.4207	-45.6475
BLOCK06/SES069/SA069S27	SES206	-0.604733	-46.2522	-45.6475
BLOCK06/SES069/SA069S27	SES226	-0.576683	-46.2241	-45.6475
BLOCK06/SES069/SA069S27	SES270	-1.05536	-46.7028	-45.6475
BLOCK08/SES081/SA081S11	SES060	-1.5135	-48.9637	-47.4502
BLOCK08/SES081/SA081S11	SES062	-2.78012	-50.2303	-47.4502
BLOCK08/SES081/SA081S11	SES117	-2.17456	-49.6248	-47.4502
BLOCK08/SES081/SA081S11	SES162	-1.6037	-49.0539	-47.4502
BLOCK08/SES081/SA081S13	SES016	-0.945683	-47.4243	-46.4786
BLOCK08/SES081/SA081S13	SES060	-0.240097	-46.7187	-46.4786
BLOCK08/SES081/SA081S13	SES068	-0.489483	-46.9681	-46.4786
BLOCK08/SES081/SA081S13	SES129	-1.67303	-48.1517	-46.4786
BLOCK08/SES081/SA081S24	SES060	-0.649582	-47.6246	-46.9751
BLOCK08/SES081/SA081S24	SES068	-0.955315	-47.9304	-46.9751
BLOCK08/SES081/SA081S24	SES117	-1.87679	-48.8518	-46.9751
BLOCK08/SES081/SA081S24	SES275	-2.1692	-49.1443	-46.9751
BLOCK08/SES081/SA081S27	SES007	-1.50731	-48.7498	-47.2425
BLOCK08/SES081/SA081S27	SES060	-1.32796	-48.5705	-47.2425
BLOCK08/SES081/SA081S27	SES117	-0.567028	-47.8095	-47.2425
BLOCK08/SES081/SA081S27	SES275	-1.69096	-48.9335	-47.2425
BLOCK08/SES081/SA081S29	SES007	-1.31753	-48.0254	-46.7079
BLOCK08/SES081/SA081S29	SES060	-0.815022	-47.5229	-46.7079
BLOCK08/SES081/SA081S29	SES117	-1.37864	-48.0865	-46.7079
BLOCK08/SES081/SA081S29	SES275	-2.03841	-48.7463	-46.7079
BLOCK08/SES086/SA086S11	SES029	-4.43135	-52.8279	-48.3965
BLOCK08/SES086/SA086S11	SES082	-1.15911	-49.5557	-48.3965
BLOCK08/SES086/SA086S11	SES087	-0.655972	-49.0525	-48.3965
BLOCK08/SES086/SA086S11	SES206	-1.94154	-50.3381	-48.3965
BLOCK08/SES086/SA086S12	SES029	-4.33123	-51.8691	-47.5379
BLOCK08/SES086/SA086S12	SES082	-1.43398	-48.9719	-47.5379
BLOCK08/SES086/SA086S12	SES087	-0.0331841	-47.5711	-47.5379
BLOCK08/SES086/SA086S12	SES206	-1.38743	-48.9253	-47.5379
BLOCK08/SES086/SA086S20	SES029	-3.70732	-50.1733	-46.466
BLOCK08/SES086/SA086S20	SES082	-1.69512	-48.1611	-46.466
BLOCK08/SES086/SA086S20	SES087	-0.0670357	-46.533	-46.466
BLOCK08/SES086/SA086S20	SES206	-0.590382	-47.0564	-46.466
BLOCK08/SES086/SA086S24	SES087	0.229092	-47.3373	-47.5664
BLOCK08/SES086/SA086S24	SES104	-1.21188	-48.7782	-47.5664
BLOCK08/SES086/SA086S24	SES120	-3.66779	-51.2342	-47.5664
BLOCK08/SES086/SA086S24	SES206	0.0926094	-47.4738	-47.5664
BLOCK08/SES086/SA086S28	SES029	-3.29379	-49.51	-46.2162
BLOCK08/SES086/SA086S28	SES082	-1.53768	-47.7539	-46.2162
BLOCK08/SES086/SA086S28	SES087	-0.386238	-46.6024	-46.2162
BLOCK08/SES086/SA086S28	SES206	-0.738991	-46.9552	-46.2162
BLOCK08/SES089/SA089S13	SES087	-1.58451	-48.4635	-46.879
BLOCK08/SES089/SA089S13	SES206	-1.8845	-48.7635	-46.879
BLOCK08/SES089/SA089S13	SES226	-1.6162	-48.4952	-46.879
BLOCK08/SES089/SA089S13	SES270	-1.93316	-48.8122	-46.879
BLOCK08/SES089/SA089S14	SES062	-2.00323	-48.8681	-46.8649
BLOCK08/SES089/SA089S14	SES087	-0.397926	-47.2628	-46.8649
BLOCK08/SES089/SA089S14	SES206	-0.77037	-47.6353	-46.8649
BLOCK08/SES089/SA089S14	SES226	-0.867741	-47.7326	-46.8649
BLOCK08/SES089/SA089S23	SES087	-0.720158	-48.4798	-47.7596
BLOCK08/SES089/SA089S23	SES206	-1.09722	-48.8568	-47.7596
BLOCK08/SES089/SA089S23	SES226	-1.22623	-48.9858	-47.7596
BLOCK08/SES089/SA089S23	SES270	-1.62883	-49.3884	-47.7596
BLOCK08/SES089/SA089S25	SES062	-2.37179	-48.9938	-46.622
BLOCK08/SES089/SA089S25	SES087	-0.492542	-47.1145	-46.622
BLOCK08/SES089/SA089S25	SES206	-1.27422	-47.8962	-46.622
BLOCK08/SES089/SA089S25	SES226	-0.721848	-47.3439	-46.622
BLOCK08/SES089/SA089S28	SES062	-1.95642	-48.7309	-46.7745
BLOCK08/SES089/SA089S28	SES087	-0.340099	-47.1146	-46.7745
BLOCK08/SES089/SA089S28	SES206	-0.670311	-47.4448	-46.7745
BLOCK08/SES089/SA089S28	SES226	-0.507767	-47.2822	-46.7745
BLOCK09/SES097/SA097S11	SES099	-0.696011	-47.9893	-47.2933
BLOCK09/SES097/SA097S11	SES125	-2.14054	-49.4339	-47.2933
BLOCK09/SES097/SA097S11	SES206	-1.73183	-49.0252	-47.2933
BLOCK09/SES097/SA097S11	SES226	-0.441624	-47.735	-47.2933
BLOCK09/SES097/SA097S14	SES062	-2.65278	-49.9111	-47.2583
BLOCK09/SES097/SA097S14	SES099	-0.523613	-47.7819	-47.2583
BLOCK09/SES097/SA097S14	SES104	-0.985649	-48.2439	-47.2583
BLOCK09/SES097/SA097S14	SES206	-1.54885	-48.8071	-47.2583
BLOCK09/SES097/SA097S22	SES099	-0.207096	-47.22	-47.0129
BLOCK09/SES097/SA097S22	SES206	-1.40495	-48.4178	-47.0129
BLOCK09/SES097/SA097S22	SES226	-1.49256	-48.5054	-47.0129
BLOCK09/SES097/SA097S22	SES270	-0.221951	-47.2348	-47.0129
BLOCK09/SES097/SA097S26	SES099	-0.527203	-46.5727	-46.0455
BLOCK09/SES097/SA097S26	SES120	-3.46284	-49.5083	-46.0455
BLOCK09/SES097/SA097S26	SES206	-1.82917	-47.8746	-46.0455
BLOCK09/SES097/SA097S26	SES226	-1.77258	-47.8181	-46.0455
BLOCK09/SES097/SA097S28	SES099	-0.471264	-47.581	-47.1097
BLOCK09/SES097/SA097S28	SES120	-2.54958	-49.6593	-47.1097
BLOCK09/SES097/SA097S28	SES206	-1.58777	-48.6975	-47.1097
BLOCK09/SES097/SA097S28	SES226	-1.59958	-48.7093	-47.1097
BLOCK09/SES098/SA098S11	SES127	-2.14191	-51.4687	-49.3268
BLOCK09/SES098/SA098S11	SES144	-1.17659	-50.5034	-49.3268
BLOCK09/SES098/SA098S11	SES147	-0.625645	-49.9524	-49.3268
BLOCK09/SES098/SA098S11	SES148	-2.0883	-51.4151	-49.3268
BLOCK09/SES098/SA098S12	SES127	-2.53794	-53.1528	-50.6149
BLOCK09/SES098/SA098S12	SES144	-1.09531	-51.7102	-50.6149
BLOCK09/SES098/SA098S12	SES147	-1.26547	-51.8803	-50.6149
BLOCK09/SES098/SA098S12	SES189	-0.865444	-51.4803	-50.6149
BLOCK09/SES098/SA098S20	SES127	-2.32012	-51.6993	-49.3792
BLOCK09/SES098/SA098S20	SES147	-1.27229	-50.6514	-49.3792
BLOCK09/SES098/SA098S20	SES148	-3.00152	-52.3807	-49.3792
BLOCK09/SES098/SA098S20	SES292	-2.95301	-52.3322	-49.3792
BLOCK09/SES098/SA098S23	SES127	-1.58229	-50.4417	-48.8594
BLOCK09/SES098/SA098S23	SES147	-0.989914	-49.8493	-48.8594
BLOCK09/SES098/SA098S23	SES187	-0.392517	-49.2519	-48.8594
BLOCK09/SES098/SA098S23	SES292	-2.3167	-51.1761	-48.8594
BLOCK09/SES098/SA098S27	SES127	-1.99353	-50.8914	-48.8979
BLOCK09/SES098/SA098S27	SES147	-2.00727	-50.9052	-48.8979
BLOCK09/SES098/SA098S27	SES148	-2.70982	-51.6077	-48.8979
BLOCK09/SES098/SA098S27	SES292	-2.8876	-51.7855	-48.8979
BLOCK10/SES102/SA102S13	SES101	-0.0547333	-49.0975	-49.0427
BLOCK10/SES102/SA102S13	SES105	-1.2514	-50.2941	-49.0427
BLOCK10/SES102/SA102S13	SES120	-1.03784	-50.0806	-49.0427
BLOCK10/SES102/SA102S13	SES158	-5.38158	-54.4243	-49.0427
BLOCK10/SES102/SA102S14	SES007	-0.614079	-47.5255	-46.9114
BLOCK10/SES102/SA102S14	SES101	-0.443108	-47.3545	-46.9114
BLOCK10/SES102/SA102S14	SES105	-0.595001	-47.5064	-46.9114
BLOCK10/SES102/SA102S14	SES147	-1.74662	-48.658	-46.9114
BLOCK10/SES102/SA102S22	SES007	-1.06469	-48.3496	-47.2849
BLOCK10/SES102/SA102S22	SES101	0.0420341	-47.2428	-47.2849
BLOCK10/SES102/SA102S22	SES105	-0.57592	-47.8608	-47.2849
BLOCK10/SES102/SA102S22	SES158	-3.42468	-50.7095	-47.2849
BLOCK10/SES102/SA102S25	SES007	-0.978355	-47.8438	-46.8654
BLOCK10/SES102/SA102S25	SES101	-0.526684	-47.3921	-46.8654
BLOCK10/SES102/SA102S25	SES105	-1.05317	-47.9186	-46.8654
BLOCK10/SES102/SA102S25	SES147	-2.38095	-49.2464	-46.8654
BLOCK10/SES102/SA102S27	SES007	-0.886841	-48.6525	-47.7657
BLOCK10/SES102/SA102S27	SES101	-0.0641556	-47.8298	-47.7657
BLOCK10/SES102/SA102S27	SES105	-0.845623	-48.6113	-47.7657
BLOCK10/SES102/SA102S27	SES147	-1.16254	-48.9282	-47.7657
BLOCK10/SES103/SA103S14	SES105	-2.45077	-50.9675	-48.5168
BLOCK10/SES103/SA103S14	SES106	-0.851753	-49.3685	-48.5168
BLOCK10/SES103/SA103S14	SES120	-3.4566	-51.9734	-48.5168
BLOCK10/SES103/SA103S14	SES206	-1.53883	-50.0556	-48.5168
BLOCK10/SES103/SA103S15	SES099	-0.509148	-49.5975	-49.0884
BLOCK10/SES103/SA103S15	SES101	-3.92909	-53.0175	-49.0884
BLOCK10/SES103/SA103S15	SES104	-0.867138	-49.9555	-49.0884
BLOCK10/SES103/SA103S15	SES125	-1.30325	-50.3916	-49.0884
BLOCK10/SES103/SA103S24	SES104	-1.22911	-48.8742	-47.6451
BLOCK10/SES103/SA103S24	SES125	-1.29584	-48.9409	-47.6451
BLOCK10/SES103/SA103S24	SES148	-2.95982	-50.6049	-47.6451
BLOCK10/SES103/SA103S24	SES158	-0.465336	-48.1104	-47.6451
BLOCK10/SES103/SA103S26	SES104	-1.57671	-49.9957	-48.419
BLOCK10/SES103/SA103S26	SES106	-1.08295	-49.502	-48.419
BLOCK10/SES103/SA103S26	SES125	-1.39109	-49.8101	-48.419
BLOCK10/SES103/SA103S26	SES148	-2.9603	-51.3793	-48.419
BLOCK10/SES103/SA103S28	SES104	-1.71503	-50.883	-49.168
BLOCK10/SES103/SA103S28	SES106	-1.58932	-50.7573	-49.168
BLOCK10/SES103/SA103S28	SES125	-2.37857	-51.5466	-49.168
BLOCK10/SES103/SA103S28	SES206	-2.94992	-52.1179	-49.168
BLOCK12/SES121/SA121S12	SES042	-1.47231	-51.0225	-49.5502
BLOCK12/SES121/SA121S12	SES087	-0.587002	-50.1372	-49.5502
BLOCK12/SES121/SA121S12	SES105	-1.41314	-50.9634	-49.5502
BLOCK12/SES121/SA121S12	SES206	-0.86771	-50.4179	-49.5502
BLOCK12/SES121/SA121S14	SES007	-2.31736	-52.5717	-50.2543
BLOCK12/SES121/SA121S14	SES105	-2.2893	-52.5436	-50.2543
BLOCK12/SES121/SA121S14	SES106	-0.825161	-51.0795	-50.2543
BLOCK12/SES121/SA121S14	SES206	-1.17602	-51.4303	-50.2543
BLOCK12/SES121/SA121S23	SES105	-2.73411	-53.1028	-50.3687
BLOCK12/SES121/SA121S23	SES106	-0.771557	-51.1403	-50.3687
BLOCK12/SES121/SA121S23	SES120	-2.86569	-53.2344	-50.3687
BLOCK12/SES121/SA121S23	SES206	-1.39212	-51.7609	-50.3687
BLOCK12/SES121/SA121S25	SES007	-2.04443	-53.1187	-51.0742
BLOCK12/SES121/SA121S25	SES105	-2.47395	-53.5482	-51.0742
BLOCK12/SES121/SA121S25	SES106	-0.908169	-51.9824	-51.0742
BLOCK12/SES121/SA121S25	SES206	-1.34552	-52.4198	-51.0742
BLOCK12/SES121/SA121S27	SES087	0.152805	-49.1886	-49.3415
BLOCK12/SES121/SA121S27	SES105	-3.89445	-53.2359	-49.3415
BLOCK12/SES121/SA121S27	SES120	-3.13454	-52.476	-49.3415
BLOCK12/SES121/SA121S27	SES206	-1.25196	-50.5934	-49.3415
BLOCK12/SES124/SA124S16	SES042	-0.140095	-47.9581	-47.818
BLOCK12/SES124/SA124S16	SES082	-0.736031	-48.5541	-47.818
BLOCK12/SES124/SA124S16	SES183	-2.87885	-50.6969	-47.818
BLOCK12/SES124/SA124S16	SES206	-1.30753	-49.1256	-47.818
BLOCK12/SES124/SA124S17	SES105	-2.5077	-51.0559	-48.5482
BLOCK12/SES124/SA124S17	SES149	-2.05449	-50.6026	-48.5482
BLOCK12/SES124/SA124S17	SES158	-1.47312	-50.0213	-48.5482
BLOCK12/SES124/SA124S17	SES275	-3.42118	-51.9693	-48.5482
BLOCK12/SES124/SA124S23	SES105	-2.65183	-48.635	-45.9832
BLOCK12/SES124/SA124S23	SES125	-0.201817	-46.185	-45.9832
BLOCK12/SES124/SA124S23	SES129	-2.99627	-48.9795	-45.9832
BLOCK12/SES124/SA124S23	SES158	-0.672276	-46.6555	-45.9832
BLOCK12/SES124/SA124S26	SES105	-3.62333	-50.2281	-46.6047
BLOCK12/SES124/SA124S26	SES125	-0.699768	-47.3045	-46.6047
BLOCK12/SES124/SA124S26	SES129	-3.51591	-50.1206	-46.6047
BLOCK12/SES124/SA124S26	SES158	-0.719593	-47.3243	-46.6047
BLOCK12/SES124/SA124S28	SES104	-1.04798	-47.4812	-46.4332
BLOCK12/SES124/SA124S28	SES106	-0.924366	-47.3576	-46.4332
BLOCK12/SES124/SA124S28	SES125	-0.484829	-46.918	-46.4332
BLOCK12/SES124/SA124S28	SES275	-3.7789	-50.2121	-46.4332
BLOCK12/SES126/SA126S13	SES007	-1.85347	-51.2093	-49.3558
BLOCK12/SES126/SA126S13	SES162	-1.26773	-50.6235	-49.3558
BLOCK12/SES126/SA126S13	SES177	-0.991268	-50.3471	-49.3558
BLOCK12/SES126/SA126S13	SES180	-1.15967	-50.5155	-49.3558
BLOCK12/SES126/SA126S14	SES144	-1.10871	-48.9266	-47.8179
BLOCK12/SES126/SA126S14	SES148	-1.69675	-49.5146	-47.8179
BLOCK12/SES126/SA126S14	SES177	-0.0410652	-47.8589	-47.8179
BLOCK12/SES126/SA126S14	SES180	-0.896858	-48.7147	-47.8179
BLOCK12/SES126/SA126S20	SES007	-1.72821	-49.9086	-48.1804
BLOCK12/SES126/SA126S20	SES162	-2.00468	-50.1851	-48.1804
BLOCK12/SES126/SA126S20	SES172	-2.8091	-50.9895	-48.1804
BLOCK12/SES126/SA126S20	SES180	-2.08723	-50.2677	-48.1804
BLOCK12/SES126/SA126S24	SES120	-0.999397	-48.7503	-47.7509
BLOCK12/SES126/SA126S24	SES162	-1.00902	-48.7599	-47.7509
BLOCK12/SES126/SA126S24	SES177	-0.541386	-48.2923	-47.7509
BLOCK12/SES126/SA126S24	SES180	-0.153442	-47.9043	-47.7509
BLOCK12/SES126/SA126S26	SES120	-0.319321	-49.2276	-48.9083
BLOCK12/SES126/SA126S26	SES177	0.0367546	-48.8716	-48.9083
BLOCK12/SES126/SA126S26	SES180	-0.677437	-49.5858	-48.9083
BLOCK12/SES126/SA126S26	SES202	-1.99011	-50.8984	-48.9083
BLOCK12/SES128/SA128S10	SES087	-2.05987	-49.0285	-46.9686
BLOCK12/SES128/SA128S10	SES206	-1.52333	-48.492	-46.9686
BLOCK12/SES128/SA128S10	SES226	-0.882183	-47.8508	-46.9686
BLOCK12/SES128/SA128S10	SES270	-0.689487	-47.6581	-46.9686
BLOCK12/SES128/SA128S12	SES120	-2.69903	-49.9888	-47.2898
BLOCK12/SES128/SA128S12	SES158	-1.28664	-48.5764	-47.2898
BLOCK12/SES128/SA128S12	SES206	-1.01567	-48.3055	-47.2898
BLOCK12/SES128/SA128S12	SES226	-1.01439	-48.3042	-47.2898
BLOCK12/SES128/SA128S21	SES106	-1.29028	-49.1396	-47.8493
BLOCK12/SES128/SA128S21	SES120	-2.41751	-50.2669	-47.8493
BLOCK12/SES128/SA128S21	SES206	-1.43784	-49.2872	-47.8493
BLOCK12/SES128/SA128S21	SES226	-0.891407	-48.7407	-47.8493
BLOCK12/SES128/SA128S24	SES087	-1.95325	-49.5673	-47.6141
BLOCK12/SES128/SA128S24	SES120	-1.78854	-49.4026	-47.6141
BLOCK12/SES128/SA128S24	SES206	-1.64516	-49.2592	-47.6141
BLOCK12/SES128/SA128S24	SES226	-1.58066	-49.1947	-47.6141
BLOCK12/SES128/SA128S27	SES099	-0.464607	-47.034	-46.5694
BLOCK12/SES128/SA128S27	SES120	-1.91652	-48.4859	-46.5694
BLOCK12/SES128/SA128S27	SES206	-1.17752	-47.7469	-46.5694
BLOCK12/SES128/SA128S27	SES226	-1.23401	-47.8034	-46.5694
BLOCK13/SES130/SA130S13	SES143	-2.02118	-51.3145	-49.2933
BLOCK13/SES130/SA130S13	SES144	-0.659157	-49.9525	-49.2933
BLOCK13/SES130/SA130S13	SES146	-0.660126	-49.9534	-49.2933
BLOCK13/SES130/SA130S13	SES275	-2.65298	-51.9463	-49.2933
BLOCK13/SES130/SA130S15	SES143	-1.93552	-49.6224	-47.6869
BLOCK13/SES130/SA130S15	SES144	-0.738663	-48.4256	-47.6869
BLOCK13/SES130/SA130S15	SES146	-0.784637	-48.4715	-47.6869
BLOCK13/SES130/SA130S15	SES275	-1.50991	-49.1968	-47.6869
BLOCK13/SES130/SA130S23	SES127	-3.05676	-52.2056	-49.1488
BLOCK13/SES130/SA130S23	SES144	-1.70696	-50.8558	-49.1488
BLOCK13/SES130/SA130S23	SES146	-0.90641	-50.0552	-49.1488
BLOCK13/SES130/SA130S23	SES162	-1.46726	-50.6161	-49.1488
BLOCK13/SES130/SA130S25	SES127	-1.93076	-49.313	-47.3822
BLOCK13/SES130/SA130S25	SES144	-0.478615	-47.8608	-47.3822
BLOCK13/SES130/SA130S25	SES146	-0.74992	-48.1321	-47.3822
BLOCK13/SES130/SA130S25	SES275	-1.18366	-48.5659	-47.3822
BLOCK13/SES130/SA130S28	SES127	-1.67781	-49.3284	-47.6506
BLOCK13/SES130/SA130S28	SES144	-1.00662	-48.6572	-47.6506
BLOCK13/SES130/SA130S28	SES146	-1.10261	-48.7532	-47.6506
BLOCK13/SES130/SA130S28	SES275	-0.886036	-48.5366	-47.6506
BLOCK13/SES131/SA131S13	SES002	-1.75459	-51.5199	-49.7653
BLOCK13/SES131/SA131S13	SES007	-2.75987	-52.5251	-49.7653
BLOCK13/SES131/SA131S13	SES099	-1.65402	-51.4193	-49.7653
BLOCK13/SES131/SA131S13	SES105	-2.10523	-51.8705	-49.7653
BLOCK13/SES131/SA131S14	SES104	-0.694618	-48.6632	-47.9685
BLOCK13/SES131/SA131S14	SES106	-0.410221	-48.3788	-47.9685
BLOCK13/SES131/SA131S14	SES125	-1.28246	-49.251	-47.9685
BLOCK13/SES131/SA131S14	SES148	-2.31315	-50.2817	-47.9685
BLOCK13/SES131/SA131S20	SES104	-1.48068	-50.5182	-49.0375
BLOCK13/SES131/SA131S20	SES106	-0.682232	-49.7197	-49.0375
BLOCK13/SES131/SA131S20	SES125	-1.54925	-50.5867	-49.0375
BLOCK13/SES131/SA131S20	SES148	-3.12022	-52.1577	-49.0375
BLOCK13/SES131/SA131S22	SES099	-1.04788	-49.0692	-48.0213
BLOCK13/SES131/SA131S22	SES104	-1.25922	-49.2805	-48.0213
BLOCK13/SES131/SA131S22	SES125	-1.59726	-49.6186	-48.0213
BLOCK13/SES131/SA131S22	SES206	-1.68121	-49.7025	-48.0213
BLOCK13/SES131/SA131S29	SES087	-1.174	-50.131	-48.957
BLOCK13/SES131/SA131S29	SES104	-1.65816	-50.6151	-48.957
BLOCK13/SES131/SA131S29	SES125	-1.57252	-50.5295	-48.957
BLOCK13/SES131/SA131S29	SES206	-1.47596	-50.4329	-48.957
BLOCK13/SES132/SA132S11	SES083	-1.5602	-48.9523	-47.3921
BLOCK13/SES132/SA132S11	SES120	-0.0380402	-47.4302	-47.3921
BLOCK13/SES132/SA132S11	SES127	-0.68985	-48.082	-47.3921
BLOCK13/SES132/SA132S11	SES275	-1.08884	-48.481	-47.3921
BLOCK13/SES132/SA132S12	SES083	-1.25678	-48.4398	-47.183
BLOCK13/SES132/SA132S12	SES143	-1.189	-48.372	-47.183
BLOCK13/SES132/SA132S12	SES144	-1.02408	-48.2071	-47.183
BLOCK13/SES132/SA132S12	SES148	-1.39008	-48.5731	-47.183
BLOCK13/SES132/SA132S22	SES062	-0.852642	-47.7755	-46.9229
BLOCK13/SES132/SA132S22	SES083	-0.970142	-47.893	-46.9229
BLOCK13/SES132/SA132S22	SES127	-0.737164	-47.6601	-46.9229
BLOCK13/SES132/SA132S22	SES275	-0.87476	-47.7977	-46.9229
BLOCK13/SES132/SA132S24	SES007	-0.67672	-47.7865	-47.1098
BLOCK13/SES132/SA132S24	SES083	-1.57157	-48.6814	-47.1098
BLOCK13/SES132/SA132S24	SES127	-1.14899	-48.2588	-47.1098
BLOCK13/SES132/SA132S24	SES275	-1.36672	-48.4765	-47.1098
BLOCK13/SES132/SA132S27	SES083	-1.44588	-49.2199	-47.774
BLOCK13/SES132/SA132S27	SES120	-0.013134	-47.7871	-47.774
BLOCK13/SES132/SA132S27	SES127	-1.20924	-48.9832	-47.774
BLOCK13/SES132/SA132S27	SES275	-1.34842	-49.1224	-47.774
BLOCK14/SES141/SA141S09	SES143	-0.528008	-48.8676	-48.3396
BLOCK14/SES141/SA141S09	SES144	-0.726429	-49.066	-48.3396
BLOCK14/SES141/SA141S09	SES162	-0.711521	-49.0511	-48.3396
BLOCK14/SES141/SA141S09	SES180	-0.513519	-48.8531	-48.3396
BLOCK14/SES141/SA141S15	SES127	-1.19316	-49.0711	-47.8779
BLOCK14/SES141/SA141S15	SES144	-0.881493	-48.7594	-47.8779
BLOCK14/SES141/SA141S15	SES162	-0.964939	-48.8429	-47.8779
BLOCK14/SES141/SA141S15	SES180	-0.575459	-48.4534	-47.8779
BLOCK14/SES141/SA141S24	SES127	-0.832016	-48.3897	-47.5577
BLOCK14/SES141/SA141S24	SES144	-1.30056	-48.8583	-47.5577
BLOCK14/SES141/SA141S24	SES162	-0.816833	-48.3745	-47.5577
BLOCK14/SES141/SA141S24	SES183	-1.83646	-49.3942	-47.5577
BLOCK14/SES141/SA141S26	SES142	-0.912632	-49.5237	-48.6111
BLOCK14/SES141/SA141S26	SES144	-0.929028	-49.5401	-48.6111
BLOCK14/SES141/SA141S26	SES172	-1.96789	-50.579	-48.6111
BLOCK14/SES141/SA141S26	SES180	-0.38834	-48.9994	-48.6111
BLOCK14/SES141/SA141S29	SES127	-0.485626	-48.1037	-47.618
BLOCK14/SES141/SA141S29	SES142	0.240627	-47.3774	-47.618
BLOCK14/SES141/SA141S29	SES144	-0.860615	-48.4787	-47.618
BLOCK14/SES141/SA141S29	SES180	-0.150501	-47.7685	-47.618
BLOCK15/SES157/SA157S08	SES083	-2.01021	-50.0566	-48.0463
BLOCK15/SES157/SA157S08	SES127	-1.49999	-49.5463	-48.0463
BLOCK15/SES157/SA157S08	SES148	-0.893871	-48.9402	-48.0463
BLOCK15/SES157/SA157S08	SES292	-1.62435	-49.6707	-48.0463
BLOCK15/SES157/SA157S11	SES083	-1.65684	-49.2496	-47.5927
BLOCK15/SES157/SA157S11	SES127	-1.51599	-49.1087	-47.5927
BLOCK15/SES157/SA157S11	SES148	-0.936134	-48.5289	-47.5927
BLOCK15/SES157/SA157S11	SES292	-1.64915	-49.2419	-47.5927
BLOCK15/SES157/SA157S21	SES127	-1.42834	-48.6726	-47.2443
BLOCK15/SES157/SA157S21	SES148	-0.686409	-47.9307	-47.2443
BLOCK15/SES157/SA157S21	SES158	-3.62791	-50.8722	-47.2443
BLOCK15/SES157/SA157S21	SES292	-1.23469	-48.4789	-47.2443
BLOCK15/SES157/SA157S24	SES127	-2.1209	-49.4903	-47.3694
BLOCK15/SES157/SA157S24	SES148	-1.22416	-48.5936	-47.3694
BLOCK15/SES157/SA157S24	SES183	-1.76625	-49.1357	-47.3694
BLOCK15/SES157/SA157S24	SES292	-1.65598	-49.0254	-47.3694
BLOCK15/SES157/SA157S26	SES007	-0.888538	-48.0401	-47.1515
BLOCK15/SES157/SA157S26	SES127	-0.989182	-48.1407	-47.1515
BLOCK15/SES157/SA157S26	SES147	-1.6489	-48.8004	-47.1515
BLOCK15/SES157/SA157S26	SES148	-1.02881	-48.1803	-47.1515
BLOCK16/SES161/SA161S10	SES007	-1.7728	-50.7403	-48.9675
BLOCK16/SES161/SA161S10	SES105	-1.35711	-50.3246	-48.9675
BLOCK16/SES161/SA161S10	SES158	-1.70912	-50.6766	-48.9675
BLOCK16/SES161/SA161S10	SES275	-1.89968	-50.8672	-48.9675
BLOCK16/SES161/SA161S12	SES007	-1.66649	-49.9948	-48.3283
BLOCK16/SES161/SA161S12	SES105	-1.97696	-50.3053	-48.3283
BLOCK16/SES161/SA161S12	SES158	-1.6372	-49.9655	-48.3283
BLOCK16/SES161/SA161S12	SES275	-1.54383	-49.8722	-48.3283
BLOCK16/SES161/SA161S20	SES007	-1.93736	-51.8553	-49.918
BLOCK16/SES161/SA161S20	SES105	-2.26852	-52.1865	-49.918
BLOCK16/SES161/SA161S20	SES158	-1.36538	-51.2833	-49.918
BLOCK16/SES161/SA161S20	SES275	-2.21974	-52.1377	-49.918
BLOCK16/SES161/SA161S23	SES007	-2.09245	-50.0424	-47.9499
BLOCK16/SES161/SA161S23	SES105	-1.5021	-49.452	-47.9499
BLOCK16/SES161/SA161S23	SES148	-2.18832	-50.1383	-47.9499
BLOCK16/SES161/SA161S23	SES158	-1.34214	-49.2921	-47.9499
BLOCK16/SES161/SA161S28	SES007	-2.37627	-50.7306	-48.3543
BLOCK16/SES161/SA161S28	SES105	-2.34971	-50.704	-48.3543
BLOCK16/SES161/SA161S28	SES158	-0.959568	-49.3139	-48.3543
BLOCK16/SES161/SA161S28	SES206	-1.11322	-49.4675	-48.3543
BLOCK16/SES164/SA164S11	SES104	-1.66341	-48.2814	-46.618
BLOCK16/SES164/SA164S11	SES125	-0.998657	-47.6167	-46.618
BLOCK16/SES164/SA164S11	SES158	-0.210506	-46.8285	-46.618
BLOCK16/SES164/SA164S11	SES206	-2.04803	-48.666	-46.618
BLOCK16/SES164/SA164S13	SES099	-1.46544	-49.3556	-47.8901
BLOCK16/SES164/SA164S13	SES104	-1.66355	-49.5537	-47.8901
BLOCK16/SES164/SA164S13	SES125	-2.16659	-50.0567	-47.8901
BLOCK16/SES164/SA164S13	SES206	-2.23115	-50.1213	-47.8901
BLOCK16/SES164/SA164S24	SES002	-0.307911	-47.603	-47.2951
BLOCK16/SES164/SA164S24	SES099	-0.836212	-48.1313	-47.2951
BLOCK16/SES164/SA164S24	SES125	-2.10781	-49.4029	-47.2951
BLOCK16/SES164/SA164S24	SES226	-0.862434	-48.1575	-47.2951
BLOCK16/SES164/SA164S27	SES087	-2.5132	-49.9289	-47.4157
BLOCK16/SES164/SA164S27	SES125	-1.8728	-49.2885	-47.4157
BLOCK16/SES164/SA164S27	SES206	-2.19595	-49.6116	-47.4157
BLOCK16/SES164/SA164S27	SES226	-1.56237	-48.9781	-47.4157
BLOCK16/SES164/SA164S29	SES002	0.0282669	-47.2702	-47.2984
BLOCK16/SES164/SA164S29	SES019	-1.34098	-48.6394	-47.2984
BLOCK16/SES164/SA164S29	SES125	-1.66082	-48.9592	-47.2984
BLOCK16/SES164/SA164S29	SES226	-1.43672	-48.7351	-47.2984
BLOCK16/SES169/SA169S13	SES117	-1.51722	-49.4342	-47.917
BLOCK16/SES169/SA169S13	SES144	-0.967609	-48.8846	-47.917
BLOCK16/SES169/SA169S13	SES146	-1.00469	-48.9216	-47.917
BLOCK16/SES169/SA169S13	SES162	-1.50747	-49.4244	-47.917
BLOCK16/SES169/SA169S14	SES144	-1.03709	-47.6921	-46.655
BLOCK16/SES169/SA169S14	SES148	-1.1042	-47.7592	-46.655
BLOCK16/SES169/SA169S14	SES177	-1.20882	-47.8638	-46.655
BLOCK16/SES169/SA169S14	SES180	-2.07407	-48.7291	-46.655
BLOCK16/SES169/SA169S24	SES117	-0.936932	-49.4707	-48.5338
BLOCK16/SES169/SA169S24	SES144	-0.712379	-49.2462	-48.5338
BLOCK16/SES169/SA169S24	SES146	-0.861355	-49.3951	-48.5338
BLOCK16/SES169/SA169S24	SES162	-1.02704	-49.5608	-48.5338
BLOCK16/SES169/SA169S27	SES127	-1.08651	-48.8803	-47.7938
BLOCK16/SES169/SA169S27	SES129	-0.775295	-48.5691	-47.7938
BLOCK16/SES169/SA169S27	SES144	-1.28463	-49.0785	-47.7938
BLOCK16/SES169/SA169S27	SES146	-0.216187	-48.01	-47.7938
BLOCK16/SES169/SA169S29	SES144	-0.503448	-47.7793	-47.2758
BLOCK16/SES169/SA169S29	SES162	-0.933338	-48.2092	-47.2758
BLOCK16/SES169/SA169S29	SES177	-1.97803	-49.2539	-47.2758
BLOCK16/SES169/SA169S29	SES180	-1.65555	-48.9314	-47.2758
BLOCK17/SES171/SA171S12	SES083	-0.782421	-49.4428	-48.6603
BLOCK17/SES171/SA171S12	SES148	-1.20705	-49.8674	-48.6603
BLOCK17/SES171/SA171S12	SES172	-0.681381	-49.3417	-48.6603
BLOCK17/SES171/SA171S12	SES292	-1.58255	-50.2429	-48.6603
BLOCK17/SES171/SA171S15	SES148	-1.2733	-50.2112	-48.9379
BLOCK17/SES171/SA171S15	SES177	-1.27409	-50.212	-48.9379
BLOCK17/SES171/SA171S15	SES180	-2.77305	-51.7109	-48.9379
BLOCK17/SES171/SA171S15	SES292	-3.085	-52.0229	-48.9379
BLOCK17/SES171/SA171S22	SES007	-1.35972	-49.261	-47.9012
BLOCK17/SES171/SA171S22	SES148	-1.05087	-48.9521	-47.9012
BLOCK17/SES171/SA171S22	SES177	-0.579914	-48.4811	-47.9012
BLOCK17/SES171/SA171S22	SES180	-1.67181	-49.573	-47.9012
BLOCK17/SES171/SA171S25	SES101	-2.40073	-51.4791	-49.0784
BLOCK17/SES171/SA171S25	SES120	-2.69915	-51.7775	-49.0784
BLOCK17/SES171/SA171S25	SES177	-0.845119	-49.9235	-49.0784
BLOCK17/SES171/SA171S25	SES180	-2.19072	-51.2691	-49.0784
BLOCK17/SES171/SA171S27	SES177	-0.78548	-49.0355	-48.2501
BLOCK17/SES171/SA171S27	SES180	-1.82705	-50.0771	-48.2501
BLOCK17/SES171/SA171S27	SES189	-1.02168	-49.2717	-48.2501
BLOCK17/SES171/SA171S27	SES292	-2.60686	-50.8569	-48.2501
BLOCK17/SES173/SA173S13	SES162	-2.04411	-51.6347	-49.5905
BLOCK17/SES173/SA173S13	SES177	-2.01037	-51.6009	-49.5905
BLOCK17/SES173/SA173S13	SES180	-2.39774	-51.9883	-49.5905
BLOCK17/SES173/SA173S13	SES292	-2.69979	-52.2903	-49.5905
BLOCK17/SES173/SA173S14	SES007	-2.52921	-52.6186	-50.0893
BLOCK17/SES173/SA173S14	SES162	-1.59388	-51.6832	-50.0893
BLOCK17/SES173/SA173S14	SES177	-0.716705	-50.8061	-50.0893
BLOCK17/SES173/SA173S14	SES180	-2.10218	-52.1915	-50.0893
BLOCK17/SES173/SA173S24	SES144	-1.06839	-51.5839	-50.5155
BLOCK17/SES173/SA173S24	SES162	-1.98806	-52.5035	-50.5155
BLOCK17/SES173/SA173S24	SES177	-1.28514	-51.8006	-50.5155
BLOCK17/SES173/SA173S24	SES180	-2.32808	-52.8436	-50.5155
BLOCK17/SES173/SA173S27	SES162	-2.43501	-51.8967	-49.4617
BLOCK17/SES173/SA173S27	SES177	-1.68959	-51.1513	-49.4617
BLOCK17/SES173/SA173S27	SES180	-1.64253	-51.1042	-49.4617
BLOCK17/SES173/SA173S27	SES292	-3.01448	-52.4762	-49.4617
BLOCK17/SES173/SA173S29	SES162	-2.19266	-51.696	-49.5034
BLOCK17/SES173/SA173S29	SES175	-1.11138	-50.6148	-49.5034
BLOCK17/SES173/SA173S29	SES177	-1.34941	-50.8528	-49.5034
BLOCK17/SES173/SA173S29	SES292	-3.60927	-53.1127	-49.5034
BLOCK18/SES182/SA182S10	SES144	-0.945427	-48.799	-47.8536
BLOCK18/SES182/SA182S10	SES177	-1.13696	-48.9906	-47.8536
BLOCK18/SES182/SA182S10	SES180	-2.36268	-50.2163	-47.8536
BLOCK18/SES182/SA182S10	SES275	-1.09893	-48.9525	-47.8536
BLOCK18/SES182/SA182S12	SES144	-0.38031	-48.2588	-47.8785
BLOCK18/SES182/SA182S12	SES177	-0.514744	-48.3932	-47.8785
BLOCK18/SES182/SA182S12	SES180	-0.880447	-48.7589	-47.8785
BLOCK18/SES182/SA182S12	SES275	-1.11041	-48.9889	-47.8785
BLOCK18/SES182/SA182S21	SES117	-1.17513	-49.8007	-48.6255
BLOCK18/SES182/SA182S21	SES144	-0.970097	-49.5956	-48.6255
BLOCK18/SES182/SA182S21	SES162	-0.543262	-49.1688	-48.6255
BLOCK18/SES182/SA182S21	SES180	-1.22571	-49.8512	-48.6255
BLOCK18/SES182/SA182S23	SES117	-0.842712	-48.974	-48.1313
BLOCK18/SES182/SA182S23	SES144	-1.2009	-49.3322	-48.1313
BLOCK18/SES182/SA182S23	SES180	-1.21109	-49.3423	-48.1313
BLOCK18/SES182/SA182S23	SES275	-1.193	-49.3243	-48.1313
BLOCK18/SES182/SA182S25	SES007	-1.00872	-49.0045	-47.9957
BLOCK18/SES182/SA182S25	SES162	-0.73716	-48.7329	-47.9957
BLOCK18/SES182/SA182S25	SES177	-0.517696	-48.5134	-47.9957
BLOCK18/SES182/SA182S25	SES180	-1.22707	-49.2228	-47.9957
BLOCK18/SES184/SA184S12	SES177	-1.99924	-49.8333	-47.8341
BLOCK18/SES184/SA184S12	SES180	-1.52824	-49.3623	-47.8341
BLOCK18/SES184/SA184S12	SES189	-2.41702	-50.2511	-47.8341
BLOCK18/SES184/SA184S12	SES292	-2.04921	-49.8833	-47.8341
BLOCK18/SES184/SA184S13	SES101	-1.32926	-49.3209	-47.9916
BLOCK18/SES184/SA184S13	SES177	-0.781025	-48.7727	-47.9916
BLOCK18/SES184/SA184S13	SES180	-1.11178	-49.1034	-47.9916
BLOCK18/SES184/SA184S13	SES292	-1.35718	-49.3488	-47.9916
BLOCK18/SES184/SA184S22	SES177	-1.4785	-48.436	-46.9575
BLOCK18/SES184/SA184S22	SES180	-1.30594	-48.2634	-46.9575
BLOCK18/SES184/SA184S22	SES189	-3.16034	-50.1178	-46.9575
BLOCK18/SES184/SA184S22	SES292	-2.22031	-49.1778	-46.9575
BLOCK18/SES184/SA184S25	SES101	-1.20517	-47.6532	-46.448
BLOCK18/SES184/SA184S25	SES177	-1.47539	-47.9234	-46.448
BLOCK18/SES184/SA184S25	SES180	-1.08604	-47.534	-46.448
BLOCK18/SES184/SA184S25	SES292	-1.28722	-47.7352	-46.448
BLOCK18/SES184/SA184S27	SES083	-1.32483	-48.9555	-47.6307
BLOCK18/SES184/SA184S27	SES177	-0.978348	-48.6091	-47.6307
BLOCK18/SES184/SA184S27	SES202	-2.4922	-50.1229	-47.6307
BLOCK18/SES184/SA184S27	SES292	-1.54052	-49.1712	-47.6307
BLOCK20/SES204/SA204S12	SES062	-2.59074	-49.2081	-46.6173
BLOCK20/SES204/SA204S12	SES083	-2.72684	-49.3442	-46.6173
BLOCK20/SES204/SA204S12	SES206	-0.624557	-47.2419	-46.6173
BLOCK20/SES204/SA204S12	SES226	-1.75796	-48.3753	-46.6173
BLOCK20/SES204/SA204S14	SES068	-2.85944	-48.4446	-45.5852
BLOCK20/SES204/SA204S14	SES087	-0.499924	-46.0851	-45.5852
BLOCK20/SES204/SA204S14	SES206	-0.868423	-46.4536	-45.5852
BLOCK20/SES204/SA204S14	SES226	-1.73385	-47.319	-45.5852
BLOCK20/SES204/SA204S22	SES068	-3.54864	-50.113	-46.5643
BLOCK20/SES204/SA204S22	SES082	-2.54673	-49.1111	-46.5643
BLOCK20/SES204/SA204S22	SES083	-2.98741	-49.5518	-46.5643
BLOCK20/SES204/SA204S22	SES206	-0.778313	-47.3427	-46.5643
BLOCK20/SES204/SA204S25	SES062	-3.27058	-49.9277	-46.6571
BLOCK20/SES204/SA204S25	SES083	-2.93524	-49.5924	-46.6571
BLOCK20/SES204/SA204S25	SES206	-0.895535	-47.5527	-46.6571
BLOCK20/SES204/SA204S25	SES226	-1.58857	-48.2457	-46.6571
BLOCK20/SES204/SA204S27	SES068	-3.75867	-50.7285	-46.9698
BLOCK20/SES204/SA204S27	SES082	-1.83532	-48.8051	-46.9698
BLOCK20/SES204/SA204S27	SES087	-0.95438	-47.9242	-46.9698
BLOCK20/SES204/SA204S27	SES206	-0.778763	-47.7486	-46.9698
BLOCK20/SES207/SA207S10	SES127	-0.93364	-49.3357	-48.4021
BLOCK20/SES207/SA207S10	SES183	-1.58908	-49.9911	-48.4021
BLOCK20/SES207/SA207S10	SES189	-1.13581	-49.5379	-48.4021
BLOCK20/SES207/SA207S10	SES292	-1.58059	-49.9827	-48.4021
BLOCK20/SES207/SA207S11	SES127	-1.99426	-49.9057	-47.9114
BLOCK20/SES207/SA207S11	SES183	-1.68689	-49.5983	-47.9114
BLOCK20/SES207/SA207S11	SES187	-1.13913	-49.0505	-47.9114
BLOCK20/SES207/SA207S11	SES292	-1.67678	-49.5882	-47.9114
BLOCK20/SES207/SA207S25	SES068	-1.58643	-49.5148	-47.9284
BLOCK20/SES207/SA207S25	SES083	-2.11667	-50.045	-47.9284
BLOCK20/SES207/SA207S25	SES127	-1.19516	-49.1235	-47.9284
BLOCK20/SES207/SA207S25	SES187	-0.790928	-48.7193	-47.9284
BLOCK20/SES207/SA207S27	SES127	-1.27479	-50.044	-48.7692
BLOCK20/SES207/SA207S27	SES183	-0.913464	-49.6827	-48.7692
BLOCK20/SES207/SA207S27	SES187	-0.92128	-49.6905	-48.7692
BLOCK20/SES207/SA207S27	SES292	-1.71205	-50.4813	-48.7692
BLOCK20/SES207/SA207S29	SES083	-1.63766	-49.6112	-47.9736
BLOCK20/SES207/SA207S29	SES085	-0.88295	-48.8565	-47.9736
BLOCK20/SES207/SA207S29	SES172	-0.953033	-48.9266	-47.9736
BLOCK20/SES207/SA207S29	SES189	-1.59285	-49.5664	-47.9736
BLOCK22/SES221/SA221S12	SES068	-1.54948	-49.8103	-48.2608
BLOCK22/SES221/SA221S12	SES143	-1.5495	-49.8103	-48.2608
BLOCK22/SES221/SA221S12	SES175	-0.592468	-48.8533	-48.2608
BLOCK22/SES221/SA221S12	SES202	-0.00317764	-48.264	-48.2608
BLOCK22/SES221/SA221S15	SES085	-2.88975	-52.2757	-49.386
BLOCK22/SES221/SA221S15	SES143	-2.39384	-51.7798	-49.386
BLOCK22/SES221/SA221S15	SES175	-1.05505	-50.441	-49.386
BLOCK22/SES221/SA221S15	SES187	-0.759575	-50.1455	-49.386
BLOCK22/SES221/SA221S23	SES068	-2.06443	-50.4544	-48.3899
BLOCK22/SES221/SA221S23	SES143	-2.00388	-50.3938	-48.3899
BLOCK22/SES221/SA221S23	SES175	-1.09135	-49.4813	-48.3899
BLOCK22/SES221/SA221S23	SES189	-0.0290604	-48.419	-48.3899
BLOCK22/SES221/SA221S27	SES085	-3.61744	-52.2082	-48.5908
BLOCK22/SES221/SA221S27	SES143	-1.40499	-49.9958	-48.5908
BLOCK22/SES221/SA221S27	SES175	-1.32007	-49.9108	-48.5908
BLOCK22/SES221/SA221S27	SES189	0.260757	-48.33	-48.5908
BLOCK22/SES221/SA221S29	SES085	-4.31694	-53.737	-49.42
BLOCK22/SES221/SA221S29	SES143	-1.83521	-51.2553	-49.42
BLOCK22/SES221/SA221S29	SES175	-1.02143	-50.4415	-49.42
BLOCK22/SES221/SA221S29	SES187	-0.233559	-49.6536	-49.42
BLOCK22/SES223/SA223S11	SES143	-0.803043	-50.1638	-49.3608
BLOCK22/SES223/SA223S11	SES144	-2.11567	-51.4764	-49.3608
BLOCK22/SES223/SA223S11	SES175	-0.530338	-49.8911	-49.3608
BLOCK22/SES223/SA223S11	SES187	-0.803135	-50.1639	-49.3608
BLOCK22/SES223/SA223S13	SES068	-1.89905	-51.7552	-49.8561
BLOCK22/SES223/SA223S13	SES143	-1.82195	-51.6781	-49.8561
BLOCK22/SES223/SA223S13	SES146	-2.48953	-52.3456	-49.8561
BLOCK22/SES223/SA223S13	SES202	-2.03409	-51.8902	-49.8561
BLOCK22/SES223/SA223S22	SES143	-1.0772	-50.0621	-48.9849
BLOCK22/SES223/SA223S22	SES144	-2.11983	-51.1047	-48.9849
BLOCK22/SES223/SA223S22	SES175	-1.01147	-49.9964	-48.9849
BLOCK22/SES223/SA223S22	SES187	-0.736076	-49.721	-48.9849
BLOCK22/SES223/SA223S25	SES068	-2.06548	-51.36	-49.2945
BLOCK22/SES223/SA223S25	SES143	-1.09297	-50.3875	-49.2945
BLOCK22/SES223/SA223S25	SES175	-1.1608	-50.4553	-49.2945
BLOCK22/SES223/SA223S25	SES187	-0.706055	-50.0006	-49.2945
BLOCK22/SES223/SA223S27	SES143	-1.0252	-50.0536	-49.0284
BLOCK22/SES223/SA223S27	SES146	-1.80037	-50.8288	-49.0284
BLOCK22/SES223/SA223S27	SES187	-0.634502	-49.6629	-49.0284
BLOCK22/SES223/SA223S27	SES292	-2.06998	-51.0984	-49.0284
BLOCK27/SES273/SA273S12	SES099	-0.526089	-45.9875	-45.4614
BLOCK27/SES273/SA273S12	SES104	-0.477795	-45.9392	-45.4614
BLOCK27/SES273/SA273S12	SES125	-0.887844	-46.3492	-45.4614
BLOCK27/SES273/SA273S12	SES206	-0.492695	-45.9541	-45.4614
BLOCK27/SES273/SA273S13	SES099	-0.707478	-46.274	-45.5666
BLOCK27/SES273/SA273S13	SES104	-0.692459	-46.259	-45.5666
BLOCK27/SES273/SA273S13	SES206	-0.593277	-46.1598	-45.5666
BLOCK27/SES273/SA273S13	SES292	-2.86695	-48.4335	-45.5666
BLOCK27/SES273/SA273S21	SES099	-0.3862	-46.1171	-45.7309
BLOCK27/SES273/SA273S21	SES148	-3.26909	-49	-45.7309
BLOCK27/SES273/SA273S21	SES149	-0.180088	-45.911	-45.7309
BLOCK27/SES273/SA273S21	SES177	-3.74234	-49.4732	-45.7309
BLOCK27/SES273/SA273S25	SES104	-0.760078	-46.7391	-45.979
BLOCK27/SES273/SA273S25	SES125	-0.999249	-46.9782	-45.979
BLOCK27/SES273/SA273S25	SES158	-0.762703	-46.7417	-45.979
BLOCK27/SES273/SA273S25	SES206	-0.291286	-46.2703	-45.979
BLOCK27/SES273/SA273S27	SES099	-0.389122	-46.3843	-45.9952
BLOCK27/SES273/SA273S27	SES104	-1.02408	-47.0193	-45.9952
BLOCK27/SES273/SA273S27	SES149	-0.716373	-46.7116	-45.9952
BLOCK27/SES273/SA273S27	SES275	-1.88072	-47.8759	-45.9952
BLOCK27/SES274/SA274S10	SES105	-1.66483	-48.0649	-46.4
BLOCK27/SES274/SA274S10	SES125	-1.10247	-47.5025	-46.4
BLOCK27/SES274/SA274S10	SES129	-1.29547	-47.6955	-46.4
BLOCK27/SES274/SA274S10	SES158	-1.6465	-48.0465	-46.4
BLOCK27/SES274/SA274S11	SES105	-1.75285	-48.2839	-46.5311
BLOCK27/SES274/SA274S11	SES149	-0.824055	-47.3551	-46.5311
BLOCK27/SES274/SA274S11	SES158	-0.882607	-47.4137	-46.5311
BLOCK27/SES274/SA274S11	SES275	-1.91121	-48.4423	-46.5311
BLOCK27/SES274/SA274S21	SES105	-1.9441	-49.0257	-47.0816
BLOCK27/SES274/SA274S21	SES129	-1.68447	-48.766	-47.0816
BLOCK27/SES274/SA274S21	SES149	-0.637112	-47.7187	-47.0816
BLOCK27/SES274/SA274S21	SES158	-2.04999	-49.1316	-47.0816
BLOCK27/SES274/SA274S24	SES105	-1.52664	-48.3059	-46.7792
BLOCK27/SES274/SA274S24	SES129	-1.5861	-48.3653	-46.7792
BLOCK27/SES274/SA274S24	SES149	-0.699539	-47.4788	-46.7792
BLOCK27/SES274/SA274S24	SES158	-1.87907	-48.6583	-46.7792
BLOCK27/SES274/SA274S29	SES105	-1.9439	-48.5368	-46.5929
BLOCK27/SES274/SA274S29	SES106	-1.7557	-48.3486	-46.5929
BLOCK27/SES274/SA274S29	SES120	-2.35673	-48.9497	-46.5929
BLOCK27/SES274/SA274S29	SES275	-1.96175	-48.5547	-46.5929
BLOCK27/SES276/SA276S16	SES148	-1.21911	-48.9298	-47.7107
BLOCK27/SES276/SA276S16	SES172	-1.81256	-49.5233	-47.7107
BLOCK27/SES276/SA276S16	SES180	-2.6974	-50.4081	-47.7107
BLOCK27/SES276/SA276S16	SES292	-0.843681	-48.5544	-47.7107
BLOCK27/SES276/SA276S17	SES101	-1.23696	-48.9891	-47.7521
BLOCK27/SES276/SA276S17	SES177	-1.42682	-49.179	-47.7521
BLOCK27/SES276/SA276S17	SES180	-1.58825	-49.3404	-47.7521
BLOCK27/SES276/SA276S17	SES292	-1.47306	-49.2252	-47.7521
BLOCK27/SES276/SA276S24	SES101	-0.992695	-47.7408	-46.7481
BLOCK27/SES276/SA276S24	SES177	-1.441	-48.1891	-46.7481
BLOCK27/SES276/SA276S24	SES180	-1.7156	-48.4637	-46.7481
BLOCK27/SES276/SA276S24	SES292	-1.72374	-48.4718	-46.7481
BLOCK27/SES276/SA276S26	SES101	-2.03002	-49.0365	-47.0065
BLOCK27/SES276/SA276S26	SES177	-1.31087	-48.3174	-47.0065
BLOCK27/SES276/SA276S26	SES180	-1.14658	-48.1531	-47.0065
BLOCK27/SES276/SA276S26	SES292	-1.56481	-48.5713	-47.0065
BLOCK27/SES276/SA276S28	SES101	-1.39744	-48.3648	-46.9673
BLOCK27/SES276/SA276S28	SES177	-1.40824	-48.3756	-46.9673
BLOCK27/SES276/SA276S28	SES180	-1.73909	-48.7064	-46.9673
BLOCK27/SES276/SA276S28	SES292	-1.94267	-48.91	-46.9673
BLOCK27/SES277/SA277S12	SES101	-0.985657	-49.3181	-48.3324
BLOCK27/SES277/SA277S12	SES177	-1.81441	-50.1468	-48.3324
BLOCK27/SES277/SA277S12	SES180	-2.02681	-50.3592	-48.3324
BLOCK27/SES277/SA277S12	SES292	-2.33415	-50.6666	-48.3324
BLOCK27/SES277/SA277S14	SES177	-0.995007	-50.1655	-49.1705
BLOCK27/SES277/SA277S14	SES180	-1.74573	-50.9163	-49.1705
BLOCK27/SES277/SA277S14	SES189	-0.629757	-49.8003	-49.1705
BLOCK27/SES277/SA277S14	SES292	-3.055	-52.2255	-49.1705
BLOCK27/SES277/SA277S21	SES177	-0.736774	-48.2906	-47.5538
BLOCK27/SES277/SA277S21	SES180	-2.08119	-49.635	-47.5538
BLOCK27/SES277/SA277S21	SES189	-1.38071	-48.9345	-47.5538
BLOCK27/SES277/SA277S21	SES292	-2.6622	-50.216	-47.5538
BLOCK27/SES277/SA277S24	SES144	-1.07629	-50.2071	-49.1308
BLOCK27/SES277/SA277S24	SES177	-1.38218	-50.513	-49.1308
BLOCK27/SES277/SA277S24	SES180	-1.97836	-51.1092	-49.1308
BLOCK27/SES277/SA277S24	SES189	-1.21735	-50.3482	-49.1308
BLOCK27/SES277/SA277S29	SES177	-0.958916	-47.6104	-46.6514
BLOCK27/SES277/SA277S29	SES180	-1.56421	-48.2157	-46.6514
BLOCK27/SES277/SA277S29	SES202	-1.6846	-48.336	-46.6514
BLOCK27/SES277/SA277S29	SES292	-2.09452	-48.746	-46.6514
BLOCK27/SES279/SA279S09	SES120	-1.59661	-48.5111	-46.9145
BLOCK27/SES279/SA279S09	SES146	-1.34893	-48.2634	-46.9145
BLOCK27/SES279/SA279S09	SES206	-1.6356	-48.5501	-46.9145
BLOCK27/SES279/SA279S09	SES226	-1.79259	-48.7071	-46.9145
BLOCK27/SES279/SA279S10	SES099	-0.617233	-47.2471	-46.6299
BLOCK27/SES279/SA279S10	SES206	-1.53861	-48.1685	-46.6299
BLOCK27/SES279/SA279S10	SES226	-1.66361	-48.2935	-46.6299
BLOCK27/SES279/SA279S10	SES292	-1.39954	-48.0294	-46.6299
BLOCK27/SES279/SA279S20	SES099	-0.918884	-47.8439	-46.9251
BLOCK27/SES279/SA279S20	SES206	-1.16594	-48.091	-46.9251
BLOCK27/SES279/SA279S20	SES226	-1.88701	-48.8121	-46.9251
BLOCK27/SES279/SA279S20	SES292	-0.978939	-47.904	-46.9251
BLOCK27/SES279/SA279S26	SES099	-0.921391	-47.8509	-46.9295
BLOCK27/SES279/SA279S26	SES206	-0.934551	-47.8641	-46.9295
BLOCK27/SES279/SA279S26	SES226	-2.10022	-49.0298	-46.9295
BLOCK27/SES279/SA279S26	SES292	-1.50421	-48.4337	-46.9295
BLOCK27/SES279/SA279S28	SES099	-1.09056	-46.5957	-45.5052
BLOCK27/SES279/SA279S28	SES120	-1.88019	-47.3854	-45.5052
BLOCK27/SES279/SA279S28	SES177	-2.97989	-48.4851	-45.5052
BLOCK27/SES279/SA279S28	SES206	-1.25608	-46.7613	-45.5052
BLOCK29/SES290/SA290S12	SES162	-1.64825	-49.4715	-47.8232
BLOCK29/SES290/SA290S12	SES177	-1.16103	-48.9842	-47.8232
BLOCK29/SES290/SA290S12	SES180	-1.69595	-49.5192	-47.8232
BLOCK29/SES290/SA290S12	SES292	-2.3611	-50.1843	-47.8232
BLOCK29/SES290/SA290S13	SES007	-2.83816	-51.4996	-48.6614
BLOCK29/SES290/SA290S13	SES162	-1.79248	-50.4539	-48.6614
BLOCK29/SES290/SA290S13	SES177	-0.833008	-49.4944	-48.6614
BLOCK29/SES290/SA290S13	SES180	-1.59811	-50.2595	-48.6614
BLOCK29/SES290/SA290S22	SES177	-0.696648	-48.5834	-47.8868
BLOCK29/SES290/SA290S22	SES180	-0.935097	-48.8218	-47.8868
BLOCK29/SES290/SA290S22	SES202	-1.49102	-49.3778	-47.8868
BLOCK29/SES290/SA290S22	SES292	-2.44571	-50.3325	-47.8868
BLOCK29/SES290/SA290S25	SES162	-0.884392	-48.4961	-47.6117
BLOCK29/SES290/SA290S25	SES177	-0.555149	-48.1668	-47.6117
BLOCK29/SES290/SA290S25	SES180	-1.0303	-48.642	-47.6117
BLOCK29/SES290/SA290S25	SES292	-1.35845	-48.9701	-47.6117
BLOCK29/SES290/SA290S29	SES177	-0.0782776	-47.5524	-47.4741
BLOCK29/SES290/SA290S29	SES180	-0.194614	-47.6687	-47.4741
BLOCK29/SES290/SA290S29	SES275	-1.94526	-49.4193	-47.4741
BLOCK29/SES290/SA290S29	SES292	-1.75492	-49.229	-47.4741
BLOCK29/SES291/SA291S11	SES105	-3.22448	-50.6289	-47.4044
BLOCK29/SES291/SA291S11	SES125	-1.23959	-48.644	-47.4044
BLOCK29/SES291/SA291S11	SES158	-1.18746	-48.5919	-47.4044
BLOCK29/SES291/SA291S11	SES275	-3.86689	-51.2713	-47.4044
BLOCK29/SES291/SA291S12	SES158	-0.651249	-47.114	-46.4628
BLOCK29/SES291/SA291S12	SES226	-1.42803	-47.8908	-46.4628
BLOCK29/SES291/SA291S12	SES270	-0.116699	-46.5795	-46.4628
BLOCK29/SES291/SA291S12	SES275	-4.9322	-51.395	-46.4628
BLOCK29/SES291/SA291S22	SES082	-1.14092	-47.6272	-46.4863
BLOCK29/SES291/SA291S22	SES158	-1.08317	-47.5695	-46.4863
BLOCK29/SES291/SA291S22	SES259	-1.37359	-47.8599	-46.4863
BLOCK29/SES291/SA291S22	SES275	-3.68246	-50.1688	-46.4863
BLOCK29/SES291/SA291S24	SES104	-0.434513	-45.9727	-45.5382
BLOCK29/SES291/SA291S24	SES125	-0.495594	-46.0338	-45.5382
BLOCK29/SES291/SA291S24	SES158	-0.663559	-46.2018	-45.5382
BLOCK29/SES291/SA291S24	SES275	-4.06107	-49.5993	-45.5382
BLOCK29/SES291/SA291S27	SES158	-0.562466	-46.4709	-45.9084
BLOCK29/SES291/SA291S27	SES172	-4.63013	-50.5386	-45.9084
BLOCK29/SES291/SA291S27	SES275	-4.00185	-49.9103	-45.9084
BLOCK29/SES291/SA291S27	SES292	-3.08666	-48.9951	-45.9084
