BLOCK00/SES002/SA002S12	SES002	1.96408	15.8031	13.839
BLOCK00/SES002/SA002S13	SES002	2.57583	15.6807	13.1048
BLOCK00/SES002/SA002S23	SES002	1.40317	15.5977	14.1946
BLOCK00/SES002/SA002S26	SES002	1.72633	16.4481	14.7217
BLOCK00/SES002/SA002S28	SES002	1.03797	14.1397	13.1017
BLOCK00/SES007/SA007S14	SES007	1.95762	17.1837	15.2261
BLOCK00/SES007/SA007S15	SES007	0.712105	14.9032	14.1911
BLOCK00/SES007/SA007S24	SES007	1.21762	14.9264	13.7088
BLOCK00/SES007/SA007S27	SES007	1.1046	14.4189	13.3143
BLOCK00/SES007/SA007S29	SES007	0.451611	14.9492	14.4976
BLOCK00/SES008/SA008S11	SES008	1.3914	15.6542	14.2628
BLOCK00/SES008/SA008S12	SES008	0.484135	14.3689	13.8848
BLOCK00/SES008/SA008S19	SES008	2.13673	16.8892	14.7524
BLOCK00/SES008/SA008S22	SES008	0.61225	13.9479	13.3357
BLOCK00/SES008/SA008S29	SES008	1.53355	16.2354	14.7018
BLOCK01/SES014/SA014S10	SES014	2.72075	16.6047	13.884
BLOCK01/SES014/SA014S12	SES014	3.54917	19.0375	15.4883
BLOCK01/SES014/SA014S24	SES014	1.54027	16.7272	15.187
BLOCK01/SES014/SA014S26	SES014	2.37376	19.1678	16.7941
BLOCK01/SES014/SA014S28	SES014	4.08074	19.83	15.7492
BLOCK01/SES016/SA016S12	SES016	1.76953	13.7769	12.0073
BLOCK01/SES016/SA016S13	SES016	2.10069	16.0606	13.9599
BLOCK01/SES016/SA016S22	SES016	1.97986	16.0048	14.0249
BLOCK01/SES016/SA016S25	SES016	1.82662	17.3149	15.4883
BLOCK01/SES016/SA016S27	SES016	2.26503	17.9687	15.7037
BLOCK01/SES019/SA019S13	SES019	3.35747	14.8531	11.4957
BLOCK01/SES019/SA019S14	SES019	2.63492	14.9682	12.3333
BLOCK01/SES019/SA019S22	SES019	3.23136	15.1915	11.9601
BLOCK01/SES019/SA019S25	SES019	3.24529	15.6477	12.4024
BLOCK01/SES019/SA019S29	SES019	3.73247	15.5443	11.8118
BLOCK02/SES029/SA029S11	SES029	1.92792	15.8962	13.9682
BLOCK02/SES029/SA029S12	SES029	0.693804	15.7887	15.0949
BLOCK02/SES029/SA029S20	SES029	1.35973	15.3675	14.0077
BLOCK02/SES029/SA029S25	SES029	1.43459	16.4315	14.9969
BLOCK02/SES029/SA029S28	SES029	0.886248	15.4856	14.5994
BLOCK04/SES042/SA042S12	SES042	2.32308	16.574	14.2509
BLOCK04/SES042/SA042S15	SES042	3.00264	17.2606	14.2579
BLOCK04/SES042/SA042S22	SES042	3.52706	19.3709	15.8438
BLOCK04/SES042/SA042S25	SES042	2.65079	15.9561	13.3053
BLOCK04/SES042/SA042S27	SES042	1.89262	16.9551	15.0625
BLOCK04/SES048/SA048S11	SES048	1.74175	16.2043	14.4626
BLOCK04/SES048/SA048S12	SES048	1.08487	15.9309	14.8461
BLOCK04/SES048/SA048S20	SES048	0.832862	16.077	15.2442
BLOCK04/SES048/SA048S23	SES048	1.97884	15.3446	13.3658
BLOCK04/SES048/SA048S27	SES048	1.17064	17.1483	15.9777
BLOCK06/SES060/SA060S11	SES060	1.87229	16.7337	14.8614
BLOCK06/SES060/SA060S12	SES060	0.236094	14.7574	14.5213
BLOCK06/SES060/SA060S22	SES060	0.32359	13.0751	12.7515
BLOCK06/SES060/SA060S24	SES060	1.26208	16.3004	15.0383
BLOCK06/SES060/SA060S28	SES060	1.26847	18.2164	16.948
BLOCK06/SES062/SA062S10	SES062	0.903512	15.8945	14.991
BLOCK06/SES062/SA062S11	SES062	2.02669	16.0906	14.064
BLOCK06/SES062/SA062S21	SES062	2.1662	19.1434	16.9772
BLOCK06/SES062/SA062S26	SES062	1.69019	17.5228	15.8326
BLOCK06/SES062/SA062S29	SES062	1.98857	18.3484	16.3598
BLOCK06/SES068/SA068S14	SES068	0.644898	15.6739	15.029
BLOCK06/SES068/SA068S15	SES068	1.68268	17.5905	15.9078
BLOCK06/SES068/SA068S23	SES068	0.886785	14.811	13.9242
BLOCK06/SES068/SA068S27	SES068	1.94644	17.7366	15.7902
BLOCK06/SES068/SA068S29	SES068	0.639132	15.5487	14.9095
BLOCK08/SES082/SA082S12	SES082	0.799529	13.8336	13.0341
BLOCK08/SES082/SA082S14	SES082	1.07004	13.9831	12.913
BLOCK08/SES082/SA082S21	SES082	0.372281	14.0429	13.6706
BLOCK08/SES082/SA082S24	SES082	1.14214	15.8732	14.7311
BLOCK08/SES082/SA082S28	SES082	0.996337	14.4551	13.4588
BLOCK08/SES083/SA083S14	SES083	0.455052	15.0734	14.6184
BLOCK08/SES083/SA083S15	SES083	0.970614	15.9534	14.9828
BLOCK08/SES083/SA083S24	SES083	0.580283	15.3211	14.7409
BLOCK08/SES083/SA083S26	SES083	1.00289	15.1957	14.1928
BLOCK08/SES083/SA083S29	SES083	0.434258	15.9131	15.4788
BLOCK08/SES085/SA085S10	SES085	0.736362	15.8557	15.1193
BLOCK08/SES085/SA085S13	SES085	0.559899	14.9396	14.3797
BLOCK08/SES085/SA085S22	SES085	0.711543	16.6834	15.9718
BLOCK08/SES085/SA085S26	SES085	0.830698	16.283	15.4523
BLOCK08/SES085/SA085S28	SES085	1.39444	16.1683	14.7739
BLOCK08/SES087/SA087S15	SES087	1.90768	15.4958	13.5882
BLOCK08/SES087/SA087S16	SES087	1.64503	15.1752	13.5302
BLOCK08/SES087/SA087S24	SES087	1.93345	15.7128	13.7793
BLOCK08/SES087/SA087S26	SES087	1.42377	16.4602	15.0365
BLOCK08/SES087/SA087S29	SES087	2.2322	15.6707	13.4385
BLOCK09/SES099/SA099S15	SES099	2.05286	15.0661	13.0133
BLOCK09/SES099/SA099S16	SES099	1.85186	14.9599	13.1081
BLOCK09/SES099/SA099S24	SES099	2.28212	15.6396	13.3575
BLOCK09/SES099/SA099S26	SES099	2.38562	15.613	13.2274
BLOCK09/SES099/SA099S29	SES099	2.29798	15.9785	13.6805
BLOCK10/SES101/SA101S11	SES101	0.636378	15.1093	14.4729
BLOCK10/SES101/SA101S13	SES101	1.79929	17.0791	15.2798
BLOCK10/SES101/SA101S22	SES101	1.17342	15.019	13.8456
BLOCK10/SES101/SA101S24	SES101	1.56531	15.4025	13.8372
BLOCK10/SES101/SA101S28	SES101	0.697856	14.4631	13.7653
BLOCK10/SES104/SA104S11	SES104	2.54569	18.2053	15.6596
BLOCK10/SES104/SA104S12	SES104	2.00147	15.9327	13.9312
BLOCK10/SES104/SA104S21	SES104	1.74154	15.5994	13.8578
BLOCK10/SES104/SA104S24	SES104	1.59087	15.3614	13.7706
BLOCK10/SES104/SA104S28	SES104	2.16516	16.6475	14.4823
BLOCK10/SES105/SA105S12	SES105	1.27331	13.8555	12.5822
BLOCK10/SES105/SA105S13	SES105	1.15714	14.0625	12.9053
BLOCK10/SES105/SA105S22	SES105	0.799739	13.1227	12.323
BLOCK10/SES105/SA105S26	SES105	1.52316	14.172	12.6488
BLOCK10/SES105/SA105S29	SES105	1.6355	15.272	13.6365
BLOCK10/SES106/SA106S09	SES106	0.950742	13.1709	12.2201
BLOCK10/SES106/SA106S11	SES106	2.21769	15.9101	13.6924
BLOCK10/SES106/SA106S22	SES106	3.85758	16.0281	12.1705
BLOCK10/SES106/SA106S27	SES106	1.92273	14.6787	12.756
BLOCK10/SES106/SA106S29	SES106	1.31337	14.2766	12.9633
BLOCK11/SES117/SA117S12	SES117	0.814631	14.5562	13.7416
BLOCK11/SES117/SA117S13	SES117	0.592506	15.1745	14.582
BLOCK11/SES117/SA117S23	SES117	1.95913	13.9198	11.9606
BLOCK11/SES117/SA117S25	SES117	1.30264	13.8929	12.5903
BLOCK11/SES117/SA117S28	SES117	1.36605	13.7103	12.3442
BLOCK12/SES120/SA120S08	SES120	1.10081	12.857	11.7562
BLOCK12/SES120/SA120S11	SES120	1.07015	11.473	10.4029
BLOCK12/SES120/SA120S22	SES120	0.556389	14.7198	14.1634
BLOCK12/SES120/SA120S24	SES120	1.04337	13.8645	12.8212
BLOCK12/SES120/SA120S28	SES120	0.303414	11.2842	10.9808
BLOCK12/SES125/SA125S13	SES125	2.3771	15.8427	13.4656
BLOCK12/SES125/SA125S14	SES125	1.14826	14.3377	13.1894
BLOCK12/SES125/SA125S25	SES125	2.21818	16.3761	14.1579
BLOCK12/SES125/SA125S27	SES125	2.19096	16.7746	14.5837
BLOCK12/SES125/SA125S29	SES125	2.36161	15.8673	13.5057
BLOCK12/SES127/SA127S11	SES127	1.26217	14.9267	13.6645
BLOCK12/SES127/SA127S12	SES127	1.0985	15.8777	14.7792
BLOCK12/SES127/SA127S23	SES127	1.07634	15.2605	14.1842
BLOCK12/SES127/SA127S25	SES127	0.502629	14.3467	13.8441
BLOCK12/SES127/SA127S27	SES127	1.53868	15.8312	14.2925
BLOCK12/SES129/SA129S11	SES129	2.40279	16.9814	14.5786
BLOCK12/SES129/SA129S12	SES129	2.01896	16.8803	14.8613
BLOCK12/SES129/SA129S22	SES129	1.76297	15.6485	13.8855
BLOCK12/SES129/SA129S27	SES129	2.03675	16.2523	14.2155
BLOCK12/SES129/SA129S29	SES129	1.7848	16.6998	14.915
BLOCK14/SES142/SA142S11	SES142	2.3592	14.9891	12.6299
BLOCK14/SES142/SA142S12	SES142	1.44272	14.0501	12.6074
BLOCK14/SES142/SA142S24	SES142	1.99389	15.3305	13.3366
BLOCK14/SES142/SA142S27	SES142	2.07152	15.7586	13.6871
BLOCK14/SES142/SA142S29	SES142	2.62391	15.2098	12.5859
BLOCK14/SES143/SA143S12	SES143	1.48652	14.4975	13.011
BLOCK14/SES143/SA143S13	SES143	1.19798	14.2873	13.0893
BLOCK14/SES143/SA143S23	SES143	1.60394	14.5102	12.9063
BLOCK14/SES143/SA143S25	SES143	1.8849	15.1897	13.3048
BLOCK14/SES143/SA143S28	SES143	1.45029	14.4515	13.0013
BLOCK14/SES144/SA144S09	SES144	1.47669	15.5175	14.0408
BLOCK14/SES144/SA144S11	SES144	1.09957	14.4682	13.3686
BLOCK14/SES144/SA144S21	SES144	0.554869	14.1478	13.593
BLOCK14/SES144/SA144S25	SES144	0.91904	13.8357	12.9167
BLOCK14/SES144/SA144S29	SES144	0.384483	15.0402	14.6557
BLOCK14/SES146/SA146S14	SES146	1.00412	13.5703	12.5662
BLOCK14/SES146/SA146S15	SES146	0.710632	13.7015	12.9908
BLOCK14/SES146/SA146S24	SES146	1.04597	14.3526	13.3066
BLOCK14/SES146/SA146S26	SES146	1.41012	14.5761	13.166
BLOCK14/SES146/SA146S29	SES146	0.991488	13.2579	12.2664
BLOCK14/SES147/SA147S11	SES147	2.08058	14.847	12.7664
BLOCK14/SES147/SA147S13	SES147	2.69736	15.7967	13.0993
BLOCK14/SES147/SA147S23	SES147	0.84899	14.5279	13.6789
BLOCK14/SES147/SA147S26	SES147	1.58944	14.7573	13.1679
BLOCK14/SES147/SA147S28	SES147	1.71092	14.5295	12.8186
BLOCK14/SES148/SA148S10	SES148	1.62031	14.696	13.0757
BLOCK14/SES148/SA148S12	SES148	1.16274	13.3548	12.1921
BLOCK14/SES148/SA148S22	SES148	2.11569	15.9222	13.8065
BLOCK14/SES148/SA148S26	SES148	0.337588	14.8869	14.5493
BLOCK14/SES148/SA148S29	SES148	0.941182	14.4044	13.4632
BLOCK14/SES149/SA149S13	SES149	-0.158858	14.3232	14.4821
BLOCK14/SES149/SA149S14	SES149	0.723145	15.7535	15.0304
BLOCK14/SES149/SA149S24	SES149	1.5019	16.2231	14.7212
BLOCK14/SES149/SA149S26	SES149	2.02121	17.2991	15.2779
BLOCK14/SES149/SA149S28	SES149	2.49248	18.6149	16.1224
BLOCK15/SES158/SA158S13	SES158	1.98967	14.1521	12.1624
BLOCK15/SES158/SA158S14	SES158	2.94519	14.4322	11.487
BLOCK15/SES158/SA158S23	SES158	1.61431	14.393	12.7787
BLOCK15/SES158/SA158S26	SES158	2.92862	14.2316	11.303
BLOCK15/SES158/SA158S28	SES158	1.2198	13.6371	12.4173
BLOCK16/SES162/SA162S10	SES162	0.796235	12.9118	12.1156
BLOCK16/SES162/SA162S11	SES162	1.00675	15.1252	14.1184
BLOCK16/SES162/SA162S21	SES162	2.16906	15.7683	13.5992
BLOCK16/SES162/SA162S24	SES162	1.36165	14.8876	13.526
BLOCK16/SES162/SA162S27	SES162	1.684	14.5337	12.8497
BLOCK16/SES167/SA167S14	SES167	1.46333	16.9387	15.4754
BLOCK16/SES167/SA167S15	SES167	1.57687	15.5583	13.9814
BLOCK16/SES167/SA167S21	SES167	1.8886	16.2196	14.331
BLOCK16/SES167/SA167S25	SES167	2.35048	15.1413	12.7908
BLOCK16/SES167/SA167S29	SES167	2.56251	17.475	14.9125
BLOCK17/SES172/SA172S12	SES172	1.6092	16.0105	14.4013
BLOCK17/SES172/SA172S13	SES172	1.82152	15.3202	13.4987
BLOCK17/SES172/SA172S23	SES172	1.37383	16.6913	15.3174
BLOCK17/SES172/SA172S27	SES172	1.34629	15.4683	14.122
BLOCK17/SES172/SA172S29	SES172	2.21838	16.287	14.0687
BLOCK17/SES175/SA175S11	SES175	1.14524	15.2632	14.118
BLOCK17/SES175/SA175S13	SES175	1.05401	15.1831	14.1291
BLOCK17/SES175/SA175S23	SES175	1.50967	15.1586	13.649
BLOCK17/SES175/SA175S25	SES175	0.748374	13.2445	12.4961
BLOCK17/SES175/SA175S28	SES175	1.20133	15.8855	14.6842
BLOCK17/SES177/SA177S15	SES177	0.651389	14.8555	14.2041
BLOCK17/SES177/SA177S17	SES177	0.584958	14.899	14.314
BLOCK17/SES177/SA177S23	SES177	-0.0596037	13.8067	13.8663
BLOCK17/SES177/SA177S26	SES177	0.950522	16.9292	15.9786
BLOCK17/SES177/SA177S28	SES177	1.19424	15.7314	14.5371
BLOCK18/SES180/SA180S13	SES180	0.529798	14.4655	13.9357
BLOCK18/SES180/SA180S15	SES180	0.993864	14.7465	13.7527
BLOCK18/SES180/SA180S24	SES180	0.723788	16.1574	15.4336
BLOCK18/SES180/SA180S26	SES180	1.18876	15.656	14.4672
BLOCK18/SES180/SA180S29	SES180	1.3208	15.2425	13.9217
BLOCK18/SES183/SA183S13	SES183	1.66324	14.027	12.3638
BLOCK18/SES183/SA183S14	SES183	0.0804167	13.1203	13.0399
BLOCK18/SES183/SA183S24	SES183	1.76675	13.3705	11.6037
BLOCK18/SES183/SA183S27	SES183	1.29162	13.7096	12.418
BLOCK18/SES183/SA183S29	SES183	0.916719	14.8347	13.9179
BLOCK18/SES187/SA187S13	SES187	0.762449	14.6332	13.8707
BLOCK18/SES187/SA187S14	SES187	0.836976	14.124	13.287
BLOCK18/SES187/SA187S24	SES187	2.39627	14.4846	12.0883
BLOCK18/SES187/SA187S27	SES187	1.54749	14.8073	13.2598
BLOCK18/SES187/SA187S29	SES187	1.2359	14.7366	13.5007
BLOCK18/SES189/SA189S10	SES189	1.80774	14.2106	12.4029
BLOCK18/SES189/SA189S13	SES189	2.21536	13.4938	11.2785
BLOCK18/SES189/SA189S24	SES189	2.7664	13.9418	11.1754
BLOCK18/SES189/SA189S26	SES189	1.4028	14.6054	13.2026
BLOCK18/SES189/SA189S29	SES189	2.67116	14.7365	12.0653
BLOCK20/SES202/SA202S12	SES202	1.62428	12.3712	10.7469
BLOCK20/SES202/SA202S14	SES202	2.64599	14.5186	11.8726
BLOCK20/SES202/SA202S24	SES202	1.42089	14.5338	13.1129
BLOCK20/SES202/SA202S27	SES202	1.72692	16.3441	14.6172
BLOCK20/SES202/SA202S29	SES202	1.98893	15.7705	13.7816
BLOCK20/SES206/SA206S15	SES206	0.00170612	14.6723	14.6706
BLOCK20/SES206/SA206S17	SES206	2.17564	16.9001	14.7244
BLOCK20/SES206/SA206S24	SES206	2.30504	17.2452	14.9402
BLOCK20/SES206/SA206S27	SES206	2.21778	15.9539	13.7361
BLOCK20/SES206/SA206S29	SES206	1.63247	17.1649	15.5324
BLOCK22/SES226/SA226S12	SES226	1.43678	14.9649	13.5281
BLOCK22/SES226/SA226S13	SES226	-0.215364	12.8833	13.0987
BLOCK22/SES226/SA226S20	SES226	1.55534	14.6251	13.0698
BLOCK22/SES226/SA226S23	SES226	1.65957	15.4019	13.7423
BLOCK22/SES226/SA226S28	SES226	2.22936	16.02	13.7906
BLOCK25/SES259/SA259S13	SES259	4.49957	17.4454	12.9458
BLOCK25/SES259/SA259S14	SES259	2.65549	16.0171	13.3616
BLOCK25/SES259/SA259S22	SES259	2.4987	15.8019	13.3032
BLOCK25/SES259/SA259S24	SES259	2.58861	17.3469	14.7582
BLOCK25/SES259/SA259S28	SES259	2.46212	16.4089	13.9468
BLOCK27/SES270/SA270S14	SES270	2.85077	14.2593	11.4085
BLOCK27/SES270/SA270S16	SES270	1.0636	14.0168	12.9532
BLOCK27/SES270/SA270S22	SES270	2.78011	15.0144	12.2343
BLOCK27/SES270/SA270S26	SES270	1.51056	12.7101	11.1995
BLOCK27/SES270/SA270S28	SES270	1.56626	14.5848	13.0185
BLOCK27/SES275/SA275S17	SES275	1.79482	15.3083	13.5134
BLOCK27/SES275/SA275S18	SES275	0.661343	15.1335	14.4721
BLOCK27/SES275/SA275S24	SES275	1.07772	13.6655	12.5878
BLOCK27/SES275/SA275S26	SES275	1.32031	15.1267	13.8064
BLOCK27/SES275/SA275S28	SES275	0.725202	14.7056	13.9804
BLOCK29/SES292/SA292S10	SES292	0.526581	14.5271	14.0005
BLOCK29/SES292/SA292S12	SES292	0.33149	14.4579	14.1264
BLOCK29/SES292/SA292S22	SES292	0.906459	15.3627	14.4563
BLOCK29/SES292/SA292S24	SES292	0.855354	15.4428	14.5874
BLOCK29/SES292/SA292S27	SES292	0.270991	15.0001	14.7291
BLOCK00/SES001/SA001S14	SES062	-2.49861	9.99816	12.4968
BLOCK00/SES001/SA001S14	SES082	-2.71172	9.78505	12.4968
BLOCK00/SES001/SA001S14	SES106	-2.2802	10.2166	12.4968
BLOCK00/SES001/SA001S14	SES206	-2.19503	10.3017	12.4968
BLOCK00/SES001/SA001S15	SES062	-2.74965	11.1956	13.9453
BLOCK00/SES001/SA001S15	SES104	-2.79508	11.1502	13.9453
BLOCK00/SES001/SA001S15	SES106	-2.32365	11.6216	13.9453
BLOCK00/SES001/SA001S15	SES206	-1.87454	12.0707	13.9453
BLOCK00/SES001/SA001S24	SES062	-3.05026	9.52277	12.573
BLOCK00/SES001/SA001S24	SES082	-2.60108	9.97195	12.573
BLOCK00/SES001/SA001S24	SES087	-2.03707	10.536	12.573
BLOCK00/SES001/SA001S24	SES206	-2.12005	10.453	12.573
BLOCK00/SES001/SA001S27	SES062	-1.80735	12.5148	14.3222
BLOCK00/SES001/SA001S27	SES082	-2.0411	12.2811	14.3222
BLOCK00/SES001/SA001S27	SES087	-1.70479	12.6174	14.3222
BLOCK00/SES001/SA001S27	SES206	-1.96106	12.3611	14.3222
BLOCK00/SES001/SA001S29	SES062	-3.41279	9.23841	12.6512
BLOCK00/SES001/SA001S29	SES082	-1.76023	10.891	12.6512
BLOCK00/SES001/SA001S29	SES158	-1.38083	11.2704	12.6512
BLOCK00/SES001/SA001S29	SES206	-2.38365	10.2675	12.6512
BLOCK00/SES003/SA003S11	SES002	-0.86463	12.6219	13.4865
BLOCK00/SES003/SA003S11	SES019	-1.64151	11.845	13.4865
BLOCK00/SES003/SA003S11	SES082	-0.862642	12.6239	13.4865
BLOCK00/SES003/SA003S11	SES125	-1.78408	11.7025	13.4865
BLOCK00/SES003/SA003S15	SES016	-1.71413	12.9376	14.6517
BLOCK00/SES003/SA003S15	SES019	-2.21568	12.4361	14.6517
BLOCK00/SES003/SA003S15	SES062	-2.34582	12.3059	14.6517
BLOCK00/SES003/SA003S15	SES206	-1.6276	13.0241	14.6517
BLOCK00/SES003/SA003S22	SES002	-1.96708	11.8927	13.8598
BLOCK00/SES003/SA003S22	SES062	-1.16878	12.691	13.8598
BLOCK00/SES003/SA003S22	SES082	-1.86911	11.9907	13.8598
BLOCK00/SES003/SA003S22	SES087	-1.4704	12.3894	13.8598
BLOCK00/SES003/SA003S25	SES062	-3.64696	9.9637	13.6107
BLOCK00/SES003/SA003S25	SES082	-2.23016	11.3805	13.6107
BLOCK00/SES003/SA003S25	SES087	-1.81004	11.8006	13.6107
BLOCK00/SES003/SA003S25	SES206	-2.19466	11.416	13.6107
BLOCK00/SES003/SA003S29	SES002	-1.76231	11.5286	13.2909
BLOCK00/SES003/SA003S29	SES062	-3.18166	10.1093	13.2909
BLOCK00/SES003/SA003S29	SES082	-1.68586	11.6051	13.2909
BLOCK00/SES003/SA003S29	SES087	-1.88555	11.4054	13.2909
BLOCK00/SES004/SA004S12	SES083	-2.29716	10.9802	13.2774
BLOCK00/SES004/SA004S12	SES148	-2.36719	10.9102	13.2774
BLOCK00/SES004/SA004S12	SES172	-1.14103	12.1363	13.2774
BLOCK00/SES004/SA004S12	SES292	-1.71663	11.5607	13.2774
BLOCK00/SES004/SA004S17	SES083	-1.9465	11.2251	13.1716
BLOCK00/SES004/SA004S17	SES162	-1.20495	11.9666	13.1716
BLOCK00/SES004/SA004S17	SES172	-1.14277	12.0288	13.1716
BLOCK00/SES004/SA004S17	SES292	-1.72914	11.4424	13.1716
BLOCK00/SES004/SA004S24	SES083	-2.41638	11.3419	13.7583
BLOCK00/SES004/SA004S24	SES148	-2.86971	10.8886	13.7583
BLOCK00/SES004/SA004S24	SES172	-1.1224	12.6359	13.7583
BLOCK00/SES004/SA004S24	SES292	-1.3983	12.36	13.7583
BLOCK00/SES004/SA004S26	SES083	-2.49558	11.0054	13.501
BLOCK00/SES004/SA004S26	SES127	-2.06023	11.4408	13.501
BLOCK00/SES004/SA004S26	SES148	-4.33669	9.16433	13.501
BLOCK00/SES004/SA004S26	SES292	-2.81887	10.6822	13.501
BLOCK00/SES004/SA004S28	SES083	-1.6773	13.0873	14.7646
BLOCK00/SES004/SA004S28	SES127	-1.09295	13.6716	14.7646
BLOCK00/SES004/SA004S28	SES187	-0.803771	13.9608	14.7646
BLOCK00/SES004/SA004S28	SES292	-2.02197	12.7426	14.7646
BLOCK00/SES006/SA006S10	SES014	-3.88867	6.68809	10.5768
BLOCK00/SES006/SA006S10	SES158	-2.48584	8.09091	10.5768
BLOCK00/SES006/SA006S10	SES226	-5.04176	5.53499	10.5768
BLOCK00/SES006/SA006S10	SES270	-1.65326	8.9235	10.5768
BLOCK00/SES006/SA006S11	SES158	-1.94818	9.15088	11.0991
BLOCK00/SES006/SA006S11	SES226	-3.3894	7.70966	11.0991
BLOCK00/SES006/SA006S11	SES270	-1.50554	9.59352	11.0991
BLOCK00/SES006/SA006S11	SES275	-2.71756	8.3815	11.0991
BLOCK00/SES006/SA006S23	SES062	-3.33731	9.6278	12.9651
BLOCK00/SES006/SA006S23	SES105	-3.96837	8.99675	12.9651
BLOCK00/SES006/SA006S23	SES158	-2.27721	10.6879	12.9651
BLOCK00/SES006/SA006S23	SES275	-2.54256	10.4226	12.9651
BLOCK00/SES006/SA006S26	SES104	-3.66109	8.53499	12.1961
BLOCK00/SES006/SA006S26	SES158	-1.87068	10.3254	12.1961
BLOCK00/SES006/SA006S26	SES270	-1.11169	11.0844	12.1961
BLOCK00/SES006/SA006S26	SES275	-2.55216	9.64392	12.1961
BLOCK00/SES006/SA006S28	SES007	-3.30082	7.92825	11.2291
BLOCK00/SES006/SA006S28	SES105	-3.37489	7.85418	11.2291
BLOCK00/SES006/SA006S28	SES158	-1.81835	9.41072	11.2291
BLOCK00/SES006/SA006S28	SES275	-3.20526	8.02381	11.2291
BLOCK00/SES009/SA009S12	SES083	-2.90311	11.6666	14.5697
BLOCK00/SES009/SA009S12	SES148	-2.99023	11.5795	14.5697
BLOCK00/SES009/SA009S12	SES177	-1.24006	13.3297	14.5697
BLOCK00/SES009/SA009S12	SES292	-1.74534	12.8244	14.5697
BLOCK00/SES009/SA009S15	SES007	-0.602238	14.8277	15.43
BLOCK00/SES009/SA009S15	SES099	-4.20843	11.2215	15.43
BLOCK00/SES009/SA009S15	SES148	-3.0489	12.3811	15.43
BLOCK00/SES009/SA009S15	SES172	-1.73224	13.6977	15.43
BLOCK00/SES009/SA009S24	SES146	-1.48032	13.7216	15.2019
BLOCK00/SES009/SA009S24	SES148	-3.15608	12.0458	15.2019
BLOCK00/SES009/SA009S24	SES177	-0.746876	14.455	15.2019
BLOCK00/SES009/SA009S24	SES292	-1.54072	13.6612	15.2019
BLOCK00/SES009/SA009S26	SES083	-2.75813	11.5061	14.2642
BLOCK00/SES009/SA009S26	SES101	-2.52726	11.737	14.2642
BLOCK00/SES009/SA009S26	SES120	-1.90314	12.3611	14.2642
BLOCK00/SES009/SA009S26	SES177	-0.990367	13.2739	14.2642
BLOCK00/SES009/SA009S29	SES083	-2.27366	12.6756	14.9492
BLOCK00/SES009/SA009S29	SES101	-1.8801	13.0691	14.9492
BLOCK00/SES009/SA009S29	SES177	-1.04335	13.9059	14.9492
BLOCK00/SES009/SA009S29	SES292	-1.3573	13.5919	14.9492
BLOCK01/SES011/SA011S10	SES019	-1.71364	12.2729	13.9866
BLOCK01/SES011/SA011S10	SES042	-0.277693	13.7089	13.9866
BLOCK01/SES011/SA011S10	SES082	-2.53326	11.4533	13.9866
BLOCK01/SES011/SA011S10	SES206	-1.33651	12.65	13.9866
BLOCK01/SES011/SA011S11	SES019	-2.15629	10.8131	12.9694
BLOCK01/SES011/SA011S11	SES042	-1.39173	11.5777	12.9694
BLOCK01/SES011/SA011S11	SES082	-2.0596	10.9098	12.9694
BLOCK01/SES011/SA011S11	SES206	-1.93538	11.0341	12.9694
BLOCK01/SES011/SA011S22	SES019	-1.5504	11.3342	12.8846
BLOCK01/SES011/SA011S22	SES042	-0.133893	12.7507	12.8846
BLOCK01/SES011/SA011S22	SES082	-2.13919	10.7455	12.8846
BLOCK01/SES011/SA011S22	SES206	-1.5833	11.3013	12.8846
BLOCK01/SES011/SA011S24	SES019	-2.21904	11.4078	13.6268
BLOCK01/SES011/SA011S24	SES042	0.0446749	13.6715	13.6268
BLOCK01/SES011/SA011S24	SES104	-1.86455	11.7623	13.6268
BLOCK01/SES011/SA011S24	SES206	-1.28138	12.3454	13.6268
BLOCK01/SES011/SA011S27	SES082	-0.695745	12.5448	13.2406
BLOCK01/SES011/SA011S27	SES087	-2.18522	11.0553	13.2406
BLOCK01/SES011/SA011S27	SES125	-1.59958	11.641	13.2406
BLOCK01/SES011/SA011S27	SES206	-1.36955	11.871	13.2406
BLOCK01/SES012/SA012S11	SES007	-0.912175	14.8308	15.7429
BLOCK01/SES012/SA012S11	SES082	-1.86822	13.8747	15.7429
BLOCK01/SES012/SA012S11	SES083	-2.28217	13.4608	15.7429
BLOCK01/SES012/SA012S11	SES206	-1.80865	13.9343	15.7429
BLOCK01/SES012/SA012S14	SES082	-1.16799	13.8026	14.9706
BLOCK01/SES012/SA012S14	SES087	-2.41374	12.5568	14.9706
BLOCK01/SES012/SA012S14	SES206	-1.0001	13.9705	14.9706
BLOCK01/SES012/SA012S14	SES292	-1.80117	13.1694	14.9706
BLOCK01/SES012/SA012S24	SES082	-0.630491	13.199	13.8295
BLOCK01/SES012/SA012S24	SES087	-1.5999	12.2296	13.8295
BLOCK01/SES012/SA012S24	SES120	-2.19065	11.6389	13.8295
BLOCK01/SES012/SA012S24	SES206	-0.662885	13.1667	13.8295
BLOCK01/SES012/SA012S26	SES019	-4.55312	10.7945	15.3476
BLOCK01/SES012/SA012S26	SES082	-2.25728	13.0903	15.3476
BLOCK01/SES012/SA012S26	SES206	-1.02979	14.3178	15.3476
BLOCK01/SES012/SA012S26	SES292	-1.33538	14.0122	15.3476
BLOCK01/SES012/SA012S29	SES062	-2.19301	13.1901	15.3831
BLOCK01/SES012/SA012S29	SES082	-0.983703	14.3994	15.3831
BLOCK01/SES012/SA012S29	SES083	-2.43233	12.9508	15.3831
BLOCK01/SES012/SA012S29	SES206	-1.13125	14.2519	15.3831
BLOCK01/SES013/SA013S16	SES062	-3.68004	9.70858	13.3886
BLOCK01/SES013/SA013S16	SES106	-1.72086	11.6678	13.3886
BLOCK01/SES013/SA013S16	SES206	-1.59101	11.7976	13.3886
BLOCK01/SES013/SA013S16	SES226	-1.53885	11.8498	13.3886
BLOCK01/SES013/SA013S17	SES062	-2.8757	12.3353	15.211
BLOCK01/SES013/SA013S17	SES106	-2.64882	12.5622	15.211
BLOCK01/SES013/SA013S17	SES206	-0.402699	14.8083	15.211
BLOCK01/SES013/SA013S17	SES226	-0.82571	14.3853	15.211
BLOCK01/SES013/SA013S23	SES104	-1.679	12.3231	14.0021
BLOCK01/SES013/SA013S23	SES106	-1.46519	12.5369	14.0021
BLOCK01/SES013/SA013S23	SES206	-1.34784	12.6542	14.0021
BLOCK01/SES013/SA013S23	SES270	-0.966731	13.0353	14.0021
BLOCK01/SES013/SA013S25	SES042	-2.17423	13.1907	15.3649
BLOCK01/SES013/SA013S25	SES104	-1.39013	13.9748	15.3649
BLOCK01/SES013/SA013S25	SES106	-1.89856	13.4663	15.3649
BLOCK01/SES013/SA013S25	SES206	-0.72108	14.6438	15.3649
BLOCK01/SES013/SA013S29	SES062	-3.68831	10.4659	14.1543
BLOCK01/SES013/SA013S29	SES104	-2.84658	11.3077	14.1543
BLOCK01/SES013/SA013S29	SES106	-1.99002	12.1642	14.1543
BLOCK01/SES013/SA013S29	SES206	-1.93249	12.2218	14.1543
BLOCK02/SES021/SA021S13	SES016	-2.99946	12.2748	15.2742
BLOCK02/SES021/SA021S13	SES029	-1.87847	13.3958	15.2742
BLOCK02/SES021/SA021S13	SES087	-2.15165	13.1226	15.2742
BLOCK02/SES021/SA021S13	SES206	-1.60201	13.6722	15.2742
BLOCK02/SES021/SA021S15	SES087	-1.36919	15.1066	16.4758
BLOCK02/SES021/SA021S15	SES125	-1.27984	15.196	16.4758
BLOCK02/SES021/SA021S15	SES206	-0.907038	15.5688	16.4758
BLOCK02/SES021/SA021S15	SES226	-2.49506	13.9808	16.4758
BLOCK02/SES021/SA021S23	SES062	-3.2421	10.1949	13.437
BLOCK02/SES021/SA021S23	SES087	-1.18393	12.2531	13.437
BLOCK02/SES021/SA021S23	SES206	-1.38255	12.0545	13.437
BLOCK02/SES021/SA021S23	SES226	-1.6594	11.7776	13.437
BLOCK02/SES021/SA021S27	SES002	-0.812852	14.3904	15.2033
BLOCK02/SES021/SA021S27	SES016	-3.74308	11.4602	15.2033
BLOCK02/SES021/SA021S27	SES019	-1.73001	13.4733	15.2033
BLOCK02/SES021/SA021S27	SES062	-1.95984	13.2434	15.2033
BLOCK02/SES021/SA021S29	SES087	-1.82572	13.4667	15.2924
BLOCK02/SES021/SA021S29	SES125	-0.90546	14.3869	15.2924
BLOCK02/SES021/SA021S29	SES206	-1.05251	14.2399	15.2924
BLOCK02/SES021/SA021S29	SES226	-2.40716	12.8852	15.2924
BLOCK04/SES043/SA043S09	SES083	-1.51537	11.2964	12.8117
BLOCK04/SES043/SA043S09	SES101	-1.3228	11.4889	12.8117
BLOCK04/SES043/SA043S09	SES144	-0.763492	12.0482	12.8117
BLOCK04/SES043/SA043S09	SES172	-1.81214	10.9996	12.8117
BLOCK04/SES043/SA043S11	SES083	-0.960582	13.4901	14.4507
BLOCK04/SES043/SA043S11	SES101	-0.998239	13.4524	14.4507
BLOCK04/SES043/SA043S11	SES144	-0.279101	14.1716	14.4507
BLOCK04/SES043/SA043S11	SES172	-1.39663	13.054	14.4507
BLOCK04/SES043/SA043S23	SES083	-1.29196	12.7235	14.0154
BLOCK04/SES043/SA043S23	SES144	-0.426164	13.5892	14.0154
BLOCK04/SES043/SA043S23	SES177	-1.27648	12.7389	14.0154
BLOCK04/SES043/SA043S23	SES275	-1.02221	12.9932	14.0154
BLOCK04/SES043/SA043S26	SES083	-1.91119	11.2633	13.1745
BLOCK04/SES043/SA043S26	SES101	-1.76294	11.4115	13.1745
BLOCK04/SES043/SA043S26	SES144	-0.373878	12.8006	13.1745
BLOCK04/SES043/SA043S26	SES177	-1.84621	11.3283	13.1745
BLOCK04/SES043/SA043S28	SES016	-2.03209	12.508	14.5401
BLOCK04/SES043/SA043S28	SES083	-0.955574	13.5845	14.5401
BLOCK04/SES043/SA043S28	SES101	-0.716632	13.8234	14.5401
BLOCK04/SES043/SA043S28	SES144	-1.15361	13.3865	14.5401
BLOCK04/SES044/SA044S10	SES127	-2.98377	7.83652	10.8203
BLOCK04/SES044/SA044S10	SES144	-0.574132	10.2462	10.8203
BLOCK04/SES044/SA044S10	SES147	-3.45445	7.36584	10.8203
BLOCK04/SES044/SA044S10	SES148	-2.92645	7.89384	10.8203
BLOCK04/SES044/SA044S11	SES101	-1.50927	10.8314	12.3406
BLOCK04/SES044/SA044S11	SES144	-0.258441	12.0822	12.3406
BLOCK04/SES044/SA044S11	SES147	-2.50507	9.83557	12.3406
BLOCK04/SES044/SA044S11	SES177	-1.94091	10.3997	12.3406
BLOCK04/SES044/SA044S24	SES007	-2.56645	10.3854	12.9519
BLOCK04/SES044/SA044S24	SES101	-1.45933	11.4926	12.9519
BLOCK04/SES044/SA044S24	SES147	-2.9225	10.0294	12.9519
BLOCK04/SES044/SA044S24	SES177	-1.63546	11.3164	12.9519
BLOCK04/SES044/SA044S26	SES007	-1.92022	11.3193	13.2395
BLOCK04/SES044/SA044S26	SES016	-1.03032	12.2092	13.2395
BLOCK04/SES044/SA044S26	SES101	-1.40744	11.8321	13.2395
BLOCK04/SES044/SA044S26	SES147	-1.41133	11.8282	13.2395
BLOCK04/SES044/SA044S29	SES007	-2.29927	10.8011	13.1004
BLOCK04/SES044/SA044S29	SES101	-0.674298	12.4261	13.1004
BLOCK04/SES044/SA044S29	SES147	-2.03924	11.0612	13.1004
BLOCK04/SES044/SA044S29	SES177	-2.1953	10.9051	13.1004
BLOCK04/SES046/SA046S13	SES101	-1.08371	12.0436	13.1273
BLOCK04/SES046/SA046S13	SES144	-0.812839	12.3144	13.1273
BLOCK04/SES046/SA046S13	SES147	-2.04036	11.0869	13.1273
BLOCK04/SES046/SA046S13	SES177	-1.86201	11.2653	13.1273
BLOCK04/SES046/SA046S15	SES048	-0.606417	14.0948	14.7012
BLOCK04/SES046/SA046S15	SES083	-1.11657	13.5846	14.7012
BLOCK04/SES046/SA046S15	SES120	-2.93973	11.7615	14.7012
BLOCK04/SES046/SA046S15	SES148	-1.84363	12.8576	14.7012
BLOCK04/SES046/SA046S22	SES101	-1.11389	11.9878	13.1017
BLOCK04/SES046/SA046S22	SES144	-0.931008	12.1707	13.1017
BLOCK04/SES046/SA046S22	SES147	-2.85966	10.242	13.1017
BLOCK04/SES046/SA046S22	SES172	-1.22243	11.8793	13.1017
BLOCK04/SES046/SA046S25	SES083	-1.61742	11.194	12.8114
BLOCK04/SES046/SA046S25	SES127	-1.76505	11.0464	12.8114
BLOCK04/SES046/SA046S25	SES144	-1.89542	10.916	12.8114
BLOCK04/SES046/SA046S25	SES148	-2.01904	10.7924	12.8114
BLOCK04/SES046/SA046S28	SES007	-2.22586	10.6699	12.8958
BLOCK04/SES046/SA046S28	SES105	-2.49265	10.4032	12.8958
BLOCK04/SES046/SA046S28	SES147	-1.31308	11.5827	12.8958
BLOCK04/SES046/SA046S28	SES148	-1.35288	11.5429	12.8958
BLOCK04/SES049/SA049S16	SES104	-2.74798	9.83147	12.5794
BLOCK04/SES049/SA049S16	SES106	-2.22933	10.3501	12.5794
BLOCK04/SES049/SA049S16	SES120	-2.4174	10.162	12.5794
BLOCK04/SES049/SA049S16	SES206	-1.32992	11.2495	12.5794
BLOCK04/SES049/SA049S18	SES099	-0.981693	11.0313	12.013
BLOCK04/SES049/SA049S18	SES104	-2.00699	10.006	12.013
BLOCK04/SES049/SA049S18	SES125	-3.00988	9.00315	12.013
BLOCK04/SES049/SA049S18	SES206	-1.80841	10.2046	12.013
BLOCK04/SES049/SA049S25	SES087	-1.39082	11.6245	13.0154
BLOCK04/SES049/SA049S25	SES104	-0.465505	12.5498	13.0154
BLOCK04/SES049/SA049S25	SES125	-1.72736	11.288	13.0154
BLOCK04/SES049/SA049S25	SES206	-0.662177	12.3532	13.0154
BLOCK04/SES049/SA049S27	SES099	-0.957312	12.0481	13.0054
BLOCK04/SES049/SA049S27	SES104	-1.03975	11.9657	13.0054
BLOCK04/SES049/SA049S27	SES125	-2.08767	10.9177	13.0054
BLOCK04/SES049/SA049S27	SES206	-1.87473	11.1307	13.0054
BLOCK04/SES049/SA049S29	SES099	-0.53571	13.7115	14.2472
BLOCK04/SES049/SA049S29	SES104	-0.68138	13.5658	14.2472
BLOCK04/SES049/SA049S29	SES125	-1.28273	12.9644	14.2472
BLOCK04/SES049/SA049S29	SES206	-0.440745	13.8064	14.2472
BLOCK06/SES063/SA063S09	SES068	-1.87003	13.2455	15.1155
BLOCK06/SES063/SA063S09	SES083	-1.27208	13.8434	15.1155
BLOCK06/SES063/SA063S09	SES177	-1.33154	13.7839	15.1155
BLOCK06/SES063/SA063S09	SES187	-1.64215	13.4733	15.1155
BLOCK06/SES063/SA063S10	SES068	-2.21801	12.1099	14.3279
BLOCK06/SES063/SA063S10	SES083	-1.5479	12.78	14.3279
BLOCK06/SES063/SA063S10	SES172	-1.73006	12.5979	14.3279
BLOCK06/SES063/SA063S10	SES187	-2.0673	12.2606	14.3279
BLOCK06/SES063/SA063S20	SES068	-2.50278	11.7563	14.2591
BLOCK06/SES063/SA063S20	SES083	-1.48858	12.7705	14.2591
BLOCK06/SES063/SA063S20	SES172	-1.21579	13.0433	14.2591
BLOCK06/SES063/SA063S20	SES187	-1.41336	12.8458	14.2591
BLOCK06/SES063/SA063S24	SES029	-2.69847	11.8619	14.5604
BLOCK06/SES063/SA063S24	SES083	-0.822316	13.7381	14.5604
BLOCK06/SES063/SA063S24	SES177	-1.21067	13.3497	14.5604
BLOCK06/SES063/SA063S24	SES189	-0.743415	13.817	14.5604
BLOCK06/SES063/SA063S27	SES083	-1.18856	13.0012	14.1898
BLOCK06/SES063/SA063S27	SES172	-1.80964	12.3801	14.1898
BLOCK06/SES063/SA063S27	SES187	-1.73439	12.4554	14.1898
BLOCK06/SES063/SA063S27	SES292	-1.8948	12.295	14.1898
BLOCK06/SES067/SA067S12	SES083	-2.31659	12.5003	14.8169
BLOCK06/SES067/SA067S12	SES172	-1.96102	12.8558	14.8169
BLOCK06/SES067/SA067S12	SES202	-1.09186	13.725	14.8169
BLOCK06/SES067/SA067S12	SES292	-1.96347	12.8534	14.8169
BLOCK06/SES067/SA067S14	SES085	-1.46451	14.2158	15.6803
BLOCK06/SES067/SA067S14	SES177	-1.84011	13.8402	15.6803
BLOCK06/SES067/SA067S14	SES183	-0.777542	14.9028	15.6803
BLOCK06/SES067/SA067S14	SES202	-0.984998	14.6953	15.6803
BLOCK06/SES067/SA067S21	SES144	-1.08243	13.2514	14.3338
BLOCK06/SES067/SA067S21	SES177	-1.36152	12.9723	14.3338
BLOCK06/SES067/SA067S21	SES183	-0.229054	14.1048	14.3338
BLOCK06/SES067/SA067S21	SES189	-0.597404	13.7364	14.3338
BLOCK06/SES067/SA067S25	SES085	-0.787122	14.04	14.8271
BLOCK06/SES067/SA067S25	SES177	-1.41051	13.4166	14.8271
BLOCK06/SES067/SA067S25	SES183	-1.26329	13.5639	14.8271
BLOCK06/SES067/SA067S25	SES202	-1.3801	13.447	14.8271
BLOCK06/SES067/SA067S29	SES085	-1.49318	13.4802	14.9734
BLOCK06/SES067/SA067S29	SES177	-1.76368	13.2097	14.9734
BLOCK06/SES067/SA067S29	SES183	-0.576083	14.3973	14.9734
BLOCK06/SES067/SA067S29	SES202	-0.900574	14.0729	14.9734
BLOCK06/SES069/SA069S12	SES029	-2.84905	11.9005	14.7496
BLOCK06/SES069/SA069S12	SES082	-0.416504	14.3331	14.7496
BLOCK06/SES069/SA069S12	SES087	-1.43836	13.3112	14.7496
BLOCK06/SES069/SA069S12	SES206	-0.906699	13.8429	14.7496
BLOCK06/SES069/SA069S13	SES029	-3.42312	11.4719	14.895
BLOCK06/SES069/SA069S13	SES087	-1.2981	13.5969	14.895
BLOCK06/SES069/SA069S13	SES206	-1.18264	13.7124	14.895
BLOCK06/SES069/SA069S13	SES226	-0.423292	14.4717	14.895
BLOCK06/SES069/SA069S23	SES029	-1.19564	15.1055	16.3011
BLOCK06/SES069/SA069S23	SES087	-0.791206	15.5099	16.3011
BLOCK06/SES069/SA069S23	SES206	-1.57946	14.7217	16.3011
BLOCK06/SES069/SA069S23	SES226	-0.0147133	16.2864	16.3011
BLOCK06/SES069/SA069S25	SES087	-1.2138	14.3002	15.514
BLOCK06/SES069/SA069S25	SES206	-2.52675	12.9872	15.514
BLOCK06/SES069/SA069S25	SES226	-1.33374	14.1802	15.514
BLOCK06/SES069/SA069S25	SES270	-1.79849	13.7155	15.514
BLOCK06/SES069/SA069S27	SES087	-2.39257	13.0358	15.4283
BLOCK06/SES069/SA069S27	SES206	-0.745146	14.6832	15.4283
BLOCK06/SES069/SA069S27	SES226	-0.739019	14.6893	15.4283
BLOCK06/SES069/SA069S27	SES270	-1.44237	13.986	15.4283
BLOCK08/SES081/SA081S11	SES060	-2.61786	11.1415	13.7594
BLOCK08/SES081/SA081S11	SES062	-2.14736	11.612	13.7594
BLOCK08/SES081/SA081S11	SES117	-2.92346	10.8359	13.7594
BLOCK08/SES081/SA081S11	SES162	-2.44009	11.3193	13.7594
BLOCK08/SES081/SA081S13	SES016	-1.57354	13.3763	14.9498
BLOCK08/SES081/SA081S13	SES060	-0.158767	14.7911	14.9498
BLOCK08/SES081/SA081S13	SES068	-0.720514	14.2293	14.9498
BLOCK08/SES081/SA081S13	SES129	-2.1424	12.8074	14.9498
BLOCK08/SES081/SA081S24	SES060	-1.08666	12.9382	14.0249
BLOCK08/SES081/SA081S24	SES068	-1.12899	12.8959	14.0249
BLOCK08/SES081/SA081S24	SES117	-2.37741	11.6475	14.0249
BLOCK08/SES081/SA081S24	SES275	-1.88117	12.1437	14.0249
BLOCK08/SES081/SA081S27	SES007	-1.31842	11.6252	12.9436
BLOCK08/SES081/SA081S27	SES060	-1.81413	11.1295	12.9436
BLOCK08/SES081/SA081S27	SES117	-1.29481	11.6488	12.9436
BLOCK08/SES081/SA081S27	SES275	-1.58994	11.3537	12.9436
BLOCK08/SES081/SA081S29	SES007	-1.24182	13.2254	14.4672
BLOCK08/SES081/SA081S29	SES060	-1.2086	13.2586	14.4672
BLOCK08/SES081/SA081S29	SES117	-1.97239	12.4948	14.4672
BLOCK08/SES081/SA081S29	SES275	-1.92448	12.5427	14.4672
BLOCK08/SES086/SA086S11	SES029	-4.70183	7.75251	12.4543
BLOCK08/SES086/SA086S11	SES082	-1.8124	10.6419	12.4543
BLOCK08/SES086/SA086S11	SES087	-0.54553	11.9088	12.4543
BLOCK08/SES086/SA086S11	SES206	-1.90343	10.5509	12.4543
BLOCK08/SES086/SA086S12	SES029	-2.65937	10.9584	13.6177
BLOCK08/SES086/SA086S12	SES082	-1.46528	12.1525	13.6177
BLOCK08/SES086/SA086S12	SES087	0.429289	14.047	13.6177
BLOCK08/SES086/SA086S12	SES206	-1.50721	12.1105	13.6177
BLOCK08/SES086/SA086S20	SES029	-3.55587	11.1274	14.6833
BLOCK08/SES086/SA086S20	SES082	-2.80535	11.878	14.6833
BLOCK08/SES086/SA086S20	SES087	0.134185	14.8175	14.6833
BLOCK08/SES086/SA086S20	SES206	-0.81435	13.869	14.6833
BLOCK08/SES086/SA086S24	SES087	-0.16167	13.4071	13.5688
BLOCK08/SES086/SA086S24	SES104	-2.27635	11.2924	13.5688
BLOCK08/SES086/SA086S24	SES120	-2.3288	11.24	13.5688
BLOCK08/SES086/SA086S24	SES206	-0.242282	13.3265	13.5688
BLOCK08/SES086/SA086S28	SES029	-2.76298	11.2924	14.0554
BLOCK08/SES086/SA086S28	SES082	-1.7781	12.2773	14.0554
BLOCK08/SES086/SA086S28	SES087	-0.500134	13.5553	14.0554
BLOCK08/SES086/SA086S28	SES206	-0.758643	13.2968	14.0554
BLOCK08/SES089/SA089S13	SES087	-1.57609	11.6863	13.2624
BLOCK08/SES089/SA089S13	SES206	-1.51615	11.7463	13.2624
BLOCK08/SES089/SA089S13	SES226	-1.72794	11.5345	13.2624
BLOCK08/SES089/SA089S13	SES270	-2.28156	10.9808	13.2624
BLOCK08/SES089/SA089S14	SES062	-2.53976	11.2757	13.8155
BLOCK08/SES089/SA089S14	SES087	-0.886118	12.9293	13.8155
BLOCK08/SES089/SA089S14	SES206	-1.38144	12.434	13.8155
BLOCK08/SES089/SA089S14	SES226	-1.28754	12.5279	13.8155
BLOCK08/SES089/SA089S23	SES087	-1.65409	10.3586	12.0127
BLOCK08/SES089/SA089S23	SES206	-1.48284	10.5298	12.0127
BLOCK08/SES089/SA089S23	SES226	-1.47062	10.5421	12.0127
BLOCK08/SES089/SA089S23	SES270	-2.43933	9.57335	12.0127
BLOCK08/SES089/SA089S25	SES062	-3.2331	10.5579	13.791
BLOCK08/SES089/SA089S25	SES087	-1.12833	12.6627	13.791
BLOCK08/SES089/SA089S25	SES206	-2.16401	11.627	13.791
BLOCK08/SES089/SA089S25	SES226	-1.02821	12.7628	13.791
BLOCK08/SES089/SA089S28	SES062	-1.60903	12.0593	13.6683
BLOCK08/SES089/SA089S28	SES087	-0.164351	13.504	13.6683
BLOCK08/SES089/SA089S28	SES206	-0.930898	12.7374	13.6683
BLOCK08/SES089/SA089S28	SES226	-0.700749	12.9676	13.6683
BLOCK09/SES097/SA097S11	SES099	0.137575	13.089	12.9514
BLOCK09/SES097/SA097S11	SES125	-1.74846	11.2029	12.9514
BLOCK09/SES097/SA097S11	SES206	-1.13873	11.8126	12.9514
BLOCK09/SES097/SA097S11	SES226	-0.82916	12.1222	12.9514
BLOCK09/SES097/SA097S14	SES062	-1.79659	10.9899	12.7865
BLOCK09/SES097/SA097S14	SES099	-1.02488	11.7616	12.7865
BLOCK09/SES097/SA097S14	SES104	-1.60997	11.1765	12.7865
BLOCK09/SES097/SA097S14	SES206	-2.16648	10.62	12.7865
BLOCK09/SES097/SA097S22	SES099	0.64579	13.5636	12.9178
BLOCK09/SES097/SA097S22	SES206	-1.08666	11.8311	12.9178
BLOCK09/SES097/SA097S22	SES226	-1.8563	11.0615	12.9178
BLOCK09/SES097/SA097S22	SES270	-0.278914	12.6389	12.9178
BLOCK09/SES097/SA097S26	SES099	-0.395079	13.5625	13.9576
BLOCK09/SES097/SA097S26	SES120	-2.26882	11.6888	13.9576
BLOCK09/SES097/SA097S26	SES206	-1.6554	12.3022	13.9576
BLOCK09/SES097/SA097S26	SES226	-2.80711	11.1505	13.9576
BLOCK09/SES097/SA097S28	SES099	-0.424086	12.7267	13.1508
BLOCK09/SES097/SA097S28	SES120	-1.34783	11.803	13.1508
BLOCK09/SES097/SA097S28	SES206	-1.96268	11.1881	13.1508
BLOCK09/SES097/SA097S28	SES226	-3.11905	10.0318	13.1508
BLOCK09/SES098/SA098S11	SES127	-1.98582	10.9833	12.9691
BLOCK09/SES098/SA098S11	SES144	-1.91937	11.0497	12.9691
BLOCK09/SES098/SA098S11	SES147	-1.52376	11.4453	12.9691
BLOCK09/SES098/SA098S11	SES148	-3.36074	9.60837	12.9691
BLOCK09/SES098/SA098S12	SES127	-2.64747	9.29486	11.9423
BLOCK09/SES098/SA098S12	SES144	-2.12914	9.81319	11.9423
BLOCK09/SES098/SA098S12	SES147	-1.37926	10.5631	11.9423
BLOCK09/SES098/SA098S12	SES189	-1.76396	10.1784	11.9423
BLOCK09/SES098/SA098S20	SES127	-3.1978	9.91388	13.1117
BLOCK09/SES098/SA098S20	SES147	-2.15194	10.9597	13.1117
BLOCK09/SES098/SA098S20	SES148	-3.30001	9.81167	13.1117
BLOCK09/SES098/SA098S20	SES292	-1.66196	11.4497	13.1117
BLOCK09/SES098/SA098S23	SES127	-2.15068	11.7802	13.9309
BLOCK09/SES098/SA098S23	SES147	-1.85476	12.0761	13.9309
BLOCK09/SES098/SA098S23	SES187	-1.66893	12.262	13.9309
BLOCK09/SES098/SA098S23	SES292	-1.46504	12.4659	13.9309
BLOCK09/SES098/SA098S27	SES127	-3.37669	8.8336	12.2103
BLOCK09/SES098/SA098S27	SES147	-3.06303	9.14726	12.2103
BLOCK09/SES098/SA098S27	SES148	-3.37959	8.8307	12.2103
BLOCK09/SES098/SA098S27	SES292	-1.59854	10.6117	12.2103
BLOCK10/SES102/SA102S13	SES101	-0.936203	11.2289	12.1651
BLOCK10/SES102/SA102S13	SES105	-1.50767	10.6575	12.1651
BLOCK10/SES102/SA102S13	SES120	-2.28041	9.88472	12.1651
BLOCK10/SES102/SA102S13	SES158	-3.32507	8.84007	12.1651
BLOCK10/SES102/SA102S14	SES007	-0.69647	13.7906	14.4871
BLOCK10/SES102/SA102S14	SES101	-0.244719	14.2423	14.4871
BLOCK10/SES102/SA102S14	SES105	-0.303267	14.1838	14.4871
BLOCK10/SES102/SA102S14	SES147	-3.8228	10.6643	14.4871
BLOCK10/SES102/SA102S22	SES007	-1.62587	12.3151	13.941
BLOCK10/SES102/SA102S22	SES101	-0.562476	13.3785	13.941
BLOCK10/SES102/SA102S22	SES105	-0.856089	13.0849	13.941
BLOCK10/SES102/SA102S22	SES158	-2.81485	11.1262	13.941
BLOCK10/SES102/SA102S25	SES007	-0.817231	13.4689	14.2861
BLOCK10/SES102/SA102S25	SES101	-0.322009	13.9641	14.2861
BLOCK10/SES102/SA102S25	SES105	-1.09762	13.1885	14.2861
BLOCK10/SES102/SA102S25	SES147	-3.4822	10.8039	14.2861
BLOCK10/SES102/SA102S27	SES007	-1.2798	12.4718	13.7516
BLOCK10/SES102/SA102S27	SES101	-0.360881	13.3907	13.7516
BLOCK10/SES102/SA102S27	SES105	-1.09694	12.6547	13.7516
BLOCK10/SES102/SA102S27	SES147	-3.10822	10.6434	13.7516
BLOCK10/SES103/SA103S14	SES105	-2.8431	9.00572	11.8488
BLOCK10/SES103/SA103S14	SES106	-1.51629	10.3325	11.8488
BLOCK10/SES103/SA103S14	SES120	-2.7554	9.09342	11.8488
BLOCK10/SES103/SA103S14	SES206	-3.13463	8.71419	11.8488
BLOCK10/SES103/SA103S15	SES099	-1.86372	8.91612	10.7798
BLOCK10/SES103/SA103S15	SES101	-4.54649	6.23334	10.7798
BLOCK10/SES103/SA103S15	SES104	-2.10933	8.67051	10.7798
BLOCK10/SES103/SA103S15	SES125	-1.72643	9.05341	10.7798
BLOCK10/SES103/SA103S24	SES104	-1.91461	11.6078	13.5224
BLOCK10/SES103/SA103S24	SES125	-2.0758	11.4466	13.5224
BLOCK10/SES103/SA103S24	SES148	-3.62004	9.90238	13.5224
BLOCK10/SES103/SA103S24	SES158	-1.59025	11.9322	13.5224
BLOCK10/SES103/SA103S26	SES104	-2.3946	9.17639	11.571
BLOCK10/SES103/SA103S26	SES106	-1.24254	10.3284	11.571
BLOCK10/SES103/SA103S26	SES125	-2.29692	9.27407	11.571
BLOCK10/SES103/SA103S26	SES148	-4.72369	6.8473	11.571
BLOCK10/SES103/SA103S28	SES104	-2.9394	8.13856	11.078
BLOCK10/SES103/SA103S28	SES106	-1.83102	9.24695	11.078
BLOCK10/SES103/SA103S28	SES125	-2.91295	8.16501	11.078
BLOCK10/SES103/SA103S28	SES206	-3.64985	7.42811	11.078
BLOCK12/SES121/SA121S12	SES042	-2.88109	6.94365	9.82474
BLOCK12/SES121/SA121S12	SES087	-1.97052	7.85422	9.82474
BLOCK12/SES121/SA121S12	SES105	-1.37357	8.45118	9.82474
BLOCK12/SES121/SA121S12	SES206	-2.30385	7.5209	9.82474
BLOCK12/SES121/SA121S14	SES007	-2.63632	7.46491	10.1012
BLOCK12/SES121/SA121S14	SES105	-2.22143	7.8798	10.1012
BLOCK12/SES121/SA121S14	SES106	-2.07433	8.0269	10.1012
BLOCK12/SES121/SA121S14	SES206	-2.34402	7.75722	10.1012
BLOCK12/SES121/SA121S23	SES105	-1.67171	8.61863	10.2903
BLOCK12/SES121/SA121S23	SES106	-0.60562	9.68471	10.2903
BLOCK12/SES121/SA121S23	SES120	-1.28357	9.00676	10.2903
BLOCK12/SES121/SA121S23	SES206	-1.46263	8.82771	10.2903
BLOCK12/SES121/SA121S25	SES007	-1.16679	7.09669	8.26348
BLOCK12/SES121/SA121S25	SES105	-2.15492	6.10856	8.26348
BLOCK12/SES121/SA121S25	SES106	-1.26306	7.00042	8.26348
BLOCK12/SES121/SA121S25	SES206	-2.72817	5.53531	8.26348
BLOCK12/SES121/SA121S27	SES087	-1.08687	9.44746	10.5343
BLOCK12/SES121/SA121S27	SES105	-3.28494	7.2494	10.5343
BLOCK12/SES121/SA121S27	SES120	-0.501955	10.0324	10.5343
BLOCK12/SES121/SA121S27	SES206	-1.92747	8.60687	10.5343
BLOCK12/SES124/SA124S16	SES042	-1.02909	11.7669	12.7959
BLOCK12/SES124/SA124S16	SES082	-1.77864	11.0173	12.7959
BLOCK12/SES124/SA124S16	SES183	-2.8408	9.95515	12.7959
BLOCK12/SES124/SA124S16	SES206	-2.33659	10.4594	12.7959
BLOCK12/SES124/SA124S17	SES105	-2.85934	8.02458	10.8839
BLOCK12/SES124/SA124S17	SES149	-3.55516	7.32876	10.8839
BLOCK12/SES124/SA124S17	SES158	-2.75954	8.12438	10.8839
BLOCK12/SES124/SA124S17	SES275	-2.00045	8.88347	10.8839
BLOCK12/SES124/SA124S23	SES105	-2.93306	11.241	14.1741
BLOCK12/SES124/SA124S23	SES125	-0.184622	13.9895	14.1741
BLOCK12/SES124/SA124S23	SES129	-3.01334	11.1608	14.1741
BLOCK12/SES124/SA124S23	SES158	-0.761783	13.4123	14.1741
BLOCK12/SES124/SA124S26	SES105	-3.56381	9.70212	13.2659
BLOCK12/SES124/SA124S26	SES125	-1.73705	11.5289	13.2659
BLOCK12/SES124/SA124S26	SES129	-3.00815	10.2578	13.2659
BLOCK12/SES124/SA124S26	SES158	-1.68714	11.5788	13.2659
BLOCK12/SES124/SA124S28	SES104	-1.20127	12.011	13.2122
BLOCK12/SES124/SA124S28	SES106	-0.889545	12.3227	13.2122
BLOCK12/SES124/SA124S28	SES125	-0.237438	12.9748	13.2122
BLOCK12/SES124/SA124S28	SES275	-2.55343	10.6588	13.2122
BLOCK12/SES126/SA126S13	SES007	-1.17086	11.5068	12.6776
BLOCK12/SES126/SA126S13	SES162	-1.87255	10.8051	12.6776
BLOCK12/SES126/SA126S13	SES177	-1.22527	11.4524	12.6776
BLOCK12/SES126/SA126S13	SES180	-1.98725	10.6904	12.6776
BLOCK12/SES126/SA126S14	SES144	-1.26017	13.3011	14.5613
BLOCK12/SES126/SA126S14	SES148	-2.22523	12.3361	14.5613
BLOCK12/SES126/SA126S14	SES177	-0.739799	13.8215	14.5613
BLOCK12/SES126/SA126S14	SES180	-2.67607	11.8852	14.5613
BLOCK12/SES126/SA126S20	SES007	-1.41137	12.0125	13.4238
BLOCK12/SES126/SA126S20	SES162	-1.87758	11.5462	13.4238
BLOCK12/SES126/SA126S20	SES172	-2.22583	11.198	13.4238
BLOCK12/SES126/SA126S20	SES180	-1.78916	11.6347	13.4238
BLOCK12/SES126/SA126S24	SES120	-0.411941	14.1011	14.513
BLOCK12/SES126/SA126S24	SES162	-1.66571	12.8473	14.513
BLOCK12/SES126/SA126S24	SES177	-0.822118	13.6909	14.513
BLOCK12/SES126/SA126S24	SES180	-1.20363	13.3094	14.513
BLOCK12/SES126/SA126S26	SES120	-0.172986	13.4913	13.6642
BLOCK12/SES126/SA126S26	SES177	-0.634472	13.0298	13.6642
BLOCK12/SES126/SA126S26	SES180	-2.21127	11.453	13.6642
BLOCK12/SES126/SA126S26	SES202	-1.89223	11.772	13.6642
BLOCK12/SES128/SA128S10	SES087	-2.60288	11.2227	13.8256
BLOCK12/SES128/SA128S10	SES206	-1.59912	12.2265	13.8256
BLOCK12/SES128/SA128S10	SES226	-1.19781	12.6278	13.8256
BLOCK12/SES128/SA128S10	SES270	-0.79978	13.0258	13.8256
BLOCK12/SES128/SA128S12	SES120	-1.83634	11.5878	13.4241
BLOCK12/SES128/SA128S12	SES158	-2.46927	10.9548	13.4241
BLOCK12/SES128/SA128S12	SES206	-1.74513	11.679	13.4241
BLOCK12/SES128/SA128S12	SES226	-2.32315	11.101	13.4241
BLOCK12/SES128/SA128S21	SES106	-3.37766	9.03701	12.4147
BLOCK12/SES128/SA128S21	SES120	-2.51855	9.89611	12.4147
BLOCK12/SES128/SA128S21	SES206	-1.78512	10.6295	12.4147
BLOCK12/SES128/SA128S21	SES226	-1.80427	10.6104	12.4147
BLOCK12/SES128/SA128S24	SES087	-1.74627	11.3043	13.0506
BLOCK12/SES128/SA128S24	SES120	-1.21157	11.839	13.0506
BLOCK12/SES128/SA128S24	SES206	-1.06749	11.9831	13.0506
BLOCK12/SES128/SA128S24	SES226	-2.00469	11.0459	13.0506
BLOCK12/SES128/SA128S27	SES099	-1.14792	13.3534	14.5013
BLOCK12/SES128/SA128S27	SES120	-1.38183	13.1195	14.5013
BLOCK12/SES128/SA128S27	SES206	-1.62789	12.8734	14.5013
BLOCK12/SES128/SA128S27	SES226	-1.58407	12.9172	14.5013
BLOCK13/SES130/SA130S13	SES143	-1.70989	11.7129	13.4228
BLOCK13/SES130/SA130S13	SES144	-0.752429	12.6704	13.4228
BLOCK13/SES130/SA130S13	SES146	-1.97725	11.4456	13.4228
BLOCK13/SES130/SA130S13	SES275	-2.39386	11.029	13.4228
BLOCK13/SES130/SA130S15	SES143	-1.88006	12.5671	14.4471
BLOCK13/SES130/SA130S15	SES144	-0.633179	13.814	14.4471
BLOCK13/SES130/SA130S15	SES146	-0.93176	13.5154	14.4471
BLOCK13/SES130/SA130S15	SES275	-1.50267	12.9445	14.4471
BLOCK13/SES130/SA130S23	SES127	-2.35257	10.5495	12.9021
BLOCK13/SES130/SA130S23	SES144	-1.87346	11.0286	12.9021
BLOCK13/SES130/SA130S23	SES146	-1.19297	11.7091	12.9021
BLOCK13/SES130/SA130S23	SES162	-1.50103	11.401	12.9021
BLOCK13/SES130/SA130S25	SES127	-0.914394	13.605	14.5194
BLOCK13/SES130/SA130S25	SES144	-0.694664	13.8247	14.5194
BLOCK13/SES130/SA130S25	SES146	-0.846541	13.6729	14.5194
BLOCK13/SES130/SA130S25	SES275	-0.703857	13.8156	14.5194
BLOCK13/SES130/SA130S28	SES127	-1.03132	12.619	13.6503
BLOCK13/SES130/SA130S28	SES144	-1.22618	12.4241	13.6503
BLOCK13/SES130/SA130S28	SES146	-1.06819	12.5821	13.6503
BLOCK13/SES130/SA130S28	SES275	-1.04367	12.6066	13.6503
BLOCK13/SES131/SA131S13	SES002	-2.2229	8.67264	10.8955
BLOCK13/SES131/SA131S13	SES007	-2.37419	8.52134	10.8955
BLOCK13/SES131/SA131S13	SES099	-2.41862	8.47691	10.8955
BLOCK13/SES131/SA131S13	SES105	-2.66551	8.23003	10.8955
BLOCK13/SES131/SA131S14	SES104	-0.305154	11.7219	12.027
BLOCK13/SES131/SA131S14	SES106	-1.16547	10.8616	12.027
BLOCK13/SES131/SA131S14	SES125	-1.4418	10.5852	12.027
BLOCK13/SES131/SA131S14	SES148	-1.44732	10.5797	12.027
BLOCK13/SES131/SA131S20	SES104	-2.86377	7.74239	10.6062
BLOCK13/SES131/SA131S20	SES106	-2.13816	8.46801	10.6062
BLOCK13/SES131/SA131S20	SES125	-3.29827	7.3079	10.6062
BLOCK13/SES131/SA131S20	SES148	-2.36296	8.24321	10.6062
BLOCK13/SES131/SA131S22	SES099	-2.48991	9.83347	12.3234
BLOCK13/SES131/SA131S22	SES104	-2.2437	10.0797	12.3234
BLOCK13/SES131/SA131S22	SES125	-2.47977	9.84361	12.3234
BLOCK13/SES131/SA131S22	SES206	-2.68368	9.6397	12.3234
BLOCK13/SES131/SA131S29	SES087	-2.41786	8.77894	11.1968
BLOCK13/SES131/SA131S29	SES104	-3.23053	7.96628	11.1968
BLOCK13/SES131/SA131S29	SES125	-3.30147	7.89533	11.1968
BLOCK13/SES131/SA131S29	SES206	-2.57661	8.62019	11.1968
BLOCK13/SES132/SA132S11	SES083	-2.89219	11.6321	14.5243
BLOCK13/SES132/SA132S11	SES120	-0.67312	13.8512	14.5243
BLOCK13/SES132/SA132S11	SES127	-1.84354	12.6808	14.5243
BLOCK13/SES132/SA132S11	SES275	-1.78632	12.738	14.5243
BLOCK13/SES132/SA132S12	SES083	-2.63379	11.8815	14.5153
BLOCK13/SES132/SA132S12	SES143	-1.36234	13.1529	14.5153
BLOCK13/SES132/SA132S12	SES144	-1.50113	13.0141	14.5153
BLOCK13/SES132/SA132S12	SES148	-1.32053	13.1947	14.5153
BLOCK13/SES132/SA132S22	SES062	-1.05352	13.3517	14.4052
BLOCK13/SES132/SA132S22	SES083	-1.91376	12.4915	14.4052
BLOCK13/SES132/SA132S22	SES127	-1.46439	12.9408	14.4052
BLOCK13/SES132/SA132S22	SES275	-1.20088	13.2044	14.4052
BLOCK13/SES132/SA132S24	SES007	-1.20372	13.8271	15.0308
BLOCK13/SES132/SA132S24	SES083	-2.39088	12.6399	15.0308
BLOCK13/SES132/SA132S24	SES127	-2.07731	12.9535	15.0308
BLOCK13/SES132/SA132S24	SES275	-1.33492	13.6959	15.0308
BLOCK13/SES132/SA132S27	SES083	-2.28435	11.5344	13.8188
BLOCK13/SES132/SA132S27	SES120	-0.248745	13.57	13.8188
BLOCK13/SES132/SA132S27	SES127	-2.03757	11.7812	13.8188
BLOCK13/SES132/SA132S27	SES275	-1.94721	11.8716	13.8188
BLOCK14/SES141/SA141S09	SES143	-1.37477	12.5275	13.9022
BLOCK14/SES141/SA141S09	SES144	-0.958391	12.9439	13.9022
BLOCK14/SES141/SA141S09	SES162	-1.81266	12.0896	13.9022
BLOCK14/SES141/SA141S09	SES180	-1.31451	12.5877	13.9022
BLOCK14/SES141/SA141S15	SES127	-1.53752	12.0131	13.5507
BLOCK14/SES141/SA141S15	SES144	-1.55072	12	13.5507
BLOCK14/SES141/SA141S15	SES162	-1.95701	11.5937	13.5507
BLOCK14/SES141/SA141S15	SES180	-1.53916	12.0115	13.5507
BLOCK14/SES141/SA141S24	SES127	-0.922685	13.0811	14.0038
BLOCK14/SES141/SA141S24	SES144	-1.57512	12.4287	14.0038
BLOCK14/SES141/SA141S24	SES162	-1.78615	12.2177	14.0038
BLOCK14/SES141/SA141S24	SES183	-1.93215	12.0717	14.0038
BLOCK14/SES141/SA141S26	SES142	-0.799424	12.8316	13.6311
BLOCK14/SES141/SA141S26	SES144	-1.75981	11.8712	13.6311
BLOCK14/SES141/SA141S26	SES172	-0.969014	12.662	13.6311
BLOCK14/SES141/SA141S26	SES180	-1.38815	12.2429	13.6311
BLOCK14/SES141/SA141S29	SES127	-0.585455	13.7095	14.2949
BLOCK14/SES141/SA141S29	SES142	-0.834295	13.4606	14.2949
BLOCK14/SES141/SA141S29	SES144	-1.22916	13.0658	14.2949
BLOCK14/SES141/SA141S29	SES180	-1.18603	13.1089	14.2949
BLOCK15/SES157/SA157S08	SES083	-2.22708	11.9156	14.1427
BLOCK15/SES157/SA157S08	SES127	-1.82326	12.3194	14.1427
BLOCK15/SES157/SA157S08	SES148	-2.16356	11.9791	14.1427
BLOCK15/SES157/SA157S08	SES292	-2.50138	11.6413	14.1427
BLOCK15/SES157/SA157S11	SES083	-2.5669	11.5172	14.0841
BLOCK15/SES157/SA157S11	SES127	-1.64745	12.4366	14.0841
BLOCK15/SES157/SA157S11	SES148	-2.511	11.5731	14.0841
BLOCK15/SES157/SA157S11	SES292	-2.23571	11.8483	14.0841
BLOCK15/SES157/SA157S21	SES127	-1.06041	13.5459	14.6063
BLOCK15/SES157/SA157S21	SES148	-0.790699	13.8156	14.6063
BLOCK15/SES157/SA157S21	SES158	-4.8643	9.74201	14.6063
BLOCK15/SES157/SA157S21	SES292	-1.65635	12.95	14.6063
BLOCK15/SES157/SA157S24	SES127	-1.1691	13.3027	14.4718
BLOCK15/SES157/SA157S24	SES148	-1.90504	12.5668	14.4718
BLOCK15/SES157/SA157S24	SES183	-1.91288	12.559	14.4718
BLOCK15/SES157/SA157S24	SES292	-2.28002	12.1918	14.4718
BLOCK15/SES157/SA157S26	SES007	-0.935256	13.2088	14.1441
BLOCK15/SES157/SA157S26	SES127	-1.07237	13.0717	14.1441
BLOCK15/SES157/SA157S26	SES147	-2.10261	12.0415	14.1441
BLOCK15/SES157/SA157S26	SES148	-1.5709	12.5732	14.1441
BLOCK16/SES161/SA161S10	SES007	-1.7643	10.0328	11.7971
BLOCK16/SES161/SA161S10	SES105	-1.50697	10.2901	11.7971
BLOCK16/SES161/SA161S10	SES158	-1.7974	9.99969	11.7971
BLOCK16/SES161/SA161S10	SES275	-1.26655	10.5305	11.7971
BLOCK16/SES161/SA161S12	SES007	-2.16108	10.0738	12.2349
BLOCK16/SES161/SA161S12	SES105	-2.77135	9.46356	12.2349
BLOCK16/SES161/SA161S12	SES158	-2.0767	10.1582	12.2349
BLOCK16/SES161/SA161S12	SES275	-1.75128	10.4836	12.2349
BLOCK16/SES161/SA161S20	SES007	-1.95328	8.95381	10.9071
BLOCK16/SES161/SA161S20	SES105	-2.59967	8.30741	10.9071
BLOCK16/SES161/SA161S20	SES158	-1.82238	9.08471	10.9071
BLOCK16/SES161/SA161S20	SES275	-1.74302	9.16407	10.9071
BLOCK16/SES161/SA161S23	SES007	-2.79791	9.43047	12.2284
BLOCK16/SES161/SA161S23	SES105	-1.62307	10.6053	12.2284
BLOCK16/SES161/SA161S23	SES148	-2.0661	10.1623	12.2284
BLOCK16/SES161/SA161S23	SES158	-2.63335	9.59503	12.2284
BLOCK16/SES161/SA161S28	SES007	-2.54694	10.0701	12.617
BLOCK16/SES161/SA161S28	SES105	-2.7607	9.8563	12.617
BLOCK16/SES161/SA161S28	SES158	-1.7553	10.8617	12.617
BLOCK16/SES161/SA161S28	SES206	-1.45045	11.1665	12.617
BLOCK16/SES164/SA164S11	SES104	-1.62736	12.1074	13.7348
BLOCK16/SES164/SA164S11	SES125	-0.671304	13.0635	13.7348
BLOCK16/SES164/SA164S11	SES158	-0.552065	13.1827	13.7348
BLOCK16/SES164/SA164S11	SES206	-2.11594	11.6188	13.7348
BLOCK16/SES164/SA164S13	SES099	-2.02029	10.4396	12.4599
BLOCK16/SES164/SA164S13	SES104	-2.30486	10.155	12.4599
BLOCK16/SES164/SA164S13	SES125	-2.04426	10.4156	12.4599
BLOCK16/SES164/SA164S13	SES206	-2.15543	10.3044	12.4599
BLOCK16/SES164/SA164S24	SES002	-0.506456	12.4646	12.9711
BLOCK16/SES164/SA164S24	SES099	-1.67781	11.2933	12.9711
BLOCK16/SES164/SA164S24	SES125	-2.28445	10.6866	12.9711
BLOCK16/SES164/SA164S24	SES226	-0.59195	12.3791	12.9711
BLOCK16/SES164/SA164S27	SES087	-1.64765	10.9767	12.6243
BLOCK16/SES164/SA164S27	SES125	-1.56054	11.0638	12.6243
BLOCK16/SES164/SA164S27	SES206	-2.37415	10.2502	12.6243
BLOCK16/SES164/SA164S27	SES226	-1.75224	10.8721	12.6243
BLOCK16/SES164/SA164S29	SES002	0.109211	12.5718	12.4626
BLOCK16/SES164/SA164S29	SES019	-2.08487	10.3777	12.4626
BLOCK16/SES164/SA164S29	SES125	-1.81817	10.6444	12.4626
BLOCK16/SES164/SA164S29	SES226	-2.08038	10.3822	12.4626
BLOCK16/SES169/SA169S13	SES117	-1.49101	11.7962	13.2872
BLOCK16/SES169/SA169S13	SES144	-1.2875	11.9997	13.2872
BLOCK16/SES169/SA169S13	SES146	-1.33124	11.956	13.2872
BLOCK16/SES169/SA169S13	SES162	-0.684721	12.6025	13.2872
BLOCK16/SES169/SA169S14	SES144	-1.6913	12.8453	14.5366
BLOCK16/SES169/SA169S14	SES148	-2.0757	12.4609	14.5366
BLOCK16/SES169/SA169S14	SES177	-1.30802	13.2286	14.5366
BLOCK16/SES169/SA169S14	SES180	-1.96783	12.5688	14.5366
BLOCK16/SES169/SA169S24	SES117	-1.46071	11.1967	12.6574
BLOCK16/SES169/SA169S24	SES144	-0.746661	11.9108	12.6574
BLOCK16/SES169/SA169S24	SES146	-0.905909	11.7515	12.6574
BLOCK16/SES169/SA169S24	SES162	-0.919159	11.7383	12.6574
BLOCK16/SES169/SA169S27	SES127	-1.25813	11.9857	13.2438
BLOCK16/SES169/SA169S27	SES129	-1.46494	11.7789	13.2438
BLOCK16/SES169/SA169S27	SES144	-1.62432	11.6195	13.2438
BLOCK16/SES169/SA169S27	SES146	-0.560172	12.6836	13.2438
BLOCK16/SES169/SA169S29	SES144	-1.00532	13.1717	14.177
BLOCK16/SES169/SA169S29	SES162	-0.633382	13.5436	14.177
BLOCK16/SES169/SA169S29	SES177	-2.20952	11.9675	14.177
BLOCK16/SES169/SA169S29	SES180	-1.29357	12.8834	14.177
BLOCK17/SES171/SA171S12	SES083	-1.4872	11.728	13.2152
BLOCK17/SES171/SA171S12	SES148	-2.44577	10.7695	13.2152
BLOCK17/SES171/SA171S12	SES172	-1.74581	11.4694	13.2152
BLOCK17/SES171/SA171S12	SES292	-2.74333	10.4719	13.2152
BLOCK17/SES171/SA171S15	SES148	-1.97046	10.4319	12.4024
BLOCK17/SES171/SA171S15	SES177	-1.15894	11.2435	12.4024
BLOCK17/SES171/SA171S15	SES180	-2.97948	9.42293	12.4024
BLOCK17/SES171/SA171S15	SES292	-1.92172	10.4807	12.4024
BLOCK17/SES171/SA171S22	SES007	-1.62292	12.5689	14.1918
BLOCK17/SES171/SA171S22	SES148	-1.85748	12.3344	14.1918
BLOCK17/SES171/SA171S22	SES177	-0.615125	13.5767	14.1918
BLOCK17/SES171/SA171S22	SES180	-2.51443	11.6774	14.1918
BLOCK17/SES171/SA171S25	SES101	-1.56498	10.7914	12.3564
BLOCK17/SES171/SA171S25	SES120	-2.50825	9.84816	12.3564
BLOCK17/SES171/SA171S25	SES177	-0.764372	11.592	12.3564
BLOCK17/SES171/SA171S25	SES180	-2.07716	10.2793	12.3564
BLOCK17/SES171/SA171S27	SES177	-1.05722	12.0923	13.1495
BLOCK17/SES171/SA171S27	SES180	-2.89123	10.2583	13.1495
BLOCK17/SES171/SA171S27	SES189	-1.37753	11.772	13.1495
BLOCK17/SES171/SA171S27	SES292	-1.85695	11.2926	13.1495
BLOCK17/SES173/SA173S13	SES162	-3.50423	9.77371	13.2779
BLOCK17/SES173/SA173S13	SES177	-1.66776	11.6102	13.2779
BLOCK17/SES173/SA173S13	SES180	-2.92021	10.3577	13.2779
BLOCK17/SES173/SA173S13	SES292	-0.767349	12.5106	13.2779
BLOCK17/SES173/SA173S14	SES007	-1.62481	10.7239	12.3488
BLOCK17/SES173/SA173S14	SES162	-3.09286	9.2559	12.3488
BLOCK17/SES173/SA173S14	SES177	-1.32227	11.0265	12.3488
BLOCK17/SES173/SA173S14	SES180	-2.86162	9.48714	12.3488
BLOCK17/SES173/SA173S24	SES144	-2.2707	10.0441	12.3148
BLOCK17/SES173/SA173S24	SES162	-2.60003	9.71475	12.3148
BLOCK17/SES173/SA173S24	SES177	-1.29138	11.0234	12.3148
BLOCK17/SES173/SA173S24	SES180	-2.87061	9.44417	12.3148
BLOCK17/SES173/SA173S27	SES162	-3.5901	9.71379	13.3039
BLOCK17/SES173/SA173S27	SES177	-1.55742	11.7465	13.3039
BLOCK17/SES173/SA173S27	SES180	-2.10796	11.1959	13.3039
BLOCK17/SES173/SA173S27	SES292	-0.509048	12.7948	13.3039
BLOCK17/SES173/SA173S29	SES162	-2.82152	10.6067	13.4282
BLOCK17/SES173/SA173S29	SES175	-1.96282	11.4654	13.4282
BLOCK17/SES173/SA173S29	SES177	-1.21372	12.2145	13.4282
BLOCK17/SES173/SA173S29	SES292	-2.15704	11.2712	13.4282
BLOCK18/SES182/SA182S10	SES144	-1.56564	11.6328	13.1985
BLOCK18/SES182/SA182S10	SES177	-1.36756	11.8309	13.1985
BLOCK18/SES182/SA182S10	SES180	-2.92632	10.2721	13.1985
BLOCK18/SES182/SA182S10	SES275	-0.956426	12.242	13.1985
BLOCK18/SES182/SA182S12	SES144	-0.58998	12.7757	13.3657
BLOCK18/SES182/SA182S12	SES177	-1.09392	12.2718	13.3657
BLOCK18/SES182/SA182S12	SES180	-1.28832	12.0774	13.3657
BLOCK18/SES182/SA182S12	SES275	-0.675656	12.69	13.3657
BLOCK18/SES182/SA182S21	SES117	-1.43857	11.2336	12.6721
BLOCK18/SES182/SA182S21	SES144	-1.36664	11.3055	12.6721
BLOCK18/SES182/SA182S21	SES162	-0.846201	11.8259	12.6721
BLOCK18/SES182/SA182S21	SES180	-2.45282	10.2193	12.6721
BLOCK18/SES182/SA182S23	SES117	-1.19008	11.8987	13.0887
BLOCK18/SES182/SA182S23	SES144	-1.69824	11.3905	13.0887
BLOCK18/SES182/SA182S23	SES180	-2.2643	10.8244	13.0887
BLOCK18/SES182/SA182S23	SES275	-1.02703	12.0617	13.0887
BLOCK18/SES182/SA182S25	SES007	-0.0203438	13.2803	13.3006
BLOCK18/SES182/SA182S25	SES162	-0.916656	12.384	13.3006
BLOCK18/SES182/SA182S25	SES177	-0.962935	12.3377	13.3006
BLOCK18/SES182/SA182S25	SES180	-2.01448	11.2861	13.3006
BLOCK18/SES184/SA184S12	SES177	-1.57108	11.9149	13.4859
BLOCK18/SES184/SA184S12	SES180	-1.53751	11.9484	13.4859
BLOCK18/SES184/SA184S12	SES189	-2.01414	11.4718	13.4859
BLOCK18/SES184/SA184S12	SES292	-1.55137	11.9346	13.4859
BLOCK18/SES184/SA184S13	SES101	-2.03644	11.2963	13.3327
BLOCK18/SES184/SA184S13	SES177	-1.97256	11.3602	13.3327
BLOCK18/SES184/SA184S13	SES180	-2.10661	11.2261	13.3327
BLOCK18/SES184/SA184S13	SES292	-2.44812	10.8846	13.3327
BLOCK18/SES184/SA184S22	SES177	-1.6945	13.1543	14.8488
BLOCK18/SES184/SA184S22	SES180	-1.79504	13.0538	14.8488
BLOCK18/SES184/SA184S22	SES189	-2.61325	12.2356	14.8488
BLOCK18/SES184/SA184S22	SES292	-2.1112	12.7376	14.8488
BLOCK18/SES184/SA184S25	SES101	-1.2254	14.1285	15.3539
BLOCK18/SES184/SA184S25	SES177	-2.75729	12.5966	15.3539
BLOCK18/SES184/SA184S25	SES180	-2.2069	13.147	15.3539
BLOCK18/SES184/SA184S25	SES292	-1.8167	13.5372	15.3539
BLOCK18/SES184/SA184S27	SES083	-1.47709	11.6877	13.1648
BLOCK18/SES184/SA184S27	SES177	-0.90268	12.2621	13.1648
BLOCK18/SES184/SA184S27	SES202	-1.41444	11.7504	13.1648
BLOCK18/SES184/SA184S27	SES292	-1.7752	11.3896	13.1648
BLOCK20/SES204/SA204S12	SES062	-0.830843	13.76	14.5909
BLOCK20/SES204/SA204S12	SES083	-2.68944	11.9014	14.5909
BLOCK20/SES204/SA204S12	SES206	-1.20587	13.385	14.5909
BLOCK20/SES204/SA204S12	SES226	-3.0155	11.5754	14.5909
BLOCK20/SES204/SA204S14	SES068	-1.48279	14.4145	15.8973
BLOCK20/SES204/SA204S14	SES087	-0.126931	15.7704	15.8973
BLOCK20/SES204/SA204S14	SES206	-1.90422	13.9931	15.8973
BLOCK20/SES204/SA204S14	SES226	-2.99364	12.9036	15.8973
BLOCK20/SES204/SA204S22	SES068	-1.4929	13.5093	15.0022
BLOCK20/SES204/SA204S22	SES082	-2.99363	12.0086	15.0022
BLOCK20/SES204/SA204S22	SES083	-3.51249	11.4897	15.0022
BLOCK20/SES204/SA204S22	SES206	-1.77237	13.2298	15.0022
BLOCK20/SES204/SA204S25	SES062	-1.85948	13.1928	15.0522
BLOCK20/SES204/SA204S25	SES083	-2.91953	12.1327	15.0522
BLOCK20/SES204/SA204S25	SES206	-1.19865	13.8536	15.0522
BLOCK20/SES204/SA204S25	SES226	-2.58136	12.4709	15.0522
BLOCK20/SES204/SA204S27	SES068	-1.53005	12.6859	14.216
BLOCK20/SES204/SA204S27	SES082	-2.62542	11.5906	14.216
BLOCK20/SES204/SA204S27	SES087	-1.18405	13.0319	14.216
BLOCK20/SES204/SA204S27	SES206	-1.83062	12.3854	14.216
BLOCK20/SES207/SA207S10	SES127	-1.65082	11.4493	13.1001
BLOCK20/SES207/SA207S10	SES183	-2.13097	10.9691	13.1001
BLOCK20/SES207/SA207S10	SES189	-2.06005	11.04	13.1001
BLOCK20/SES207/SA207S10	SES292	-1.59655	11.5035	13.1001
BLOCK20/SES207/SA207S11	SES127	-2.34526	10.3335	12.6788
BLOCK20/SES207/SA207S11	SES183	-1.91832	10.7605	12.6788
BLOCK20/SES207/SA207S11	SES187	-2.22667	10.4521	12.6788
BLOCK20/SES207/SA207S11	SES292	-1.21867	11.4601	12.6788
BLOCK20/SES207/SA207S25	SES068	-1.86508	11.2135	13.0785
BLOCK20/SES207/SA207S25	SES083	-2.42196	10.6566	13.0785
BLOCK20/SES207/SA207S25	SES127	-1.14508	11.9335	13.0785
BLOCK20/SES207/SA207S25	SES187	-1.71927	11.3593	13.0785
BLOCK20/SES207/SA207S27	SES127	-2.13322	9.85361	11.9868
BLOCK20/SES207/SA207S27	SES183	-1.64019	10.3466	11.9868
BLOCK20/SES207/SA207S27	SES187	-1.96511	10.0217	11.9868
BLOCK20/SES207/SA207S27	SES292	-2.43174	9.5551	11.9868
BLOCK20/SES207/SA207S29	SES083	-2.52185	11.4241	13.946
BLOCK20/SES207/SA207S29	SES085	-2.05842	11.8876	13.946
BLOCK20/SES207/SA207S29	SES172	-1.25255	12.6934	13.946
BLOCK20/SES207/SA207S29	SES189	-2.51373	11.4322	13.946
BLOCK22/SES221/SA221S12	SES068	-0.779906	13.9042	14.6841
BLOCK22/SES221/SA221S12	SES143	-1.64891	13.0351	14.6841
BLOCK22/SES221/SA221S12	SES175	-0.737962	13.9461	14.6841
BLOCK22/SES221/SA221S12	SES202	-1.46895	13.2151	14.6841
BLOCK22/SES221/SA221S15	SES085	-0.782745	12.3033	13.086
BLOCK22/SES221/SA221S15	SES143	-2.33311	10.7529	13.086
BLOCK22/SES221/SA221S15	SES175	-1.1998	11.8862	13.086
BLOCK22/SES221/SA221S15	SES187	-2.04642	11.0396	13.086
BLOCK22/SES221/SA221S23	SES068	-1.42788	12.4008	13.8287
BLOCK22/SES221/SA221S23	SES143	-1.75106	12.0776	13.8287
BLOCK22/SES221/SA221S23	SES175	-0.29318	13.5355	13.8287
BLOCK22/SES221/SA221S23	SES189	-0.909043	12.9197	13.8287
BLOCK22/SES221/SA221S27	SES085	0.365963	14.4814	14.1154
BLOCK22/SES221/SA221S27	SES143	-1.42398	12.6915	14.1154
BLOCK22/SES221/SA221S27	SES175	-0.408146	13.7073	14.1154
BLOCK22/SES221/SA221S27	SES189	-0.0615635	14.0539	14.1154
BLOCK22/SES221/SA221S29	SES085	0.0132885	12.2411	12.2278
BLOCK22/SES221/SA221S29	SES143	-0.839386	11.3884	12.2278
BLOCK22/SES221/SA221S29	SES175	-0.181962	12.0458	12.2278
BLOCK22/SES221/SA221S29	SES187	-1.41408	10.8137	12.2278
BLOCK22/SES223/SA223S11	SES143	-1.31773	10.2544	11.5721
BLOCK22/SES223/SA223S11	SES144	-3.50233	8.06975	11.5721
BLOCK22/SES223/SA223S11	SES175	-0.998412	10.5737	11.5721
BLOCK22/SES223/SA223S11	SES187	-2.59275	8.97933	11.5721
BLOCK22/SES223/SA223S13	SES068	-1.61966	9.81384	11.4335
BLOCK22/SES223/SA223S13	SES143	-2.46442	8.96908	11.4335
BLOCK22/SES223/SA223S13	SES146	-2.36888	9.06462	11.4335
BLOCK22/SES223/SA223S13	SES202	-2.51589	8.91761	11.4335
BLOCK22/SES223/SA223S22	SES143	-1.51295	10.9841	12.497
BLOCK22/SES223/SA223S22	SES144	-3.41475	9.08227	12.497
BLOCK22/SES223/SA223S22	SES175	-1.0457	11.4513	12.497
BLOCK22/SES223/SA223S22	SES187	-1.44722	11.0498	12.497
BLOCK22/SES223/SA223S25	SES068	-1.21738	11.7403	12.9577
BLOCK22/SES223/SA223S25	SES143	-1.8738	11.0839	12.9577
BLOCK22/SES223/SA223S25	SES175	-1.1893	11.7684	12.9577
BLOCK22/SES223/SA223S25	SES187	-1.79291	11.1648	12.9577
BLOCK22/SES223/SA223S27	SES143	-1.40544	10.483	11.8884
BLOCK22/SES223/SA223S27	SES146	-1.69124	10.1972	11.8884
BLOCK22/SES223/SA223S27	SES187	-2.17865	9.70976	11.8884
BLOCK22/SES223/SA223S27	SES292	-1.05893	10.8295	11.8884
BLOCK27/SES273/SA273S12	SES099	-0.606799	15.2051	15.8119
BLOCK27/SES273/SA273S12	SES104	-0.955324	14.8565	15.8119
BLOCK27/SES273/SA273S12	SES125	-1.82727	13.9846	15.8119
BLOCK27/SES273/SA273S12	SES206	-0.431704	15.3802	15.8119
BLOCK27/SES273/SA273S13	SES099	-0.957075	15.2074	16.1644
BLOCK27/SES273/SA273S13	SES104	-1.54384	14.6206	16.1644
BLOCK27/SES273/SA273S13	SES206	-1.21396	14.9505	16.1644
BLOCK27/SES273/SA273S13	SES292	-1.9065	14.2579	16.1644
BLOCK27/SES273/SA273S21	SES099	-0.380557	15.1205	15.5011
BLOCK27/SES273/SA273S21	SES148	-3.15142	12.3496	15.5011
BLOCK27/SES273/SA273S21	SES149	-1.45603	14.045	15.5011
BLOCK27/SES273/SA273S21	SES177	-2.06268	13.4384	15.5011
BLOCK27/SES273/SA273S25	SES104	-1.49795	13.5838	15.0818
BLOCK27/SES273/SA273S25	SES125	-1.94428	13.1375	15.0818
BLOCK27/SES273/SA273S25	SES158	-0.649065	14.4327	15.0818
BLOCK27/SES273/SA273S25	SES206	-0.591689	14.4901	15.0818
BLOCK27/SES273/SA273S27	SES099	-0.681183	14.3279	15.009
BLOCK27/SES273/SA273S27	SES104	-1.55481	13.4542	15.009
BLOCK27/SES273/SA273S27	SES149	-1.43179	13.5772	15.009
BLOCK27/SES273/SA273S27	SES275	-1.89338	13.1157	15.009
BLOCK27/SES274/SA274S10	SES105	-2.14928	12.5264	14.6757
BLOCK27/SES274/SA274S10	SES125	-3.10846	11.5672	14.6757
BLOCK27/SES274/SA274S10	SES129	-1.02101	13.6547	14.6757
BLOCK27/SES274/SA274S10	SES158	-3.98873	10.687	14.6757
BLOCK27/SES274/SA274S11	SES105	-1.52434	13.415	14.9393
BLOCK27/SES274/SA274S11	SES149	-2.5116	12.4277	14.9393
BLOCK27/SES274/SA274S11	SES158	-3.24584	11.6935	14.9393
BLOCK27/SES274/SA274S11	SES275	-1.06505	13.8743	14.9393
BLOCK27/SES274/SA274S21	SES105	-2.35255	11.987	14.3395
BLOCK27/SES274/SA274S21	SES129	-0.567588	13.7719	14.3395
BLOCK27/SES274/SA274S21	SES149	-1.44464	12.8949	14.3395
BLOCK27/SES274/SA274S21	SES158	-4.96733	9.37219	14.3395
BLOCK27/SES274/SA274S24	SES105	-1.94768	13.4385	15.3862
BLOCK27/SES274/SA274S24	SES129	-0.484362	14.9018	15.3862
BLOCK27/SES274/SA274S24	SES149	-2.23475	13.1514	15.3862
BLOCK27/SES274/SA274S24	SES158	-5.0912	10.295	15.3862
BLOCK27/SES274/SA274S29	SES105	-2.20115	11.9933	14.1944
BLOCK27/SES274/SA274S29	SES106	-3.33476	10.8597	14.1944
BLOCK27/SES274/SA274S29	SES120	-1.54168	12.6528	14.1944
BLOCK27/SES274/SA274S29	SES275	-1.36091	12.8335	14.1944
BLOCK27/SES276/SA276S16	SES148	-2.41331	11.2965	13.7098
BLOCK27/SES276/SA276S16	SES172	-1.77755	11.9323	13.7098
BLOCK27/SES276/SA276S16	SES180	-2.59225	11.1176	13.7098
BLOCK27/SES276/SA276S16	SES292	-1.69887	12.011	13.7098
BLOCK27/SES276/SA276S17	SES101	-1.37217	12.9667	14.3389
BLOCK27/SES276/SA276S17	SES177	-1.97763	12.3613	14.3389
BLOCK27/SES276/SA276S17	SES180	-1.78521	12.5537	14.3389
BLOCK27/SES276/SA276S17	SES292	-1.98003	12.3589	14.3389
BLOCK27/SES276/SA276S24	SES101	-0.808172	13.9353	14.7435
BLOCK27/SES276/SA276S24	SES177	-1.09182	13.6517	14.7435
BLOCK27/SES276/SA276S24	SES180	-2.03367	12.7098	14.7435
BLOCK27/SES276/SA276S24	SES292	-2.49636	12.2471	14.7435
BLOCK27/SES276/SA276S26	SES101	-2.06448	13.3345	15.399
BLOCK27/SES276/SA276S26	SES177	-0.609044	14.7899	15.399
BLOCK27/SES276/SA276S26	SES180	-0.461158	14.9378	15.399
BLOCK27/SES276/SA276S26	SES292	-0.519661	14.8793	15.399
BLOCK27/SES276/SA276S28	SES101	-1.3478	13.2929	14.6407
BLOCK27/SES276/SA276S28	SES177	-1.74097	12.8997	14.6407
BLOCK27/SES276/SA276S28	SES180	-0.719715	13.921	14.6407
BLOCK27/SES276/SA276S28	SES292	-1.3752	13.2655	14.6407
BLOCK27/SES277/SA277S12	SES101	-1.25624	10.9444	12.2007
BLOCK27/SES277/SA277S12	SES177	-2.3411	9.85956	12.2007
BLOCK27/SES277/SA277S12	SES180	-3.0071	9.19355	12.2007
BLOCK27/SES277/SA277S12	SES292	-2.82547	9.37519	12.2007
BLOCK27/SES277/SA277S14	SES177	-1.06331	10.711	11.7743
BLOCK27/SES277/SA277S14	SES180	-2.49157	9.28275	11.7743
BLOCK27/SES277/SA277S14	SES189	-0.578053	11.1963	11.7743
BLOCK27/SES277/SA277S14	SES292	-2.29883	9.47548	11.7743
BLOCK27/SES277/SA277S21	SES177	-0.612091	12.569	13.1811
BLOCK27/SES277/SA277S21	SES180	-2.17414	11.007	13.1811
BLOCK27/SES277/SA277S21	SES189	-0.30195	12.8792	13.1811
BLOCK27/SES277/SA277S21	SES292	-2.06534	11.1158	13.1811
BLOCK27/SES277/SA277S24	SES144	-1.82841	9.98785	11.8163
BLOCK27/SES277/SA277S24	SES177	-1.32309	10.4932	11.8163
BLOCK27/SES277/SA277S24	SES180	-3.20999	8.60626	11.8163
BLOCK27/SES277/SA277S24	SES189	-0.732274	11.084	11.8163
BLOCK27/SES277/SA277S29	SES177	-1.48552	12.9883	14.4739
BLOCK27/SES277/SA277S29	SES180	-2.40338	12.0705	14.4739
BLOCK27/SES277/SA277S29	SES202	-1.43035	13.0435	14.4739
BLOCK27/SES277/SA277S29	SES292	-2.56347	11.9104	14.4739
BLOCK27/SES279/SA279S09	SES120	-2.1642	12.2083	14.3725
BLOCK27/SES279/SA279S09	SES146	-2.21353	12.159	14.3725
BLOCK27/SES279/SA279S09	SES206	-1.83676	12.5358	14.3725
BLOCK27/SES279/SA279S09	SES226	-3.35521	11.0173	14.3725
BLOCK27/SES279/SA279S10	SES099	-0.554098	13.8768	14.4309
BLOCK27/SES279/SA279S10	SES206	-0.801023	13.6298	14.4309
BLOCK27/SES279/SA279S10	SES226	-2.65151	11.7794	14.4309
BLOCK27/SES279/SA279S10	SES292	-0.532701	13.8982	14.4309
BLOCK27/SES279/SA279S20	SES099	-2.02863	12.3363	14.3649
BLOCK27/SES279/SA279S20	SES206	-0.819377	13.5455	14.3649
BLOCK27/SES279/SA279S20	SES226	-2.74657	11.6183	14.3649
BLOCK27/SES279/SA279S20	SES292	-0.513765	13.8511	14.3649
BLOCK27/SES279/SA279S26	SES099	-1.20706	13.0788	14.2859
BLOCK27/SES279/SA279S26	SES206	-0.608641	13.6773	14.2859
BLOCK27/SES279/SA279S26	SES226	-2.48002	11.8059	14.2859
BLOCK27/SES279/SA279S26	SES292	-0.585409	13.7005	14.2859
BLOCK27/SES279/SA279S28	SES099	-1.42723	14.5935	16.0208
BLOCK27/SES279/SA279S28	SES120	-1.49684	14.5239	16.0208
BLOCK27/SES279/SA279S28	SES177	-1.83888	14.1819	16.0208
BLOCK27/SES279/SA279S28	SES206	-1.39468	14.6261	16.0208
BLOCK29/SES290/SA290S12	SES162	-1.02895	12.8217	13.8507
BLOCK29/SES290/SA290S12	SES177	-0.775311	13.0754	13.8507
BLOCK29/SES290/SA290S12	SES180	-1.75192	12.0988	13.8507
BLOCK29/SES290/SA290S12	SES292	-1.7705	12.0802	13.8507
BLOCK29/SES290/SA290S13	SES007	-0.947243	12.9236	13.8708
BLOCK29/SES290/SA290S13	SES162	-2.86936	11.0015	13.8708
BLOCK29/SES290/SA290S13	SES177	-0.743227	13.1276	13.8708
BLOCK29/SES290/SA290S13	SES180	-1.58009	12.2907	13.8708
BLOCK29/SES290/SA290S22	SES177	-1.06847	12.1883	13.2567
BLOCK29/SES290/SA290S22	SES180	-1.70005	11.5567	13.2567
BLOCK29/SES290/SA290S22	SES202	-1.68201	11.5747	13.2567
BLOCK29/SES290/SA290S22	SES292	-1.68115	11.5756	13.2567
BLOCK29/SES290/SA290S25	SES162	-1.2353	13.2672	14.5025
BLOCK29/SES290/SA290S25	SES177	-1.14508	13.3574	14.5025
BLOCK29/SES290/SA290S25	SES180	-1.46063	13.0419	14.5025
BLOCK29/SES290/SA290S25	SES292	-1.17938	13.3231	14.5025
BLOCK29/SES290/SA290S29	SES177	-0.502573	13.1222	13.6247
BLOCK29/SES290/SA290S29	SES180	-0.944872	12.6799	13.6247
BLOCK29/SES290/SA290S29	SES275	-1.4321	12.1926	13.6247
BLOCK29/SES290/SA290S29	SES292	-1.14915	12.4756	13.6247
BLOCK29/SES291/SA291S11	SES105	-3.03634	9.52838	12.5647
BLOCK29/SES291/SA291S11	SES125	-1.32706	11.2377	12.5647
BLOCK29/SES291/SA291S11	SES158	-1.04575	11.519	12.5647
BLOCK29/SES291/SA291S11	SES275	-2.5565	10.0082	12.5647
BLOCK29/SES291/SA291S12	SES158	0.367786	13.3219	12.9541
BLOCK29/SES291/SA291S12	SES226	-2.14033	10.8137	12.9541
BLOCK29/SES291/SA291S12	SES270	0.441356	13.3954	12.9541
BLOCK29/SES291/SA291S12	SES275	-3.95852	8.99555	12.9541
BLOCK29/SES291/SA291S22	SES082	-1.39334	12.2772	13.6706
BLOCK29/SES291/SA291S22	SES158	-1.31243	12.3581	13.6706
BLOCK29/SES291/SA291S22	SES259	-2.08283	11.5877	13.6706
BLOCK29/SES291/SA291S22	SES275	-3.31432	10.3562	13.6706
BLOCK29/SES291/SA291S24	SES104	-0.0559368	14.7631	14.8191
BLOCK29/SES291/SA291S24	SES125	-0.999876	13.8192	14.8191
BLOCK29/SES291/SA291S24	SES158	-0.550974	14.2681	14.8191
BLOCK29/SES291/SA291S24	SES275	-3.66995	11.1491	14.8191
BLOCK29/SES291/SA291S27	SES158	0.0841055	14.3038	14.2197
BLOCK29/SES291/SA291S27	SES172	-3.5941	10.6256	14.2197
BLOCK29/SES291/SA291S27	SES275	-3.83313	10.3866	14.2197
BLOCK29/SES291/SA291S27	SES292	-1.99198	12.2278	14.2197
